----------------------------------------
Begin Batch Job Prologue Fri Jul 12 10:10:14 EDT 2024
Job ID:           1950111
Username:         tur54445
Group:            chem
Job Name:         06AA1-9-A_fep_400ns.pf
Resources List:   nodes=6:ppn=28,walltime=48:00:00,neednodes=6:ppn=28
Queue:            normal
Account:          
Nodes:            b055 b056 b057 b058 b059 b060 
----------------------------------------
End Batch Job Prologue Fri Jul 12 10:10:15 EDT 2024
----------------------------------------
----------------------------------------
Begin Batch Job Epilogue Sat Jul 13 23:45:10 EDT 2024
Job ID:           1950111
Username:         tur54445
Group:            chem
Job Name:         06AA1-9-A_fep_400ns.pf
Session:          4708
Limits:           nodes=6:ppn=28,walltime=48:00:00,neednodes=6:ppn=28
Resources:        cput=6311:29:06,vmem=89470704kb,walltime=37:34:56,mem=8895000kb,energy_used=0
Queue:            normal
Account:          
Deleting /dev/shm/*...
Deleting /dev/shm/*...
Deleting /dev/shm/*...
Deleting /dev/shm/*...
Deleting /dev/shm/*...
Deleting /dev/shm/*...
----------------------------------------
End Batch Job Epilogue Sat Jul 13 23:45:31 EDT 2024
----------------------------------------
