            --------------------------------------------------------
                             AMBER SQM VERSION 19
 
                                     By
              Ross C. Walker, Michael F. Crowley, Scott Brozell,
                         Tim Giese, Andreas W. Goetz,
                        Tai-Sung Lee and David A. Case
 
            --------------------------------------------------------
 

--------------------------------------------------------------------------------
  QM CALCULATION INFO
--------------------------------------------------------------------------------

| QMMM: Citation for AMBER QMMM Run:
| QMMM: R.C. Walker, M.F. Crowley and D.A. Case, J. COMP. CHEM. 29:1019, 2008

QMMM: SINGLET STATE CALCULATION
QMMM: RHF CALCULATION, NO. OF DOUBLY OCCUPIED LEVELS = 61

| QMMM: *** Selected Hamiltonian *** 
| QMMM: PM3         

| QMMM: *** Parameter sets in use ***
| QMMM: O : J.J.P.STEWART, JCC, 10, 209 (1989)
| QMMM: C : J.J.P.STEWART, JCC, 10, 209 (1989)
| QMMM: N : J.J.P.STEWART, JCC, 10, 209 (1989)
| QMMM: S : J.J.P.STEWART, JCC, 10, 209 (1989)
| QMMM: H : J.J.P.STEWART, JCC, 10, 209 (1989)

| QMMM: *** SCF convergence criteria ***
| QMMM: Energy change                :  0.1D-06 kcal/mol
| QMMM: Error matrix |FP-PF|         :  0.1D+00 au
| QMMM: Density matrix change        :  0.2D-04
| QMMM: Maximum number of SCF cycles :     1000

| QMMM: *** Diagonalization Routine Information ***
| QMMM: Pseudo diagonalizations are allowed.
| QMMM: Auto diagonalization routine selection is in use.
| QMMM:
| QMMM: Timing diagonalization routines:
| QMMM:                              norbs =      108
| QMMM:    diag iterations used for timing =       10
| QMMM:
| QMMM:              Internal diag routine = 0.023302 seconds
| QMMM:                 Dspev diag routine = 0.020534 seconds
| QMMM:                Dspevd diag routine = 0.008208 seconds
| QMMM:                Dspevx diag routine = 0.073581 seconds
| QMMM:                 Dsyev diag routine = 0.019251 seconds
| QMMM:                Dsyevd diag routine = 0.009377 seconds
| QMMM:                Dsyevr diag routine = 0.013592 seconds
| QMMM:
| QMMM:                Pseudo diag routine = 0.009791 seconds
| QMMM: Pseudo diagonalization appears to be slower than regular
| QMMM: diagonalization. Setting pseudo_diag=0 for optimum performance.
| QMMM:
| QMMM: Using dspevd routine (diag_routine=3).

  QMMM: QM Region Cartesian Coordinates (*=link atom) 
  QMMM: QM_NO.   MM_NO.  ATOM         X         Y         Z
  QMMM:     1        1      O        5.4760   -1.3750    0.5820
  QMMM:     2        2      C        4.1970   -1.1250    0.9010
  QMMM:     3        3      O        3.8160   -1.2790    2.0370
  QMMM:     4        4      C        3.2350   -0.6510   -0.1580
  QMMM:     5        5      C        1.8530   -0.4420    0.4650
  QMMM:     6        6      N        0.9440    0.1150   -0.5400
  QMMM:     7        7      S       -0.0320   -0.8910   -1.4230
  QMMM:     8        8      O       -0.3590   -0.1720   -2.6040
  QMMM:     9        9      O        0.5920   -2.1670   -1.3820
  QMMM:    10       10      C       -1.5440   -1.0690   -0.5360
  QMMM:    11       11      C       -2.5880   -0.1940   -0.7680
  QMMM:    12       12      C       -3.7750   -0.3340   -0.0730
  QMMM:    13       13      C       -3.9170   -1.3490    0.8540
  QMMM:    14       14      C       -2.8730   -2.2250    1.0850
  QMMM:    15       15      C       -1.6880   -2.0880    0.3870
  QMMM:    16       16      C       -5.2110   -1.5010    1.6120
  QMMM:    17       17      C        0.8970    1.5620   -0.7630
  QMMM:    18       18      C        0.0040    2.2020    0.2690
  QMMM:    19       19      O       -0.5730    1.5120    1.0830
  QMMM:    20       20      N       -0.1540    3.5400    0.2870
  QMMM:    21       21      C       -1.0220    4.1620    1.2900
  QMMM:    22       22      C        0.5430    4.3730   -0.6970
  QMMM:    23       23      H        6.0930   -1.6790    1.2610
  QMMM:    24       24      H        3.5900    0.2900   -0.5770
  QMMM:    25       25      H        3.1680   -1.3980   -0.9490
  QMMM:    26       26      H        1.4640   -1.3980    0.8160
  QMMM:    27       27      H        1.9330    0.2480    1.3040
  QMMM:    28       28      H       -2.4770    0.6000   -1.4920
  QMMM:    29       29      H       -4.5910    0.3510   -0.2540
  QMMM:    30       30      H       -2.9850   -3.0190    1.8090
  QMMM:    31       31      H       -0.8730   -2.7730    0.5670
  QMMM:    32       32      H       -5.8810   -2.1590    1.0590
  QMMM:    33       33      H       -5.0080   -1.9310    2.5930
  QMMM:    34       34      H       -5.6780   -0.5240    1.7330
  QMMM:    35       35      H        1.9020    1.9750   -0.6800
  QMMM:    36       36      H        0.5030    1.7640   -1.7600
  QMMM:    37       37      H       -0.4370    4.4010    2.1780
  QMMM:    38       38      H       -1.4530    5.0750    0.8810
  QMMM:    39       39      H       -1.8210    3.4700    1.5570
  QMMM:    40       40      H        1.1370    3.7390   -1.3550
  QMMM:    41       41      H       -0.1880    4.9260   -1.2870
  QMMM:    42       42      H        1.1980    5.0750   -0.1790

--------------------------------------------------------------------------------
  RESULTS
--------------------------------------------------------------------------------

      iter         sqm energy              rms gradient
      ----    -------------------    -----------------------
xmin    10     -175.3851 kcal/mol        9.8988 kcal/(mol*A)
xmin    20     -179.1300 kcal/mol        1.0103 kcal/(mol*A)
xmin    30     -180.6445 kcal/mol        2.4448 kcal/(mol*A)
xmin    40     -181.0943 kcal/mol        1.8879 kcal/(mol*A)
xmin    50     -181.2652 kcal/mol        0.6257 kcal/(mol*A)
xmin    60     -181.3691 kcal/mol        0.5922 kcal/(mol*A)
xmin    70     -181.4621 kcal/mol        0.5709 kcal/(mol*A)
xmin    80     -181.5482 kcal/mol        0.6345 kcal/(mol*A)
xmin    90     -181.7584 kcal/mol        0.3802 kcal/(mol*A)
xmin   100     -181.9055 kcal/mol        0.4362 kcal/(mol*A)
xmin   110     -181.9510 kcal/mol        0.1981 kcal/(mol*A)
xmin   120     -182.1154 kcal/mol        0.1273 kcal/(mol*A)
xmin   130     -182.1266 kcal/mol        0.3567 kcal/(mol*A)
xmin   140     -182.1796 kcal/mol        0.1858 kcal/(mol*A)
xmin   150     -182.1869 kcal/mol        0.1125 kcal/(mol*A)
xmin   160     -182.1940 kcal/mol        0.1321 kcal/(mol*A)
xmin   170     -182.1996 kcal/mol        0.1406 kcal/(mol*A)
xmin   180     -182.2049 kcal/mol        0.1426 kcal/(mol*A)
xmin   190     -182.2101 kcal/mol        0.1423 kcal/(mol*A)
xmin   200     -182.2152 kcal/mol        0.1413 kcal/(mol*A)
xmin   210     -182.2202 kcal/mol        0.1400 kcal/(mol*A)
xmin   220     -182.2251 kcal/mol        0.1387 kcal/(mol*A)
xmin   230     -182.2300 kcal/mol        0.1374 kcal/(mol*A)
xmin   240     -182.2347 kcal/mol        0.1361 kcal/(mol*A)
xmin   250     -182.2394 kcal/mol        0.1349 kcal/(mol*A)
xmin   260     -182.2440 kcal/mol        0.1337 kcal/(mol*A)
xmin   270     -182.2485 kcal/mol        0.1326 kcal/(mol*A)
xmin   280     -182.2529 kcal/mol        0.1315 kcal/(mol*A)
xmin   290     -182.2573 kcal/mol        0.1304 kcal/(mol*A)
xmin   300     -182.2616 kcal/mol        0.1293 kcal/(mol*A)
xmin   310     -182.2658 kcal/mol        0.1283 kcal/(mol*A)
xmin   320     -182.2700 kcal/mol        0.1274 kcal/(mol*A)
xmin   330     -182.2741 kcal/mol        0.1264 kcal/(mol*A)
xmin   340     -182.2782 kcal/mol        0.1255 kcal/(mol*A)
xmin   350     -182.2822 kcal/mol        0.1246 kcal/(mol*A)
xmin   360     -182.2861 kcal/mol        0.1237 kcal/(mol*A)
xmin   370     -182.2900 kcal/mol        0.1229 kcal/(mol*A)
xmin   380     -182.2938 kcal/mol        0.1221 kcal/(mol*A)
xmin   390     -182.2976 kcal/mol        0.1213 kcal/(mol*A)
xmin   400     -182.3014 kcal/mol        0.1206 kcal/(mol*A)
xmin   410     -182.3051 kcal/mol        0.1198 kcal/(mol*A)
xmin   420     -182.3087 kcal/mol        0.1191 kcal/(mol*A)
xmin   430     -182.3123 kcal/mol        0.1185 kcal/(mol*A)
xmin   440     -182.3159 kcal/mol        0.1178 kcal/(mol*A)
xmin   450     -182.3194 kcal/mol        0.1172 kcal/(mol*A)
xmin   460     -182.3229 kcal/mol        0.1165 kcal/(mol*A)
xmin   470     -182.3263 kcal/mol        0.1159 kcal/(mol*A)
xmin   480     -182.3297 kcal/mol        0.1154 kcal/(mol*A)
xmin   490     -182.3330 kcal/mol        0.1148 kcal/(mol*A)
xmin   500     -182.3364 kcal/mol        0.1143 kcal/(mol*A)
xmin   510     -182.3397 kcal/mol        0.1137 kcal/(mol*A)
xmin   520     -182.3429 kcal/mol        0.1132 kcal/(mol*A)
xmin   530     -182.3461 kcal/mol        0.1128 kcal/(mol*A)
xmin   540     -182.3493 kcal/mol        0.1123 kcal/(mol*A)
xmin   550     -182.3525 kcal/mol        0.1118 kcal/(mol*A)
xmin   560     -182.3556 kcal/mol        0.1114 kcal/(mol*A)
xmin   570     -182.3587 kcal/mol        0.1110 kcal/(mol*A)
xmin   580     -182.3618 kcal/mol        0.1106 kcal/(mol*A)
xmin   590     -182.3648 kcal/mol        0.1102 kcal/(mol*A)
xmin   600     -182.3678 kcal/mol        0.1098 kcal/(mol*A)
xmin   610     -182.3708 kcal/mol        0.1095 kcal/(mol*A)
xmin   620     -182.3738 kcal/mol        0.1092 kcal/(mol*A)
xmin   630     -182.3767 kcal/mol        0.1088 kcal/(mol*A)
xmin   640     -182.3796 kcal/mol        0.1085 kcal/(mol*A)
xmin   650     -182.3825 kcal/mol        0.1083 kcal/(mol*A)
xmin   660     -182.3854 kcal/mol        0.1080 kcal/(mol*A)
xmin   670     -182.3882 kcal/mol        0.1077 kcal/(mol*A)
xmin   680     -182.3911 kcal/mol        0.1075 kcal/(mol*A)
xmin   690     -182.3939 kcal/mol        0.1073 kcal/(mol*A)
xmin   700     -182.3966 kcal/mol        0.1071 kcal/(mol*A)
xmin   710     -182.3994 kcal/mol        0.1069 kcal/(mol*A)
xmin   720     -182.4021 kcal/mol        0.1067 kcal/(mol*A)
xmin   730     -182.4049 kcal/mol        0.1066 kcal/(mol*A)
xmin   740     -182.4076 kcal/mol        0.1064 kcal/(mol*A)
xmin   750     -182.4102 kcal/mol        0.1063 kcal/(mol*A)
xmin   760     -182.4129 kcal/mol        0.1062 kcal/(mol*A)
xmin   770     -182.4156 kcal/mol        0.1061 kcal/(mol*A)
xmin   780     -182.4182 kcal/mol        0.1061 kcal/(mol*A)
xmin   790     -182.4208 kcal/mol        0.1060 kcal/(mol*A)
xmin   800     -182.4234 kcal/mol        0.1060 kcal/(mol*A)
xmin   810     -182.4260 kcal/mol        0.1060 kcal/(mol*A)
xmin   820     -182.4286 kcal/mol        0.1060 kcal/(mol*A)
xmin   830     -182.4312 kcal/mol        0.1061 kcal/(mol*A)
xmin   840     -182.4337 kcal/mol        0.1061 kcal/(mol*A)
xmin   850     -182.4362 kcal/mol        0.1062 kcal/(mol*A)
xmin   860     -182.4388 kcal/mol        0.1063 kcal/(mol*A)
xmin   870     -182.4413 kcal/mol        0.1064 kcal/(mol*A)
xmin   880     -182.4438 kcal/mol        0.1065 kcal/(mol*A)
xmin   890     -182.4463 kcal/mol        0.1067 kcal/(mol*A)
xmin   900     -182.4488 kcal/mol        0.1069 kcal/(mol*A)
xmin   910     -182.4513 kcal/mol        0.1071 kcal/(mol*A)
xmin   920     -182.4538 kcal/mol        0.1073 kcal/(mol*A)
xmin   930     -182.4562 kcal/mol        0.1075 kcal/(mol*A)
xmin   940     -182.4587 kcal/mol        0.1078 kcal/(mol*A)
xmin   950     -182.4612 kcal/mol        0.1080 kcal/(mol*A)
xmin   960     -182.4636 kcal/mol        0.1083 kcal/(mol*A)
xmin   970     -182.4661 kcal/mol        0.1086 kcal/(mol*A)
xmin   980     -182.4685 kcal/mol        0.1089 kcal/(mol*A)
xmin   990     -182.4710 kcal/mol        0.1093 kcal/(mol*A)
xmin  1000     -182.4734 kcal/mol        0.1096 kcal/(mol*A)
xmin  1010     -182.4758 kcal/mol        0.1100 kcal/(mol*A)
xmin  1020     -182.4783 kcal/mol        0.1103 kcal/(mol*A)
xmin  1030     -182.4807 kcal/mol        0.1107 kcal/(mol*A)
xmin  1040     -182.4832 kcal/mol        0.1111 kcal/(mol*A)
xmin  1050     -182.4856 kcal/mol        0.1115 kcal/(mol*A)
xmin  1060     -182.4880 kcal/mol        0.1119 kcal/(mol*A)
xmin  1070     -182.4905 kcal/mol        0.1123 kcal/(mol*A)
xmin  1080     -182.4929 kcal/mol        0.1127 kcal/(mol*A)
xmin  1090     -182.4954 kcal/mol        0.1131 kcal/(mol*A)
xmin  1100     -182.4978 kcal/mol        0.1135 kcal/(mol*A)
xmin  1110     -182.5003 kcal/mol        0.1139 kcal/(mol*A)
xmin  1120     -182.5027 kcal/mol        0.1143 kcal/(mol*A)
xmin  1130     -182.5052 kcal/mol        0.1147 kcal/(mol*A)
xmin  1140     -182.5076 kcal/mol        0.1151 kcal/(mol*A)
xmin  1150     -182.5101 kcal/mol        0.1155 kcal/(mol*A)
xmin  1160     -182.5126 kcal/mol        0.1159 kcal/(mol*A)
xmin  1170     -182.5150 kcal/mol        0.1162 kcal/(mol*A)
xmin  1180     -182.5175 kcal/mol        0.1166 kcal/(mol*A)
xmin  1190     -182.5200 kcal/mol        0.1170 kcal/(mol*A)
xmin  1200     -182.5224 kcal/mol        0.1174 kcal/(mol*A)
xmin  1210     -182.5249 kcal/mol        0.1178 kcal/(mol*A)
xmin  1220     -182.5274 kcal/mol        0.1182 kcal/(mol*A)
xmin  1230     -182.5299 kcal/mol        0.1185 kcal/(mol*A)
xmin  1240     -182.5324 kcal/mol        0.1189 kcal/(mol*A)
xmin  1250     -182.5349 kcal/mol        0.1193 kcal/(mol*A)
xmin  1260     -182.5374 kcal/mol        0.1196 kcal/(mol*A)
xmin  1270     -182.5399 kcal/mol        0.1200 kcal/(mol*A)
xmin  1280     -182.5424 kcal/mol        0.1203 kcal/(mol*A)
xmin  1290     -182.5449 kcal/mol        0.1207 kcal/(mol*A)
xmin  1300     -182.5474 kcal/mol        0.1210 kcal/(mol*A)
xmin  1310     -182.5499 kcal/mol        0.1214 kcal/(mol*A)
xmin  1320     -182.5524 kcal/mol        0.1217 kcal/(mol*A)
xmin  1330     -182.5550 kcal/mol        0.1220 kcal/(mol*A)
xmin  1340     -182.5575 kcal/mol        0.1224 kcal/(mol*A)
xmin  1350     -182.5600 kcal/mol        0.1227 kcal/(mol*A)
xmin  1360     -182.5626 kcal/mol        0.1230 kcal/(mol*A)
xmin  1370     -182.5651 kcal/mol        0.1233 kcal/(mol*A)
xmin  1380     -182.5676 kcal/mol        0.1236 kcal/(mol*A)
xmin  1390     -182.5702 kcal/mol        0.1239 kcal/(mol*A)
xmin  1400     -182.5727 kcal/mol        0.1242 kcal/(mol*A)
xmin  1410     -182.5753 kcal/mol        0.1245 kcal/(mol*A)
xmin  1420     -182.5778 kcal/mol        0.1248 kcal/(mol*A)
xmin  1430     -182.5804 kcal/mol        0.1251 kcal/(mol*A)
xmin  1440     -182.5830 kcal/mol        0.1253 kcal/(mol*A)
xmin  1450     -182.5855 kcal/mol        0.1256 kcal/(mol*A)
xmin  1460     -182.5881 kcal/mol        0.1258 kcal/(mol*A)
xmin  1470     -182.5907 kcal/mol        0.1261 kcal/(mol*A)
xmin  1480     -182.5932 kcal/mol        0.1263 kcal/(mol*A)
xmin  1490     -182.5958 kcal/mol        0.1266 kcal/(mol*A)
xmin  1500     -182.5984 kcal/mol        0.1268 kcal/(mol*A)
xmin  1510     -182.6010 kcal/mol        0.1270 kcal/(mol*A)
xmin  1520     -182.6036 kcal/mol        0.1272 kcal/(mol*A)
xmin  1530     -182.6061 kcal/mol        0.1274 kcal/(mol*A)
xmin  1540     -182.6087 kcal/mol        0.1276 kcal/(mol*A)
xmin  1550     -182.6113 kcal/mol        0.1278 kcal/(mol*A)
xmin  1560     -182.6139 kcal/mol        0.1280 kcal/(mol*A)
xmin  1570     -182.6165 kcal/mol        0.1282 kcal/(mol*A)
xmin  1580     -182.6191 kcal/mol        0.1283 kcal/(mol*A)
xmin  1590     -182.6217 kcal/mol        0.1285 kcal/(mol*A)
xmin  1600     -182.6243 kcal/mol        0.1286 kcal/(mol*A)
xmin  1610     -182.6269 kcal/mol        0.1287 kcal/(mol*A)
xmin  1620     -182.6295 kcal/mol        0.1288 kcal/(mol*A)
xmin  1630     -182.6321 kcal/mol        0.1289 kcal/(mol*A)
xmin  1640     -182.6347 kcal/mol        0.1290 kcal/(mol*A)
xmin  1650     -182.6373 kcal/mol        0.1291 kcal/(mol*A)
xmin  1660     -182.6398 kcal/mol        0.1292 kcal/(mol*A)
xmin  1670     -182.6424 kcal/mol        0.1292 kcal/(mol*A)
xmin  1680     -182.6450 kcal/mol        0.1293 kcal/(mol*A)
xmin  1690     -182.6476 kcal/mol        0.1293 kcal/(mol*A)
xmin  1700     -182.6502 kcal/mol        0.1293 kcal/(mol*A)
xmin  1710     -182.6528 kcal/mol        0.1294 kcal/(mol*A)
xmin  1720     -182.6554 kcal/mol        0.1293 kcal/(mol*A)
xmin  1730     -182.6580 kcal/mol        0.1293 kcal/(mol*A)
xmin  1740     -182.6606 kcal/mol        0.1293 kcal/(mol*A)
xmin  1750     -182.6631 kcal/mol        0.1293 kcal/(mol*A)
xmin  1760     -182.6657 kcal/mol        0.1292 kcal/(mol*A)
xmin  1770     -182.6683 kcal/mol        0.1292 kcal/(mol*A)
xmin  1780     -182.6709 kcal/mol        0.1291 kcal/(mol*A)
xmin  1790     -182.6734 kcal/mol        0.1290 kcal/(mol*A)
xmin  1800     -182.6760 kcal/mol        0.1289 kcal/(mol*A)
xmin  1810     -182.6785 kcal/mol        0.1288 kcal/(mol*A)
xmin  1820     -182.6811 kcal/mol        0.1287 kcal/(mol*A)
xmin  1830     -182.6837 kcal/mol        0.1286 kcal/(mol*A)
xmin  1840     -182.6862 kcal/mol        0.1285 kcal/(mol*A)
xmin  1850     -182.6888 kcal/mol        0.1283 kcal/(mol*A)
xmin  1860     -182.6913 kcal/mol        0.1282 kcal/(mol*A)
xmin  1870     -182.6938 kcal/mol        0.1281 kcal/(mol*A)
xmin  1880     -182.6964 kcal/mol        0.1279 kcal/(mol*A)
xmin  1890     -182.6989 kcal/mol        0.1278 kcal/(mol*A)
xmin  1900     -182.7014 kcal/mol        0.1276 kcal/(mol*A)
xmin  1910     -182.7039 kcal/mol        0.1275 kcal/(mol*A)
xmin  1920     -182.7065 kcal/mol        0.1273 kcal/(mol*A)
xmin  1930     -182.7090 kcal/mol        0.1272 kcal/(mol*A)
xmin  1940     -182.7115 kcal/mol        0.1270 kcal/(mol*A)
xmin  1950     -182.7140 kcal/mol        0.1269 kcal/(mol*A)
xmin  1960     -182.7165 kcal/mol        0.1267 kcal/(mol*A)
xmin  1970     -182.7190 kcal/mol        0.1266 kcal/(mol*A)
xmin  1980     -182.7215 kcal/mol        0.1264 kcal/(mol*A)
xmin  1990     -182.7240 kcal/mol        0.1263 kcal/(mol*A)
xmin  2000     -182.7265 kcal/mol        0.1262 kcal/(mol*A)
xmin  2010     -182.7290 kcal/mol        0.1261 kcal/(mol*A)
xmin  2020     -182.7315 kcal/mol        0.1260 kcal/(mol*A)
xmin  2030     -182.7341 kcal/mol        0.1259 kcal/(mol*A)
xmin  2040     -182.7366 kcal/mol        0.1258 kcal/(mol*A)
xmin  2050     -182.7391 kcal/mol        0.1257 kcal/(mol*A)
xmin  2060     -182.7416 kcal/mol        0.1257 kcal/(mol*A)
xmin  2070     -182.7441 kcal/mol        0.1256 kcal/(mol*A)
xmin  2080     -182.7466 kcal/mol        0.1256 kcal/(mol*A)
xmin  2090     -182.7491 kcal/mol        0.1256 kcal/(mol*A)
xmin  2100     -182.7517 kcal/mol        0.1255 kcal/(mol*A)
xmin  2110     -182.7542 kcal/mol        0.1255 kcal/(mol*A)
xmin  2120     -182.7567 kcal/mol        0.1256 kcal/(mol*A)
xmin  2130     -182.7593 kcal/mol        0.1256 kcal/(mol*A)
xmin  2140     -182.7618 kcal/mol        0.1256 kcal/(mol*A)
xmin  2150     -182.7644 kcal/mol        0.1257 kcal/(mol*A)
xmin  2160     -182.7669 kcal/mol        0.1257 kcal/(mol*A)
xmin  2170     -182.7695 kcal/mol        0.1258 kcal/(mol*A)
xmin  2180     -182.7721 kcal/mol        0.1259 kcal/(mol*A)
xmin  2190     -182.7747 kcal/mol        0.1260 kcal/(mol*A)
xmin  2200     -182.7773 kcal/mol        0.1261 kcal/(mol*A)
xmin  2210     -182.7799 kcal/mol        0.1263 kcal/(mol*A)
xmin  2220     -182.7826 kcal/mol        0.1264 kcal/(mol*A)
xmin  2230     -182.7852 kcal/mol        0.1266 kcal/(mol*A)
xmin  2240     -182.7879 kcal/mol        0.1267 kcal/(mol*A)
xmin  2250     -182.7906 kcal/mol        0.1269 kcal/(mol*A)
xmin  2260     -182.7932 kcal/mol        0.1271 kcal/(mol*A)
xmin  2270     -182.7959 kcal/mol        0.1272 kcal/(mol*A)
xmin  2280     -182.7987 kcal/mol        0.1274 kcal/(mol*A)
xmin  2290     -182.8014 kcal/mol        0.1276 kcal/(mol*A)
xmin  2300     -182.8042 kcal/mol        0.1278 kcal/(mol*A)
xmin  2310     -182.8069 kcal/mol        0.1280 kcal/(mol*A)
xmin  2320     -182.8097 kcal/mol        0.1282 kcal/(mol*A)
xmin  2330     -182.8125 kcal/mol        0.1284 kcal/(mol*A)
xmin  2340     -182.8153 kcal/mol        0.1286 kcal/(mol*A)
xmin  2350     -182.8182 kcal/mol        0.1289 kcal/(mol*A)
xmin  2360     -182.8210 kcal/mol        0.1291 kcal/(mol*A)
xmin  2370     -182.8239 kcal/mol        0.1293 kcal/(mol*A)
xmin  2380     -182.8268 kcal/mol        0.1295 kcal/(mol*A)
xmin  2390     -182.8297 kcal/mol        0.1296 kcal/(mol*A)
xmin  2400     -182.8326 kcal/mol        0.1298 kcal/(mol*A)
xmin  2410     -182.8356 kcal/mol        0.1300 kcal/(mol*A)
xmin  2420     -182.8385 kcal/mol        0.1302 kcal/(mol*A)
xmin  2430     -182.8415 kcal/mol        0.1303 kcal/(mol*A)
xmin  2440     -182.8445 kcal/mol        0.1305 kcal/(mol*A)
xmin  2450     -182.8475 kcal/mol        0.1306 kcal/(mol*A)
xmin  2460     -182.8505 kcal/mol        0.1308 kcal/(mol*A)
xmin  2470     -182.8535 kcal/mol        0.1309 kcal/(mol*A)
xmin  2480     -182.8566 kcal/mol        0.1310 kcal/(mol*A)
xmin  2490     -182.8596 kcal/mol        0.1311 kcal/(mol*A)
xmin  2500     -182.8627 kcal/mol        0.1311 kcal/(mol*A)
xmin  2510     -182.8658 kcal/mol        0.1312 kcal/(mol*A)
xmin  2520     -182.8689 kcal/mol        0.1312 kcal/(mol*A)
xmin  2530     -182.8720 kcal/mol        0.1312 kcal/(mol*A)
xmin  2540     -182.8751 kcal/mol        0.1313 kcal/(mol*A)
xmin  2550     -182.8782 kcal/mol        0.1312 kcal/(mol*A)
xmin  2560     -182.8813 kcal/mol        0.1312 kcal/(mol*A)
xmin  2570     -182.8844 kcal/mol        0.1312 kcal/(mol*A)
xmin  2580     -182.8876 kcal/mol        0.1311 kcal/(mol*A)
xmin  2590     -182.8907 kcal/mol        0.1310 kcal/(mol*A)
xmin  2600     -182.8939 kcal/mol        0.1309 kcal/(mol*A)
xmin  2610     -182.8970 kcal/mol        0.1308 kcal/(mol*A)
xmin  2620     -182.9002 kcal/mol        0.1307 kcal/(mol*A)
xmin  2630     -182.9033 kcal/mol        0.1306 kcal/(mol*A)
xmin  2640     -182.9064 kcal/mol        0.1304 kcal/(mol*A)
xmin  2650     -182.9096 kcal/mol        0.1302 kcal/(mol*A)
xmin  2660     -182.9127 kcal/mol        0.1300 kcal/(mol*A)
xmin  2670     -182.9159 kcal/mol        0.1298 kcal/(mol*A)
xmin  2680     -182.9190 kcal/mol        0.1296 kcal/(mol*A)
xmin  2690     -182.9221 kcal/mol        0.1294 kcal/(mol*A)
xmin  2700     -182.9253 kcal/mol        0.1291 kcal/(mol*A)
xmin  2710     -182.9284 kcal/mol        0.1289 kcal/(mol*A)
xmin  2720     -182.9315 kcal/mol        0.1286 kcal/(mol*A)
xmin  2730     -182.9346 kcal/mol        0.1283 kcal/(mol*A)
xmin  2740     -182.9377 kcal/mol        0.1281 kcal/(mol*A)
xmin  2750     -182.9407 kcal/mol        0.1278 kcal/(mol*A)
xmin  2760     -182.9438 kcal/mol        0.1275 kcal/(mol*A)
xmin  2770     -182.9469 kcal/mol        0.1271 kcal/(mol*A)
xmin  2780     -182.9499 kcal/mol        0.1268 kcal/(mol*A)
xmin  2790     -182.9529 kcal/mol        0.1265 kcal/(mol*A)
xmin  2800     -182.9560 kcal/mol        0.1262 kcal/(mol*A)
xmin  2810     -182.9590 kcal/mol        0.1258 kcal/(mol*A)
xmin  2820     -182.9620 kcal/mol        0.1255 kcal/(mol*A)
xmin  2830     -182.9649 kcal/mol        0.1251 kcal/(mol*A)
xmin  2840     -182.9679 kcal/mol        0.1248 kcal/(mol*A)
xmin  2850     -182.9708 kcal/mol        0.1245 kcal/(mol*A)
xmin  2860     -182.9738 kcal/mol        0.1241 kcal/(mol*A)
xmin  2870     -182.9767 kcal/mol        0.1237 kcal/(mol*A)
xmin  2880     -182.9796 kcal/mol        0.1234 kcal/(mol*A)
xmin  2890     -182.9825 kcal/mol        0.1230 kcal/(mol*A)
xmin  2900     -182.9853 kcal/mol        0.1227 kcal/(mol*A)
xmin  2910     -182.9882 kcal/mol        0.1223 kcal/(mol*A)
xmin  2920     -182.9910 kcal/mol        0.1220 kcal/(mol*A)
xmin  2930     -182.9938 kcal/mol        0.1216 kcal/(mol*A)
xmin  2940     -182.9966 kcal/mol        0.1213 kcal/(mol*A)
xmin  2950     -182.9994 kcal/mol        0.1209 kcal/(mol*A)
xmin  2960     -183.0022 kcal/mol        0.1206 kcal/(mol*A)
xmin  2970     -183.0049 kcal/mol        0.1202 kcal/(mol*A)
xmin  2980     -183.0077 kcal/mol        0.1199 kcal/(mol*A)
xmin  2990     -183.0104 kcal/mol        0.1195 kcal/(mol*A)
xmin  3000     -183.0131 kcal/mol        0.1192 kcal/(mol*A)
xmin  3010     -183.0158 kcal/mol        0.1188 kcal/(mol*A)
xmin  3020     -183.0184 kcal/mol        0.1185 kcal/(mol*A)
xmin  3030     -183.0211 kcal/mol        0.1182 kcal/(mol*A)
xmin  3040     -183.0237 kcal/mol        0.1178 kcal/(mol*A)
xmin  3050     -183.0263 kcal/mol        0.1175 kcal/(mol*A)
xmin  3060     -183.0289 kcal/mol        0.1172 kcal/(mol*A)
xmin  3070     -183.0315 kcal/mol        0.1169 kcal/(mol*A)
xmin  3080     -183.0341 kcal/mol        0.1165 kcal/(mol*A)
xmin  3090     -183.0366 kcal/mol        0.1162 kcal/(mol*A)
xmin  3100     -183.0392 kcal/mol        0.1159 kcal/(mol*A)
xmin  3110     -183.0417 kcal/mol        0.1156 kcal/(mol*A)
xmin  3120     -183.0442 kcal/mol        0.1153 kcal/(mol*A)
xmin  3130     -183.0467 kcal/mol        0.1150 kcal/(mol*A)
xmin  3140     -183.0491 kcal/mol        0.1147 kcal/(mol*A)
xmin  3150     -183.0516 kcal/mol        0.1144 kcal/(mol*A)
xmin  3160     -183.0540 kcal/mol        0.1141 kcal/(mol*A)
xmin  3170     -183.0564 kcal/mol        0.1138 kcal/(mol*A)
xmin  3180     -183.0588 kcal/mol        0.1136 kcal/(mol*A)
xmin  3190     -183.0612 kcal/mol        0.1133 kcal/(mol*A)
xmin  3200     -183.0636 kcal/mol        0.1130 kcal/(mol*A)
xmin  3210     -183.0660 kcal/mol        0.1127 kcal/(mol*A)
xmin  3220     -183.0683 kcal/mol        0.1125 kcal/(mol*A)
xmin  3230     -183.0707 kcal/mol        0.1122 kcal/(mol*A)
xmin  3240     -183.0730 kcal/mol        0.1119 kcal/(mol*A)
xmin  3250     -183.0753 kcal/mol        0.1117 kcal/(mol*A)
xmin  3260     -183.0776 kcal/mol        0.1114 kcal/(mol*A)
xmin  3270     -183.0799 kcal/mol        0.1112 kcal/(mol*A)
xmin  3280     -183.0821 kcal/mol        0.1109 kcal/(mol*A)
xmin  3290     -183.0844 kcal/mol        0.1107 kcal/(mol*A)
xmin  3300     -183.0866 kcal/mol        0.1104 kcal/(mol*A)
xmin  3310     -183.0888 kcal/mol        0.1102 kcal/(mol*A)
xmin  3320     -183.0911 kcal/mol        0.1100 kcal/(mol*A)
xmin  3330     -183.0933 kcal/mol        0.1097 kcal/(mol*A)
xmin  3340     -183.0955 kcal/mol        0.1095 kcal/(mol*A)
xmin  3350     -183.0976 kcal/mol        0.1093 kcal/(mol*A)
xmin  3360     -183.0998 kcal/mol        0.1090 kcal/(mol*A)
xmin  3370     -183.1019 kcal/mol        0.1088 kcal/(mol*A)
xmin  3380     -183.1041 kcal/mol        0.1086 kcal/(mol*A)
xmin  3390     -183.1062 kcal/mol        0.1084 kcal/(mol*A)
xmin  3400     -183.1083 kcal/mol        0.1082 kcal/(mol*A)
xmin  3410     -183.1104 kcal/mol        0.1080 kcal/(mol*A)
xmin  3420     -183.1125 kcal/mol        0.1077 kcal/(mol*A)
xmin  3430     -183.1146 kcal/mol        0.1075 kcal/(mol*A)
xmin  3440     -183.1167 kcal/mol        0.1073 kcal/(mol*A)
xmin  3450     -183.1188 kcal/mol        0.1071 kcal/(mol*A)
xmin  3460     -183.1208 kcal/mol        0.1069 kcal/(mol*A)
xmin  3470     -183.1229 kcal/mol        0.1067 kcal/(mol*A)
xmin  3480     -183.1249 kcal/mol        0.1065 kcal/(mol*A)
xmin  3490     -183.1269 kcal/mol        0.1063 kcal/(mol*A)
xmin  3500     -183.1289 kcal/mol        0.1062 kcal/(mol*A)
xmin  3510     -183.1309 kcal/mol        0.1060 kcal/(mol*A)
xmin  3520     -183.1329 kcal/mol        0.1058 kcal/(mol*A)
xmin  3530     -183.1349 kcal/mol        0.1056 kcal/(mol*A)
xmin  3540     -183.1369 kcal/mol        0.1054 kcal/(mol*A)
xmin  3550     -183.1389 kcal/mol        0.1052 kcal/(mol*A)
xmin  3560     -183.1408 kcal/mol        0.1051 kcal/(mol*A)
xmin  3570     -183.1428 kcal/mol        0.1049 kcal/(mol*A)
xmin  3580     -183.1447 kcal/mol        0.1047 kcal/(mol*A)
xmin  3590     -183.1466 kcal/mol        0.1045 kcal/(mol*A)
xmin  3600     -183.1486 kcal/mol        0.1044 kcal/(mol*A)
xmin  3610     -183.1505 kcal/mol        0.1042 kcal/(mol*A)
xmin  3620     -183.1524 kcal/mol        0.1040 kcal/(mol*A)
xmin  3630     -183.1543 kcal/mol        0.1039 kcal/(mol*A)
xmin  3640     -183.1562 kcal/mol        0.1037 kcal/(mol*A)
xmin  3650     -183.1580 kcal/mol        0.1035 kcal/(mol*A)
xmin  3660     -183.1599 kcal/mol        0.1034 kcal/(mol*A)
xmin  3670     -183.1618 kcal/mol        0.1032 kcal/(mol*A)
xmin  3680     -183.1636 kcal/mol        0.1031 kcal/(mol*A)
xmin  3690     -183.1655 kcal/mol        0.1029 kcal/(mol*A)
xmin  3700     -183.1673 kcal/mol        0.1028 kcal/(mol*A)
xmin  3710     -183.1692 kcal/mol        0.1026 kcal/(mol*A)
xmin  3720     -183.1710 kcal/mol        0.1024 kcal/(mol*A)
xmin  3730     -183.1728 kcal/mol        0.1023 kcal/(mol*A)
xmin  3740     -183.1746 kcal/mol        0.1021 kcal/(mol*A)
xmin  3750     -183.1764 kcal/mol        0.1020 kcal/(mol*A)
xmin  3760     -183.1782 kcal/mol        0.1018 kcal/(mol*A)
xmin  3770     -183.1800 kcal/mol        0.1017 kcal/(mol*A)
xmin  3780     -183.1818 kcal/mol        0.1015 kcal/(mol*A)
xmin  3790     -183.1836 kcal/mol        0.1014 kcal/(mol*A)
xmin  3800     -183.1853 kcal/mol        0.1013 kcal/(mol*A)
xmin  3810     -183.1871 kcal/mol        0.1011 kcal/(mol*A)
xmin  3820     -183.1888 kcal/mol        0.1010 kcal/(mol*A)
xmin  3830     -183.1906 kcal/mol        0.1008 kcal/(mol*A)
xmin  3840     -183.1923 kcal/mol        0.1007 kcal/(mol*A)
xmin  3850     -183.1941 kcal/mol        0.1005 kcal/(mol*A)
xmin  3860     -183.1958 kcal/mol        0.1004 kcal/(mol*A)
xmin  3870     -183.1975 kcal/mol        0.1003 kcal/(mol*A)
xmin  3880     -183.1992 kcal/mol        0.1001 kcal/(mol*A)
xmin  3890     -183.2010 kcal/mol        0.1000 kcal/(mol*A)
xmin  3900     -183.2027 kcal/mol        0.0998 kcal/(mol*A)
xmin  3910     -183.2044 kcal/mol        0.0997 kcal/(mol*A)
xmin  3920     -183.2061 kcal/mol        0.0996 kcal/(mol*A)
xmin  3930     -183.2077 kcal/mol        0.0994 kcal/(mol*A)
xmin  3940     -183.2094 kcal/mol        0.0993 kcal/(mol*A)
xmin  3950     -183.2111 kcal/mol        0.0991 kcal/(mol*A)
xmin  3960     -183.2128 kcal/mol        0.0990 kcal/(mol*A)
xmin  3970     -183.2144 kcal/mol        0.0989 kcal/(mol*A)
xmin  3980     -183.2161 kcal/mol        0.0987 kcal/(mol*A)
xmin  3990     -183.2177 kcal/mol        0.0986 kcal/(mol*A)
xmin  4000     -183.2194 kcal/mol        0.0985 kcal/(mol*A)
xmin  4010     -183.2210 kcal/mol        0.0983 kcal/(mol*A)
xmin  4020     -183.2227 kcal/mol        0.0982 kcal/(mol*A)
xmin  4030     -183.2243 kcal/mol        0.0980 kcal/(mol*A)
xmin  4040     -183.2259 kcal/mol        0.0979 kcal/(mol*A)
xmin  4050     -183.2275 kcal/mol        0.0978 kcal/(mol*A)
xmin  4060     -183.2291 kcal/mol        0.0976 kcal/(mol*A)
xmin  4070     -183.2307 kcal/mol        0.0975 kcal/(mol*A)
xmin  4080     -183.2323 kcal/mol        0.0974 kcal/(mol*A)
xmin  4090     -183.2339 kcal/mol        0.0972 kcal/(mol*A)
xmin  4100     -183.2355 kcal/mol        0.0971 kcal/(mol*A)
xmin  4110     -183.2371 kcal/mol        0.0970 kcal/(mol*A)
xmin  4120     -183.2387 kcal/mol        0.0968 kcal/(mol*A)
xmin  4130     -183.2403 kcal/mol        0.0967 kcal/(mol*A)
xmin  4140     -183.2418 kcal/mol        0.0965 kcal/(mol*A)
xmin  4150     -183.2434 kcal/mol        0.0964 kcal/(mol*A)
xmin  4160     -183.2450 kcal/mol        0.0963 kcal/(mol*A)
xmin  4170     -183.2465 kcal/mol        0.0961 kcal/(mol*A)
xmin  4180     -183.2481 kcal/mol        0.0960 kcal/(mol*A)
xmin  4190     -183.2496 kcal/mol        0.0959 kcal/(mol*A)
xmin  4200     -183.2512 kcal/mol        0.0957 kcal/(mol*A)
xmin  4210     -183.2527 kcal/mol        0.0956 kcal/(mol*A)
xmin  4220     -183.2542 kcal/mol        0.0954 kcal/(mol*A)
xmin  4230     -183.2557 kcal/mol        0.0953 kcal/(mol*A)
xmin  4240     -183.2573 kcal/mol        0.0952 kcal/(mol*A)
xmin  4250     -183.2588 kcal/mol        0.0950 kcal/(mol*A)
xmin  4260     -183.2603 kcal/mol        0.0949 kcal/(mol*A)
xmin  4270     -183.2618 kcal/mol        0.0947 kcal/(mol*A)
xmin  4280     -183.2633 kcal/mol        0.0946 kcal/(mol*A)
xmin  4290     -183.2648 kcal/mol        0.0945 kcal/(mol*A)
xmin  4300     -183.2663 kcal/mol        0.0943 kcal/(mol*A)
xmin  4310     -183.2677 kcal/mol        0.0942 kcal/(mol*A)
xmin  4320     -183.2692 kcal/mol        0.0940 kcal/(mol*A)
xmin  4330     -183.2707 kcal/mol        0.0939 kcal/(mol*A)
xmin  4340     -183.2722 kcal/mol        0.0937 kcal/(mol*A)
xmin  4350     -183.2736 kcal/mol        0.0936 kcal/(mol*A)
xmin  4360     -183.2751 kcal/mol        0.0935 kcal/(mol*A)
xmin  4370     -183.2765 kcal/mol        0.0933 kcal/(mol*A)
xmin  4380     -183.2780 kcal/mol        0.0932 kcal/(mol*A)
xmin  4390     -183.2794 kcal/mol        0.0930 kcal/(mol*A)
xmin  4400     -183.2809 kcal/mol        0.0929 kcal/(mol*A)
xmin  4410     -183.2823 kcal/mol        0.0927 kcal/(mol*A)
xmin  4420     -183.2837 kcal/mol        0.0926 kcal/(mol*A)
xmin  4430     -183.2852 kcal/mol        0.0924 kcal/(mol*A)
xmin  4440     -183.2866 kcal/mol        0.0923 kcal/(mol*A)
xmin  4450     -183.2880 kcal/mol        0.0921 kcal/(mol*A)
xmin  4460     -183.2894 kcal/mol        0.0920 kcal/(mol*A)
xmin  4470     -183.2908 kcal/mol        0.0919 kcal/(mol*A)
xmin  4480     -183.2922 kcal/mol        0.0917 kcal/(mol*A)
xmin  4490     -183.2936 kcal/mol        0.0916 kcal/(mol*A)
xmin  4500     -183.2950 kcal/mol        0.0914 kcal/(mol*A)
xmin  4510     -183.2964 kcal/mol        0.0913 kcal/(mol*A)
xmin  4520     -183.2978 kcal/mol        0.0911 kcal/(mol*A)
xmin  4530     -183.2992 kcal/mol        0.0910 kcal/(mol*A)
xmin  4540     -183.3005 kcal/mol        0.0908 kcal/(mol*A)
xmin  4550     -183.3019 kcal/mol        0.0907 kcal/(mol*A)
xmin  4560     -183.3033 kcal/mol        0.0905 kcal/(mol*A)
xmin  4570     -183.3046 kcal/mol        0.0904 kcal/(mol*A)
xmin  4580     -183.3060 kcal/mol        0.0902 kcal/(mol*A)
xmin  4590     -183.3073 kcal/mol        0.0901 kcal/(mol*A)
xmin  4600     -183.3087 kcal/mol        0.0899 kcal/(mol*A)
xmin  4610     -183.3100 kcal/mol        0.0898 kcal/(mol*A)
xmin  4620     -183.3114 kcal/mol        0.0896 kcal/(mol*A)
xmin  4630     -183.3127 kcal/mol        0.0895 kcal/(mol*A)
xmin  4640     -183.3140 kcal/mol        0.0893 kcal/(mol*A)
xmin  4650     -183.3154 kcal/mol        0.0892 kcal/(mol*A)
xmin  4660     -183.3167 kcal/mol        0.0890 kcal/(mol*A)
xmin  4670     -183.3180 kcal/mol        0.0889 kcal/(mol*A)
xmin  4680     -183.3193 kcal/mol        0.0887 kcal/(mol*A)
xmin  4690     -183.3206 kcal/mol        0.0886 kcal/(mol*A)
xmin  4700     -183.3219 kcal/mol        0.0884 kcal/(mol*A)
xmin  4710     -183.3232 kcal/mol        0.0883 kcal/(mol*A)
xmin  4720     -183.3245 kcal/mol        0.0881 kcal/(mol*A)
xmin  4730     -183.3258 kcal/mol        0.0879 kcal/(mol*A)
xmin  4740     -183.3271 kcal/mol        0.0873 kcal/(mol*A)
xmin  4750     -183.3283 kcal/mol        0.0864 kcal/(mol*A)
xmin  4760     -183.3296 kcal/mol        0.0834 kcal/(mol*A)
xmin  4770     -183.3307 kcal/mol        0.0827 kcal/(mol*A)
xmin  4780     -183.3319 kcal/mol        0.0821 kcal/(mol*A)
xmin  4790     -183.3330 kcal/mol        0.0824 kcal/(mol*A)
xmin  4800     -183.3342 kcal/mol        0.0816 kcal/(mol*A)
xmin  4810     -183.3353 kcal/mol        0.0820 kcal/(mol*A)
xmin  4820     -183.3365 kcal/mol        0.0812 kcal/(mol*A)
xmin  4830     -183.3376 kcal/mol        0.0815 kcal/(mol*A)
xmin  4840     -183.3387 kcal/mol        0.0807 kcal/(mol*A)
xmin  4850     -183.3398 kcal/mol        0.0811 kcal/(mol*A)
xmin  4860     -183.3410 kcal/mol        0.0803 kcal/(mol*A)
xmin  4870     -183.3421 kcal/mol        0.0807 kcal/(mol*A)
xmin  4880     -183.3432 kcal/mol        0.0799 kcal/(mol*A)
xmin  4890     -183.3443 kcal/mol        0.0802 kcal/(mol*A)
xmin  4900     -183.3454 kcal/mol        0.0795 kcal/(mol*A)
xmin  4910     -183.3465 kcal/mol        0.0798 kcal/(mol*A)
xmin  4920     -183.3475 kcal/mol        0.0791 kcal/(mol*A)
xmin  4930     -183.3486 kcal/mol        0.0794 kcal/(mol*A)
xmin  4940     -183.3497 kcal/mol        0.0787 kcal/(mol*A)
xmin  4950     -183.3508 kcal/mol        0.0790 kcal/(mol*A)
xmin  4960     -183.3518 kcal/mol        0.0783 kcal/(mol*A)
xmin  4970     -183.3529 kcal/mol        0.0786 kcal/(mol*A)
xmin  4980     -183.3540 kcal/mol        0.0779 kcal/(mol*A)
xmin  4990     -183.3550 kcal/mol        0.0782 kcal/(mol*A)
xmin  5000     -183.3560 kcal/mol        0.0775 kcal/(mol*A)
xmin  5010     -183.3571 kcal/mol        0.0778 kcal/(mol*A)
xmin  5020     -183.3581 kcal/mol        0.0771 kcal/(mol*A)
xmin  5030     -183.3592 kcal/mol        0.0775 kcal/(mol*A)
xmin  5040     -183.3602 kcal/mol        0.0767 kcal/(mol*A)
xmin  5050     -183.3612 kcal/mol        0.0771 kcal/(mol*A)
xmin  5060     -183.3622 kcal/mol        0.0764 kcal/(mol*A)
xmin  5070     -183.3632 kcal/mol        0.0767 kcal/(mol*A)
xmin  5080     -183.3642 kcal/mol        0.0760 kcal/(mol*A)
xmin  5090     -183.3653 kcal/mol        0.0764 kcal/(mol*A)
xmin  5100     -183.3663 kcal/mol        0.0756 kcal/(mol*A)
xmin  5110     -183.3673 kcal/mol        0.0760 kcal/(mol*A)
xmin  5120     -183.3682 kcal/mol        0.0753 kcal/(mol*A)
xmin  5130     -183.3692 kcal/mol        0.0756 kcal/(mol*A)
xmin  5140     -183.3702 kcal/mol        0.0749 kcal/(mol*A)
xmin  5150     -183.3712 kcal/mol        0.0753 kcal/(mol*A)
xmin  5160     -183.3722 kcal/mol        0.0746 kcal/(mol*A)
xmin  5170     -183.3731 kcal/mol        0.0749 kcal/(mol*A)
xmin  5180     -183.3741 kcal/mol        0.0742 kcal/(mol*A)
xmin  5190     -183.3751 kcal/mol        0.0746 kcal/(mol*A)
xmin  5200     -183.3760 kcal/mol        0.0739 kcal/(mol*A)
xmin  5210     -183.3770 kcal/mol        0.0743 kcal/(mol*A)
xmin  5220     -183.3779 kcal/mol        0.0735 kcal/(mol*A)
xmin  5230     -183.3789 kcal/mol        0.0739 kcal/(mol*A)
xmin  5240     -183.3798 kcal/mol        0.0732 kcal/(mol*A)
xmin  5250     -183.3808 kcal/mol        0.0736 kcal/(mol*A)
xmin  5260     -183.3817 kcal/mol        0.0729 kcal/(mol*A)
xmin  5270     -183.3826 kcal/mol        0.0733 kcal/(mol*A)
xmin  5280     -183.3836 kcal/mol        0.0726 kcal/(mol*A)
xmin  5290     -183.3845 kcal/mol        0.0730 kcal/(mol*A)
xmin  5300     -183.3854 kcal/mol        0.0722 kcal/(mol*A)
xmin  5310     -183.3863 kcal/mol        0.0726 kcal/(mol*A)
xmin  5320     -183.3872 kcal/mol        0.0719 kcal/(mol*A)
xmin  5330     -183.3882 kcal/mol        0.0723 kcal/(mol*A)
xmin  5340     -183.3891 kcal/mol        0.0716 kcal/(mol*A)
xmin  5350     -183.3900 kcal/mol        0.0720 kcal/(mol*A)
xmin  5360     -183.3909 kcal/mol        0.0713 kcal/(mol*A)
xmin  5370     -183.3918 kcal/mol        0.0717 kcal/(mol*A)
xmin  5380     -183.3927 kcal/mol        0.0710 kcal/(mol*A)
xmin  5390     -183.3936 kcal/mol        0.0714 kcal/(mol*A)
xmin  5400     -183.3944 kcal/mol        0.0707 kcal/(mol*A)
xmin  5410     -183.3953 kcal/mol        0.0711 kcal/(mol*A)
xmin  5420     -183.3962 kcal/mol        0.0704 kcal/(mol*A)
xmin  5430     -183.3971 kcal/mol        0.0708 kcal/(mol*A)
xmin  5440     -183.3979 kcal/mol        0.0701 kcal/(mol*A)
xmin  5450     -183.3988 kcal/mol        0.0705 kcal/(mol*A)
xmin  5460     -183.3997 kcal/mol        0.0698 kcal/(mol*A)
xmin  5470     -183.4005 kcal/mol        0.0703 kcal/(mol*A)
xmin  5480     -183.4014 kcal/mol        0.0695 kcal/(mol*A)
xmin  5490     -183.4023 kcal/mol        0.0700 kcal/(mol*A)
xmin  5500     -183.4031 kcal/mol        0.0692 kcal/(mol*A)
xmin  5510     -183.4040 kcal/mol        0.0697 kcal/(mol*A)
xmin  5520     -183.4048 kcal/mol        0.0689 kcal/(mol*A)
xmin  5530     -183.4057 kcal/mol        0.0694 kcal/(mol*A)
xmin  5540     -183.4065 kcal/mol        0.0687 kcal/(mol*A)
xmin  5550     -183.4073 kcal/mol        0.0692 kcal/(mol*A)
xmin  5560     -183.4082 kcal/mol        0.0684 kcal/(mol*A)
xmin  5570     -183.4090 kcal/mol        0.0689 kcal/(mol*A)
xmin  5580     -183.4098 kcal/mol        0.0681 kcal/(mol*A)
xmin  5590     -183.4107 kcal/mol        0.0686 kcal/(mol*A)
xmin  5600     -183.4115 kcal/mol        0.0679 kcal/(mol*A)
xmin  5610     -183.4123 kcal/mol        0.0684 kcal/(mol*A)
xmin  5620     -183.4131 kcal/mol        0.0676 kcal/(mol*A)
xmin  5630     -183.4139 kcal/mol        0.0681 kcal/(mol*A)
xmin  5640     -183.4148 kcal/mol        0.0673 kcal/(mol*A)
xmin  5650     -183.4156 kcal/mol        0.0678 kcal/(mol*A)
xmin  5660     -183.4164 kcal/mol        0.0671 kcal/(mol*A)
xmin  5670     -183.4172 kcal/mol        0.0676 kcal/(mol*A)
xmin  5680     -183.4180 kcal/mol        0.0668 kcal/(mol*A)
xmin  5690     -183.4188 kcal/mol        0.0673 kcal/(mol*A)
xmin  5700     -183.4196 kcal/mol        0.0666 kcal/(mol*A)
xmin  5710     -183.4204 kcal/mol        0.0671 kcal/(mol*A)
xmin  5720     -183.4212 kcal/mol        0.0663 kcal/(mol*A)
xmin  5730     -183.4219 kcal/mol        0.0669 kcal/(mol*A)
xmin  5740     -183.4227 kcal/mol        0.0661 kcal/(mol*A)
xmin  5750     -183.4235 kcal/mol        0.0666 kcal/(mol*A)
xmin  5760     -183.4243 kcal/mol        0.0658 kcal/(mol*A)
xmin  5770     -183.4251 kcal/mol        0.0664 kcal/(mol*A)
xmin  5780     -183.4259 kcal/mol        0.0656 kcal/(mol*A)
xmin  5790     -183.4266 kcal/mol        0.0661 kcal/(mol*A)
xmin  5800     -183.4274 kcal/mol        0.0653 kcal/(mol*A)
xmin  5810     -183.4282 kcal/mol        0.0659 kcal/(mol*A)
xmin  5820     -183.4289 kcal/mol        0.0651 kcal/(mol*A)
xmin  5830     -183.4297 kcal/mol        0.0657 kcal/(mol*A)
xmin  5840     -183.4304 kcal/mol        0.0649 kcal/(mol*A)
xmin  5850     -183.4312 kcal/mol        0.0654 kcal/(mol*A)
xmin  5860     -183.4320 kcal/mol        0.0646 kcal/(mol*A)
xmin  5870     -183.4327 kcal/mol        0.0652 kcal/(mol*A)
xmin  5880     -183.4335 kcal/mol        0.0644 kcal/(mol*A)
xmin  5890     -183.4342 kcal/mol        0.0650 kcal/(mol*A)
xmin  5900     -183.4350 kcal/mol        0.0642 kcal/(mol*A)
xmin  5910     -183.4357 kcal/mol        0.0648 kcal/(mol*A)
xmin  5920     -183.4364 kcal/mol        0.0640 kcal/(mol*A)
xmin  5930     -183.4372 kcal/mol        0.0646 kcal/(mol*A)
xmin  5940     -183.4379 kcal/mol        0.0637 kcal/(mol*A)
xmin  5950     -183.4387 kcal/mol        0.0643 kcal/(mol*A)
xmin  5960     -183.4394 kcal/mol        0.0635 kcal/(mol*A)
xmin  5970     -183.4401 kcal/mol        0.0641 kcal/(mol*A)
xmin  5980     -183.4408 kcal/mol        0.0633 kcal/(mol*A)
xmin  5990     -183.4416 kcal/mol        0.0639 kcal/(mol*A)
xmin  6000     -183.4423 kcal/mol        0.0631 kcal/(mol*A)
xmin  6010     -183.4430 kcal/mol        0.0637 kcal/(mol*A)
xmin  6020     -183.4437 kcal/mol        0.0629 kcal/(mol*A)
xmin  6030     -183.4445 kcal/mol        0.0635 kcal/(mol*A)
xmin  6040     -183.4452 kcal/mol        0.0627 kcal/(mol*A)
xmin  6050     -183.4459 kcal/mol        0.0633 kcal/(mol*A)
xmin  6060     -183.4466 kcal/mol        0.0625 kcal/(mol*A)
xmin  6070     -183.4473 kcal/mol        0.0631 kcal/(mol*A)
xmin  6080     -183.4480 kcal/mol        0.0623 kcal/(mol*A)
xmin  6090     -183.4487 kcal/mol        0.0629 kcal/(mol*A)
xmin  6100     -183.4494 kcal/mol        0.0621 kcal/(mol*A)
xmin  6110     -183.4501 kcal/mol        0.0627 kcal/(mol*A)
xmin  6120     -183.4508 kcal/mol        0.0619 kcal/(mol*A)
xmin  6130     -183.4515 kcal/mol        0.0625 kcal/(mol*A)
xmin  6140     -183.4522 kcal/mol        0.0617 kcal/(mol*A)
xmin  6150     -183.4529 kcal/mol        0.0623 kcal/(mol*A)
xmin  6160     -183.4536 kcal/mol        0.0615 kcal/(mol*A)
xmin  6170     -183.4543 kcal/mol        0.0621 kcal/(mol*A)
xmin  6180     -183.4550 kcal/mol        0.0613 kcal/(mol*A)
xmin  6190     -183.4557 kcal/mol        0.0620 kcal/(mol*A)
xmin  6200     -183.4563 kcal/mol        0.0611 kcal/(mol*A)
xmin  6210     -183.4570 kcal/mol        0.0618 kcal/(mol*A)
xmin  6220     -183.4577 kcal/mol        0.0609 kcal/(mol*A)
xmin  6230     -183.4584 kcal/mol        0.0616 kcal/(mol*A)
xmin  6240     -183.4591 kcal/mol        0.0608 kcal/(mol*A)
xmin  6250     -183.4597 kcal/mol        0.0614 kcal/(mol*A)
xmin  6260     -183.4604 kcal/mol        0.0606 kcal/(mol*A)
xmin  6270     -183.4611 kcal/mol        0.0612 kcal/(mol*A)
xmin  6280     -183.4617 kcal/mol        0.0604 kcal/(mol*A)
xmin  6290     -183.4624 kcal/mol        0.0610 kcal/(mol*A)
xmin  6300     -183.4631 kcal/mol        0.0602 kcal/(mol*A)
xmin  6310     -183.4637 kcal/mol        0.0609 kcal/(mol*A)
xmin  6320     -183.4644 kcal/mol        0.0601 kcal/(mol*A)
xmin  6330     -183.4651 kcal/mol        0.0607 kcal/(mol*A)
xmin  6340     -183.4657 kcal/mol        0.0599 kcal/(mol*A)
xmin  6350     -183.4664 kcal/mol        0.0605 kcal/(mol*A)
xmin  6360     -183.4670 kcal/mol        0.0597 kcal/(mol*A)
xmin  6370     -183.4677 kcal/mol        0.0603 kcal/(mol*A)
xmin  6380     -183.4683 kcal/mol        0.0595 kcal/(mol*A)
xmin  6390     -183.4690 kcal/mol        0.0602 kcal/(mol*A)
xmin  6400     -183.4696 kcal/mol        0.0594 kcal/(mol*A)
xmin  6410     -183.4703 kcal/mol        0.0600 kcal/(mol*A)
xmin  6420     -183.4709 kcal/mol        0.0592 kcal/(mol*A)
xmin  6430     -183.4716 kcal/mol        0.0598 kcal/(mol*A)
xmin  6440     -183.4722 kcal/mol        0.0591 kcal/(mol*A)
xmin  6450     -183.4729 kcal/mol        0.0597 kcal/(mol*A)
xmin  6460     -183.4735 kcal/mol        0.0589 kcal/(mol*A)
xmin  6470     -183.4741 kcal/mol        0.0595 kcal/(mol*A)
xmin  6480     -183.4748 kcal/mol        0.0587 kcal/(mol*A)
xmin  6490     -183.4754 kcal/mol        0.0594 kcal/(mol*A)
xmin  6500     -183.4760 kcal/mol        0.0586 kcal/(mol*A)
xmin  6510     -183.4767 kcal/mol        0.0592 kcal/(mol*A)
xmin  6520     -183.4773 kcal/mol        0.0584 kcal/(mol*A)
xmin  6530     -183.4779 kcal/mol        0.0591 kcal/(mol*A)
xmin  6540     -183.4786 kcal/mol        0.0583 kcal/(mol*A)
xmin  6550     -183.4792 kcal/mol        0.0589 kcal/(mol*A)
xmin  6560     -183.4798 kcal/mol        0.0581 kcal/(mol*A)
xmin  6570     -183.4804 kcal/mol        0.0587 kcal/(mol*A)
xmin  6580     -183.4811 kcal/mol        0.0580 kcal/(mol*A)
xmin  6590     -183.4817 kcal/mol        0.0586 kcal/(mol*A)
xmin  6600     -183.4823 kcal/mol        0.0579 kcal/(mol*A)
xmin  6610     -183.4829 kcal/mol        0.0584 kcal/(mol*A)
xmin  6620     -183.4835 kcal/mol        0.0577 kcal/(mol*A)
xmin  6630     -183.4841 kcal/mol        0.0583 kcal/(mol*A)
xmin  6640     -183.4848 kcal/mol        0.0576 kcal/(mol*A)
xmin  6650     -183.4854 kcal/mol        0.0581 kcal/(mol*A)
xmin  6660     -183.4860 kcal/mol        0.0574 kcal/(mol*A)
xmin  6670     -183.4866 kcal/mol        0.0580 kcal/(mol*A)
xmin  6680     -183.4872 kcal/mol        0.0573 kcal/(mol*A)
xmin  6690     -183.4878 kcal/mol        0.0579 kcal/(mol*A)
xmin  6700     -183.4884 kcal/mol        0.0572 kcal/(mol*A)
xmin  6710     -183.4890 kcal/mol        0.0577 kcal/(mol*A)
xmin  6720     -183.4896 kcal/mol        0.0570 kcal/(mol*A)
xmin  6730     -183.4902 kcal/mol        0.0576 kcal/(mol*A)
xmin  6740     -183.4908 kcal/mol        0.0569 kcal/(mol*A)
xmin  6750     -183.4914 kcal/mol        0.0574 kcal/(mol*A)
xmin  6760     -183.4920 kcal/mol        0.0568 kcal/(mol*A)
xmin  6770     -183.4926 kcal/mol        0.0573 kcal/(mol*A)
xmin  6780     -183.4932 kcal/mol        0.0566 kcal/(mol*A)
xmin  6790     -183.4938 kcal/mol        0.0572 kcal/(mol*A)
xmin  6800     -183.4944 kcal/mol        0.0565 kcal/(mol*A)
xmin  6810     -183.4950 kcal/mol        0.0570 kcal/(mol*A)
xmin  6820     -183.4956 kcal/mol        0.0564 kcal/(mol*A)
xmin  6830     -183.4962 kcal/mol        0.0569 kcal/(mol*A)
xmin  6840     -183.4968 kcal/mol        0.0563 kcal/(mol*A)
xmin  6850     -183.4973 kcal/mol        0.0568 kcal/(mol*A)
xmin  6860     -183.4979 kcal/mol        0.0562 kcal/(mol*A)
xmin  6870     -183.4985 kcal/mol        0.0566 kcal/(mol*A)
xmin  6880     -183.4991 kcal/mol        0.0560 kcal/(mol*A)
xmin  6890     -183.4997 kcal/mol        0.0565 kcal/(mol*A)
xmin  6900     -183.5003 kcal/mol        0.0559 kcal/(mol*A)
xmin  6910     -183.5008 kcal/mol        0.0564 kcal/(mol*A)
xmin  6920     -183.5014 kcal/mol        0.0558 kcal/(mol*A)
xmin  6930     -183.5020 kcal/mol        0.0563 kcal/(mol*A)
xmin  6940     -183.5026 kcal/mol        0.0557 kcal/(mol*A)
xmin  6950     -183.5031 kcal/mol        0.0561 kcal/(mol*A)
xmin  6960     -183.5037 kcal/mol        0.0556 kcal/(mol*A)
xmin  6970     -183.5043 kcal/mol        0.0560 kcal/(mol*A)
xmin  6980     -183.5049 kcal/mol        0.0555 kcal/(mol*A)
xmin  6990     -183.5054 kcal/mol        0.0559 kcal/(mol*A)
xmin  7000     -183.5060 kcal/mol        0.0554 kcal/(mol*A)
xmin  7010     -183.5066 kcal/mol        0.0558 kcal/(mol*A)
xmin  7020     -183.5071 kcal/mol        0.0552 kcal/(mol*A)
xmin  7030     -183.5077 kcal/mol        0.0557 kcal/(mol*A)
xmin  7040     -183.5083 kcal/mol        0.0551 kcal/(mol*A)
xmin  7050     -183.5088 kcal/mol        0.0556 kcal/(mol*A)
xmin  7060     -183.5094 kcal/mol        0.0550 kcal/(mol*A)
xmin  7070     -183.5100 kcal/mol        0.0554 kcal/(mol*A)
xmin  7080     -183.5105 kcal/mol        0.0549 kcal/(mol*A)
xmin  7090     -183.5111 kcal/mol        0.0553 kcal/(mol*A)
xmin  7100     -183.5117 kcal/mol        0.0548 kcal/(mol*A)
xmin  7110     -183.5122 kcal/mol        0.0552 kcal/(mol*A)
xmin  7120     -183.5128 kcal/mol        0.0547 kcal/(mol*A)
xmin  7130     -183.5133 kcal/mol        0.0551 kcal/(mol*A)
xmin  7140     -183.5139 kcal/mol        0.0546 kcal/(mol*A)
xmin  7150     -183.5145 kcal/mol        0.0550 kcal/(mol*A)
xmin  7160     -183.5150 kcal/mol        0.0545 kcal/(mol*A)
xmin  7170     -183.5156 kcal/mol        0.0549 kcal/(mol*A)
xmin  7180     -183.5161 kcal/mol        0.0544 kcal/(mol*A)
xmin  7190     -183.5167 kcal/mol        0.0548 kcal/(mol*A)
xmin  7200     -183.5172 kcal/mol        0.0543 kcal/(mol*A)
xmin  7210     -183.5178 kcal/mol        0.0547 kcal/(mol*A)
xmin  7220     -183.5183 kcal/mol        0.0542 kcal/(mol*A)
xmin  7230     -183.5189 kcal/mol        0.0546 kcal/(mol*A)
xmin  7240     -183.5194 kcal/mol        0.0542 kcal/(mol*A)
xmin  7250     -183.5200 kcal/mol        0.0545 kcal/(mol*A)
xmin  7260     -183.5205 kcal/mol        0.0541 kcal/(mol*A)
xmin  7270     -183.5211 kcal/mol        0.0544 kcal/(mol*A)
xmin  7280     -183.5216 kcal/mol        0.0540 kcal/(mol*A)
xmin  7290     -183.5221 kcal/mol        0.0543 kcal/(mol*A)
xmin  7300     -183.5227 kcal/mol        0.0539 kcal/(mol*A)
xmin  7310     -183.5232 kcal/mol        0.0542 kcal/(mol*A)
xmin  7320     -183.5238 kcal/mol        0.0538 kcal/(mol*A)
xmin  7330     -183.5243 kcal/mol        0.0541 kcal/(mol*A)
xmin  7340     -183.5248 kcal/mol        0.0537 kcal/(mol*A)
xmin  7350     -183.5254 kcal/mol        0.0540 kcal/(mol*A)
xmin  7360     -183.5259 kcal/mol        0.0536 kcal/(mol*A)
xmin  7370     -183.5265 kcal/mol        0.0539 kcal/(mol*A)
xmin  7380     -183.5270 kcal/mol        0.0535 kcal/(mol*A)
xmin  7390     -183.5275 kcal/mol        0.0538 kcal/(mol*A)
xmin  7400     -183.5281 kcal/mol        0.0535 kcal/(mol*A)
xmin  7410     -183.5286 kcal/mol        0.0537 kcal/(mol*A)
xmin  7420     -183.5291 kcal/mol        0.0534 kcal/(mol*A)
xmin  7430     -183.5297 kcal/mol        0.0536 kcal/(mol*A)
xmin  7440     -183.5302 kcal/mol        0.0533 kcal/(mol*A)
xmin  7450     -183.5307 kcal/mol        0.0535 kcal/(mol*A)
xmin  7460     -183.5313 kcal/mol        0.0532 kcal/(mol*A)
xmin  7470     -183.5318 kcal/mol        0.0535 kcal/(mol*A)
xmin  7480     -183.5323 kcal/mol        0.0531 kcal/(mol*A)
xmin  7490     -183.5329 kcal/mol        0.0534 kcal/(mol*A)
xmin  7500     -183.5334 kcal/mol        0.0531 kcal/(mol*A)
xmin  7510     -183.5339 kcal/mol        0.0533 kcal/(mol*A)
xmin  7520     -183.5344 kcal/mol        0.0530 kcal/(mol*A)
xmin  7530     -183.5350 kcal/mol        0.0532 kcal/(mol*A)
xmin  7540     -183.5355 kcal/mol        0.0529 kcal/(mol*A)
xmin  7550     -183.5360 kcal/mol        0.0531 kcal/(mol*A)
xmin  7560     -183.5365 kcal/mol        0.0529 kcal/(mol*A)
xmin  7570     -183.5371 kcal/mol        0.0530 kcal/(mol*A)
xmin  7580     -183.5376 kcal/mol        0.0528 kcal/(mol*A)
xmin  7590     -183.5381 kcal/mol        0.0530 kcal/(mol*A)
xmin  7600     -183.5386 kcal/mol        0.0527 kcal/(mol*A)
xmin  7610     -183.5391 kcal/mol        0.0529 kcal/(mol*A)
xmin  7620     -183.5397 kcal/mol        0.0526 kcal/(mol*A)
xmin  7630     -183.5402 kcal/mol        0.0528 kcal/(mol*A)
xmin  7640     -183.5407 kcal/mol        0.0526 kcal/(mol*A)
xmin  7650     -183.5412 kcal/mol        0.0527 kcal/(mol*A)
xmin  7660     -183.5417 kcal/mol        0.0525 kcal/(mol*A)
xmin  7670     -183.5423 kcal/mol        0.0527 kcal/(mol*A)
xmin  7680     -183.5428 kcal/mol        0.0524 kcal/(mol*A)
xmin  7690     -183.5433 kcal/mol        0.0526 kcal/(mol*A)
xmin  7700     -183.5438 kcal/mol        0.0524 kcal/(mol*A)
xmin  7710     -183.5443 kcal/mol        0.0525 kcal/(mol*A)
xmin  7720     -183.5448 kcal/mol        0.0523 kcal/(mol*A)
xmin  7730     -183.5453 kcal/mol        0.0525 kcal/(mol*A)
xmin  7740     -183.5459 kcal/mol        0.0523 kcal/(mol*A)
xmin  7750     -183.5464 kcal/mol        0.0524 kcal/(mol*A)
xmin  7760     -183.5469 kcal/mol        0.0522 kcal/(mol*A)
xmin  7770     -183.5474 kcal/mol        0.0523 kcal/(mol*A)
xmin  7780     -183.5479 kcal/mol        0.0521 kcal/(mol*A)
xmin  7790     -183.5484 kcal/mol        0.0522 kcal/(mol*A)
xmin  7800     -183.5489 kcal/mol        0.0521 kcal/(mol*A)
xmin  7810     -183.5494 kcal/mol        0.0522 kcal/(mol*A)
xmin  7820     -183.5499 kcal/mol        0.0520 kcal/(mol*A)
xmin  7830     -183.5504 kcal/mol        0.0521 kcal/(mol*A)
xmin  7840     -183.5510 kcal/mol        0.0520 kcal/(mol*A)
xmin  7850     -183.5515 kcal/mol        0.0521 kcal/(mol*A)
xmin  7860     -183.5520 kcal/mol        0.0519 kcal/(mol*A)
xmin  7870     -183.5525 kcal/mol        0.0520 kcal/(mol*A)
xmin  7880     -183.5530 kcal/mol        0.0518 kcal/(mol*A)
xmin  7890     -183.5535 kcal/mol        0.0519 kcal/(mol*A)
xmin  7900     -183.5540 kcal/mol        0.0518 kcal/(mol*A)
xmin  7910     -183.5545 kcal/mol        0.0519 kcal/(mol*A)
xmin  7920     -183.5550 kcal/mol        0.0517 kcal/(mol*A)
xmin  7930     -183.5555 kcal/mol        0.0518 kcal/(mol*A)
xmin  7940     -183.5560 kcal/mol        0.0517 kcal/(mol*A)
xmin  7950     -183.5565 kcal/mol        0.0518 kcal/(mol*A)
xmin  7960     -183.5570 kcal/mol        0.0516 kcal/(mol*A)
xmin  7970     -183.5575 kcal/mol        0.0517 kcal/(mol*A)
xmin  7980     -183.5580 kcal/mol        0.0516 kcal/(mol*A)
xmin  7990     -183.5585 kcal/mol        0.0516 kcal/(mol*A)
xmin  8000     -183.5590 kcal/mol        0.0515 kcal/(mol*A)
xmin  8010     -183.5595 kcal/mol        0.0516 kcal/(mol*A)
xmin  8020     -183.5600 kcal/mol        0.0515 kcal/(mol*A)
xmin  8030     -183.5605 kcal/mol        0.0515 kcal/(mol*A)
xmin  8040     -183.5610 kcal/mol        0.0514 kcal/(mol*A)
xmin  8050     -183.5615 kcal/mol        0.0515 kcal/(mol*A)
xmin  8060     -183.5620 kcal/mol        0.0514 kcal/(mol*A)
xmin  8070     -183.5625 kcal/mol        0.0514 kcal/(mol*A)
xmin  8080     -183.5630 kcal/mol        0.0514 kcal/(mol*A)
xmin  8090     -183.5635 kcal/mol        0.0514 kcal/(mol*A)
xmin  8100     -183.5640 kcal/mol        0.0513 kcal/(mol*A)
xmin  8110     -183.5645 kcal/mol        0.0513 kcal/(mol*A)
xmin  8120     -183.5650 kcal/mol        0.0513 kcal/(mol*A)
xmin  8130     -183.5655 kcal/mol        0.0513 kcal/(mol*A)
xmin  8140     -183.5660 kcal/mol        0.0512 kcal/(mol*A)
xmin  8150     -183.5665 kcal/mol        0.0512 kcal/(mol*A)
xmin  8160     -183.5670 kcal/mol        0.0512 kcal/(mol*A)
xmin  8170     -183.5675 kcal/mol        0.0512 kcal/(mol*A)
xmin  8180     -183.5680 kcal/mol        0.0511 kcal/(mol*A)
xmin  8190     -183.5685 kcal/mol        0.0512 kcal/(mol*A)
xmin  8200     -183.5689 kcal/mol        0.0511 kcal/(mol*A)
xmin  8210     -183.5694 kcal/mol        0.0511 kcal/(mol*A)
xmin  8220     -183.5699 kcal/mol        0.0511 kcal/(mol*A)
xmin  8230     -183.5704 kcal/mol        0.0511 kcal/(mol*A)
xmin  8240     -183.5709 kcal/mol        0.0510 kcal/(mol*A)
xmin  8250     -183.5714 kcal/mol        0.0510 kcal/(mol*A)
xmin  8260     -183.5719 kcal/mol        0.0510 kcal/(mol*A)
xmin  8270     -183.5724 kcal/mol        0.0510 kcal/(mol*A)
xmin  8280     -183.5729 kcal/mol        0.0510 kcal/(mol*A)
xmin  8290     -183.5734 kcal/mol        0.0509 kcal/(mol*A)
xmin  8300     -183.5739 kcal/mol        0.0509 kcal/(mol*A)
xmin  8310     -183.5743 kcal/mol        0.0509 kcal/(mol*A)
xmin  8320     -183.5748 kcal/mol        0.0509 kcal/(mol*A)
xmin  8330     -183.5753 kcal/mol        0.0509 kcal/(mol*A)
xmin  8340     -183.5758 kcal/mol        0.0509 kcal/(mol*A)
xmin  8350     -183.5763 kcal/mol        0.0508 kcal/(mol*A)
xmin  8360     -183.5768 kcal/mol        0.0508 kcal/(mol*A)
xmin  8370     -183.5773 kcal/mol        0.0508 kcal/(mol*A)
xmin  8380     -183.5778 kcal/mol        0.0508 kcal/(mol*A)
xmin  8390     -183.5783 kcal/mol        0.0508 kcal/(mol*A)
xmin  8400     -183.5787 kcal/mol        0.0508 kcal/(mol*A)
xmin  8410     -183.5792 kcal/mol        0.0507 kcal/(mol*A)
xmin  8420     -183.5797 kcal/mol        0.0507 kcal/(mol*A)
xmin  8430     -183.5802 kcal/mol        0.0507 kcal/(mol*A)
xmin  8440     -183.5807 kcal/mol        0.0507 kcal/(mol*A)
xmin  8450     -183.5812 kcal/mol        0.0507 kcal/(mol*A)
xmin  8460     -183.5817 kcal/mol        0.0507 kcal/(mol*A)
xmin  8470     -183.5821 kcal/mol        0.0506 kcal/(mol*A)
xmin  8480     -183.5826 kcal/mol        0.0506 kcal/(mol*A)
xmin  8490     -183.5831 kcal/mol        0.0506 kcal/(mol*A)
xmin  8500     -183.5836 kcal/mol        0.0506 kcal/(mol*A)
xmin  8510     -183.5841 kcal/mol        0.0506 kcal/(mol*A)
xmin  8520     -183.5846 kcal/mol        0.0506 kcal/(mol*A)
xmin  8530     -183.5851 kcal/mol        0.0505 kcal/(mol*A)
xmin  8540     -183.5855 kcal/mol        0.0506 kcal/(mol*A)
xmin  8550     -183.5860 kcal/mol        0.0505 kcal/(mol*A)
xmin  8560     -183.5865 kcal/mol        0.0505 kcal/(mol*A)
xmin  8570     -183.5870 kcal/mol        0.0505 kcal/(mol*A)
xmin  8580     -183.5875 kcal/mol        0.0505 kcal/(mol*A)
xmin  8590     -183.5880 kcal/mol        0.0505 kcal/(mol*A)
xmin  8600     -183.5884 kcal/mol        0.0505 kcal/(mol*A)
xmin  8610     -183.5889 kcal/mol        0.0504 kcal/(mol*A)
xmin  8620     -183.5894 kcal/mol        0.0505 kcal/(mol*A)
xmin  8630     -183.5899 kcal/mol        0.0504 kcal/(mol*A)
xmin  8640     -183.5904 kcal/mol        0.0505 kcal/(mol*A)
xmin  8650     -183.5909 kcal/mol        0.0504 kcal/(mol*A)
xmin  8660     -183.5913 kcal/mol        0.0504 kcal/(mol*A)
xmin  8670     -183.5918 kcal/mol        0.0504 kcal/(mol*A)
xmin  8680     -183.5923 kcal/mol        0.0504 kcal/(mol*A)
xmin  8690     -183.5928 kcal/mol        0.0504 kcal/(mol*A)
xmin  8700     -183.5933 kcal/mol        0.0504 kcal/(mol*A)
xmin  8710     -183.5937 kcal/mol        0.0503 kcal/(mol*A)
xmin  8720     -183.5942 kcal/mol        0.0504 kcal/(mol*A)
xmin  8730     -183.5947 kcal/mol        0.0503 kcal/(mol*A)
xmin  8740     -183.5952 kcal/mol        0.0504 kcal/(mol*A)
xmin  8750     -183.5957 kcal/mol        0.0503 kcal/(mol*A)
xmin  8760     -183.5962 kcal/mol        0.0504 kcal/(mol*A)
xmin  8770     -183.5966 kcal/mol        0.0503 kcal/(mol*A)
xmin  8780     -183.5971 kcal/mol        0.0503 kcal/(mol*A)
xmin  8790     -183.5976 kcal/mol        0.0503 kcal/(mol*A)
xmin  8800     -183.5981 kcal/mol        0.0503 kcal/(mol*A)
xmin  8810     -183.5986 kcal/mol        0.0503 kcal/(mol*A)
xmin  8820     -183.5990 kcal/mol        0.0503 kcal/(mol*A)
xmin  8830     -183.5995 kcal/mol        0.0502 kcal/(mol*A)
xmin  8840     -183.6000 kcal/mol        0.0503 kcal/(mol*A)
xmin  8850     -183.6005 kcal/mol        0.0502 kcal/(mol*A)
xmin  8860     -183.6010 kcal/mol        0.0503 kcal/(mol*A)
xmin  8870     -183.6014 kcal/mol        0.0502 kcal/(mol*A)
xmin  8880     -183.6019 kcal/mol        0.0503 kcal/(mol*A)
xmin  8890     -183.6024 kcal/mol        0.0502 kcal/(mol*A)
xmin  8900     -183.6029 kcal/mol        0.0503 kcal/(mol*A)
xmin  8910     -183.6034 kcal/mol        0.0502 kcal/(mol*A)
xmin  8920     -183.6038 kcal/mol        0.0503 kcal/(mol*A)
xmin  8930     -183.6043 kcal/mol        0.0502 kcal/(mol*A)
xmin  8940     -183.6048 kcal/mol        0.0503 kcal/(mol*A)
xmin  8950     -183.6053 kcal/mol        0.0502 kcal/(mol*A)
xmin  8960     -183.6058 kcal/mol        0.0503 kcal/(mol*A)
xmin  8970     -183.6062 kcal/mol        0.0502 kcal/(mol*A)
xmin  8980     -183.6067 kcal/mol        0.0502 kcal/(mol*A)
xmin  8990     -183.6072 kcal/mol        0.0502 kcal/(mol*A)
xmin  9000     -183.6077 kcal/mol        0.0502 kcal/(mol*A)
xmin  9010     -183.6082 kcal/mol        0.0502 kcal/(mol*A)
xmin  9020     -183.6086 kcal/mol        0.0502 kcal/(mol*A)
xmin  9030     -183.6091 kcal/mol        0.0502 kcal/(mol*A)
xmin  9040     -183.6096 kcal/mol        0.0502 kcal/(mol*A)
xmin  9050     -183.6101 kcal/mol        0.0502 kcal/(mol*A)
xmin  9060     -183.6106 kcal/mol        0.0502 kcal/(mol*A)
xmin  9070     -183.6110 kcal/mol        0.0501 kcal/(mol*A)
xmin  9080     -183.6115 kcal/mol        0.0502 kcal/(mol*A)
xmin  9090     -183.6120 kcal/mol        0.0501 kcal/(mol*A)
xmin  9100     -183.6125 kcal/mol        0.0502 kcal/(mol*A)
xmin  9110     -183.6130 kcal/mol        0.0501 kcal/(mol*A)
xmin  9120     -183.6135 kcal/mol        0.0502 kcal/(mol*A)
xmin  9130     -183.6139 kcal/mol        0.0501 kcal/(mol*A)
xmin  9140     -183.6144 kcal/mol        0.0502 kcal/(mol*A)
xmin  9150     -183.6149 kcal/mol        0.0501 kcal/(mol*A)
xmin  9160     -183.6154 kcal/mol        0.0502 kcal/(mol*A)
xmin  9170     -183.6159 kcal/mol        0.0501 kcal/(mol*A)
xmin  9180     -183.6163 kcal/mol        0.0502 kcal/(mol*A)
xmin  9190     -183.6168 kcal/mol        0.0501 kcal/(mol*A)
xmin  9200     -183.6173 kcal/mol        0.0502 kcal/(mol*A)
xmin  9210     -183.6178 kcal/mol        0.0501 kcal/(mol*A)
xmin  9220     -183.6183 kcal/mol        0.0502 kcal/(mol*A)
xmin  9230     -183.6187 kcal/mol        0.0501 kcal/(mol*A)
xmin  9240     -183.6192 kcal/mol        0.0502 kcal/(mol*A)
xmin  9250     -183.6197 kcal/mol        0.0502 kcal/(mol*A)
xmin  9260     -183.6202 kcal/mol        0.0502 kcal/(mol*A)
xmin  9270     -183.6207 kcal/mol        0.0502 kcal/(mol*A)
xmin  9280     -183.6211 kcal/mol        0.0502 kcal/(mol*A)
xmin  9290     -183.6216 kcal/mol        0.0502 kcal/(mol*A)
xmin  9300     -183.6221 kcal/mol        0.0502 kcal/(mol*A)
xmin  9310     -183.6226 kcal/mol        0.0502 kcal/(mol*A)
xmin  9320     -183.6231 kcal/mol        0.0502 kcal/(mol*A)
xmin  9330     -183.6235 kcal/mol        0.0502 kcal/(mol*A)
xmin  9340     -183.6240 kcal/mol        0.0502 kcal/(mol*A)
xmin  9350     -183.6245 kcal/mol        0.0502 kcal/(mol*A)
xmin  9360     -183.6250 kcal/mol        0.0503 kcal/(mol*A)
xmin  9370     -183.6255 kcal/mol        0.0502 kcal/(mol*A)
xmin  9380     -183.6260 kcal/mol        0.0503 kcal/(mol*A)
xmin  9390     -183.6264 kcal/mol        0.0502 kcal/(mol*A)
xmin  9400     -183.6269 kcal/mol        0.0503 kcal/(mol*A)
xmin  9410     -183.6274 kcal/mol        0.0502 kcal/(mol*A)
xmin  9420     -183.6279 kcal/mol        0.0503 kcal/(mol*A)
xmin  9430     -183.6284 kcal/mol        0.0502 kcal/(mol*A)
xmin  9440     -183.6289 kcal/mol        0.0503 kcal/(mol*A)
xmin  9450     -183.6293 kcal/mol        0.0502 kcal/(mol*A)
xmin  9460     -183.6298 kcal/mol        0.0503 kcal/(mol*A)
xmin  9470     -183.6303 kcal/mol        0.0502 kcal/(mol*A)
xmin  9480     -183.6308 kcal/mol        0.0503 kcal/(mol*A)
xmin  9490     -183.6313 kcal/mol        0.0503 kcal/(mol*A)
xmin  9500     -183.6318 kcal/mol        0.0503 kcal/(mol*A)
xmin  9510     -183.6322 kcal/mol        0.0503 kcal/(mol*A)
xmin  9520     -183.6327 kcal/mol        0.0503 kcal/(mol*A)
xmin  9530     -183.6332 kcal/mol        0.0503 kcal/(mol*A)
xmin  9540     -183.6337 kcal/mol        0.0503 kcal/(mol*A)
xmin  9550     -183.6342 kcal/mol        0.0503 kcal/(mol*A)
xmin  9560     -183.6347 kcal/mol        0.0504 kcal/(mol*A)
xmin  9570     -183.6352 kcal/mol        0.0503 kcal/(mol*A)
xmin  9580     -183.6356 kcal/mol        0.0504 kcal/(mol*A)
xmin  9590     -183.6361 kcal/mol        0.0503 kcal/(mol*A)
xmin  9600     -183.6366 kcal/mol        0.0504 kcal/(mol*A)
xmin  9610     -183.6371 kcal/mol        0.0504 kcal/(mol*A)
xmin  9620     -183.6376 kcal/mol        0.0504 kcal/(mol*A)
xmin  9630     -183.6381 kcal/mol        0.0504 kcal/(mol*A)
xmin  9640     -183.6386 kcal/mol        0.0504 kcal/(mol*A)
xmin  9650     -183.6390 kcal/mol        0.0504 kcal/(mol*A)
xmin  9660     -183.6395 kcal/mol        0.0504 kcal/(mol*A)
xmin  9670     -183.6400 kcal/mol        0.0504 kcal/(mol*A)
xmin  9680     -183.6405 kcal/mol        0.0505 kcal/(mol*A)
xmin  9690     -183.6410 kcal/mol        0.0504 kcal/(mol*A)
xmin  9700     -183.6415 kcal/mol        0.0505 kcal/(mol*A)
xmin  9710     -183.6420 kcal/mol        0.0505 kcal/(mol*A)
xmin  9720     -183.6425 kcal/mol        0.0505 kcal/(mol*A)
xmin  9730     -183.6429 kcal/mol        0.0505 kcal/(mol*A)
xmin  9740     -183.6434 kcal/mol        0.0505 kcal/(mol*A)
xmin  9750     -183.6439 kcal/mol        0.0505 kcal/(mol*A)
xmin  9760     -183.6444 kcal/mol        0.0505 kcal/(mol*A)
xmin  9770     -183.6449 kcal/mol        0.0505 kcal/(mol*A)
xmin  9780     -183.6454 kcal/mol        0.0505 kcal/(mol*A)
xmin  9790     -183.6459 kcal/mol        0.0505 kcal/(mol*A)
xmin  9800     -183.6464 kcal/mol        0.0506 kcal/(mol*A)
xmin  9810     -183.6469 kcal/mol        0.0506 kcal/(mol*A)
xmin  9820     -183.6474 kcal/mol        0.0506 kcal/(mol*A)
xmin  9830     -183.6478 kcal/mol        0.0506 kcal/(mol*A)
xmin  9840     -183.6483 kcal/mol        0.0506 kcal/(mol*A)
xmin  9850     -183.6488 kcal/mol        0.0506 kcal/(mol*A)
xmin  9860     -183.6493 kcal/mol        0.0506 kcal/(mol*A)
xmin  9870     -183.6498 kcal/mol        0.0506 kcal/(mol*A)
xmin  9880     -183.6503 kcal/mol        0.0507 kcal/(mol*A)
xmin  9890     -183.6508 kcal/mol        0.0507 kcal/(mol*A)
xmin  9900     -183.6513 kcal/mol        0.0507 kcal/(mol*A)
xmin  9910     -183.6518 kcal/mol        0.0507 kcal/(mol*A)
xmin  9920     -183.6523 kcal/mol        0.0507 kcal/(mol*A)
xmin  9930     -183.6528 kcal/mol        0.0507 kcal/(mol*A)
xmin  9940     -183.6533 kcal/mol        0.0507 kcal/(mol*A)
xmin  9950     -183.6538 kcal/mol        0.0508 kcal/(mol*A)
xmin  9960     -183.6543 kcal/mol        0.0508 kcal/(mol*A)
xmin  9970     -183.6547 kcal/mol        0.0508 kcal/(mol*A)
xmin  9980     -183.6552 kcal/mol        0.0508 kcal/(mol*A)
xmin  9990     -183.6557 kcal/mol        0.0508 kcal/(mol*A)
  ... geometry converged !
 
 Final MO eigenvalues (eV):
 -40.7450  -40.3419  -39.0747  -37.0431  -36.1929  -35.6527  -34.9014  -34.4451
 -33.0236  -30.8385  -30.1080  -27.9840  -27.0293  -26.0684  -23.8257  -23.1083
 -22.2264  -21.4731  -20.5427  -20.1275  -18.8229  -18.5445  -18.1388  -17.9146
 -17.6839  -17.5108  -17.2264  -16.4934  -16.4256  -16.2819  -16.0496  -15.7603
 -15.3540  -15.1459  -15.0240  -15.0179  -14.9502  -14.7241  -14.4476  -14.0538
 -13.8366  -13.7782  -13.6889  -13.6492  -13.6283  -13.3872  -13.2355  -12.8528
 -12.8003  -12.3832  -12.0884  -11.8952  -11.7713  -11.6797  -11.4988  -11.3809
 -11.1531  -10.2326  -10.2119   -9.8446   -9.5906   -0.7967   -0.2839   -0.0182
   0.7926    1.0127    1.0957    1.5667    1.9887    2.1734    2.6974    2.7324
   2.8121    2.9147    3.1159    3.2169    3.3141    3.3706    3.3946    3.4177
   3.4834    3.5601    3.6163    3.6545    3.7315    3.7675    3.8679    3.9013
   3.9029    4.0051    4.0812    4.0921    4.1835    4.2316    4.2730    4.4542
   4.5093    4.5418    4.5898    4.8212    4.9446    5.0437    5.2157    5.5604
   5.6032    5.7203    6.9871    6.9909

 Heat of formation   =       -183.65623679 kcal/mol  (       -7.96393204 eV)

 Total SCF energy    =     -91011.74433224 kcal/mol  (    -3946.56538451 eV)
 Electronic energy   =    -665479.49963167 kcal/mol  (   -28857.35656007 eV)
 Core-core repulsion =     574467.75529944 kcal/mol  (    24910.79117555 eV)
 
    Atomic Charges for Step       1 :
  Atom    Element       Mulliken Charge
     1      O                 -0.313
     2      C                  0.386
     3      O                 -0.397
     4      C                 -0.127
     5      C                  0.004
     6      N                 -0.520
     7      S                  2.278
     8      O                 -0.832
     9      O                 -0.826
    10      C                 -0.577
    11      C                  0.012
    12      C                 -0.133
    13      C                 -0.008
    14      C                 -0.131
    15      C                  0.014
    16      C                 -0.077
    17      C                 -0.030
    18      C                  0.226
    19      O                 -0.358
    20      N                 -0.064
    21      C                 -0.073
    22      C                 -0.090
    23      H                  0.227
    24      H                  0.079
    25      H                  0.102
    26      H                  0.067
    27      H                  0.080
    28      H                  0.121
    29      H                  0.114
    30      H                  0.116
    31      H                  0.118
    32      H                  0.055
    33      H                  0.053
    34      H                  0.051
    35      H                  0.067
    36      H                  0.094
    37      H                  0.035
    38      H                  0.045
    39      H                  0.065
    40      H                  0.061
    41      H                  0.055
    42      H                  0.032
 Total Mulliken Charge =      -0.000
 
                  X        Y        Z     TOTAL  
  QM DIPOLE    -2.020    3.069    0.818    3.764
 
 Final Structure

  QMMM: QM Region Cartesian Coordinates (*=link atom) 
  QMMM: QM_NO.   MM_NO.  ATOM         X         Y         Z
  QMMM:     1        1      O        5.3920   -1.3644    0.8402
  QMMM:     2        2      C        4.0564   -1.5138    1.0208
  QMMM:     3        3      O        3.7331   -2.1872    1.9828
  QMMM:     4        4      C        3.2054   -0.8277   -0.0132
  QMMM:     5        5      C        1.7988   -0.5492    0.5176
  QMMM:     6        6      N        0.9537    0.1703   -0.4740
  QMMM:     7        7      S       -0.0764   -0.7009   -1.6207
  QMMM:     8        8      O       -0.3465    0.2102   -2.7282
  QMMM:     9        9      O        0.5904   -1.9635   -1.9095
  QMMM:    10       10      C       -1.5345   -0.9692   -0.6534
  QMMM:    11       11      C       -2.6486   -0.1363   -0.7927
  QMMM:    12       12      C       -3.7969   -0.3497   -0.0426
  QMMM:    13       13      C       -3.8556   -1.4042    0.8704
  QMMM:    14       14      C       -2.7479   -2.2419    1.0156
  QMMM:    15       15      C       -1.6035   -2.0253    0.2609
  QMMM:    16       16      C       -5.0845   -1.6396    1.6690
  QMMM:    17       17      C        1.1372    1.6380   -0.5142
  QMMM:    18       18      C        0.2931    2.3754    0.5267
  QMMM:    19       19      O        0.1449    1.9900    1.6757
  QMMM:    20       20      N       -0.4157    3.5604    0.1239
  QMMM:    21       21      C       -1.0405    4.3856    1.1827
  QMMM:    22       22      C        0.1470    4.3573   -0.9882
  QMMM:    23       23      H        5.8653   -1.8429    1.5137
  QMMM:    24       24      H        3.6982    0.1112   -0.3416
  QMMM:    25       25      H        3.1699   -1.4805   -0.9111
  QMMM:    26       26      H        1.2853   -1.4988    0.7745
  QMMM:    27       27      H        1.8433    0.0495    1.4501
  QMMM:    28       28      H       -2.6202    0.6969   -1.5089
  QMMM:    29       29      H       -4.6597    0.3153   -0.1655
  QMMM:    30       30      H       -2.7809   -3.0715    1.7316
  QMMM:    31       31      H       -0.7428   -2.6981    0.3830
  QMMM:    32       32      H       -5.7498   -2.3396    1.1446
  QMMM:    33       33      H       -4.8555   -2.0738    2.6513
  QMMM:    34       34      H       -5.6473   -0.7118    1.8378
  QMMM:    35       35      H        2.2044    1.8803   -0.3252
  QMMM:    36       36      H        0.9093    2.0019   -1.5436
  QMMM:    37       37      H       -0.2987    4.8873    1.8210
  QMMM:    38       38      H       -1.6747    5.1519    0.7175
  QMMM:    39       39      H       -1.6763    3.7571    1.8201
  QMMM:    40       40      H        0.4635    3.6910   -1.8073
  QMMM:    41       41      H       -0.6271    5.0309   -1.3790
  QMMM:    42       42      H        1.0094    4.9661   -0.6797

           --------- Calculation Completed ----------

