----------------------------------------
Begin Batch Job Prologue Fri Jul 12 10:21:50 EDT 2024
Job ID:           1950128
Username:         tur54445
Group:            chem
Job Name:         17AB1-5-A_fep_300ns.pf
Resources List:   nodes=3:ppn=16,walltime=120:00:00,neednodes=3:ppn=16
Queue:            medium
Account:          
Nodes:            s033 s034 s039 
----------------------------------------
End Batch Job Prologue Fri Jul 12 10:21:51 EDT 2024
----------------------------------------
----------------------------------------
Begin Batch Job Epilogue Mon Jul 15 08:39:30 EDT 2024
Job ID:           1950128
Username:         tur54445
Group:            chem
Job Name:         17AB1-5-A_fep_300ns.pf
Session:          112316
Limits:           nodes=3:ppn=16,walltime=120:00:00,neednodes=3:ppn=16
Resources:        cput=3372:08:56,vmem=26121600kb,walltime=70:17:39,mem=2594804kb,energy_used=0
Queue:            medium
Account:          
Deleting /dev/shm/*...
Deleting /dev/shm/*...
Deleting /dev/shm/*...
----------------------------------------
End Batch Job Epilogue Mon Jul 15 08:39:51 EDT 2024
----------------------------------------
