            --------------------------------------------------------
                             AMBER SQM VERSION 19
 
                                     By
              Ross C. Walker, Michael F. Crowley, Scott Brozell,
                         Tim Giese, Andreas W. Goetz,
                        Tai-Sung Lee and David A. Case
 
            --------------------------------------------------------
 

--------------------------------------------------------------------------------
  QM CALCULATION INFO
--------------------------------------------------------------------------------

| QMMM: Citation for AMBER QMMM Run:
| QMMM: R.C. Walker, M.F. Crowley and D.A. Case, J. COMP. CHEM. 29:1019, 2008

QMMM: SINGLET STATE CALCULATION
QMMM: RHF CALCULATION, NO. OF DOUBLY OCCUPIED LEVELS = 49

| QMMM: *** Selected Hamiltonian *** 
| QMMM: PM3         

| QMMM: *** Parameter sets in use ***
| QMMM: C : J.J.P.STEWART, JCC, 10, 209 (1989)
| QMMM: O : J.J.P.STEWART, JCC, 10, 209 (1989)
| QMMM: N : J.J.P.STEWART, JCC, 10, 209 (1989)
| QMMM: H : J.J.P.STEWART, JCC, 10, 209 (1989)

| QMMM: *** SCF convergence criteria ***
| QMMM: Energy change                :  0.1D-06 kcal/mol
| QMMM: Error matrix |FP-PF|         :  0.1D+00 au
| QMMM: Density matrix change        :  0.2D-04
| QMMM: Maximum number of SCF cycles :     1000

| QMMM: *** Diagonalization Routine Information ***
| QMMM: Pseudo diagonalizations are allowed.
| QMMM: Auto diagonalization routine selection is in use.
| QMMM:
| QMMM: Timing diagonalization routines:
| QMMM:                              norbs =       93
| QMMM:    diag iterations used for timing =       15
| QMMM:
| QMMM:              Internal diag routine = 0.023671 seconds
| QMMM:                 Dspev diag routine = 0.019363 seconds
| QMMM:                Dspevd diag routine = 0.009294 seconds
| QMMM:                Dspevx diag routine = 0.082971 seconds
| QMMM:                 Dsyev diag routine = 0.020850 seconds
| QMMM:                Dsyevd diag routine = 0.010841 seconds
| QMMM:                Dsyevr diag routine = 0.016249 seconds
| QMMM:
| QMMM:                Pseudo diag routine = 0.010600 seconds
| QMMM: Pseudo diagonalization appears to be slower than regular
| QMMM: diagonalization. Setting pseudo_diag=0 for optimum performance.
| QMMM:
| QMMM: Using dspevd routine (diag_routine=3).

  QMMM: QM Region Cartesian Coordinates (*=link atom) 
  QMMM: QM_NO.   MM_NO.  ATOM         X         Y         Z
  QMMM:     1        1      C        3.3960    1.4730    0.3600
  QMMM:     2        2      C        2.4880    0.7150   -0.5730
  QMMM:     3        3      O        2.4930    0.9640   -1.7590
  QMMM:     4        4      N        1.6690   -0.2400   -0.0890
  QMMM:     5        5      C        0.8580   -1.0440   -1.0060
  QMMM:     6        6      H        0.9510   -0.6470   -2.0170
  QMMM:     7        7      C        1.3460   -2.4940   -0.9810
  QMMM:     8        8      C       -0.5860   -0.9920   -0.5770
  QMMM:     9        9      C       -1.2980   -2.1430   -0.4310
  QMMM:    10       10      C       -2.6330   -2.1150   -0.0350
  QMMM:    11       11      C       -3.2650   -0.9360    0.2170
  QMMM:    12       12      C       -2.5620    0.2730    0.0770
  QMMM:    13       13      C       -3.1810    1.5100    0.3280
  QMMM:    14       14      C       -2.4690    2.6600    0.1810
  QMMM:    15       15      C       -1.1330    2.6320   -0.2150
  QMMM:    16       16      C       -0.5010    1.4530   -0.4670
  QMMM:    17       17      C       -1.2020    0.2440   -0.3210
  QMMM:    18       18      C        1.5970   -0.4560    1.2400
  QMMM:    19       19      O        2.2740    0.2040    1.9980
  QMMM:    20       20      C        0.6750   -1.5170    1.7820
  QMMM:    21       21      H        4.0320    2.1440   -0.2170
  QMMM:    22       22      H        2.7950    2.0550    1.0590
  QMMM:    23       23      H        4.0180    0.7690    0.9140
  QMMM:    24       24      H        1.1870   -2.9140    0.0120
  QMMM:    25       25      H        0.7890   -3.0770   -1.7150
  QMMM:    26       26      H        2.4080   -2.5250   -1.2230
  QMMM:    27       27      H       -0.8200   -3.0920   -0.6240
  QMMM:    28       28      H       -3.1760   -3.0430    0.0730
  QMMM:    29       29      H       -4.3010   -0.9290    0.5230
  QMMM:    30       30      H       -4.2150    1.5470    0.6350
  QMMM:    31       31      H       -2.9460    3.6100    0.3750
  QMMM:    32       32      H       -0.5910    3.5600   -0.3240
  QMMM:    33       33      H        0.5340    1.4470   -0.7740
  QMMM:    34       34      H        0.2160   -2.0570    0.9540
  QMMM:    35       35      H        1.2440   -2.2130    2.3980
  QMMM:    36       36      H       -0.1020   -1.0490    2.3860

--------------------------------------------------------------------------------
  RESULTS
--------------------------------------------------------------------------------

      iter         sqm energy              rms gradient
      ----    -------------------    -----------------------
xmin    10      -31.3069 kcal/mol        4.1368 kcal/(mol*A)
xmin    20      -36.0014 kcal/mol        2.4080 kcal/(mol*A)
xmin    30      -37.8273 kcal/mol        1.8140 kcal/(mol*A)
xmin    40      -39.5545 kcal/mol        4.9583 kcal/(mol*A)
xmin    50      -40.4775 kcal/mol        1.2710 kcal/(mol*A)
xmin    60      -41.3978 kcal/mol        0.8445 kcal/(mol*A)
xmin    70      -42.2828 kcal/mol        0.5465 kcal/(mol*A)
xmin    80      -42.3385 kcal/mol        0.4089 kcal/(mol*A)
xmin    90      -42.3934 kcal/mol        0.6452 kcal/(mol*A)
xmin   100      -42.4965 kcal/mol        0.3281 kcal/(mol*A)
xmin   110      -42.5178 kcal/mol        0.1679 kcal/(mol*A)
xmin   120      -42.6303 kcal/mol        0.3146 kcal/(mol*A)
xmin   130      -42.7236 kcal/mol        0.3442 kcal/(mol*A)
xmin   140      -42.7795 kcal/mol        0.6889 kcal/(mol*A)
xmin   150      -42.8177 kcal/mol        0.3885 kcal/(mol*A)
xmin   160      -42.9630 kcal/mol        0.5707 kcal/(mol*A)
xmin   170      -43.0044 kcal/mol        0.2507 kcal/(mol*A)
xmin   180      -43.0300 kcal/mol        0.3984 kcal/(mol*A)
xmin   190      -43.0504 kcal/mol        0.1539 kcal/(mol*A)
xmin   200      -43.0734 kcal/mol        0.1688 kcal/(mol*A)
xmin   210      -43.0939 kcal/mol        0.1916 kcal/(mol*A)
xmin   220      -43.1084 kcal/mol        0.6839 kcal/(mol*A)
xmin   230      -43.1277 kcal/mol        0.1618 kcal/(mol*A)
xmin   240      -43.1498 kcal/mol        0.2112 kcal/(mol*A)
xmin   250      -43.1748 kcal/mol        0.2241 kcal/(mol*A)
xmin   260      -43.1888 kcal/mol        0.2043 kcal/(mol*A)
xmin   270      -43.2154 kcal/mol        0.2799 kcal/(mol*A)
xmin   280      -43.2377 kcal/mol        1.0416 kcal/(mol*A)
xmin   290      -43.2709 kcal/mol        0.2436 kcal/(mol*A)
xmin   300      -43.2826 kcal/mol        0.1898 kcal/(mol*A)
xmin   310      -43.2970 kcal/mol        0.1724 kcal/(mol*A)
xmin   320      -43.3141 kcal/mol        0.1515 kcal/(mol*A)
xmin   330      -43.3376 kcal/mol        0.1517 kcal/(mol*A)
xmin   340      -43.3548 kcal/mol        0.1288 kcal/(mol*A)
xmin   350      -43.3661 kcal/mol        0.2421 kcal/(mol*A)
xmin   360      -43.3959 kcal/mol        0.2452 kcal/(mol*A)
xmin   370      -43.5478 kcal/mol        0.5027 kcal/(mol*A)
xmin   380      -43.6340 kcal/mol        0.3862 kcal/(mol*A)
xmin   390      -43.6493 kcal/mol        0.1007 kcal/(mol*A)
xmin   400      -43.6593 kcal/mol        0.3739 kcal/(mol*A)
xmin   410      -43.6685 kcal/mol        0.0971 kcal/(mol*A)
xmin   420      -43.6734 kcal/mol        0.1034 kcal/(mol*A)
xmin   430      -43.6777 kcal/mol        0.0883 kcal/(mol*A)
xmin   440      -43.6814 kcal/mol        0.0987 kcal/(mol*A)
xmin   450      -43.6839 kcal/mol        0.1042 kcal/(mol*A)
xmin   460      -43.6872 kcal/mol        0.1136 kcal/(mol*A)
xmin   470      -43.6894 kcal/mol        0.0639 kcal/(mol*A)
xmin   480      -43.6917 kcal/mol        0.0520 kcal/(mol*A)
xmin   490      -43.6943 kcal/mol        0.0589 kcal/(mol*A)
xmin   500      -43.6961 kcal/mol        0.1030 kcal/(mol*A)
xmin   510      -43.6980 kcal/mol        0.0879 kcal/(mol*A)
xmin   520      -43.6994 kcal/mol        0.0528 kcal/(mol*A)
xmin   530      -43.7008 kcal/mol        0.0584 kcal/(mol*A)
xmin   540      -43.7021 kcal/mol        0.0945 kcal/(mol*A)
xmin   550      -43.7036 kcal/mol        0.0529 kcal/(mol*A)
xmin   560      -43.7049 kcal/mol        0.0511 kcal/(mol*A)
xmin   570      -43.7061 kcal/mol        0.1138 kcal/(mol*A)
xmin   580      -43.7072 kcal/mol        0.0893 kcal/(mol*A)
xmin   590      -43.7105 kcal/mol        0.0657 kcal/(mol*A)
xmin   600      -43.7116 kcal/mol        0.0649 kcal/(mol*A)
xmin   610      -43.7140 kcal/mol        0.0589 kcal/(mol*A)
xmin   620      -43.7160 kcal/mol        0.0871 kcal/(mol*A)
xmin   630      -43.7175 kcal/mol        0.1055 kcal/(mol*A)
xmin   640      -43.7213 kcal/mol        0.0511 kcal/(mol*A)
xmin   650      -43.7226 kcal/mol        0.0682 kcal/(mol*A)
xmin   660      -43.7243 kcal/mol        0.0497 kcal/(mol*A)
xmin   670      -43.7256 kcal/mol        0.0500 kcal/(mol*A)
xmin   680      -43.7270 kcal/mol        0.0499 kcal/(mol*A)
xmin   690      -43.7283 kcal/mol        0.0498 kcal/(mol*A)
xmin   700      -43.7296 kcal/mol        0.0497 kcal/(mol*A)
xmin   710      -43.7309 kcal/mol        0.0496 kcal/(mol*A)
xmin   720      -43.7321 kcal/mol        0.0674 kcal/(mol*A)
xmin   730      -43.7337 kcal/mol        0.0447 kcal/(mol*A)
xmin   740      -43.7348 kcal/mol        0.0483 kcal/(mol*A)
xmin   750      -43.7364 kcal/mol        0.0852 kcal/(mol*A)
xmin   760      -43.7382 kcal/mol        0.1051 kcal/(mol*A)
xmin   770      -43.7417 kcal/mol        0.1944 kcal/(mol*A)
xmin   780      -43.7433 kcal/mol        0.1368 kcal/(mol*A)
xmin   790      -43.7445 kcal/mol        0.0610 kcal/(mol*A)
xmin   800      -43.7460 kcal/mol        0.0501 kcal/(mol*A)
xmin   810      -43.7470 kcal/mol        0.0754 kcal/(mol*A)
xmin   820      -43.7486 kcal/mol        0.1376 kcal/(mol*A)
xmin   830      -43.7499 kcal/mol        0.0724 kcal/(mol*A)
xmin   840      -43.7512 kcal/mol        0.0371 kcal/(mol*A)
xmin   850      -43.7536 kcal/mol        0.0529 kcal/(mol*A)
xmin   860      -43.7545 kcal/mol        0.0666 kcal/(mol*A)
xmin   870      -43.7562 kcal/mol        0.0926 kcal/(mol*A)
xmin   880      -43.7574 kcal/mol        0.0691 kcal/(mol*A)
xmin   890      -43.7587 kcal/mol        0.0482 kcal/(mol*A)
xmin   900      -43.7600 kcal/mol        0.0423 kcal/(mol*A)
xmin   910      -43.7611 kcal/mol        0.0518 kcal/(mol*A)
xmin   920      -43.7966 kcal/mol        0.3036 kcal/(mol*A)
xmin   930      -43.8010 kcal/mol        0.1090 kcal/(mol*A)
xmin   940      -43.8033 kcal/mol        0.0440 kcal/(mol*A)
xmin   950      -43.8041 kcal/mol        0.0450 kcal/(mol*A)
xmin   960      -43.8050 kcal/mol        0.0450 kcal/(mol*A)
xmin   970      -43.8059 kcal/mol        0.0451 kcal/(mol*A)
xmin   980      -43.8068 kcal/mol        0.0452 kcal/(mol*A)
xmin   990      -43.8077 kcal/mol        0.0452 kcal/(mol*A)
xmin  1000      -43.8086 kcal/mol        0.0453 kcal/(mol*A)
xmin  1010      -43.8095 kcal/mol        0.0453 kcal/(mol*A)
xmin  1020      -43.8104 kcal/mol        0.0454 kcal/(mol*A)
xmin  1030      -43.8113 kcal/mol        0.0455 kcal/(mol*A)
xmin  1040      -43.8122 kcal/mol        0.0455 kcal/(mol*A)
xmin  1050      -43.8131 kcal/mol        0.0456 kcal/(mol*A)
xmin  1060      -43.8140 kcal/mol        0.0457 kcal/(mol*A)
xmin  1070      -43.8149 kcal/mol        0.0457 kcal/(mol*A)
xmin  1080      -43.8158 kcal/mol        0.0458 kcal/(mol*A)
xmin  1090      -43.8166 kcal/mol        0.0459 kcal/(mol*A)
xmin  1100      -43.8175 kcal/mol        0.0459 kcal/(mol*A)
xmin  1110      -43.8185 kcal/mol        0.0460 kcal/(mol*A)
xmin  1120      -43.8194 kcal/mol        0.0461 kcal/(mol*A)
xmin  1130      -43.8203 kcal/mol        0.0461 kcal/(mol*A)
xmin  1140      -43.8212 kcal/mol        0.0462 kcal/(mol*A)
xmin  1150      -43.8221 kcal/mol        0.0463 kcal/(mol*A)
xmin  1160      -43.8230 kcal/mol        0.0464 kcal/(mol*A)
xmin  1170      -43.8239 kcal/mol        0.0464 kcal/(mol*A)
xmin  1180      -43.8248 kcal/mol        0.0465 kcal/(mol*A)
xmin  1190      -43.8257 kcal/mol        0.0466 kcal/(mol*A)
xmin  1200      -43.8266 kcal/mol        0.0467 kcal/(mol*A)
xmin  1210      -43.8275 kcal/mol        0.0467 kcal/(mol*A)
xmin  1220      -43.8285 kcal/mol        0.0468 kcal/(mol*A)
xmin  1230      -43.8294 kcal/mol        0.0469 kcal/(mol*A)
xmin  1240      -43.8303 kcal/mol        0.0470 kcal/(mol*A)
xmin  1250      -43.8312 kcal/mol        0.0471 kcal/(mol*A)
xmin  1260      -43.8322 kcal/mol        0.0471 kcal/(mol*A)
xmin  1270      -43.8334 kcal/mol        0.0638 kcal/(mol*A)
xmin  1280      -43.8342 kcal/mol        0.0655 kcal/(mol*A)
xmin  1290      -43.8354 kcal/mol        0.1267 kcal/(mol*A)
xmin  1300      -43.8373 kcal/mol        0.0700 kcal/(mol*A)
xmin  1310      -43.8384 kcal/mol        0.0466 kcal/(mol*A)
xmin  1320      -43.8414 kcal/mol        0.1717 kcal/(mol*A)
xmin  1330      -43.8430 kcal/mol        0.0570 kcal/(mol*A)
xmin  1340      -43.8439 kcal/mol        0.0461 kcal/(mol*A)
xmin  1350      -43.8450 kcal/mol        0.0473 kcal/(mol*A)
xmin  1360      -43.8480 kcal/mol        0.0624 kcal/(mol*A)
xmin  1370      -43.8490 kcal/mol        0.0383 kcal/(mol*A)
xmin  1380      -43.8501 kcal/mol        0.0762 kcal/(mol*A)
xmin  1390      -43.8511 kcal/mol        0.1104 kcal/(mol*A)
xmin  1400      -43.8531 kcal/mol        0.0372 kcal/(mol*A)
xmin  1410      -43.8556 kcal/mol        0.0455 kcal/(mol*A)
xmin  1420      -43.8589 kcal/mol        0.1634 kcal/(mol*A)
xmin  1430      -43.8639 kcal/mol        0.0632 kcal/(mol*A)
xmin  1440      -43.8666 kcal/mol        0.0936 kcal/(mol*A)
xmin  1450      -43.8680 kcal/mol        0.1257 kcal/(mol*A)
xmin  1460      -43.8706 kcal/mol        0.0715 kcal/(mol*A)
xmin  1470      -43.8716 kcal/mol        0.1428 kcal/(mol*A)
xmin  1480      -43.8744 kcal/mol        0.0487 kcal/(mol*A)
xmin  1490      -43.8763 kcal/mol        0.0452 kcal/(mol*A)
xmin  1500      -43.8791 kcal/mol        0.0536 kcal/(mol*A)
xmin  1510      -43.8869 kcal/mol        0.1136 kcal/(mol*A)
xmin  1520      -43.8881 kcal/mol        0.0503 kcal/(mol*A)
xmin  1530      -43.8905 kcal/mol        0.0441 kcal/(mol*A)
xmin  1540      -43.8991 kcal/mol        0.0706 kcal/(mol*A)
xmin  1550      -43.9004 kcal/mol        0.0425 kcal/(mol*A)
xmin  1560      -43.9021 kcal/mol        0.0616 kcal/(mol*A)
xmin  1570      -43.9055 kcal/mol        0.0518 kcal/(mol*A)
xmin  1580      -43.9068 kcal/mol        0.0430 kcal/(mol*A)
xmin  1590      -43.9082 kcal/mol        0.0536 kcal/(mol*A)
xmin  1600      -43.9097 kcal/mol        0.0567 kcal/(mol*A)
xmin  1610      -43.9203 kcal/mol        0.0668 kcal/(mol*A)
xmin  1620      -43.9217 kcal/mol        0.0426 kcal/(mol*A)
xmin  1630      -43.9550 kcal/mol        0.0949 kcal/(mol*A)
xmin  1640      -43.9569 kcal/mol        0.0454 kcal/(mol*A)
xmin  1650      -43.9588 kcal/mol        0.0489 kcal/(mol*A)
xmin  1660      -43.9621 kcal/mol        0.0911 kcal/(mol*A)
xmin  1670      -43.9650 kcal/mol        0.1122 kcal/(mol*A)
xmin  1680      -43.9673 kcal/mol        0.0791 kcal/(mol*A)
xmin  1690      -43.9688 kcal/mol        0.0460 kcal/(mol*A)
xmin  1700      -43.9708 kcal/mol        0.0621 kcal/(mol*A)
xmin  1710      -43.9727 kcal/mol        0.0749 kcal/(mol*A)
xmin  1720      -43.9779 kcal/mol        0.1315 kcal/(mol*A)
xmin  1730      -43.9808 kcal/mol        0.0720 kcal/(mol*A)
xmin  1740      -43.9824 kcal/mol        0.0523 kcal/(mol*A)
xmin  1750      -43.9884 kcal/mol        0.1352 kcal/(mol*A)
xmin  1760      -43.9911 kcal/mol        0.0540 kcal/(mol*A)
xmin  1770      -43.9932 kcal/mol        0.0500 kcal/(mol*A)
xmin  1780      -43.9957 kcal/mol        0.0491 kcal/(mol*A)
xmin  1790      -43.9975 kcal/mol        0.0979 kcal/(mol*A)
xmin  1800      -44.0026 kcal/mol        0.0837 kcal/(mol*A)
xmin  1810      -44.0043 kcal/mol        0.0503 kcal/(mol*A)
xmin  1820      -44.0077 kcal/mol        0.0571 kcal/(mol*A)
xmin  1830      -44.0096 kcal/mol        0.1254 kcal/(mol*A)
xmin  1840      -44.0119 kcal/mol        0.0694 kcal/(mol*A)
xmin  1850      -44.0159 kcal/mol        0.1400 kcal/(mol*A)
xmin  1860      -44.0176 kcal/mol        0.0920 kcal/(mol*A)
xmin  1870      -44.0193 kcal/mol        0.0606 kcal/(mol*A)
xmin  1880      -44.0213 kcal/mol        0.0487 kcal/(mol*A)
xmin  1890      -44.0244 kcal/mol        0.0513 kcal/(mol*A)
xmin  1900      -44.0259 kcal/mol        0.0562 kcal/(mol*A)
xmin  1910      -44.0288 kcal/mol        0.0749 kcal/(mol*A)
xmin  1920      -44.0328 kcal/mol        0.0652 kcal/(mol*A)
xmin  1930      -44.0346 kcal/mol        0.0596 kcal/(mol*A)
xmin  1940      -44.0376 kcal/mol        0.0778 kcal/(mol*A)
xmin  1950      -44.0409 kcal/mol        0.1180 kcal/(mol*A)
xmin  1960      -44.0427 kcal/mol        0.0563 kcal/(mol*A)
xmin  1970      -44.0506 kcal/mol        0.0848 kcal/(mol*A)
xmin  1980      -44.0538 kcal/mol        0.1302 kcal/(mol*A)
xmin  1990      -44.0557 kcal/mol        0.0650 kcal/(mol*A)
xmin  2000      -44.0587 kcal/mol        0.0648 kcal/(mol*A)
xmin  2010      -44.0610 kcal/mol        0.0653 kcal/(mol*A)
xmin  2020      -44.0633 kcal/mol        0.0880 kcal/(mol*A)
xmin  2030      -44.0668 kcal/mol        0.0734 kcal/(mol*A)
xmin  2040      -44.0686 kcal/mol        0.0786 kcal/(mol*A)
xmin  2050      -44.0815 kcal/mol        0.1064 kcal/(mol*A)
xmin  2060      -44.0835 kcal/mol        0.0796 kcal/(mol*A)
xmin  2070      -44.0858 kcal/mol        0.1065 kcal/(mol*A)
xmin  2080      -44.0878 kcal/mol        0.0568 kcal/(mol*A)
xmin  2090      -44.0910 kcal/mol        0.1845 kcal/(mol*A)
xmin  2100      -44.0942 kcal/mol        0.1899 kcal/(mol*A)
xmin  2110      -44.0973 kcal/mol        0.1013 kcal/(mol*A)
xmin  2120      -44.1011 kcal/mol        0.1060 kcal/(mol*A)
xmin  2130      -44.1036 kcal/mol        0.0685 kcal/(mol*A)
xmin  2140      -44.1062 kcal/mol        0.1064 kcal/(mol*A)
xmin  2150      -44.1113 kcal/mol        0.1005 kcal/(mol*A)
xmin  2160      -44.1135 kcal/mol        0.1257 kcal/(mol*A)
xmin  2170      -44.1178 kcal/mol        0.0819 kcal/(mol*A)
xmin  2180      -44.1197 kcal/mol        0.1025 kcal/(mol*A)
xmin  2190      -44.1219 kcal/mol        0.0618 kcal/(mol*A)
xmin  2200      -44.1251 kcal/mol        0.1230 kcal/(mol*A)
xmin  2210      -44.1275 kcal/mol        0.0610 kcal/(mol*A)
xmin  2220      -44.1528 kcal/mol        0.0761 kcal/(mol*A)
xmin  2230      -44.1560 kcal/mol        0.0566 kcal/(mol*A)
xmin  2240      -44.1596 kcal/mol        0.1405 kcal/(mol*A)
xmin  2250      -44.1621 kcal/mol        0.0602 kcal/(mol*A)
xmin  2260      -44.1641 kcal/mol        0.0614 kcal/(mol*A)
xmin  2270      -44.1670 kcal/mol        0.1271 kcal/(mol*A)
xmin  2280      -44.1731 kcal/mol        0.0854 kcal/(mol*A)
xmin  2290      -44.1774 kcal/mol        0.0760 kcal/(mol*A)
xmin  2300      -44.1800 kcal/mol        0.1353 kcal/(mol*A)
xmin  2310      -44.1825 kcal/mol        0.1308 kcal/(mol*A)
xmin  2320      -44.1866 kcal/mol        0.1062 kcal/(mol*A)
xmin  2330      -44.1907 kcal/mol        0.0679 kcal/(mol*A)
xmin  2340      -44.1934 kcal/mol        0.0965 kcal/(mol*A)
xmin  2350      -44.1957 kcal/mol        0.1367 kcal/(mol*A)
xmin  2360      -44.1978 kcal/mol        0.0659 kcal/(mol*A)
xmin  2370      -44.2111 kcal/mol        0.0667 kcal/(mol*A)
xmin  2380      -44.2161 kcal/mol        0.1137 kcal/(mol*A)
xmin  2390      -44.2200 kcal/mol        0.1239 kcal/(mol*A)
xmin  2400      -44.2260 kcal/mol        0.0988 kcal/(mol*A)
xmin  2410      -44.2288 kcal/mol        0.0691 kcal/(mol*A)
xmin  2420      -44.2382 kcal/mol        0.1133 kcal/(mol*A)
xmin  2430      -44.2418 kcal/mol        0.0730 kcal/(mol*A)
xmin  2440      -44.2443 kcal/mol        0.1284 kcal/(mol*A)
xmin  2450      -44.2478 kcal/mol        0.0701 kcal/(mol*A)
xmin  2460      -44.2550 kcal/mol        0.1133 kcal/(mol*A)
xmin  2470      -44.2574 kcal/mol        0.0683 kcal/(mol*A)
xmin  2480      -44.2634 kcal/mol        0.1014 kcal/(mol*A)
xmin  2490      -44.2660 kcal/mol        0.0730 kcal/(mol*A)
xmin  2500      -44.2703 kcal/mol        0.1452 kcal/(mol*A)
xmin  2510      -44.2732 kcal/mol        0.0671 kcal/(mol*A)
xmin  2520      -44.2759 kcal/mol        0.1278 kcal/(mol*A)
xmin  2530      -44.3365 kcal/mol        0.7688 kcal/(mol*A)
xmin  2540      -44.3611 kcal/mol        0.1326 kcal/(mol*A)
xmin  2550      -44.3683 kcal/mol        0.1009 kcal/(mol*A)
xmin  2560      -44.3855 kcal/mol        0.5134 kcal/(mol*A)
xmin  2570      -44.3948 kcal/mol        0.0856 kcal/(mol*A)
xmin  2580      -44.4106 kcal/mol        0.1657 kcal/(mol*A)
xmin  2590      -44.4177 kcal/mol        0.1490 kcal/(mol*A)
xmin  2600      -44.4248 kcal/mol        0.2293 kcal/(mol*A)
xmin  2610      -44.4353 kcal/mol        0.0963 kcal/(mol*A)
xmin  2620      -44.4429 kcal/mol        0.1219 kcal/(mol*A)
xmin  2630      -44.4484 kcal/mol        0.1391 kcal/(mol*A)
xmin  2640      -44.4601 kcal/mol        0.2144 kcal/(mol*A)
xmin  2650      -44.4658 kcal/mol        0.2617 kcal/(mol*A)
xmin  2660      -44.4758 kcal/mol        0.1701 kcal/(mol*A)
xmin  2670      -44.4850 kcal/mol        0.1354 kcal/(mol*A)
xmin  2680      -44.4920 kcal/mol        0.1535 kcal/(mol*A)
xmin  2690      -44.4989 kcal/mol        0.1553 kcal/(mol*A)
xmin  2700      -44.5060 kcal/mol        0.1562 kcal/(mol*A)
xmin  2710      -44.5133 kcal/mol        0.1570 kcal/(mol*A)
xmin  2720      -44.5209 kcal/mol        0.1578 kcal/(mol*A)
xmin  2730      -44.5286 kcal/mol        0.1586 kcal/(mol*A)
xmin  2740      -44.5366 kcal/mol        0.1595 kcal/(mol*A)
xmin  2750      -44.5449 kcal/mol        0.1603 kcal/(mol*A)
xmin  2760      -44.5533 kcal/mol        0.1610 kcal/(mol*A)
xmin  2770      -44.5621 kcal/mol        0.1618 kcal/(mol*A)
xmin  2780      -44.5710 kcal/mol        0.1629 kcal/(mol*A)
xmin  2790      -44.5801 kcal/mol        0.1639 kcal/(mol*A)
xmin  2800      -44.5894 kcal/mol        0.1649 kcal/(mol*A)
xmin  2810      -44.5989 kcal/mol        0.1658 kcal/(mol*A)
xmin  2820      -44.6086 kcal/mol        0.1666 kcal/(mol*A)
xmin  2830      -44.6184 kcal/mol        0.1673 kcal/(mol*A)
xmin  2840      -44.6284 kcal/mol        0.1680 kcal/(mol*A)
xmin  2850      -44.6385 kcal/mol        0.1685 kcal/(mol*A)
xmin  2860      -44.6487 kcal/mol        0.1690 kcal/(mol*A)
xmin  2870      -44.6591 kcal/mol        0.1693 kcal/(mol*A)
xmin  2880      -44.6695 kcal/mol        0.1696 kcal/(mol*A)
xmin  2890      -44.6800 kcal/mol        0.1698 kcal/(mol*A)
xmin  2900      -44.6906 kcal/mol        0.1698 kcal/(mol*A)
xmin  2910      -44.7012 kcal/mol        0.1698 kcal/(mol*A)
xmin  2920      -44.7119 kcal/mol        0.1697 kcal/(mol*A)
xmin  2930      -44.7226 kcal/mol        0.1695 kcal/(mol*A)
xmin  2940      -44.7333 kcal/mol        0.1692 kcal/(mol*A)
xmin  2950      -44.7440 kcal/mol        0.1689 kcal/(mol*A)
xmin  2960      -44.7547 kcal/mol        0.1685 kcal/(mol*A)
xmin  2970      -44.7654 kcal/mol        0.1680 kcal/(mol*A)
xmin  2980      -44.7760 kcal/mol        0.1674 kcal/(mol*A)
xmin  2990      -44.7866 kcal/mol        0.1668 kcal/(mol*A)
xmin  3000      -44.7971 kcal/mol        0.1661 kcal/(mol*A)
xmin  3010      -44.8077 kcal/mol        0.1654 kcal/(mol*A)
xmin  3020      -44.8181 kcal/mol        0.1647 kcal/(mol*A)
xmin  3030      -44.8253 kcal/mol        0.2090 kcal/(mol*A)
xmin  3040      -44.8312 kcal/mol        0.1582 kcal/(mol*A)
xmin  3050      -44.8370 kcal/mol        0.2144 kcal/(mol*A)
xmin  3060      -44.8428 kcal/mol        0.1559 kcal/(mol*A)
xmin  3070      -44.8486 kcal/mol        0.2128 kcal/(mol*A)
xmin  3080      -44.8543 kcal/mol        0.1533 kcal/(mol*A)
xmin  3090      -44.8600 kcal/mol        0.2117 kcal/(mol*A)
xmin  3100      -44.8656 kcal/mol        0.1508 kcal/(mol*A)
xmin  3110      -44.8713 kcal/mol        0.2104 kcal/(mol*A)
xmin  3120      -44.8769 kcal/mol        0.1485 kcal/(mol*A)
xmin  3130      -44.8825 kcal/mol        0.2092 kcal/(mol*A)
xmin  3140      -44.8880 kcal/mol        0.1463 kcal/(mol*A)
xmin  3150      -44.8935 kcal/mol        0.2079 kcal/(mol*A)
xmin  3160      -44.8990 kcal/mol        0.1442 kcal/(mol*A)
xmin  3170      -44.9044 kcal/mol        0.2066 kcal/(mol*A)
xmin  3180      -44.9098 kcal/mol        0.1422 kcal/(mol*A)
xmin  3190      -44.9153 kcal/mol        0.2053 kcal/(mol*A)
xmin  3200      -44.9206 kcal/mol        0.1402 kcal/(mol*A)
xmin  3210      -44.9260 kcal/mol        0.2041 kcal/(mol*A)
xmin  3220      -44.9312 kcal/mol        0.1384 kcal/(mol*A)
xmin  3230      -44.9366 kcal/mol        0.2029 kcal/(mol*A)
xmin  3240      -44.9418 kcal/mol        0.1366 kcal/(mol*A)
xmin  3250      -44.9471 kcal/mol        0.2017 kcal/(mol*A)
xmin  3260      -44.9522 kcal/mol        0.1349 kcal/(mol*A)
xmin  3270      -44.9575 kcal/mol        0.2006 kcal/(mol*A)
xmin  3280      -44.9626 kcal/mol        0.1333 kcal/(mol*A)
xmin  3290      -44.9678 kcal/mol        0.1996 kcal/(mol*A)
xmin  3300      -44.9728 kcal/mol        0.1317 kcal/(mol*A)
xmin  3310      -44.9780 kcal/mol        0.1986 kcal/(mol*A)
xmin  3320      -44.9830 kcal/mol        0.1303 kcal/(mol*A)
xmin  3330      -44.9881 kcal/mol        0.1976 kcal/(mol*A)
xmin  3340      -44.9931 kcal/mol        0.1289 kcal/(mol*A)
xmin  3350      -44.9982 kcal/mol        0.1967 kcal/(mol*A)
xmin  3360      -45.0031 kcal/mol        0.1276 kcal/(mol*A)
xmin  3370      -45.0081 kcal/mol        0.1959 kcal/(mol*A)
xmin  3380      -45.0131 kcal/mol        0.1263 kcal/(mol*A)
xmin  3390      -45.0180 kcal/mol        0.1951 kcal/(mol*A)
xmin  3400      -45.0229 kcal/mol        0.1252 kcal/(mol*A)
xmin  3410      -45.0279 kcal/mol        0.1944 kcal/(mol*A)
xmin  3420      -45.0327 kcal/mol        0.1241 kcal/(mol*A)
xmin  3430      -45.0377 kcal/mol        0.1938 kcal/(mol*A)
xmin  3440      -45.0425 kcal/mol        0.1231 kcal/(mol*A)
xmin  3450      -45.0474 kcal/mol        0.1932 kcal/(mol*A)
xmin  3460      -45.0522 kcal/mol        0.1221 kcal/(mol*A)
xmin  3470      -45.0571 kcal/mol        0.1926 kcal/(mol*A)
xmin  3480      -45.0618 kcal/mol        0.1212 kcal/(mol*A)
xmin  3490      -45.0667 kcal/mol        0.1921 kcal/(mol*A)
xmin  3500      -45.0715 kcal/mol        0.1204 kcal/(mol*A)
xmin  3510      -45.0763 kcal/mol        0.1917 kcal/(mol*A)
xmin  3520      -45.0810 kcal/mol        0.1197 kcal/(mol*A)
xmin  3530      -45.0858 kcal/mol        0.1913 kcal/(mol*A)
xmin  3540      -45.0906 kcal/mol        0.1190 kcal/(mol*A)
xmin  3550      -45.0954 kcal/mol        0.1910 kcal/(mol*A)
xmin  3560      -45.1001 kcal/mol        0.1183 kcal/(mol*A)
xmin  3570      -45.1048 kcal/mol        0.1907 kcal/(mol*A)
xmin  3580      -45.1095 kcal/mol        0.1177 kcal/(mol*A)
xmin  3590      -45.1143 kcal/mol        0.1905 kcal/(mol*A)
xmin  3600      -45.1190 kcal/mol        0.1171 kcal/(mol*A)
xmin  3610      -45.1237 kcal/mol        0.1903 kcal/(mol*A)
xmin  3620      -45.1284 kcal/mol        0.1166 kcal/(mol*A)
xmin  3630      -45.1332 kcal/mol        0.1901 kcal/(mol*A)
xmin  3640      -45.1378 kcal/mol        0.1161 kcal/(mol*A)
xmin  3650      -45.1425 kcal/mol        0.1900 kcal/(mol*A)
xmin  3660      -45.1472 kcal/mol        0.1157 kcal/(mol*A)
xmin  3670      -45.1519 kcal/mol        0.1898 kcal/(mol*A)
xmin  3680      -45.1566 kcal/mol        0.1153 kcal/(mol*A)
xmin  3690      -45.1613 kcal/mol        0.1898 kcal/(mol*A)
xmin  3700      -45.1659 kcal/mol        0.1149 kcal/(mol*A)
xmin  3710      -45.1706 kcal/mol        0.1897 kcal/(mol*A)
xmin  3720      -45.1753 kcal/mol        0.1146 kcal/(mol*A)
xmin  3730      -45.1800 kcal/mol        0.1896 kcal/(mol*A)
xmin  3740      -45.1846 kcal/mol        0.1143 kcal/(mol*A)
xmin  3750      -45.1893 kcal/mol        0.1896 kcal/(mol*A)
xmin  3760      -45.1939 kcal/mol        0.1140 kcal/(mol*A)
xmin  3770      -45.1987 kcal/mol        0.1896 kcal/(mol*A)
xmin  3780      -45.2033 kcal/mol        0.1137 kcal/(mol*A)
xmin  3790      -45.2080 kcal/mol        0.1896 kcal/(mol*A)
xmin  3800      -45.2126 kcal/mol        0.1134 kcal/(mol*A)
xmin  3810      -45.2173 kcal/mol        0.1896 kcal/(mol*A)
xmin  3820      -45.2219 kcal/mol        0.1132 kcal/(mol*A)
xmin  3830      -45.2266 kcal/mol        0.1896 kcal/(mol*A)
xmin  3840      -45.2312 kcal/mol        0.1129 kcal/(mol*A)
xmin  3850      -45.2359 kcal/mol        0.1896 kcal/(mol*A)
xmin  3860      -45.2405 kcal/mol        0.1127 kcal/(mol*A)
xmin  3870      -45.2452 kcal/mol        0.1896 kcal/(mol*A)
xmin  3880      -45.2498 kcal/mol        0.1125 kcal/(mol*A)
xmin  3890      -45.2545 kcal/mol        0.1896 kcal/(mol*A)
xmin  3900      -45.2591 kcal/mol        0.1122 kcal/(mol*A)
xmin  3910      -45.2665 kcal/mol        0.1314 kcal/(mol*A)
xmin  3920      -45.2990 kcal/mol        0.1410 kcal/(mol*A)
xmin  3930      -45.3140 kcal/mol        0.1264 kcal/(mol*A)
xmin  3940      -45.3714 kcal/mol        0.2228 kcal/(mol*A)
xmin  3950      -45.4074 kcal/mol        0.1454 kcal/(mol*A)
xmin  3960      -45.4459 kcal/mol        0.2716 kcal/(mol*A)
xmin  3970      -45.4824 kcal/mol        0.1810 kcal/(mol*A)
xmin  3980      -45.5169 kcal/mol        0.2719 kcal/(mol*A)
xmin  3990      -45.5432 kcal/mol        0.2286 kcal/(mol*A)
xmin  4000      -45.5900 kcal/mol        0.4667 kcal/(mol*A)
xmin  4010      -45.6287 kcal/mol        0.3620 kcal/(mol*A)
xmin  4020      -45.6639 kcal/mol        0.2420 kcal/(mol*A)
xmin  4030      -45.6935 kcal/mol        0.2433 kcal/(mol*A)
xmin  4040      -45.7163 kcal/mol        0.1664 kcal/(mol*A)
xmin  4050      -45.7363 kcal/mol        0.1585 kcal/(mol*A)
xmin  4060      -45.7549 kcal/mol        0.1536 kcal/(mol*A)
xmin  4070      -45.7725 kcal/mol        0.1504 kcal/(mol*A)
xmin  4080      -45.7892 kcal/mol        0.1482 kcal/(mol*A)
xmin  4090      -45.8052 kcal/mol        0.1466 kcal/(mol*A)
xmin  4100      -45.8295 kcal/mol        0.4225 kcal/(mol*A)
xmin  4110      -45.8505 kcal/mol        0.1904 kcal/(mol*A)
xmin  4120      -45.8670 kcal/mol        0.1672 kcal/(mol*A)
xmin  4130      -45.8858 kcal/mol        0.1962 kcal/(mol*A)
xmin  4140      -45.9059 kcal/mol        0.2774 kcal/(mol*A)
xmin  4150      -45.9192 kcal/mol        0.2833 kcal/(mol*A)
xmin  4160      -45.9335 kcal/mol        0.2400 kcal/(mol*A)
xmin  4170      -45.9469 kcal/mol        0.2320 kcal/(mol*A)
xmin  4180      -45.9570 kcal/mol        0.2695 kcal/(mol*A)
xmin  4190      -45.9724 kcal/mol        0.1671 kcal/(mol*A)
xmin  4200      -45.9867 kcal/mol        0.2015 kcal/(mol*A)
xmin  4210      -45.9989 kcal/mol        0.2932 kcal/(mol*A)
xmin  4220      -46.0129 kcal/mol        0.2664 kcal/(mol*A)
xmin  4230      -46.0298 kcal/mol        0.1880 kcal/(mol*A)
xmin  4240      -46.0437 kcal/mol        0.1452 kcal/(mol*A)
xmin  4250      -46.0555 kcal/mol        0.2036 kcal/(mol*A)
xmin  4260      -46.0643 kcal/mol        0.1679 kcal/(mol*A)
xmin  4270      -46.0758 kcal/mol        0.1552 kcal/(mol*A)
xmin  4280      -46.0861 kcal/mol        0.1508 kcal/(mol*A)
xmin  4290      -46.1135 kcal/mol        0.2143 kcal/(mol*A)
xmin  4300      -46.1415 kcal/mol        0.1034 kcal/(mol*A)
xmin  4310      -46.1651 kcal/mol        0.2455 kcal/(mol*A)
xmin  4320      -46.1820 kcal/mol        0.1487 kcal/(mol*A)
xmin  4330      -46.1927 kcal/mol        0.1142 kcal/(mol*A)
xmin  4340      -46.2041 kcal/mol        0.1078 kcal/(mol*A)
xmin  4350      -46.2144 kcal/mol        0.1280 kcal/(mol*A)
xmin  4360      -46.2368 kcal/mol        0.1405 kcal/(mol*A)
xmin  4370      -46.2441 kcal/mol        0.0963 kcal/(mol*A)
xmin  4380      -46.2521 kcal/mol        0.2245 kcal/(mol*A)
xmin  4390      -46.2597 kcal/mol        0.1160 kcal/(mol*A)
xmin  4400      -46.2659 kcal/mol        0.1905 kcal/(mol*A)
xmin  4410      -46.2725 kcal/mol        0.2638 kcal/(mol*A)
xmin  4420      -46.2791 kcal/mol        0.0794 kcal/(mol*A)
xmin  4430      -46.2847 kcal/mol        0.2058 kcal/(mol*A)
xmin  4440      -46.2915 kcal/mol        0.1543 kcal/(mol*A)
xmin  4450      -46.2969 kcal/mol        0.0895 kcal/(mol*A)
xmin  4460      -46.3021 kcal/mol        0.1449 kcal/(mol*A)
xmin  4470      -46.3078 kcal/mol        0.1135 kcal/(mol*A)
xmin  4480      -46.3126 kcal/mol        0.0616 kcal/(mol*A)
xmin  4490      -46.3173 kcal/mol        0.2654 kcal/(mol*A)
xmin  4500      -46.3238 kcal/mol        0.2210 kcal/(mol*A)
xmin  4510      -46.3284 kcal/mol        0.0779 kcal/(mol*A)
xmin  4520      -46.3323 kcal/mol        0.0696 kcal/(mol*A)
xmin  4530      -46.3374 kcal/mol        0.0992 kcal/(mol*A)
xmin  4540      -46.3411 kcal/mol        0.0846 kcal/(mol*A)
xmin  4550      -46.3448 kcal/mol        0.1399 kcal/(mol*A)
xmin  4560      -46.3496 kcal/mol        0.0717 kcal/(mol*A)
xmin  4570      -46.3538 kcal/mol        0.1021 kcal/(mol*A)
xmin  4580      -46.3572 kcal/mol        0.1429 kcal/(mol*A)
xmin  4590      -46.3607 kcal/mol        0.0771 kcal/(mol*A)
xmin  4600      -46.3643 kcal/mol        0.0693 kcal/(mol*A)
xmin  4610      -46.3678 kcal/mol        0.0828 kcal/(mol*A)
xmin  4620      -46.3720 kcal/mol        0.0932 kcal/(mol*A)
xmin  4630      -46.3756 kcal/mol        0.0798 kcal/(mol*A)
xmin  4640      -46.3784 kcal/mol        0.1380 kcal/(mol*A)
xmin  4650      -46.3812 kcal/mol        0.0706 kcal/(mol*A)
xmin  4660      -46.3839 kcal/mol        0.0834 kcal/(mol*A)
xmin  4670      -46.3863 kcal/mol        0.0746 kcal/(mol*A)
xmin  4680      -46.3889 kcal/mol        0.0638 kcal/(mol*A)
xmin  4690      -46.3924 kcal/mol        0.0636 kcal/(mol*A)
xmin  4700      -46.3948 kcal/mol        0.0591 kcal/(mol*A)
xmin  4710      -46.3975 kcal/mol        0.1528 kcal/(mol*A)
xmin  4720      -46.4004 kcal/mol        0.0617 kcal/(mol*A)
xmin  4730      -46.4167 kcal/mol        0.0565 kcal/(mol*A)
xmin  4740      -46.4188 kcal/mol        0.1148 kcal/(mol*A)
xmin  4750      -46.4211 kcal/mol        0.0784 kcal/(mol*A)
xmin  4760      -46.4238 kcal/mol        0.1163 kcal/(mol*A)
xmin  4770      -46.4260 kcal/mol        0.0609 kcal/(mol*A)
xmin  4780      -46.4277 kcal/mol        0.0839 kcal/(mol*A)
xmin  4790      -46.4323 kcal/mol        0.0543 kcal/(mol*A)
xmin  4800      -46.4476 kcal/mol        0.0800 kcal/(mol*A)
xmin  4810      -46.4497 kcal/mol        0.0915 kcal/(mol*A)
xmin  4820      -46.4514 kcal/mol        0.0530 kcal/(mol*A)
xmin  4830      -46.4544 kcal/mol        0.1082 kcal/(mol*A)
xmin  4840      -46.4586 kcal/mol        0.0710 kcal/(mol*A)
xmin  4850      -46.4603 kcal/mol        0.0539 kcal/(mol*A)
xmin  4860      -46.4626 kcal/mol        0.2102 kcal/(mol*A)
xmin  4870      -46.4650 kcal/mol        0.0662 kcal/(mol*A)
xmin  4880      -46.4666 kcal/mol        0.0758 kcal/(mol*A)
xmin  4890      -46.4680 kcal/mol        0.0835 kcal/(mol*A)
xmin  4900      -46.4696 kcal/mol        0.0771 kcal/(mol*A)
xmin  4910      -46.4711 kcal/mol        0.0836 kcal/(mol*A)
xmin  4920      -46.4727 kcal/mol        0.0861 kcal/(mol*A)
xmin  4930      -46.4743 kcal/mol        0.0823 kcal/(mol*A)
xmin  4940      -46.4759 kcal/mol        0.0824 kcal/(mol*A)
xmin  4950      -46.4775 kcal/mol        0.0866 kcal/(mol*A)
xmin  4960      -46.4792 kcal/mol        0.0894 kcal/(mol*A)
xmin  4970      -46.4808 kcal/mol        0.0878 kcal/(mol*A)
xmin  4980      -46.4825 kcal/mol        0.0848 kcal/(mol*A)
xmin  4990      -46.4841 kcal/mol        0.0828 kcal/(mol*A)
xmin  5000      -46.4859 kcal/mol        0.0830 kcal/(mol*A)
xmin  5010      -46.4876 kcal/mol        0.0861 kcal/(mol*A)
xmin  5020      -46.4893 kcal/mol        0.0942 kcal/(mol*A)
xmin  5030      -46.4910 kcal/mol        0.1120 kcal/(mol*A)
xmin  5040      -46.4926 kcal/mol        0.1137 kcal/(mol*A)
xmin  5050      -46.4942 kcal/mol        0.0778 kcal/(mol*A)
xmin  5060      -46.4963 kcal/mol        0.0489 kcal/(mol*A)
xmin  5070      -46.4998 kcal/mol        0.0875 kcal/(mol*A)
xmin  5080      -46.5014 kcal/mol        0.0536 kcal/(mol*A)
xmin  5090      -46.5205 kcal/mol        0.0551 kcal/(mol*A)
xmin  5100      -46.5230 kcal/mol        0.1000 kcal/(mol*A)
xmin  5110      -46.5251 kcal/mol        0.0485 kcal/(mol*A)
xmin  5120      -46.5281 kcal/mol        0.0899 kcal/(mol*A)
xmin  5130      -46.5305 kcal/mol        0.1240 kcal/(mol*A)
xmin  5140      -46.5364 kcal/mol        0.0883 kcal/(mol*A)
xmin  5150      -46.5381 kcal/mol        0.0601 kcal/(mol*A)
xmin  5160      -46.5399 kcal/mol        0.2132 kcal/(mol*A)
xmin  5170      -46.5496 kcal/mol        0.0562 kcal/(mol*A)
xmin  5180      -46.5511 kcal/mol        0.0463 kcal/(mol*A)
xmin  5190      -46.5533 kcal/mol        0.0431 kcal/(mol*A)
xmin  5200      -46.5562 kcal/mol        0.1039 kcal/(mol*A)
xmin  5210      -46.5579 kcal/mol        0.0488 kcal/(mol*A)
xmin  5220      -46.5600 kcal/mol        0.0890 kcal/(mol*A)
xmin  5230      -46.5614 kcal/mol        0.0755 kcal/(mol*A)
xmin  5240      -46.5627 kcal/mol        0.0527 kcal/(mol*A)
xmin  5250      -46.5691 kcal/mol        0.0932 kcal/(mol*A)
xmin  5260      -46.5721 kcal/mol        0.0754 kcal/(mol*A)
xmin  5270      -46.5730 kcal/mol        0.0889 kcal/(mol*A)
xmin  5280      -46.5737 kcal/mol        0.0795 kcal/(mol*A)
xmin  5290      -46.5770 kcal/mol        0.1455 kcal/(mol*A)
xmin  5300      -46.5782 kcal/mol        0.0432 kcal/(mol*A)
xmin  5310      -46.5794 kcal/mol        0.0579 kcal/(mol*A)
xmin  5320      -46.5824 kcal/mol        0.0584 kcal/(mol*A)
xmin  5330      -46.5831 kcal/mol        0.0579 kcal/(mol*A)
xmin  5340      -46.5845 kcal/mol        0.0549 kcal/(mol*A)
xmin  5350      -46.5856 kcal/mol        0.0991 kcal/(mol*A)
xmin  5360      -46.5876 kcal/mol        0.0588 kcal/(mol*A)
xmin  5370      -46.5916 kcal/mol        0.0772 kcal/(mol*A)
xmin  5380      -46.5936 kcal/mol        0.1318 kcal/(mol*A)
xmin  5390      -46.5958 kcal/mol        0.0673 kcal/(mol*A)
xmin  5400      -46.5986 kcal/mol        0.0479 kcal/(mol*A)
xmin  5410      -46.6008 kcal/mol        0.0784 kcal/(mol*A)
xmin  5420      -46.6025 kcal/mol        0.0566 kcal/(mol*A)
xmin  5430      -46.6038 kcal/mol        0.1405 kcal/(mol*A)
xmin  5440      -46.6069 kcal/mol        0.0654 kcal/(mol*A)
xmin  5450      -46.6081 kcal/mol        0.0743 kcal/(mol*A)
xmin  5460      -46.6091 kcal/mol        0.0955 kcal/(mol*A)
xmin  5470      -46.6098 kcal/mol        0.0512 kcal/(mol*A)
xmin  5480      -46.6106 kcal/mol        0.0484 kcal/(mol*A)
xmin  5490      -46.6114 kcal/mol        0.0491 kcal/(mol*A)
xmin  5500      -46.6126 kcal/mol        0.0502 kcal/(mol*A)
xmin  5510      -46.6151 kcal/mol        0.0531 kcal/(mol*A)
xmin  5520      -46.6158 kcal/mol        0.0676 kcal/(mol*A)
xmin  5530      -46.6169 kcal/mol        0.0588 kcal/(mol*A)
xmin  5540      -46.6178 kcal/mol        0.0613 kcal/(mol*A)
xmin  5550      -46.6187 kcal/mol        0.0512 kcal/(mol*A)
xmin  5560      -46.6197 kcal/mol        0.0639 kcal/(mol*A)
xmin  5570      -46.6207 kcal/mol        0.0491 kcal/(mol*A)
xmin  5580      -46.6215 kcal/mol        0.0382 kcal/(mol*A)
xmin  5590      -46.6224 kcal/mol        0.0448 kcal/(mol*A)
xmin  5600      -46.6231 kcal/mol        0.0522 kcal/(mol*A)
xmin  5610      -46.6247 kcal/mol        0.0602 kcal/(mol*A)
xmin  5620      -46.6255 kcal/mol        0.0443 kcal/(mol*A)
xmin  5630      -46.6262 kcal/mol        0.0404 kcal/(mol*A)
xmin  5640      -46.6271 kcal/mol        0.0650 kcal/(mol*A)
xmin  5650      -46.6302 kcal/mol        0.1630 kcal/(mol*A)
xmin  5660      -46.6312 kcal/mol        0.0409 kcal/(mol*A)
xmin  5670      -46.6319 kcal/mol        0.0389 kcal/(mol*A)
xmin  5680      -46.6327 kcal/mol        0.0600 kcal/(mol*A)
xmin  5690      -46.6335 kcal/mol        0.0519 kcal/(mol*A)
xmin  5700      -46.6349 kcal/mol        0.0494 kcal/(mol*A)
xmin  5710      -46.6354 kcal/mol        0.0491 kcal/(mol*A)
xmin  5720      -46.6361 kcal/mol        0.0726 kcal/(mol*A)
xmin  5730      -46.6370 kcal/mol        0.0620 kcal/(mol*A)
xmin  5740      -46.6379 kcal/mol        0.0480 kcal/(mol*A)
xmin  5750      -46.6388 kcal/mol        0.0515 kcal/(mol*A)
xmin  5760      -46.6397 kcal/mol        0.0712 kcal/(mol*A)
xmin  5770      -46.6405 kcal/mol        0.0635 kcal/(mol*A)
xmin  5780      -46.6414 kcal/mol        0.0378 kcal/(mol*A)
xmin  5790      -46.6419 kcal/mol        0.0533 kcal/(mol*A)
xmin  5800      -46.6428 kcal/mol        0.0428 kcal/(mol*A)
xmin  5810      -46.6436 kcal/mol        0.0547 kcal/(mol*A)
xmin  5820      -46.6451 kcal/mol        0.1003 kcal/(mol*A)
xmin  5830      -46.6469 kcal/mol        0.0985 kcal/(mol*A)
xmin  5840      -46.6487 kcal/mol        0.0974 kcal/(mol*A)
xmin  5850      -46.6504 kcal/mol        0.0965 kcal/(mol*A)
xmin  5860      -46.6522 kcal/mol        0.0958 kcal/(mol*A)
xmin  5870      -46.6539 kcal/mol        0.0951 kcal/(mol*A)
xmin  5880      -46.6556 kcal/mol        0.0944 kcal/(mol*A)
xmin  5890      -46.6572 kcal/mol        0.0938 kcal/(mol*A)
xmin  5900      -46.6589 kcal/mol        0.0932 kcal/(mol*A)
xmin  5910      -46.6605 kcal/mol        0.0926 kcal/(mol*A)
xmin  5920      -46.6621 kcal/mol        0.0920 kcal/(mol*A)
xmin  5930      -46.6637 kcal/mol        0.0915 kcal/(mol*A)
xmin  5940      -46.6653 kcal/mol        0.0910 kcal/(mol*A)
xmin  5950      -46.6668 kcal/mol        0.0904 kcal/(mol*A)
xmin  5960      -46.6684 kcal/mol        0.0899 kcal/(mol*A)
xmin  5970      -46.6699 kcal/mol        0.0895 kcal/(mol*A)
xmin  5980      -46.6715 kcal/mol        0.0890 kcal/(mol*A)
xmin  5990      -46.6730 kcal/mol        0.0885 kcal/(mol*A)
xmin  6000      -46.6745 kcal/mol        0.0881 kcal/(mol*A)
xmin  6010      -46.6760 kcal/mol        0.0877 kcal/(mol*A)
xmin  6020      -46.6775 kcal/mol        0.0873 kcal/(mol*A)
xmin  6030      -46.6789 kcal/mol        0.0868 kcal/(mol*A)
xmin  6040      -46.6804 kcal/mol        0.0865 kcal/(mol*A)
xmin  6050      -46.6819 kcal/mol        0.0861 kcal/(mol*A)
xmin  6060      -46.6833 kcal/mol        0.0857 kcal/(mol*A)
xmin  6070      -46.6848 kcal/mol        0.0853 kcal/(mol*A)
xmin  6080      -46.6862 kcal/mol        0.0850 kcal/(mol*A)
xmin  6090      -46.6876 kcal/mol        0.0847 kcal/(mol*A)
xmin  6100      -46.6890 kcal/mol        0.0843 kcal/(mol*A)
xmin  6110      -46.6905 kcal/mol        0.0840 kcal/(mol*A)
xmin  6120      -46.6919 kcal/mol        0.0837 kcal/(mol*A)
xmin  6130      -46.6933 kcal/mol        0.0834 kcal/(mol*A)
xmin  6140      -46.6947 kcal/mol        0.0831 kcal/(mol*A)
xmin  6150      -46.6961 kcal/mol        0.0828 kcal/(mol*A)
xmin  6160      -46.6975 kcal/mol        0.0826 kcal/(mol*A)
xmin  6170      -46.6989 kcal/mol        0.0823 kcal/(mol*A)
xmin  6180      -46.7003 kcal/mol        0.0820 kcal/(mol*A)
xmin  6190      -46.7017 kcal/mol        0.0818 kcal/(mol*A)
xmin  6200      -46.7031 kcal/mol        0.0815 kcal/(mol*A)
xmin  6210      -46.7045 kcal/mol        0.0813 kcal/(mol*A)
xmin  6220      -46.7058 kcal/mol        0.0811 kcal/(mol*A)
xmin  6230      -46.7072 kcal/mol        0.0808 kcal/(mol*A)
xmin  6240      -46.7086 kcal/mol        0.0806 kcal/(mol*A)
xmin  6250      -46.7100 kcal/mol        0.0804 kcal/(mol*A)
xmin  6260      -46.7114 kcal/mol        0.0802 kcal/(mol*A)
xmin  6270      -46.7128 kcal/mol        0.0800 kcal/(mol*A)
xmin  6280      -46.7142 kcal/mol        0.0798 kcal/(mol*A)
xmin  6290      -46.7156 kcal/mol        0.0796 kcal/(mol*A)
xmin  6300      -46.7170 kcal/mol        0.0794 kcal/(mol*A)
xmin  6310      -46.7183 kcal/mol        0.0792 kcal/(mol*A)
xmin  6320      -46.7197 kcal/mol        0.0790 kcal/(mol*A)
xmin  6330      -46.7211 kcal/mol        0.0788 kcal/(mol*A)
xmin  6340      -46.7225 kcal/mol        0.0786 kcal/(mol*A)
xmin  6350      -46.7239 kcal/mol        0.0784 kcal/(mol*A)
xmin  6360      -46.7253 kcal/mol        0.0782 kcal/(mol*A)
xmin  6370      -46.7267 kcal/mol        0.0780 kcal/(mol*A)
xmin  6380      -46.7281 kcal/mol        0.0778 kcal/(mol*A)
xmin  6390      -46.7296 kcal/mol        0.0776 kcal/(mol*A)
xmin  6400      -46.7310 kcal/mol        0.0774 kcal/(mol*A)
xmin  6410      -46.7324 kcal/mol        0.0772 kcal/(mol*A)
xmin  6420      -46.7338 kcal/mol        0.0770 kcal/(mol*A)
xmin  6430      -46.7352 kcal/mol        0.0768 kcal/(mol*A)
xmin  6440      -46.7366 kcal/mol        0.0766 kcal/(mol*A)
xmin  6450      -46.7381 kcal/mol        0.0764 kcal/(mol*A)
xmin  6460      -46.7395 kcal/mol        0.0762 kcal/(mol*A)
xmin  6470      -46.7409 kcal/mol        0.0760 kcal/(mol*A)
xmin  6480      -46.7423 kcal/mol        0.0758 kcal/(mol*A)
xmin  6490      -46.7438 kcal/mol        0.0756 kcal/(mol*A)
xmin  6500      -46.7452 kcal/mol        0.0754 kcal/(mol*A)
xmin  6510      -46.7466 kcal/mol        0.0751 kcal/(mol*A)
xmin  6520      -46.7481 kcal/mol        0.0749 kcal/(mol*A)
xmin  6530      -46.7495 kcal/mol        0.0747 kcal/(mol*A)
xmin  6540      -46.7510 kcal/mol        0.0744 kcal/(mol*A)
xmin  6550      -46.7524 kcal/mol        0.0742 kcal/(mol*A)
xmin  6560      -46.7538 kcal/mol        0.0739 kcal/(mol*A)
xmin  6570      -46.7553 kcal/mol        0.0736 kcal/(mol*A)
xmin  6580      -46.7567 kcal/mol        0.0733 kcal/(mol*A)
xmin  6590      -46.7582 kcal/mol        0.0731 kcal/(mol*A)
xmin  6600      -46.7596 kcal/mol        0.0728 kcal/(mol*A)
xmin  6610      -46.7610 kcal/mol        0.0725 kcal/(mol*A)
xmin  6620      -46.7625 kcal/mol        0.0722 kcal/(mol*A)
xmin  6630      -46.7639 kcal/mol        0.0719 kcal/(mol*A)
xmin  6640      -46.7653 kcal/mol        0.0715 kcal/(mol*A)
xmin  6650      -46.7668 kcal/mol        0.0712 kcal/(mol*A)
xmin  6660      -46.7682 kcal/mol        0.0709 kcal/(mol*A)
xmin  6670      -46.7696 kcal/mol        0.0705 kcal/(mol*A)
xmin  6680      -46.7710 kcal/mol        0.0702 kcal/(mol*A)
xmin  6690      -46.7725 kcal/mol        0.0698 kcal/(mol*A)
xmin  6700      -46.7739 kcal/mol        0.0695 kcal/(mol*A)
xmin  6710      -46.7753 kcal/mol        0.0691 kcal/(mol*A)
xmin  6720      -46.7767 kcal/mol        0.0687 kcal/(mol*A)
xmin  6730      -46.7781 kcal/mol        0.0683 kcal/(mol*A)
xmin  6740      -46.7795 kcal/mol        0.0679 kcal/(mol*A)
xmin  6750      -46.7808 kcal/mol        0.0676 kcal/(mol*A)
xmin  6760      -46.7822 kcal/mol        0.0672 kcal/(mol*A)
xmin  6770      -46.7836 kcal/mol        0.0667 kcal/(mol*A)
xmin  6780      -46.7849 kcal/mol        0.0663 kcal/(mol*A)
xmin  6790      -46.7863 kcal/mol        0.0659 kcal/(mol*A)
xmin  6800      -46.7876 kcal/mol        0.0655 kcal/(mol*A)
xmin  6810      -46.7890 kcal/mol        0.0651 kcal/(mol*A)
xmin  6820      -46.7903 kcal/mol        0.0646 kcal/(mol*A)
xmin  6830      -46.7916 kcal/mol        0.0642 kcal/(mol*A)
xmin  6840      -46.7929 kcal/mol        0.0638 kcal/(mol*A)
xmin  6850      -46.7942 kcal/mol        0.0634 kcal/(mol*A)
xmin  6860      -46.7955 kcal/mol        0.0631 kcal/(mol*A)
xmin  6870      -46.7968 kcal/mol        0.0628 kcal/(mol*A)
xmin  6880      -46.7980 kcal/mol        0.0625 kcal/(mol*A)
xmin  6890      -46.7993 kcal/mol        0.0622 kcal/(mol*A)
xmin  6900      -46.8005 kcal/mol        0.0619 kcal/(mol*A)
xmin  6910      -46.8017 kcal/mol        0.0616 kcal/(mol*A)
xmin  6920      -46.8029 kcal/mol        0.0613 kcal/(mol*A)
xmin  6930      -46.8041 kcal/mol        0.0610 kcal/(mol*A)
xmin  6940      -46.8053 kcal/mol        0.0607 kcal/(mol*A)
xmin  6950      -46.8065 kcal/mol        0.0604 kcal/(mol*A)
xmin  6960      -46.8076 kcal/mol        0.0601 kcal/(mol*A)
xmin  6970      -46.8088 kcal/mol        0.0598 kcal/(mol*A)
xmin  6980      -46.8099 kcal/mol        0.0595 kcal/(mol*A)
xmin  6990      -46.8110 kcal/mol        0.0592 kcal/(mol*A)
xmin  7000      -46.8121 kcal/mol        0.0589 kcal/(mol*A)
xmin  7010      -46.8132 kcal/mol        0.0586 kcal/(mol*A)
xmin  7020      -46.8143 kcal/mol        0.0583 kcal/(mol*A)
xmin  7030      -46.8154 kcal/mol        0.0580 kcal/(mol*A)
xmin  7040      -46.8164 kcal/mol        0.0577 kcal/(mol*A)
xmin  7050      -46.8175 kcal/mol        0.0574 kcal/(mol*A)
xmin  7060      -46.8185 kcal/mol        0.0572 kcal/(mol*A)
xmin  7070      -46.8195 kcal/mol        0.0569 kcal/(mol*A)
xmin  7080      -46.8205 kcal/mol        0.0566 kcal/(mol*A)
xmin  7090      -46.8215 kcal/mol        0.0563 kcal/(mol*A)
xmin  7100      -46.8225 kcal/mol        0.0561 kcal/(mol*A)
xmin  7110      -46.8235 kcal/mol        0.0558 kcal/(mol*A)
xmin  7120      -46.8245 kcal/mol        0.0555 kcal/(mol*A)
xmin  7130      -46.8255 kcal/mol        0.0553 kcal/(mol*A)
xmin  7140      -46.8264 kcal/mol        0.0550 kcal/(mol*A)
xmin  7150      -46.8274 kcal/mol        0.0548 kcal/(mol*A)
xmin  7160      -46.8283 kcal/mol        0.0546 kcal/(mol*A)
xmin  7170      -46.8292 kcal/mol        0.0543 kcal/(mol*A)
xmin  7180      -46.8301 kcal/mol        0.0541 kcal/(mol*A)
xmin  7190      -46.8310 kcal/mol        0.0538 kcal/(mol*A)
xmin  7200      -46.8319 kcal/mol        0.0536 kcal/(mol*A)
xmin  7210      -46.8328 kcal/mol        0.0534 kcal/(mol*A)
xmin  7220      -46.8337 kcal/mol        0.0532 kcal/(mol*A)
xmin  7230      -46.8346 kcal/mol        0.0530 kcal/(mol*A)
xmin  7240      -46.8355 kcal/mol        0.0528 kcal/(mol*A)
xmin  7250      -46.8363 kcal/mol        0.0526 kcal/(mol*A)
xmin  7260      -46.8372 kcal/mol        0.0524 kcal/(mol*A)
xmin  7270      -46.8380 kcal/mol        0.0522 kcal/(mol*A)
xmin  7280      -46.8389 kcal/mol        0.0520 kcal/(mol*A)
xmin  7290      -46.8397 kcal/mol        0.0518 kcal/(mol*A)
xmin  7300      -46.8405 kcal/mol        0.0516 kcal/(mol*A)
xmin  7310      -46.8413 kcal/mol        0.0514 kcal/(mol*A)
xmin  7320      -46.8422 kcal/mol        0.0512 kcal/(mol*A)
xmin  7330      -46.8430 kcal/mol        0.0511 kcal/(mol*A)
xmin  7340      -46.8438 kcal/mol        0.0509 kcal/(mol*A)
xmin  7350      -46.8446 kcal/mol        0.0507 kcal/(mol*A)
xmin  7360      -46.8454 kcal/mol        0.0506 kcal/(mol*A)
xmin  7370      -46.8461 kcal/mol        0.0504 kcal/(mol*A)
xmin  7380      -46.8469 kcal/mol        0.0503 kcal/(mol*A)
xmin  7390      -46.8477 kcal/mol        0.0501 kcal/(mol*A)
xmin  7400      -46.8485 kcal/mol        0.0500 kcal/(mol*A)
xmin  7410      -46.8492 kcal/mol        0.0498 kcal/(mol*A)
xmin  7420      -46.8500 kcal/mol        0.0497 kcal/(mol*A)
xmin  7430      -46.8508 kcal/mol        0.0495 kcal/(mol*A)
xmin  7440      -46.8515 kcal/mol        0.0494 kcal/(mol*A)
xmin  7450      -46.8523 kcal/mol        0.0493 kcal/(mol*A)
xmin  7460      -46.8530 kcal/mol        0.0491 kcal/(mol*A)
xmin  7470      -46.8537 kcal/mol        0.0490 kcal/(mol*A)
xmin  7480      -46.8545 kcal/mol        0.0489 kcal/(mol*A)
xmin  7490      -46.8552 kcal/mol        0.0488 kcal/(mol*A)
xmin  7500      -46.8559 kcal/mol        0.0486 kcal/(mol*A)
xmin  7510      -46.8566 kcal/mol        0.0485 kcal/(mol*A)
xmin  7520      -46.8574 kcal/mol        0.0484 kcal/(mol*A)
xmin  7530      -46.8581 kcal/mol        0.0483 kcal/(mol*A)
xmin  7540      -46.8588 kcal/mol        0.0482 kcal/(mol*A)
xmin  7550      -46.8595 kcal/mol        0.0481 kcal/(mol*A)
xmin  7560      -46.8602 kcal/mol        0.0480 kcal/(mol*A)
xmin  7570      -46.8609 kcal/mol        0.0479 kcal/(mol*A)
xmin  7580      -46.8616 kcal/mol        0.0478 kcal/(mol*A)
xmin  7590      -46.8623 kcal/mol        0.0477 kcal/(mol*A)
xmin  7600      -46.8630 kcal/mol        0.0476 kcal/(mol*A)
xmin  7610      -46.8637 kcal/mol        0.0475 kcal/(mol*A)
xmin  7620      -46.8644 kcal/mol        0.0474 kcal/(mol*A)
xmin  7630      -46.8650 kcal/mol        0.0473 kcal/(mol*A)
xmin  7640      -46.8657 kcal/mol        0.0472 kcal/(mol*A)
xmin  7650      -46.8664 kcal/mol        0.0471 kcal/(mol*A)
xmin  7660      -46.8671 kcal/mol        0.0471 kcal/(mol*A)
xmin  7670      -46.8677 kcal/mol        0.0470 kcal/(mol*A)
xmin  7680      -46.8684 kcal/mol        0.0469 kcal/(mol*A)
xmin  7690      -46.8691 kcal/mol        0.0468 kcal/(mol*A)
xmin  7700      -46.8697 kcal/mol        0.0467 kcal/(mol*A)
xmin  7710      -46.8704 kcal/mol        0.0467 kcal/(mol*A)
xmin  7720      -46.8711 kcal/mol        0.0466 kcal/(mol*A)
xmin  7730      -46.8717 kcal/mol        0.0465 kcal/(mol*A)
xmin  7740      -46.8724 kcal/mol        0.0464 kcal/(mol*A)
xmin  7750      -46.8730 kcal/mol        0.0464 kcal/(mol*A)
xmin  7760      -46.8737 kcal/mol        0.0463 kcal/(mol*A)
xmin  7770      -46.8743 kcal/mol        0.0462 kcal/(mol*A)
xmin  7780      -46.8750 kcal/mol        0.0462 kcal/(mol*A)
xmin  7790      -46.8756 kcal/mol        0.0461 kcal/(mol*A)
xmin  7800      -46.8763 kcal/mol        0.0460 kcal/(mol*A)
xmin  7810      -46.8769 kcal/mol        0.0460 kcal/(mol*A)
xmin  7820      -46.8775 kcal/mol        0.0459 kcal/(mol*A)
xmin  7830      -46.8782 kcal/mol        0.0459 kcal/(mol*A)
xmin  7840      -46.8788 kcal/mol        0.0458 kcal/(mol*A)
xmin  7850      -46.8794 kcal/mol        0.0457 kcal/(mol*A)
xmin  7860      -46.8801 kcal/mol        0.0457 kcal/(mol*A)
xmin  7870      -46.8807 kcal/mol        0.0456 kcal/(mol*A)
xmin  7880      -46.8813 kcal/mol        0.0456 kcal/(mol*A)
xmin  7890      -46.8819 kcal/mol        0.0455 kcal/(mol*A)
xmin  7900      -46.8825 kcal/mol        0.0455 kcal/(mol*A)
xmin  7910      -46.8832 kcal/mol        0.0454 kcal/(mol*A)
xmin  7920      -46.8838 kcal/mol        0.0454 kcal/(mol*A)
xmin  7930      -46.8844 kcal/mol        0.0453 kcal/(mol*A)
xmin  7940      -46.8850 kcal/mol        0.0453 kcal/(mol*A)
xmin  7950      -46.8856 kcal/mol        0.0452 kcal/(mol*A)
xmin  7960      -46.8862 kcal/mol        0.0452 kcal/(mol*A)
xmin  7970      -46.8868 kcal/mol        0.0451 kcal/(mol*A)
xmin  7980      -46.8875 kcal/mol        0.0451 kcal/(mol*A)
xmin  7990      -46.8881 kcal/mol        0.0450 kcal/(mol*A)
xmin  8000      -46.8887 kcal/mol        0.0450 kcal/(mol*A)
xmin  8010      -46.8893 kcal/mol        0.0449 kcal/(mol*A)
xmin  8020      -46.8899 kcal/mol        0.0449 kcal/(mol*A)
xmin  8030      -46.8905 kcal/mol        0.0448 kcal/(mol*A)
xmin  8040      -46.8911 kcal/mol        0.0448 kcal/(mol*A)
xmin  8050      -46.8917 kcal/mol        0.0448 kcal/(mol*A)
xmin  8060      -46.8923 kcal/mol        0.0447 kcal/(mol*A)
xmin  8070      -46.8928 kcal/mol        0.0447 kcal/(mol*A)
xmin  8080      -46.8934 kcal/mol        0.0446 kcal/(mol*A)
xmin  8090      -46.8940 kcal/mol        0.0446 kcal/(mol*A)
xmin  8100      -46.8946 kcal/mol        0.0446 kcal/(mol*A)
xmin  8110      -46.8952 kcal/mol        0.0445 kcal/(mol*A)
xmin  8120      -46.8958 kcal/mol        0.0445 kcal/(mol*A)
xmin  8130      -46.8964 kcal/mol        0.0444 kcal/(mol*A)
xmin  8140      -46.8970 kcal/mol        0.0444 kcal/(mol*A)
xmin  8150      -46.8976 kcal/mol        0.0444 kcal/(mol*A)
xmin  8160      -46.8981 kcal/mol        0.0443 kcal/(mol*A)
xmin  8170      -46.8987 kcal/mol        0.0443 kcal/(mol*A)
xmin  8180      -46.8993 kcal/mol        0.0442 kcal/(mol*A)
xmin  8190      -46.8999 kcal/mol        0.0442 kcal/(mol*A)
xmin  8200      -46.9004 kcal/mol        0.0442 kcal/(mol*A)
xmin  8210      -46.9010 kcal/mol        0.0441 kcal/(mol*A)
xmin  8220      -46.9016 kcal/mol        0.0441 kcal/(mol*A)
xmin  8230      -46.9022 kcal/mol        0.0441 kcal/(mol*A)
xmin  8240      -46.9027 kcal/mol        0.0440 kcal/(mol*A)
xmin  8250      -46.9033 kcal/mol        0.0440 kcal/(mol*A)
xmin  8260      -46.9039 kcal/mol        0.0440 kcal/(mol*A)
xmin  8270      -46.9045 kcal/mol        0.0439 kcal/(mol*A)
xmin  8280      -46.9050 kcal/mol        0.0439 kcal/(mol*A)
xmin  8290      -46.9056 kcal/mol        0.0439 kcal/(mol*A)
xmin  8300      -46.9061 kcal/mol        0.0438 kcal/(mol*A)
xmin  8310      -46.9067 kcal/mol        0.0438 kcal/(mol*A)
xmin  8320      -46.9073 kcal/mol        0.0438 kcal/(mol*A)
xmin  8330      -46.9078 kcal/mol        0.0437 kcal/(mol*A)
xmin  8340      -46.9084 kcal/mol        0.0437 kcal/(mol*A)
xmin  8350      -46.9090 kcal/mol        0.0437 kcal/(mol*A)
xmin  8360      -46.9095 kcal/mol        0.0436 kcal/(mol*A)
xmin  8370      -46.9101 kcal/mol        0.0436 kcal/(mol*A)
xmin  8380      -46.9106 kcal/mol        0.0436 kcal/(mol*A)
xmin  8390      -46.9112 kcal/mol        0.0435 kcal/(mol*A)
xmin  8400      -46.9117 kcal/mol        0.0435 kcal/(mol*A)
xmin  8410      -46.9123 kcal/mol        0.0435 kcal/(mol*A)
xmin  8420      -46.9128 kcal/mol        0.0434 kcal/(mol*A)
xmin  8430      -46.9134 kcal/mol        0.0434 kcal/(mol*A)
xmin  8440      -46.9139 kcal/mol        0.0434 kcal/(mol*A)
xmin  8450      -46.9145 kcal/mol        0.0433 kcal/(mol*A)
xmin  8460      -46.9150 kcal/mol        0.0433 kcal/(mol*A)
xmin  8470      -46.9156 kcal/mol        0.0433 kcal/(mol*A)
xmin  8480      -46.9161 kcal/mol        0.0433 kcal/(mol*A)
xmin  8490      -46.9167 kcal/mol        0.0432 kcal/(mol*A)
xmin  8500      -46.9172 kcal/mol        0.0432 kcal/(mol*A)
xmin  8510      -46.9178 kcal/mol        0.0432 kcal/(mol*A)
xmin  8520      -46.9183 kcal/mol        0.0431 kcal/(mol*A)
xmin  8530      -46.9189 kcal/mol        0.0431 kcal/(mol*A)
xmin  8540      -46.9194 kcal/mol        0.0431 kcal/(mol*A)
xmin  8550      -46.9199 kcal/mol        0.0430 kcal/(mol*A)
xmin  8560      -46.9205 kcal/mol        0.0430 kcal/(mol*A)
xmin  8570      -46.9210 kcal/mol        0.0430 kcal/(mol*A)
xmin  8580      -46.9215 kcal/mol        0.0430 kcal/(mol*A)
xmin  8590      -46.9221 kcal/mol        0.0429 kcal/(mol*A)
xmin  8600      -46.9226 kcal/mol        0.0429 kcal/(mol*A)
xmin  8610      -46.9231 kcal/mol        0.0429 kcal/(mol*A)
xmin  8620      -46.9237 kcal/mol        0.0428 kcal/(mol*A)
xmin  8630      -46.9242 kcal/mol        0.0428 kcal/(mol*A)
xmin  8640      -46.9247 kcal/mol        0.0428 kcal/(mol*A)
xmin  8650      -46.9253 kcal/mol        0.0428 kcal/(mol*A)
xmin  8660      -46.9258 kcal/mol        0.0427 kcal/(mol*A)
xmin  8670      -46.9263 kcal/mol        0.0427 kcal/(mol*A)
xmin  8680      -46.9269 kcal/mol        0.0427 kcal/(mol*A)
xmin  8690      -46.9274 kcal/mol        0.0426 kcal/(mol*A)
xmin  8700      -46.9279 kcal/mol        0.0426 kcal/(mol*A)
xmin  8710      -46.9284 kcal/mol        0.0426 kcal/(mol*A)
xmin  8720      -46.9290 kcal/mol        0.0426 kcal/(mol*A)
xmin  8730      -46.9295 kcal/mol        0.0425 kcal/(mol*A)
xmin  8740      -46.9300 kcal/mol        0.0425 kcal/(mol*A)
xmin  8750      -46.9305 kcal/mol        0.0425 kcal/(mol*A)
xmin  8760      -46.9310 kcal/mol        0.0424 kcal/(mol*A)
xmin  8770      -46.9316 kcal/mol        0.0424 kcal/(mol*A)
xmin  8780      -46.9321 kcal/mol        0.0424 kcal/(mol*A)
xmin  8790      -46.9326 kcal/mol        0.0423 kcal/(mol*A)
xmin  8800      -46.9331 kcal/mol        0.0423 kcal/(mol*A)
xmin  8810      -46.9336 kcal/mol        0.0423 kcal/(mol*A)
xmin  8820      -46.9341 kcal/mol        0.0423 kcal/(mol*A)
xmin  8830      -46.9346 kcal/mol        0.0422 kcal/(mol*A)
xmin  8840      -46.9352 kcal/mol        0.0422 kcal/(mol*A)
xmin  8850      -46.9357 kcal/mol        0.0422 kcal/(mol*A)
xmin  8860      -46.9362 kcal/mol        0.0421 kcal/(mol*A)
xmin  8870      -46.9367 kcal/mol        0.0421 kcal/(mol*A)
xmin  8880      -46.9372 kcal/mol        0.0421 kcal/(mol*A)
xmin  8890      -46.9377 kcal/mol        0.0421 kcal/(mol*A)
xmin  8900      -46.9382 kcal/mol        0.0420 kcal/(mol*A)
xmin  8910      -46.9387 kcal/mol        0.0420 kcal/(mol*A)
xmin  8920      -46.9392 kcal/mol        0.0420 kcal/(mol*A)
xmin  8930      -46.9397 kcal/mol        0.0419 kcal/(mol*A)
xmin  8940      -46.9402 kcal/mol        0.0419 kcal/(mol*A)
xmin  8950      -46.9407 kcal/mol        0.0419 kcal/(mol*A)
xmin  8960      -46.9412 kcal/mol        0.0418 kcal/(mol*A)
xmin  8970      -46.9417 kcal/mol        0.0418 kcal/(mol*A)
xmin  8980      -46.9422 kcal/mol        0.0418 kcal/(mol*A)
xmin  8990      -46.9427 kcal/mol        0.0418 kcal/(mol*A)
xmin  9000      -46.9432 kcal/mol        0.0417 kcal/(mol*A)
xmin  9010      -46.9437 kcal/mol        0.0417 kcal/(mol*A)
xmin  9020      -46.9442 kcal/mol        0.0417 kcal/(mol*A)
xmin  9030      -46.9447 kcal/mol        0.0416 kcal/(mol*A)
xmin  9040      -46.9452 kcal/mol        0.0416 kcal/(mol*A)
xmin  9050      -46.9457 kcal/mol        0.0416 kcal/(mol*A)
xmin  9060      -46.9462 kcal/mol        0.0416 kcal/(mol*A)
xmin  9070      -46.9467 kcal/mol        0.0415 kcal/(mol*A)
xmin  9080      -46.9472 kcal/mol        0.0415 kcal/(mol*A)
xmin  9090      -46.9477 kcal/mol        0.0415 kcal/(mol*A)
xmin  9100      -46.9482 kcal/mol        0.0414 kcal/(mol*A)
xmin  9110      -46.9487 kcal/mol        0.0414 kcal/(mol*A)
xmin  9120      -46.9492 kcal/mol        0.0414 kcal/(mol*A)
xmin  9130      -46.9496 kcal/mol        0.0413 kcal/(mol*A)
xmin  9140      -46.9501 kcal/mol        0.0413 kcal/(mol*A)
xmin  9150      -46.9506 kcal/mol        0.0413 kcal/(mol*A)
xmin  9160      -46.9511 kcal/mol        0.0412 kcal/(mol*A)
xmin  9170      -46.9516 kcal/mol        0.0412 kcal/(mol*A)
xmin  9180      -46.9521 kcal/mol        0.0412 kcal/(mol*A)
xmin  9190      -46.9525 kcal/mol        0.0412 kcal/(mol*A)
xmin  9200      -46.9530 kcal/mol        0.0411 kcal/(mol*A)
xmin  9210      -46.9535 kcal/mol        0.0411 kcal/(mol*A)
xmin  9220      -46.9540 kcal/mol        0.0411 kcal/(mol*A)
xmin  9230      -46.9545 kcal/mol        0.0410 kcal/(mol*A)
xmin  9240      -46.9549 kcal/mol        0.0410 kcal/(mol*A)
xmin  9250      -46.9554 kcal/mol        0.0410 kcal/(mol*A)
xmin  9260      -46.9559 kcal/mol        0.0409 kcal/(mol*A)
xmin  9270      -46.9564 kcal/mol        0.0409 kcal/(mol*A)
xmin  9280      -46.9568 kcal/mol        0.0409 kcal/(mol*A)
xmin  9290      -46.9573 kcal/mol        0.0408 kcal/(mol*A)
xmin  9300      -46.9578 kcal/mol        0.0408 kcal/(mol*A)
xmin  9310      -46.9583 kcal/mol        0.0408 kcal/(mol*A)
xmin  9320      -46.9587 kcal/mol        0.0407 kcal/(mol*A)
xmin  9330      -46.9592 kcal/mol        0.0407 kcal/(mol*A)
xmin  9340      -46.9597 kcal/mol        0.0407 kcal/(mol*A)
xmin  9350      -46.9601 kcal/mol        0.0406 kcal/(mol*A)
xmin  9360      -46.9606 kcal/mol        0.0406 kcal/(mol*A)
xmin  9370      -46.9611 kcal/mol        0.0406 kcal/(mol*A)
xmin  9380      -46.9615 kcal/mol        0.0405 kcal/(mol*A)
xmin  9390      -46.9620 kcal/mol        0.0405 kcal/(mol*A)
xmin  9400      -46.9624 kcal/mol        0.0405 kcal/(mol*A)
xmin  9410      -46.9629 kcal/mol        0.0404 kcal/(mol*A)
xmin  9420      -46.9634 kcal/mol        0.0404 kcal/(mol*A)
xmin  9430      -46.9638 kcal/mol        0.0404 kcal/(mol*A)
xmin  9440      -46.9643 kcal/mol        0.0403 kcal/(mol*A)
xmin  9450      -46.9647 kcal/mol        0.0403 kcal/(mol*A)
xmin  9460      -46.9652 kcal/mol        0.0403 kcal/(mol*A)
xmin  9470      -46.9657 kcal/mol        0.0402 kcal/(mol*A)
xmin  9480      -46.9661 kcal/mol        0.0402 kcal/(mol*A)
xmin  9490      -46.9666 kcal/mol        0.0402 kcal/(mol*A)
xmin  9500      -46.9670 kcal/mol        0.0401 kcal/(mol*A)
xmin  9510      -46.9675 kcal/mol        0.0401 kcal/(mol*A)
xmin  9520      -46.9679 kcal/mol        0.0401 kcal/(mol*A)
xmin  9530      -46.9684 kcal/mol        0.0400 kcal/(mol*A)
xmin  9540      -46.9688 kcal/mol        0.0400 kcal/(mol*A)
xmin  9550      -46.9693 kcal/mol        0.0400 kcal/(mol*A)
xmin  9560      -46.9697 kcal/mol        0.0399 kcal/(mol*A)
xmin  9570      -46.9702 kcal/mol        0.0399 kcal/(mol*A)
xmin  9580      -46.9706 kcal/mol        0.0399 kcal/(mol*A)
xmin  9590      -46.9711 kcal/mol        0.0398 kcal/(mol*A)
xmin  9600      -46.9715 kcal/mol        0.0398 kcal/(mol*A)
xmin  9610      -46.9719 kcal/mol        0.0398 kcal/(mol*A)
xmin  9620      -46.9724 kcal/mol        0.0400 kcal/(mol*A)
xmin  9630      -46.9728 kcal/mol        0.0401 kcal/(mol*A)
xmin  9640      -46.9733 kcal/mol        0.0400 kcal/(mol*A)
xmin  9650      -46.9737 kcal/mol        0.0400 kcal/(mol*A)
xmin  9660      -46.9741 kcal/mol        0.0399 kcal/(mol*A)
xmin  9670      -46.9746 kcal/mol        0.0399 kcal/(mol*A)
xmin  9680      -46.9750 kcal/mol        0.0399 kcal/(mol*A)
xmin  9690      -46.9755 kcal/mol        0.0398 kcal/(mol*A)
xmin  9700      -46.9759 kcal/mol        0.0398 kcal/(mol*A)
xmin  9710      -46.9763 kcal/mol        0.0398 kcal/(mol*A)
xmin  9720      -46.9768 kcal/mol        0.0397 kcal/(mol*A)
xmin  9730      -46.9772 kcal/mol        0.0397 kcal/(mol*A)
xmin  9740      -46.9776 kcal/mol        0.0396 kcal/(mol*A)
xmin  9750      -46.9781 kcal/mol        0.0396 kcal/(mol*A)
xmin  9760      -46.9785 kcal/mol        0.0396 kcal/(mol*A)
xmin  9770      -46.9789 kcal/mol        0.0395 kcal/(mol*A)
xmin  9780      -46.9794 kcal/mol        0.0395 kcal/(mol*A)
xmin  9790      -46.9798 kcal/mol        0.0394 kcal/(mol*A)
xmin  9800      -46.9802 kcal/mol        0.0394 kcal/(mol*A)
xmin  9810      -46.9806 kcal/mol        0.0394 kcal/(mol*A)
xmin  9820      -46.9811 kcal/mol        0.0393 kcal/(mol*A)
xmin  9830      -46.9815 kcal/mol        0.0393 kcal/(mol*A)
xmin  9840      -46.9819 kcal/mol        0.0392 kcal/(mol*A)
xmin  9850      -46.9823 kcal/mol        0.0392 kcal/(mol*A)
xmin  9860      -46.9827 kcal/mol        0.0392 kcal/(mol*A)
xmin  9870      -46.9832 kcal/mol        0.0391 kcal/(mol*A)
xmin  9880      -46.9836 kcal/mol        0.0391 kcal/(mol*A)
xmin  9890      -46.9840 kcal/mol        0.0390 kcal/(mol*A)
xmin  9900      -46.9844 kcal/mol        0.0390 kcal/(mol*A)
xmin  9910      -46.9848 kcal/mol        0.0390 kcal/(mol*A)
xmin  9920      -46.9852 kcal/mol        0.0389 kcal/(mol*A)
xmin  9930      -46.9857 kcal/mol        0.0389 kcal/(mol*A)
xmin  9940      -46.9861 kcal/mol        0.0388 kcal/(mol*A)
xmin  9950      -46.9865 kcal/mol        0.0388 kcal/(mol*A)
xmin  9960      -46.9869 kcal/mol        0.0388 kcal/(mol*A)
xmin  9970      -46.9873 kcal/mol        0.0387 kcal/(mol*A)
xmin  9980      -46.9877 kcal/mol        0.0387 kcal/(mol*A)
xmin  9990      -46.9881 kcal/mol        0.0386 kcal/(mol*A)
  ... geometry converged !
 
 Final MO eigenvalues (eV):
 -42.0195  -39.4270  -37.4190  -36.5357  -34.5868  -31.5797  -30.8041  -29.9568
 -28.6939  -27.4332  -26.9590  -23.1439  -22.2131  -21.7538  -21.2604  -20.0761
 -18.6513  -18.4495  -17.6794  -17.5621  -17.2666  -16.7224  -16.5327  -15.8902
 -15.6093  -15.5559  -15.2950  -15.0928  -14.9728  -14.7566  -14.5027  -14.0228
 -14.0115  -13.7666  -13.7070  -13.4370  -13.1663  -13.0979  -12.9987  -12.6166
 -12.3550  -12.0373  -11.8445  -11.3675  -10.9240  -10.6151   -9.9664   -9.4990
  -8.8701   -0.5773    0.0057    0.3918    0.7140    1.0763    1.1672    1.9213
   2.4470    2.8103    3.0371    3.0642    3.1229    3.1632    3.1966    3.3844
   3.4618    3.5797    3.5925    3.6566    3.6949    3.7261    3.7634    3.8561
   3.9151    3.9869    4.0338    4.0669    4.2384    4.2864    4.3746    4.6701
   4.7561    4.8378    4.8590    4.9882    5.2457    5.3531    5.5083    5.6362
   5.7918    6.2832    6.3849    6.6447    7.0326

 Heat of formation   =        -46.98851485 kcal/mol  (       -2.03757490 eV)

 Total SCF energy    =     -67045.24843972 kcal/mol  (    -2907.30013615 eV)
 Electronic energy   =    -485140.99408138 kcal/mol  (   -21037.29214177 eV)
 Core-core repulsion =     418095.74564166 kcal/mol  (    18129.99200562 eV)
 
    Atomic Charges for Step       1 :
  Atom    Element       Mulliken Charge
     1      C                 -0.141
     2      C                  0.290
     3      O                 -0.374
     4      N                 -0.135
     5      C                  0.013
     6      H                  0.113
     7      C                 -0.131
     8      C                 -0.098
     9      C                 -0.103
    10      C                 -0.105
    11      C                 -0.073
    12      C                 -0.040
    13      C                 -0.089
    14      C                 -0.099
    15      C                 -0.089
    16      C                 -0.107
    17      C                 -0.011
    18      C                  0.299
    19      O                 -0.313
    20      C                 -0.158
    21      H                  0.072
    22      H                  0.082
    23      H                  0.057
    24      H                  0.046
    25      H                  0.055
    26      H                  0.055
    27      H                  0.110
    28      H                  0.104
    29      H                  0.106
    30      H                  0.105
    31      H                  0.104
    32      H                  0.106
    33      H                  0.130
    34      H                  0.077
    35      H                  0.071
    36      H                  0.073
 Total Mulliken Charge =       0.000
 
                  X        Y        Z     TOTAL  
  QM DIPOLE    -0.038   -2.787    0.772    2.893
 
 Final Structure

  QMMM: QM Region Cartesian Coordinates (*=link atom) 
  QMMM: QM_NO.   MM_NO.  ATOM         X         Y         Z
  QMMM:     1        1      C        3.6483    1.0382    1.0146
  QMMM:     2        2      C        2.6533    0.6879   -0.0609
  QMMM:     3        3      O        2.6146    1.2678   -1.1354
  QMMM:     4        4      N        1.7704   -0.4308    0.1398
  QMMM:     5        5      C        0.7397   -0.7633   -0.9107
  QMMM:     6        6      H        0.8292    0.0218   -1.7151
  QMMM:     7        7      C        1.0487   -2.1203   -1.5363
  QMMM:     8        8      C       -0.6731   -0.7031   -0.3773
  QMMM:     9        9      C       -1.2514   -1.8155    0.1874
  QMMM:    10       10      C       -2.5673   -1.7833    0.6952
  QMMM:    11       11      C       -3.2999   -0.6300    0.6337
  QMMM:    12       12      C       -2.7460    0.5344    0.0385
  QMMM:    13       13      C       -3.5060    1.7336   -0.0412
  QMMM:    14       14      C       -2.9801    2.8489   -0.6327
  QMMM:    15       15      C       -1.6781    2.8137   -1.1830
  QMMM:    16       16      C       -0.9278    1.6722   -1.1162
  QMMM:    17       17      C       -1.4351    0.5024   -0.4852
  QMMM:    18       18      C        1.5474   -0.9392    1.5050
  QMMM:    19       19      O        1.2759   -0.1506    2.3858
  QMMM:    20       20      C        1.7303   -2.4167    1.7254
  QMMM:    21       21      H        4.4882    1.6135    0.6018
  QMMM:    22       22      H        3.1743    1.6583    1.7885
  QMMM:    23       23      H        4.0650    0.1481    1.5045
  QMMM:    24       24      H        0.8845   -2.9455   -0.8168
  QMMM:    25       25      H        0.3927   -2.3028   -2.3971
  QMMM:    26       26      H        2.0854   -2.1831   -1.8896
  QMMM:    27       27      H       -0.6782   -2.7548    0.2364
  QMMM:    28       28      H       -2.9879   -2.6909    1.1403
  QMMM:    29       29      H       -4.3192   -0.5888    1.0345
  QMMM:    30       30      H       -4.5178    1.7458    0.3797
  QMMM:    31       31      H       -3.5598    3.7759   -0.6911
  QMMM:    32       32      H       -1.2780    3.7119   -1.6654
  QMMM:    33       33      H        0.0802    1.6348   -1.5595
  QMMM:    34       34      H        1.5351   -3.0072    0.8138
  QMMM:    35       35      H        2.7651   -2.6167    2.0358
  QMMM:    36       36      H        1.0666   -2.7895    2.5167

           --------- Calculation Completed ----------

