                      :-) GROMACS - mdrun_mpi, 2021.2 (-:

                            GROMACS is written by:
     Andrey Alekseenko              Emile Apol              Rossen Apostolov     
         Paul Bauer           Herman J.C. Berendsen           Par Bjelkmar       
       Christian Blau           Viacheslav Bolnykh             Kevin Boyd        
     Aldert van Buuren           Rudi van Drunen             Anton Feenstra      
    Gilles Gouaillardet             Alan Gray               Gerrit Groenhof      
       Anca Hamuraru            Vincent Hindriksen          M. Eric Irrgang      
      Aleksei Iupinov           Christoph Junghans             Joe Jordan        
    Dimitrios Karkoulis            Peter Kasson                Jiri Kraus        
      Carsten Kutzner              Per Larsson              Justin A. Lemkul     
       Viveca Lindahl            Magnus Lundborg             Erik Marklund       
        Pascal Merz             Pieter Meulenhoff            Teemu Murtola       
        Szilard Pall               Sander Pronk              Roland Schulz       
       Michael Shirts            Alexey Shvetsov             Alfons Sijbers      
       Peter Tieleman              Jon Vincent              Teemu Virolainen     
     Christian Wennberg            Maarten Wolf              Artem Zhmurov       
                           and the project leaders:
        Mark Abraham, Berk Hess, Erik Lindahl, and David van der Spoel

Copyright (c) 1991-2000, University of Groningen, The Netherlands.
Copyright (c) 2001-2019, The GROMACS development team at
Uppsala University, Stockholm University and
the Royal Institute of Technology, Sweden.
check out http://www.gromacs.org for more information.

GROMACS is free software; you can redistribute it and/or modify it
under the terms of the GNU Lesser General Public License
as published by the Free Software Foundation; either version 2.1
of the License, or (at your option) any later version.

GROMACS:      mdrun_mpi, version 2021.2
Executable:   /gpfs/opt/apps/gromacs-2021.2/bin/mdrun_mpi
Data prefix:  /gpfs/opt/apps/gromacs-2021.2
Working dir:  /gpfs/work/tur54445/git/peptoid_24summer/peptoid/17AB2-8-A/GAFF/neutral/gaff1
Process ID:   10202
Command line:
  mdrun_mpi -v -s prod.tpr -deffnm prod

GROMACS version:    2021.2
Verified release checksum is d91a739522d82c53dc47c2276b9ac5fae3b2119283e84e3a1c7bed8ce741fda2
Precision:          mixed
Memory model:       64 bit
MPI library:        MPI
OpenMP support:     enabled (GMX_OPENMP_MAX_THREADS = 64)
GPU support:        disabled
SIMD instructions:  SSE4.1
FFT library:        fftw-3.3.3-sse2
RDTSCP usage:       enabled
TNG support:        enabled
Hwloc support:      disabled
Tracing support:    disabled
C compiler:         /gpfs/opt/base/openmpi-2.1.1/bin/mpicc GNU 8.4.0
C compiler flags:   -msse4.1 -Wno-missing-field-initializers -fexcess-precision=fast -funroll-all-loops -O3 -DNDEBUG
C++ compiler:       /gpfs/opt/base/openmpi-2.1.1/bin/mpicxx GNU 8.4.0
C++ compiler flags: -msse4.1 -Wno-missing-field-initializers -fexcess-precision=fast -funroll-all-loops -fopenmp -O3 -DNDEBUG


Running on 1 node with total 28 cores, 28 logical cores
Hardware detected on host b167 (the node of MPI rank 0):
  CPU info:
    Vendor: Intel
    Brand:  Intel(R) Xeon(R) CPU E5-2690 v4 @ 2.60GHz
    Family: 6   Model: 79   Stepping: 1
    Features: aes apic avx avx2 clfsh cmov cx8 cx16 f16c fma hle htt intel lahf mmx msr nonstop_tsc pcid pclmuldq pdcm pdpe1gb popcnt pse rdrnd rdtscp rtm sse2 sse3 sse4.1 sse4.2 ssse3 tdt x2apic
  Hardware topology: Basic
    Sockets, cores, and logical processors:
      Socket  0: [   0] [   2] [   4] [   6] [   8] [  10] [  12] [  14] [  16] [  18] [  20] [  22] [  24] [  26]
      Socket  1: [   1] [   3] [   5] [   7] [   9] [  11] [  13] [  15] [  17] [  19] [  21] [  23] [  25] [  27]

Highest SIMD level requested by all nodes in run: AVX2_256
SIMD instructions selected at compile time:       SSE4.1
This program was compiled for different hardware than you are running on,
which could influence performance.

++++ PLEASE READ AND CITE THE FOLLOWING REFERENCE ++++
M. J. Abraham, T. Murtola, R. Schulz, S. Páll, J. C. Smith, B. Hess, E.
Lindahl
GROMACS: High performance molecular simulations through multi-level
parallelism from laptops to supercomputers
SoftwareX 1 (2015) pp. 19-25
-------- -------- --- Thank You --- -------- --------


++++ PLEASE READ AND CITE THE FOLLOWING REFERENCE ++++
S. Páll, M. J. Abraham, C. Kutzner, B. Hess, E. Lindahl
Tackling Exascale Software Challenges in Molecular Dynamics Simulations with
GROMACS
In S. Markidis & E. Laure (Eds.), Solving Software Challenges for Exascale 8759 (2015) pp. 3-27
-------- -------- --- Thank You --- -------- --------


++++ PLEASE READ AND CITE THE FOLLOWING REFERENCE ++++
S. Pronk, S. Páll, R. Schulz, P. Larsson, P. Bjelkmar, R. Apostolov, M. R.
Shirts, J. C. Smith, P. M. Kasson, D. van der Spoel, B. Hess, and E. Lindahl
GROMACS 4.5: a high-throughput and highly parallel open source molecular
simulation toolkit
Bioinformatics 29 (2013) pp. 845-54
-------- -------- --- Thank You --- -------- --------


++++ PLEASE READ AND CITE THE FOLLOWING REFERENCE ++++
B. Hess and C. Kutzner and D. van der Spoel and E. Lindahl
GROMACS 4: Algorithms for highly efficient, load-balanced, and scalable
molecular simulation
J. Chem. Theory Comput. 4 (2008) pp. 435-447
-------- -------- --- Thank You --- -------- --------


++++ PLEASE READ AND CITE THE FOLLOWING REFERENCE ++++
D. van der Spoel, E. Lindahl, B. Hess, G. Groenhof, A. E. Mark and H. J. C.
Berendsen
GROMACS: Fast, Flexible and Free
J. Comp. Chem. 26 (2005) pp. 1701-1719
-------- -------- --- Thank You --- -------- --------


++++ PLEASE READ AND CITE THE FOLLOWING REFERENCE ++++
E. Lindahl and B. Hess and D. van der Spoel
GROMACS 3.0: A package for molecular simulation and trajectory analysis
J. Mol. Mod. 7 (2001) pp. 306-317
-------- -------- --- Thank You --- -------- --------


++++ PLEASE READ AND CITE THE FOLLOWING REFERENCE ++++
H. J. C. Berendsen, D. van der Spoel and R. van Drunen
GROMACS: A message-passing parallel molecular dynamics implementation
Comp. Phys. Comm. 91 (1995) pp. 43-56
-------- -------- --- Thank You --- -------- --------


++++ PLEASE CITE THE DOI FOR THIS VERSION OF GROMACS ++++
https://doi.org/10.5281/zenodo.4723562
-------- -------- --- Thank You --- -------- --------


The number of OpenMP threads was set by environment variable OMP_NUM_THREADS to 1

Input Parameters:
   integrator                     = md
   tinit                          = 0
   dt                             = 0.002
   nsteps                         = 500000
   init-step                      = 0
   simulation-part                = 1
   mts                            = false
   comm-mode                      = Linear
   nstcomm                        = 100
   bd-fric                        = 0
   ld-seed                        = -51419726
   emtol                          = 10
   emstep                         = 0.01
   niter                          = 20
   fcstep                         = 0
   nstcgsteep                     = 1000
   nbfgscorr                      = 10
   rtpi                           = 0.05
   nstxout                        = 0
   nstvout                        = 0
   nstfout                        = 0
   nstlog                         = 5000
   nstcalcenergy                  = 100
   nstenergy                      = 5000
   nstxout-compressed             = 5000
   compressed-x-precision         = 1000
   cutoff-scheme                  = Verlet
   nstlist                        = 10
   pbc                            = xyz
   periodic-molecules             = false
   verlet-buffer-tolerance        = 0.005
   rlist                          = 1
   coulombtype                    = PME
   coulomb-modifier               = Potential-shift
   rcoulomb-switch                = 0
   rcoulomb                       = 1
   epsilon-r                      = 1
   epsilon-rf                     = inf
   vdw-type                       = Cut-off
   vdw-modifier                   = Potential-shift
   rvdw-switch                    = 0
   rvdw                           = 1
   DispCorr                       = EnerPres
   table-extension                = 1
   fourierspacing                 = 0.16
   fourier-nx                     = 32
   fourier-ny                     = 32
   fourier-nz                     = 32
   pme-order                      = 4
   ewald-rtol                     = 1e-05
   ewald-rtol-lj                  = 0.001
   lj-pme-comb-rule               = Geometric
   ewald-geometry                 = 0
   epsilon-surface                = 0
   tcoupl                         = V-rescale
   nsttcouple                     = 10
   nh-chain-length                = 0
   print-nose-hoover-chain-variables = false
   pcoupl                         = Berendsen
   pcoupltype                     = Isotropic
   nstpcouple                     = 10
   tau-p                          = 2
   compressibility (3x3):
      compressibility[    0]={ 4.50000e-05,  0.00000e+00,  0.00000e+00}
      compressibility[    1]={ 0.00000e+00,  4.50000e-05,  0.00000e+00}
      compressibility[    2]={ 0.00000e+00,  0.00000e+00,  4.50000e-05}
   ref-p (3x3):
      ref-p[    0]={ 1.00000e+00,  0.00000e+00,  0.00000e+00}
      ref-p[    1]={ 0.00000e+00,  1.00000e+00,  0.00000e+00}
      ref-p[    2]={ 0.00000e+00,  0.00000e+00,  1.00000e+00}
   refcoord-scaling               = No
   posres-com (3):
      posres-com[0]= 0.00000e+00
      posres-com[1]= 0.00000e+00
      posres-com[2]= 0.00000e+00
   posres-comB (3):
      posres-comB[0]= 0.00000e+00
      posres-comB[1]= 0.00000e+00
      posres-comB[2]= 0.00000e+00
   QMMM                           = false
qm-opts:
   ngQM                           = 0
   constraint-algorithm           = Lincs
   continuation                   = true
   Shake-SOR                      = false
   shake-tol                      = 0.0001
   lincs-order                    = 4
   lincs-iter                     = 1
   lincs-warnangle                = 30
   nwall                          = 0
   wall-type                      = 9-3
   wall-r-linpot                  = -1
   wall-atomtype[0]               = -1
   wall-atomtype[1]               = -1
   wall-density[0]                = 0
   wall-density[1]                = 0
   wall-ewald-zfac                = 3
   pull                           = false
   awh                            = false
   rotation                       = false
   interactiveMD                  = false
   disre                          = No
   disre-weighting                = Conservative
   disre-mixed                    = false
   dr-fc                          = 1000
   dr-tau                         = 0
   nstdisreout                    = 100
   orire-fc                       = 0
   orire-tau                      = 0
   nstorireout                    = 100
   free-energy                    = no
   cos-acceleration               = 0
   deform (3x3):
      deform[    0]={ 0.00000e+00,  0.00000e+00,  0.00000e+00}
      deform[    1]={ 0.00000e+00,  0.00000e+00,  0.00000e+00}
      deform[    2]={ 0.00000e+00,  0.00000e+00,  0.00000e+00}
   simulated-tempering            = false
   swapcoords                     = no
   userint1                       = 0
   userint2                       = 0
   userint3                       = 0
   userint4                       = 0
   userreal1                      = 0
   userreal2                      = 0
   userreal3                      = 0
   userreal4                      = 0
   applied-forces:
     electric-field:
       x:
         E0                       = 0
         omega                    = 0
         t0                       = 0
         sigma                    = 0
       y:
         E0                       = 0
         omega                    = 0
         t0                       = 0
         sigma                    = 0
       z:
         E0                       = 0
         omega                    = 0
         t0                       = 0
         sigma                    = 0
     density-guided-simulation:
       active                     = false
       group                      = protein
       similarity-measure         = inner-product
       atom-spreading-weight      = unity
       force-constant             = 1e+09
       gaussian-transform-spreading-width = 0.2
       gaussian-transform-spreading-range-in-multiples-of-width = 4
       reference-density-filename = reference.mrc
       nst                        = 1
       normalize-densities        = true
       adaptive-force-scaling     = false
       adaptive-force-scaling-time-constant = 4
grpopts:
   nrdf:     14.9976       18847
   ref-t:         300         300
   tau-t:         0.1         0.1
annealing:          No          No
annealing-npoints:           0           0
   acc:	           0           0           0
   nfreeze:           N           N           N
   energygrp-flags[  0]: 0

Changing nstlist from 10 to 100, rlist from 1 to 1.039


Initializing Domain Decomposition on 28 ranks
Dynamic load balancing: auto
Minimum cell size due to atom displacement: 0.760 nm
Initial maximum distances in bonded interactions:
    two-body bonded interactions: 0.394 nm, LJ-14, atoms 10 14
  multi-body bonded interactions: 0.394 nm, Proper Dih., atoms 10 14
Minimum cell size due to bonded interactions: 0.433 nm
Maximum distance for 5 constraints, at 120 deg. angles, all-trans: 0.219 nm
Estimated maximum distance required for P-LINCS: 0.219 nm
Scaling the initial minimum size with 1/0.8 (option -dds) = 1.25
Guess for relative PME load: 0.18
Will use 20 particle-particle and 8 PME only ranks
This is a guess, check the performance at the end of the log file
Using 8 separate PME ranks, as guessed by mdrun
Optimizing the DD grid for 20 cells with a minimum initial size of 0.950 nm
The maximum allowed number of cells is: X 5 Y 5 Z 5
Domain decomposition grid 4 x 5 x 1, separate PME ranks 8
PME domain decomposition: 4 x 2 x 1
Interleaving PP and PME ranks
This rank does only particle-particle work.
Domain decomposition rank 0, coordinates 0 0 0

The initial number of communication pulses is: X 1 Y 2
The initial domain decomposition cell size is: X 1.23 nm Y 0.99 nm

The maximum allowed distance for atoms involved in interactions is:
                 non-bonded interactions           1.039 nm
(the following are initial values, they could change due to box deformation)
            two-body bonded interactions  (-rdd)   1.039 nm
          multi-body bonded interactions  (-rdd)   0.988 nm
  atoms separated by up to 5 constraints  (-rcon)  0.988 nm

When dynamic load balancing gets turned on, these settings will change to:
The maximum number of communication pulses is: X 2 Y 2
The minimum size for domain decomposition cells is 0.760 nm
The requested allowed shrink of DD cells (option -dds) is: 0.80
The allowed shrink of domain decomposition cells is: X 0.62 Y 0.77
The maximum allowed distance for atoms involved in interactions is:
                 non-bonded interactions           1.039 nm
            two-body bonded interactions  (-rdd)   1.039 nm
          multi-body bonded interactions  (-rdd)   0.760 nm
  atoms separated by up to 5 constraints  (-rcon)  0.760 nm

Using 28 MPI processes

Non-default thread affinity set, disabling internal thread affinity

Using 1 OpenMP thread per MPI process

System total charge: -0.000
Will do PME sum in reciprocal space for electrostatic interactions.

++++ PLEASE READ AND CITE THE FOLLOWING REFERENCE ++++
U. Essmann, L. Perera, M. L. Berkowitz, T. Darden, H. Lee and L. G. Pedersen 
A smooth particle mesh Ewald method
J. Chem. Phys. 103 (1995) pp. 8577-8592
-------- -------- --- Thank You --- -------- --------

Using a Gaussian width (1/beta) of 0.320163 nm for Ewald
Potential shift: LJ r^-12: -1.000e+00 r^-6: -1.000e+00, Ewald -1.000e-05
Initialized non-bonded Ewald tables, spacing: 9.33e-04 size: 1073

Generated table with 1019 data points for 1-4 COUL.
Tabscale = 500 points/nm
Generated table with 1019 data points for 1-4 LJ6.
Tabscale = 500 points/nm
Generated table with 1019 data points for 1-4 LJ12.
Tabscale = 500 points/nm
Long Range LJ corr.: <C6> 1.1004e-03


Using SIMD 4x4 nonbonded short-range kernels

Using a dual 4x4 pair-list setup updated with dynamic pruning:
  outer list: updated every 100 steps, buffer 0.039 nm, rlist 1.039 nm
  inner list: updated every  62 steps, buffer 0.001 nm, rlist 1.001 nm
At tolerance 0.005 kJ/mol/ps per atom, equivalent classical 1x1 list would be:
  outer list: updated every 100 steps, buffer 0.208 nm, rlist 1.208 nm
  inner list: updated every  62 steps, buffer 0.135 nm, rlist 1.135 nm

Using Lorentz-Berthelot Lennard-Jones combination rule

Initializing Parallel LINear Constraint Solver

++++ PLEASE READ AND CITE THE FOLLOWING REFERENCE ++++
B. Hess
P-LINCS: A Parallel Linear Constraint Solver for molecular simulation
J. Chem. Theory Comput. 4 (2008) pp. 116-122
-------- -------- --- Thank You --- -------- --------

The number of constraints is 3761
There are constraints between atoms in different decomposition domains,
will communicate selected coordinates each lincs iteration

Linking all bonded interactions to atoms


Intra-simulation communication will occur every 10 steps.

++++ PLEASE READ AND CITE THE FOLLOWING REFERENCE ++++
G. Bussi, D. Donadio and M. Parrinello
Canonical sampling through velocity rescaling
J. Chem. Phys. 126 (2007) pp. 014101
-------- -------- --- Thank You --- -------- --------

There are: 7542 Atoms
Atom distribution over 20 domains: av 377 stddev 20 min 350 max 423
Center of mass motion removal mode is Linear
We have the following groups for center of mass motion removal:
  0:  rest

Started mdrun on rank 0 Thu Jul  4 08:21:11 2024

           Step           Time
              0        0.00000

   Energies (kJ/mol)
           Bond          Angle    Proper Dih.  Improper Dih.          LJ-14
    3.46345e+03    1.11174e+04    5.33478e+02    2.41713e+01    4.17696e+01
     Coulomb-14        LJ (SR)  Disper. corr.   Coulomb (SR)   Coul. recip.
   -3.49896e+04   -1.75924e+04   -2.17163e+03   -1.62826e+04    1.65035e+03
      Potential    Kinetic En.   Total Energy  Conserved En.    Temperature
   -5.42056e+04    2.41048e+04   -3.01008e+04   -3.01010e+04    3.07406e+02
 Pres. DC (bar) Pressure (bar)   Constr. rmsd
   -2.99834e+02    2.60134e+01    4.24567e-06


DD  step 99 load imb.: force 15.8%  pme mesh/force 0.746

step 300 Turning on dynamic load balancing, because the performance loss due to load imbalance is 8.5 %.

DD  step 4999  vol min/aver 0.855  load imb.: force  3.6%  pme mesh/force 0.753
           Step           Time
           5000       10.00000

   Energies (kJ/mol)
           Bond          Angle    Proper Dih.  Improper Dih.          LJ-14
    3.36694e+03    1.08880e+04    5.17851e+02    2.57607e+01    3.01556e+01
     Coulomb-14        LJ (SR)  Disper. corr.   Coulomb (SR)   Coul. recip.
   -3.49941e+04   -1.78056e+04   -2.20520e+03   -1.62983e+04    1.62823e+03
      Potential    Kinetic En.   Total Energy  Conserved En.    Temperature
   -5.48463e+04    2.33681e+04   -3.14782e+04   -3.00765e+04    2.98011e+02
 Pres. DC (bar) Pressure (bar)   Constr. rmsd
   -3.09157e+02   -4.71573e+01    3.53657e-06


DD  step 9999  vol min/aver 0.907  load imb.: force  5.0%  pme mesh/force 0.735
           Step           Time
          10000       20.00000

   Energies (kJ/mol)
           Bond          Angle    Proper Dih.  Improper Dih.          LJ-14
    3.21694e+03    1.08877e+04    5.22092e+02    2.24651e+01    4.94060e+01
     Coulomb-14        LJ (SR)  Disper. corr.   Coulomb (SR)   Coul. recip.
   -3.49668e+04   -1.80160e+04   -2.20840e+03   -1.62859e+04    1.66479e+03
      Potential    Kinetic En.   Total Energy  Conserved En.    Temperature
   -5.51137e+04    2.31989e+04   -3.19148e+04   -3.00799e+04    2.95853e+02
 Pres. DC (bar) Pressure (bar)   Constr. rmsd
   -3.10054e+02   -1.38190e+02    3.70149e-06


DD  step 14999  vol min/aver 0.785  load imb.: force  4.3%  pme mesh/force 0.783
           Step           Time
          15000       30.00000

   Energies (kJ/mol)
           Bond          Angle    Proper Dih.  Improper Dih.          LJ-14
    3.36723e+03    1.08784e+04    4.89371e+02    2.40375e+01    2.76576e+01
     Coulomb-14        LJ (SR)  Disper. corr.   Coulomb (SR)   Coul. recip.
   -3.49792e+04   -1.78801e+04   -2.19995e+03   -1.61869e+04    1.67245e+03
      Potential    Kinetic En.   Total Energy  Conserved En.    Temperature
   -5.47870e+04    2.33491e+04   -3.14379e+04   -3.00834e+04    2.97768e+02
 Pres. DC (bar) Pressure (bar)   Constr. rmsd
   -3.07691e+02   -1.14659e+02    3.73663e-06


DD  load balancing is limited by minimum cell size in dimension Y
DD  step 19999  vol min/aver 0.842! load imb.: force 10.0%  pme mesh/force 0.696

step 20000 Turning off dynamic load balancing, because it is degrading performance.
Atom distribution over 20 domains: av 377 stddev 17 min 358 max 425
           Step           Time
          20000       40.00000

   Energies (kJ/mol)
           Bond          Angle    Proper Dih.  Improper Dih.          LJ-14
    3.26107e+03    1.11648e+04    4.98119e+02    2.48247e+01    5.02145e+01
     Coulomb-14        LJ (SR)  Disper. corr.   Coulomb (SR)   Coul. recip.
   -3.49448e+04   -1.80224e+04   -2.20279e+03   -1.62978e+04    1.69904e+03
      Potential    Kinetic En.   Total Energy  Conserved En.    Temperature
   -5.47698e+04    2.34778e+04   -3.12920e+04   -3.01025e+04    2.99410e+02
 Pres. DC (bar) Pressure (bar)   Constr. rmsd
   -3.08484e+02    2.69027e+01    3.79774e-06


DD  step 24999 load imb.: force 22.7%  pme mesh/force 0.633
           Step           Time
          25000       50.00000

   Energies (kJ/mol)
           Bond          Angle    Proper Dih.  Improper Dih.          LJ-14
    3.27296e+03    1.13078e+04    5.32013e+02    1.64127e+01    3.21977e+01
     Coulomb-14        LJ (SR)  Disper. corr.   Coulomb (SR)   Coul. recip.
   -3.49832e+04   -1.78000e+04   -2.20522e+03   -1.63654e+04    1.62463e+03
      Potential    Kinetic En.   Total Energy  Conserved En.    Temperature
   -5.45679e+04    2.38357e+04   -3.07322e+04   -3.02111e+04    3.03973e+02
 Pres. DC (bar) Pressure (bar)   Constr. rmsd
   -3.09164e+02    1.83000e+02    3.90738e-06


DD  step 29999 load imb.: force 14.5%  pme mesh/force 0.673
           Step           Time
          30000       60.00000

   Energies (kJ/mol)
           Bond          Angle    Proper Dih.  Improper Dih.          LJ-14
    3.20502e+03    1.11822e+04    5.56393e+02    2.69888e+01    4.62334e+01
     Coulomb-14        LJ (SR)  Disper. corr.   Coulomb (SR)   Coul. recip.
   -3.49787e+04   -1.79921e+04   -2.20299e+03   -1.62303e+04    1.67701e+03
      Potential    Kinetic En.   Total Energy  Conserved En.    Temperature
   -5.47103e+04    2.34497e+04   -3.12606e+04   -3.02119e+04    2.99051e+02
 Pres. DC (bar) Pressure (bar)   Constr. rmsd
   -3.08540e+02    6.99198e-01    3.52103e-06


DD  step 34999 load imb.: force 20.1%  pme mesh/force 0.643
           Step           Time
          35000       70.00000

   Energies (kJ/mol)
           Bond          Angle    Proper Dih.  Improper Dih.          LJ-14
    3.26275e+03    1.08849e+04    5.39752e+02    1.82032e+01    2.67238e+01
     Coulomb-14        LJ (SR)  Disper. corr.   Coulomb (SR)   Coul. recip.
   -3.49683e+04   -1.79070e+04   -2.19775e+03   -1.62716e+04    1.69575e+03
      Potential    Kinetic En.   Total Energy  Conserved En.    Temperature
   -5.49165e+04    2.33388e+04   -3.15777e+04   -3.02817e+04    2.97637e+02
 Pres. DC (bar) Pressure (bar)   Constr. rmsd
   -3.07075e+02   -2.17168e+02    3.68056e-06


DD  step 39999 load imb.: force 17.9%  pme mesh/force 0.592

step 40000 Turning on dynamic load balancing, because the performance loss due to load imbalance is 9.1 %.
           Step           Time
          40000       80.00000

   Energies (kJ/mol)
           Bond          Angle    Proper Dih.  Improper Dih.          LJ-14
    3.25136e+03    1.10135e+04    5.21490e+02    2.60942e+01    2.56658e+01
     Coulomb-14        LJ (SR)  Disper. corr.   Coulomb (SR)   Coul. recip.
   -3.49590e+04   -1.79437e+04   -2.20502e+03   -1.63076e+04    1.63486e+03
      Potential    Kinetic En.   Total Energy  Conserved En.    Temperature
   -5.49422e+04    2.38238e+04   -3.11185e+04   -3.02249e+04    3.03822e+02
 Pres. DC (bar) Pressure (bar)   Constr. rmsd
   -3.09107e+02   -2.30544e+02    4.10133e-06


DD  step 44999  vol min/aver 0.815  load imb.: force  4.3%  pme mesh/force 0.735
           Step           Time
          45000       90.00000

   Energies (kJ/mol)
           Bond          Angle    Proper Dih.  Improper Dih.          LJ-14
    3.34872e+03    1.11279e+04    5.27418e+02    2.94274e+01    4.59193e+01
     Coulomb-14        LJ (SR)  Disper. corr.   Coulomb (SR)   Coul. recip.
   -3.49784e+04   -1.79529e+04   -2.20846e+03   -1.61847e+04    1.69214e+03
      Potential    Kinetic En.   Total Energy  Conserved En.    Temperature
   -5.45529e+04    2.34088e+04   -3.11441e+04   -3.01747e+04    2.98530e+02
 Pres. DC (bar) Pressure (bar)   Constr. rmsd
   -3.10070e+02    4.47095e+00    3.77017e-06


DD  step 49999  vol min/aver 0.786  load imb.: force  5.0%  pme mesh/force 0.735
           Step           Time
          50000      100.00000

   Energies (kJ/mol)
           Bond          Angle    Proper Dih.  Improper Dih.          LJ-14
    3.37112e+03    1.11335e+04    5.32425e+02    2.68365e+01    6.00459e+01
     Coulomb-14        LJ (SR)  Disper. corr.   Coulomb (SR)   Coul. recip.
   -3.49473e+04   -1.80227e+04   -2.20634e+03   -1.62959e+04    1.68219e+03
      Potential    Kinetic En.   Total Energy  Conserved En.    Temperature
   -5.46661e+04    2.33295e+04   -3.13366e+04   -3.02323e+04    2.97518e+02
 Pres. DC (bar) Pressure (bar)   Constr. rmsd
   -3.09476e+02   -8.89911e+01    3.72665e-06


DD  step 54999  vol min/aver 0.800  load imb.: force  4.3%  pme mesh/force 0.743
           Step           Time
          55000      110.00000

   Energies (kJ/mol)
           Bond          Angle    Proper Dih.  Improper Dih.          LJ-14
    3.44840e+03    1.13437e+04    5.49436e+02    1.77363e+01    3.31758e+01
     Coulomb-14        LJ (SR)  Disper. corr.   Coulomb (SR)   Coul. recip.
   -3.49564e+04   -1.79363e+04   -2.21190e+03   -1.63446e+04    1.60727e+03
      Potential    Kinetic En.   Total Energy  Conserved En.    Temperature
   -5.44495e+04    2.28407e+04   -3.16088e+04   -3.02002e+04    2.91285e+02
 Pres. DC (bar) Pressure (bar)   Constr. rmsd
   -3.11034e+02   -3.16648e+01    3.58496e-06


DD  step 59999  vol min/aver 0.719  load imb.: force  7.9%  pme mesh/force 0.719
           Step           Time
          60000      120.00000

   Energies (kJ/mol)
           Bond          Angle    Proper Dih.  Improper Dih.          LJ-14
    3.27376e+03    1.08930e+04    5.58459e+02    3.00437e+01    1.69952e+01
     Coulomb-14        LJ (SR)  Disper. corr.   Coulomb (SR)   Coul. recip.
   -3.49865e+04   -1.80835e+04   -2.21429e+03   -1.61554e+04    1.68179e+03
      Potential    Kinetic En.   Total Energy  Conserved En.    Temperature
   -5.49858e+04    2.33392e+04   -3.16466e+04   -3.03237e+04    2.97642e+02
 Pres. DC (bar) Pressure (bar)   Constr. rmsd
   -3.11707e+02    2.90403e+01    3.78374e-06


DD  load balancing is limited by minimum cell size in dimension Y
DD  step 64999  vol min/aver 0.793! load imb.: force  3.2%  pme mesh/force 0.770
           Step           Time
          65000      130.00000

   Energies (kJ/mol)
           Bond          Angle    Proper Dih.  Improper Dih.          LJ-14
    3.43598e+03    1.12753e+04    5.56331e+02    4.00729e+01    4.72803e+01
     Coulomb-14        LJ (SR)  Disper. corr.   Coulomb (SR)   Coul. recip.
   -3.49723e+04   -1.81541e+04   -2.20805e+03   -1.61097e+04    1.73463e+03
      Potential    Kinetic En.   Total Energy  Conserved En.    Temperature
   -5.43544e+04    2.35480e+04   -3.08064e+04   -3.03438e+04    3.00305e+02
 Pres. DC (bar) Pressure (bar)   Constr. rmsd
   -3.09954e+02   -1.29715e+02    3.74406e-06


DD  step 69999  vol min/aver 0.771  load imb.: force  3.5%  pme mesh/force 0.749
           Step           Time
          70000      140.00000

   Energies (kJ/mol)
           Bond          Angle    Proper Dih.  Improper Dih.          LJ-14
    3.40601e+03    1.10564e+04    5.48385e+02    3.03237e+01    2.96633e+01
     Coulomb-14        LJ (SR)  Disper. corr.   Coulomb (SR)   Coul. recip.
   -3.49815e+04   -1.78540e+04   -2.20337e+03   -1.62086e+04    1.66099e+03
      Potential    Kinetic En.   Total Energy  Conserved En.    Temperature
   -5.45157e+04    2.36338e+04   -3.08819e+04   -3.03329e+04    3.01399e+02
 Pres. DC (bar) Pressure (bar)   Constr. rmsd
   -3.08647e+02    1.31840e+02    3.84557e-06


DD  step 74999  vol min/aver 0.739  load imb.: force  5.0%  pme mesh/force 0.746
           Step           Time
          75000      150.00000

   Energies (kJ/mol)
           Bond          Angle    Proper Dih.  Improper Dih.          LJ-14
    3.40146e+03    1.07308e+04    5.77587e+02    2.36708e+01    3.42863e+01
     Coulomb-14        LJ (SR)  Disper. corr.   Coulomb (SR)   Coul. recip.
   -3.49761e+04   -1.78703e+04   -2.19783e+03   -1.62389e+04    1.68017e+03
      Potential    Kinetic En.   Total Energy  Conserved En.    Temperature
   -5.48351e+04    2.37080e+04   -3.11271e+04   -3.03730e+04    3.02345e+02
 Pres. DC (bar) Pressure (bar)   Constr. rmsd
   -3.07100e+02    1.70219e+02    3.71024e-06


DD  step 79999  vol min/aver 0.867  load imb.: force  3.3%  pme mesh/force 0.763
           Step           Time
          80000      160.00000

   Energies (kJ/mol)
           Bond          Angle    Proper Dih.  Improper Dih.          LJ-14
    3.17971e+03    1.11780e+04    5.23905e+02    2.88749e+01    2.58282e+01
     Coulomb-14        LJ (SR)  Disper. corr.   Coulomb (SR)   Coul. recip.
   -3.49755e+04   -1.77827e+04   -2.19694e+03   -1.62739e+04    1.68595e+03
      Potential    Kinetic En.   Total Energy  Conserved En.    Temperature
   -5.46067e+04    2.36426e+04   -3.09641e+04   -3.03118e+04    3.01512e+02
 Pres. DC (bar) Pressure (bar)   Constr. rmsd
   -3.06850e+02    6.26410e+01    3.78715e-06


DD  step 84999  vol min/aver 0.875  load imb.: force  3.6%  pme mesh/force 0.751
           Step           Time
          85000      170.00000

   Energies (kJ/mol)
           Bond          Angle    Proper Dih.  Improper Dih.          LJ-14
    3.45455e+03    1.08946e+04    5.29806e+02    2.20942e+01    4.85390e+01
     Coulomb-14        LJ (SR)  Disper. corr.   Coulomb (SR)   Coul. recip.
   -3.49701e+04   -1.78538e+04   -2.20009e+03   -1.61624e+04    1.68874e+03
      Potential    Kinetic En.   Total Energy  Conserved En.    Temperature
   -5.45481e+04    2.37525e+04   -3.07956e+04   -3.03239e+04    3.02912e+02
 Pres. DC (bar) Pressure (bar)   Constr. rmsd
   -3.07730e+02    2.10527e+02    3.82411e-06


DD  step 89999  vol min/aver 0.825  load imb.: force  5.0%  pme mesh/force 0.738
           Step           Time
          90000      180.00000

   Energies (kJ/mol)
           Bond          Angle    Proper Dih.  Improper Dih.          LJ-14
    3.15926e+03    1.07127e+04    5.61557e+02    1.93535e+01    4.22874e+01
     Coulomb-14        LJ (SR)  Disper. corr.   Coulomb (SR)   Coul. recip.
   -3.49921e+04   -1.79955e+04   -2.20316e+03   -1.60971e+04    1.76402e+03
      Potential    Kinetic En.   Total Energy  Conserved En.    Temperature
   -5.50286e+04    2.34724e+04   -3.15562e+04   -3.03943e+04    2.99341e+02
 Pres. DC (bar) Pressure (bar)   Constr. rmsd
   -3.08588e+02   -4.30585e+01    3.80925e-06


DD  step 94999  vol min/aver 0.845  load imb.: force  3.8%  pme mesh/force 0.747
           Step           Time
          95000      190.00000

   Energies (kJ/mol)
           Bond          Angle    Proper Dih.  Improper Dih.          LJ-14
    3.37253e+03    1.11153e+04    5.29391e+02    3.26493e+01    3.14702e+01
     Coulomb-14        LJ (SR)  Disper. corr.   Coulomb (SR)   Coul. recip.
   -3.50046e+04   -1.79528e+04   -2.20837e+03   -1.62533e+04    1.69467e+03
      Potential    Kinetic En.   Total Energy  Conserved En.    Temperature
   -5.46429e+04    2.34274e+04   -3.12156e+04   -3.03816e+04    2.98767e+02
 Pres. DC (bar) Pressure (bar)   Constr. rmsd
   -3.10045e+02    6.98693e+01    3.63804e-06


DD  step 99999  vol min/aver 0.808  load imb.: force  5.0%  pme mesh/force 0.743
           Step           Time
         100000      200.00000

   Energies (kJ/mol)
           Bond          Angle    Proper Dih.  Improper Dih.          LJ-14
    3.22711e+03    1.13906e+04    5.01445e+02    2.83164e+01    3.30004e+01
     Coulomb-14        LJ (SR)  Disper. corr.   Coulomb (SR)   Coul. recip.
   -3.49816e+04   -1.81501e+04   -2.21135e+03   -1.61709e+04    1.70856e+03
      Potential    Kinetic En.   Total Energy  Conserved En.    Temperature
   -5.46249e+04    2.36920e+04   -3.09329e+04   -3.04550e+04    3.02141e+02
 Pres. DC (bar) Pressure (bar)   Constr. rmsd
   -3.10882e+02    4.07262e+01    3.84247e-06


DD  step 104999  vol min/aver 0.755  load imb.: force  8.0%  pme mesh/force 0.725
           Step           Time
         105000      210.00000

   Energies (kJ/mol)
           Bond          Angle    Proper Dih.  Improper Dih.          LJ-14
    3.33294e+03    1.10017e+04    5.13017e+02    1.96841e+01    3.22916e+01
     Coulomb-14        LJ (SR)  Disper. corr.   Coulomb (SR)   Coul. recip.
   -3.49617e+04   -1.80470e+04   -2.21136e+03   -1.64007e+04    1.60599e+03
      Potential    Kinetic En.   Total Energy  Conserved En.    Temperature
   -5.51151e+04    2.35916e+04   -3.15235e+04   -3.05077e+04    3.00861e+02
 Pres. DC (bar) Pressure (bar)   Constr. rmsd
   -3.10883e+02   -2.31934e+02    3.63517e-06


DD  step 109999  vol min/aver 0.783  load imb.: force  6.3%  pme mesh/force 0.736
           Step           Time
         110000      220.00000

   Energies (kJ/mol)
           Bond          Angle    Proper Dih.  Improper Dih.          LJ-14
    3.29626e+03    1.12275e+04    5.19417e+02    3.39698e+01    4.19196e+01
     Coulomb-14        LJ (SR)  Disper. corr.   Coulomb (SR)   Coul. recip.
   -3.49763e+04   -1.80508e+04   -2.21457e+03   -1.63252e+04    1.64052e+03
      Potential    Kinetic En.   Total Energy  Conserved En.    Temperature
   -5.48074e+04    2.31968e+04   -3.16106e+04   -3.05046e+04    2.95825e+02
 Pres. DC (bar) Pressure (bar)   Constr. rmsd
   -3.11787e+02    1.04451e+02    3.67546e-06


DD  step 114999  vol min/aver 0.784  load imb.: force  3.8%  pme mesh/force 0.757
           Step           Time
         115000      230.00000

   Energies (kJ/mol)
           Bond          Angle    Proper Dih.  Improper Dih.          LJ-14
    3.38943e+03    1.10097e+04    5.53079e+02    1.77520e+01    5.22499e+01
     Coulomb-14        LJ (SR)  Disper. corr.   Coulomb (SR)   Coul. recip.
   -3.49827e+04   -1.79459e+04   -2.20677e+03   -1.62067e+04    1.67217e+03
      Potential    Kinetic En.   Total Energy  Conserved En.    Temperature
   -5.46477e+04    2.35637e+04   -3.10840e+04   -3.05398e+04    3.00505e+02
 Pres. DC (bar) Pressure (bar)   Constr. rmsd
   -3.09596e+02    1.87669e+00    3.87674e-06


DD  step 119999  vol min/aver 0.787  load imb.: force  3.3%  pme mesh/force 0.753
           Step           Time
         120000      240.00000

   Energies (kJ/mol)
           Bond          Angle    Proper Dih.  Improper Dih.          LJ-14
    3.30771e+03    1.12759e+04    5.50893e+02    2.29059e+01    5.70826e+01
     Coulomb-14        LJ (SR)  Disper. corr.   Coulomb (SR)   Coul. recip.
   -3.49648e+04   -1.77122e+04   -2.19834e+03   -1.61975e+04    1.71837e+03
      Potential    Kinetic En.   Total Energy  Conserved En.    Temperature
   -5.41401e+04    2.32197e+04   -3.09204e+04   -3.06074e+04    2.96118e+02
 Pres. DC (bar) Pressure (bar)   Constr. rmsd
   -3.07240e+02    4.35920e+02    3.72804e-06


DD  load balancing is limited by minimum cell size in dimension Y
DD  step 124999  vol min/aver 0.703! load imb.: force  8.6%  pme mesh/force 0.735
           Step           Time
         125000      250.00000

   Energies (kJ/mol)
           Bond          Angle    Proper Dih.  Improper Dih.          LJ-14
    3.36930e+03    1.09830e+04    5.61377e+02    2.66927e+01    4.96010e+01
     Coulomb-14        LJ (SR)  Disper. corr.   Coulomb (SR)   Coul. recip.
   -3.49618e+04   -1.78322e+04   -2.20105e+03   -1.63165e+04    1.69106e+03
      Potential    Kinetic En.   Total Energy  Conserved En.    Temperature
   -5.46306e+04    2.36036e+04   -3.10270e+04   -3.05929e+04    3.01013e+02
 Pres. DC (bar) Pressure (bar)   Constr. rmsd
   -3.07996e+02   -1.10438e+02    3.70538e-06


DD  step 129999  vol min/aver 0.786  load imb.: force  7.7%  pme mesh/force 0.706
           Step           Time
         130000      260.00000

   Energies (kJ/mol)
           Bond          Angle    Proper Dih.  Improper Dih.          LJ-14
    3.24653e+03    1.09276e+04    5.25476e+02    2.74024e+01    4.41416e+01
     Coulomb-14        LJ (SR)  Disper. corr.   Coulomb (SR)   Coul. recip.
   -3.49834e+04   -1.79077e+04   -2.20769e+03   -1.63321e+04    1.69371e+03
      Potential    Kinetic En.   Total Energy  Conserved En.    Temperature
   -5.49661e+04    2.37118e+04   -3.12543e+04   -3.06299e+04    3.02393e+02
 Pres. DC (bar) Pressure (bar)   Constr. rmsd
   -3.09856e+02    2.23928e+02    3.92257e-06


DD  step 134999  vol min/aver 0.762  load imb.: force  4.7%  pme mesh/force 0.749
           Step           Time
         135000      270.00000

   Energies (kJ/mol)
           Bond          Angle    Proper Dih.  Improper Dih.          LJ-14
    3.20643e+03    1.11802e+04    5.35134e+02    2.51238e+01    4.54287e+01
     Coulomb-14        LJ (SR)  Disper. corr.   Coulomb (SR)   Coul. recip.
   -3.49833e+04   -1.77856e+04   -2.20425e+03   -1.62797e+04    1.74392e+03
      Potential    Kinetic En.   Total Energy  Conserved En.    Temperature
   -5.45167e+04    2.37743e+04   -3.07424e+04   -3.06037e+04    3.03190e+02
 Pres. DC (bar) Pressure (bar)   Constr. rmsd
   -3.08891e+02    2.40535e+02    3.93874e-06


DD  step 139999  vol min/aver 0.769  load imb.: force  6.3%  pme mesh/force 0.731
           Step           Time
         140000      280.00000

   Energies (kJ/mol)
           Bond          Angle    Proper Dih.  Improper Dih.          LJ-14
    3.47024e+03    1.10662e+04    5.11871e+02    2.20629e+01    3.25041e+01
     Coulomb-14        LJ (SR)  Disper. corr.   Coulomb (SR)   Coul. recip.
   -3.49652e+04   -1.78068e+04   -2.20701e+03   -1.62579e+04    1.72586e+03
      Potential    Kinetic En.   Total Energy  Conserved En.    Temperature
   -5.44081e+04    2.29935e+04   -3.14147e+04   -3.05598e+04    2.93233e+02
 Pres. DC (bar) Pressure (bar)   Constr. rmsd
   -3.09663e+02    8.87425e+01    3.65126e-06


DD  step 144999  vol min/aver 0.744  load imb.: force  3.2%  pme mesh/force 0.768
           Step           Time
         145000      290.00000

   Energies (kJ/mol)
           Bond          Angle    Proper Dih.  Improper Dih.          LJ-14
    3.25562e+03    1.07854e+04    5.30585e+02    2.89398e+01    4.20689e+01
     Coulomb-14        LJ (SR)  Disper. corr.   Coulomb (SR)   Coul. recip.
   -3.49718e+04   -1.80730e+04   -2.20393e+03   -1.62086e+04    1.71973e+03
      Potential    Kinetic En.   Total Energy  Conserved En.    Temperature
   -5.50950e+04    2.33575e+04   -3.17375e+04   -3.06281e+04    2.97875e+02
 Pres. DC (bar) Pressure (bar)   Constr. rmsd
   -3.08803e+02   -3.30495e+02    3.67250e-06


DD  step 149999  vol min/aver 0.785  load imb.: force  4.2%  pme mesh/force 0.748
           Step           Time
         150000      300.00000

   Energies (kJ/mol)
           Bond          Angle    Proper Dih.  Improper Dih.          LJ-14
    3.22638e+03    1.11279e+04    5.44718e+02    1.82177e+01    4.66901e+01
     Coulomb-14        LJ (SR)  Disper. corr.   Coulomb (SR)   Coul. recip.
   -3.49861e+04   -1.80173e+04   -2.20886e+03   -1.63264e+04    1.59670e+03
      Potential    Kinetic En.   Total Energy  Conserved En.    Temperature
   -5.49780e+04    2.35366e+04   -3.14414e+04   -3.06423e+04    3.00160e+02
 Pres. DC (bar) Pressure (bar)   Constr. rmsd
   -3.10182e+02    1.07079e+02    3.72996e-06


DD  step 154999  vol min/aver 0.770  load imb.: force  6.8%  pme mesh/force 0.715
           Step           Time
         155000      310.00000

   Energies (kJ/mol)
           Bond          Angle    Proper Dih.  Improper Dih.          LJ-14
    3.47426e+03    1.10046e+04    5.16068e+02    2.80017e+01    3.03059e+01
     Coulomb-14        LJ (SR)  Disper. corr.   Coulomb (SR)   Coul. recip.
   -3.49843e+04   -1.80093e+04   -2.21741e+03   -1.63780e+04    1.60227e+03
      Potential    Kinetic En.   Total Energy  Conserved En.    Temperature
   -5.49334e+04    2.32448e+04   -3.16886e+04   -3.05892e+04    2.96438e+02
 Pres. DC (bar) Pressure (bar)   Constr. rmsd
   -3.12583e+02    1.92997e+02    3.71293e-06


DD  step 159999  vol min/aver 0.844  load imb.: force  5.6%  pme mesh/force 0.739
           Step           Time
         160000      320.00000

   Energies (kJ/mol)
           Bond          Angle    Proper Dih.  Improper Dih.          LJ-14
    3.29977e+03    1.08549e+04    5.07445e+02    1.58295e+01    4.01821e+01
     Coulomb-14        LJ (SR)  Disper. corr.   Coulomb (SR)   Coul. recip.
   -3.49663e+04   -1.80607e+04   -2.20748e+03   -1.62481e+04    1.68539e+03
      Potential    Kinetic En.   Total Energy  Conserved En.    Temperature
   -5.50791e+04    2.31693e+04   -3.19098e+04   -3.06337e+04    2.95475e+02
 Pres. DC (bar) Pressure (bar)   Constr. rmsd
   -3.09795e+02   -1.53218e+02    3.85146e-06


DD  step 164999  vol min/aver 0.826  load imb.: force  4.8%  pme mesh/force 0.737
           Step           Time
         165000      330.00000

   Energies (kJ/mol)
           Bond          Angle    Proper Dih.  Improper Dih.          LJ-14
    3.26244e+03    1.11183e+04    5.12774e+02    1.68253e+01    4.40856e+01
     Coulomb-14        LJ (SR)  Disper. corr.   Coulomb (SR)   Coul. recip.
   -3.49688e+04   -1.80797e+04   -2.21071e+03   -1.62538e+04    1.65759e+03
      Potential    Kinetic En.   Total Energy  Conserved En.    Temperature
   -5.49011e+04    2.34476e+04   -3.14535e+04   -3.06089e+04    2.99024e+02
 Pres. DC (bar) Pressure (bar)   Constr. rmsd
   -3.10701e+02   -1.92809e+02    3.64498e-06


DD  step 169999  vol min/aver 0.784  load imb.: force  3.3%  pme mesh/force 0.753
           Step           Time
         170000      340.00000

   Energies (kJ/mol)
           Bond          Angle    Proper Dih.  Improper Dih.          LJ-14
    3.23446e+03    1.07052e+04    5.13233e+02    1.80822e+01    3.57514e+01
     Coulomb-14        LJ (SR)  Disper. corr.   Coulomb (SR)   Coul. recip.
   -3.50047e+04   -1.78768e+04   -2.19468e+03   -1.60872e+04    1.75529e+03
      Potential    Kinetic En.   Total Energy  Conserved En.    Temperature
   -5.49014e+04    2.34551e+04   -3.14464e+04   -3.06235e+04    2.99119e+02
 Pres. DC (bar) Pressure (bar)   Constr. rmsd
   -3.06219e+02   -2.73795e+01    3.92161e-06


DD  step 174999  vol min/aver 0.768  load imb.: force  4.7%  pme mesh/force 0.744
           Step           Time
         175000      350.00000

   Energies (kJ/mol)
           Bond          Angle    Proper Dih.  Improper Dih.          LJ-14
    3.40173e+03    1.09244e+04    5.23208e+02    2.09680e+01    4.32834e+01
     Coulomb-14        LJ (SR)  Disper. corr.   Coulomb (SR)   Coul. recip.
   -3.49754e+04   -1.78108e+04   -2.19515e+03   -1.62051e+04    1.73041e+03
      Potential    Kinetic En.   Total Energy  Conserved En.    Temperature
   -5.45424e+04    2.32879e+04   -3.12545e+04   -3.05389e+04    2.96988e+02
 Pres. DC (bar) Pressure (bar)   Constr. rmsd
   -3.06351e+02   -3.29771e+01    3.81490e-06


DD  step 179999  vol min/aver 0.851  load imb.: force  3.2%  pme mesh/force 0.768
           Step           Time
         180000      360.00000

   Energies (kJ/mol)
           Bond          Angle    Proper Dih.  Improper Dih.          LJ-14
    3.29352e+03    1.11260e+04    5.15652e+02    3.01451e+01    4.08846e+01
     Coulomb-14        LJ (SR)  Disper. corr.   Coulomb (SR)   Coul. recip.
   -3.49776e+04   -1.78742e+04   -2.19756e+03   -1.62695e+04    1.69182e+03
      Potential    Kinetic En.   Total Energy  Conserved En.    Temperature
   -5.46209e+04    2.35876e+04   -3.10333e+04   -3.05894e+04    3.00809e+02
 Pres. DC (bar) Pressure (bar)   Constr. rmsd
   -3.07024e+02   -1.29416e+02    3.69333e-06


DD  step 184999  vol min/aver 0.861  load imb.: force  2.6%  pme mesh/force 0.762
           Step           Time
         185000      370.00000

   Energies (kJ/mol)
           Bond          Angle    Proper Dih.  Improper Dih.          LJ-14
    3.37212e+03    1.11112e+04    5.35387e+02    3.02488e+01    3.99503e+01
     Coulomb-14        LJ (SR)  Disper. corr.   Coulomb (SR)   Coul. recip.
   -3.50034e+04   -1.79925e+04   -2.21105e+03   -1.61759e+04    1.70514e+03
      Potential    Kinetic En.   Total Energy  Conserved En.    Temperature
   -5.45888e+04    2.35892e+04   -3.09996e+04   -3.05945e+04    3.00830e+02
 Pres. DC (bar) Pressure (bar)   Constr. rmsd
   -3.10796e+02    4.19137e+01    3.86727e-06


DD  step 189999  vol min/aver 0.837  load imb.: force  5.9%  pme mesh/force 0.727
           Step           Time
         190000      380.00000

   Energies (kJ/mol)
           Bond          Angle    Proper Dih.  Improper Dih.          LJ-14
    3.33843e+03    1.09842e+04    5.06792e+02    1.89115e+01    5.31919e+01
     Coulomb-14        LJ (SR)  Disper. corr.   Coulomb (SR)   Coul. recip.
   -3.49961e+04   -1.80888e+04   -2.20803e+03   -1.61809e+04    1.66865e+03
      Potential    Kinetic En.   Total Energy  Conserved En.    Temperature
   -5.49036e+04    2.34918e+04   -3.14118e+04   -3.05812e+04    2.99587e+02
 Pres. DC (bar) Pressure (bar)   Constr. rmsd
   -3.09949e+02   -1.17270e+02    3.73661e-06


DD  step 194999  vol min/aver 0.789  load imb.: force  2.5%  pme mesh/force 0.759
           Step           Time
         195000      390.00000

   Energies (kJ/mol)
           Bond          Angle    Proper Dih.  Improper Dih.          LJ-14
    3.27245e+03    1.09220e+04    4.96583e+02    1.94533e+01    4.74279e+01
     Coulomb-14        LJ (SR)  Disper. corr.   Coulomb (SR)   Coul. recip.
   -3.49797e+04   -1.79830e+04   -2.21319e+03   -1.64776e+04    1.56586e+03
      Potential    Kinetic En.   Total Energy  Conserved En.    Temperature
   -5.53297e+04    2.36226e+04   -3.17072e+04   -3.05834e+04    3.01256e+02
 Pres. DC (bar) Pressure (bar)   Constr. rmsd
   -3.11399e+02    9.87563e+01    3.81981e-06


DD  load balancing is limited by minimum cell size in dimension Y
DD  step 199999  vol min/aver 0.838! load imb.: force  6.9%  pme mesh/force 0.744
           Step           Time
         200000      400.00000

   Energies (kJ/mol)
           Bond          Angle    Proper Dih.  Improper Dih.          LJ-14
    3.40049e+03    1.10076e+04    5.06863e+02    1.78808e+01    4.02093e+01
     Coulomb-14        LJ (SR)  Disper. corr.   Coulomb (SR)   Coul. recip.
   -3.49965e+04   -1.81437e+04   -2.22098e+03   -1.62250e+04    1.64070e+03
      Potential    Kinetic En.   Total Energy  Conserved En.    Temperature
   -5.49725e+04    2.35980e+04   -3.13745e+04   -3.05563e+04    3.00943e+02
 Pres. DC (bar) Pressure (bar)   Constr. rmsd
   -3.13590e+02   -9.06624e+00    3.78350e-06


DD  step 204999  vol min/aver 0.876  load imb.: force  2.6%  pme mesh/force 0.753
           Step           Time
         205000      410.00000

   Energies (kJ/mol)
           Bond          Angle    Proper Dih.  Improper Dih.          LJ-14
    3.28094e+03    1.09573e+04    5.33671e+02    2.52587e+01    4.60784e+01
     Coulomb-14        LJ (SR)  Disper. corr.   Coulomb (SR)   Coul. recip.
   -3.49866e+04   -1.79530e+04   -2.22156e+03   -1.62885e+04    1.66064e+03
      Potential    Kinetic En.   Total Energy  Conserved En.    Temperature
   -5.49458e+04    2.35899e+04   -3.13559e+04   -3.05543e+04    3.00839e+02
 Pres. DC (bar) Pressure (bar)   Constr. rmsd
   -3.13754e+02    6.37128e+02    3.76708e-06


DD  step 209999  vol min/aver 0.810  load imb.: force  4.1%  pme mesh/force 0.743
           Step           Time
         210000      420.00000

   Energies (kJ/mol)
           Bond          Angle    Proper Dih.  Improper Dih.          LJ-14
    3.21491e+03    1.11477e+04    5.02324e+02    2.91710e+01    3.22340e+01
     Coulomb-14        LJ (SR)  Disper. corr.   Coulomb (SR)   Coul. recip.
   -3.49739e+04   -1.81270e+04   -2.21183e+03   -1.61801e+04    1.66006e+03
      Potential    Kinetic En.   Total Energy  Conserved En.    Temperature
   -5.49064e+04    2.36393e+04   -3.12672e+04   -3.05753e+04    3.01469e+02
 Pres. DC (bar) Pressure (bar)   Constr. rmsd
   -3.11016e+02    1.77776e+02    3.93530e-06


DD  step 214999  vol min/aver 0.848  load imb.: force  3.9%  pme mesh/force 0.755
           Step           Time
         215000      430.00000

   Energies (kJ/mol)
           Bond          Angle    Proper Dih.  Improper Dih.          LJ-14
    3.07395e+03    1.08257e+04    4.93943e+02    3.05764e+01    3.57920e+01
     Coulomb-14        LJ (SR)  Disper. corr.   Coulomb (SR)   Coul. recip.
   -3.50045e+04   -1.81397e+04   -2.22121e+03   -1.62501e+04    1.69850e+03
      Potential    Kinetic En.   Total Energy  Conserved En.    Temperature
   -5.54570e+04    2.32452e+04   -3.22118e+04   -3.06372e+04    2.96443e+02
 Pres. DC (bar) Pressure (bar)   Constr. rmsd
   -3.13655e+02   -9.34596e+01    3.96449e-06


DD  step 219999  vol min/aver 0.827  load imb.: force  7.1%  pme mesh/force 0.709
           Step           Time
         220000      440.00000

   Energies (kJ/mol)
           Bond          Angle    Proper Dih.  Improper Dih.          LJ-14
    3.28028e+03    1.10519e+04    5.20897e+02    2.77603e+01    2.55180e+01
     Coulomb-14        LJ (SR)  Disper. corr.   Coulomb (SR)   Coul. recip.
   -3.50067e+04   -1.82982e+04   -2.21893e+03   -1.61767e+04    1.69506e+03
      Potential    Kinetic En.   Total Energy  Conserved En.    Temperature
   -5.50991e+04    2.36310e+04   -3.14681e+04   -3.05845e+04    3.01363e+02
 Pres. DC (bar) Pressure (bar)   Constr. rmsd
   -3.13011e+02   -1.22088e+02    3.69147e-06


DD  step 224999  vol min/aver 0.814  load imb.: force  4.1%  pme mesh/force 0.749
           Step           Time
         225000      450.00000

   Energies (kJ/mol)
           Bond          Angle    Proper Dih.  Improper Dih.          LJ-14
    3.31047e+03    1.11949e+04    5.06409e+02    9.50893e+00    2.82360e+01
     Coulomb-14        LJ (SR)  Disper. corr.   Coulomb (SR)   Coul. recip.
   -3.49572e+04   -1.81946e+04   -2.22211e+03   -1.64346e+04    1.61229e+03
      Potential    Kinetic En.   Total Energy  Conserved En.    Temperature
   -5.51466e+04    2.29584e+04   -3.21882e+04   -3.06070e+04    2.92785e+02
 Pres. DC (bar) Pressure (bar)   Constr. rmsd
   -3.13907e+02   -3.59687e+02    3.68341e-06


DD  step 229999  vol min/aver 0.850  load imb.: force  4.7%  pme mesh/force 0.738
           Step           Time
         230000      460.00000

   Energies (kJ/mol)
           Bond          Angle    Proper Dih.  Improper Dih.          LJ-14
    3.36378e+03    1.11237e+04    4.94155e+02    2.99532e+01    5.50704e+01
     Coulomb-14        LJ (SR)  Disper. corr.   Coulomb (SR)   Coul. recip.
   -3.49631e+04   -1.81171e+04   -2.22184e+03   -1.62957e+04    1.66612e+03
      Potential    Kinetic En.   Total Energy  Conserved En.    Temperature
   -5.48650e+04    2.30231e+04   -3.18419e+04   -3.05727e+04    2.93611e+02
 Pres. DC (bar) Pressure (bar)   Constr. rmsd
   -3.13833e+02    2.54051e+02    3.71017e-06


DD  step 234999  vol min/aver 0.884  load imb.: force  3.7%  pme mesh/force 0.750
           Step           Time
         235000      470.00000

   Energies (kJ/mol)
           Bond          Angle    Proper Dih.  Improper Dih.          LJ-14
    3.39064e+03    1.08538e+04    5.39456e+02    2.02694e+01    2.11107e+01
     Coulomb-14        LJ (SR)  Disper. corr.   Coulomb (SR)   Coul. recip.
   -3.49844e+04   -1.82071e+04   -2.22313e+03   -1.62861e+04    1.61358e+03
      Potential    Kinetic En.   Total Energy  Conserved En.    Temperature
   -5.52619e+04    2.30260e+04   -3.22358e+04   -3.05942e+04    2.93648e+02
 Pres. DC (bar) Pressure (bar)   Constr. rmsd
   -3.14195e+02   -2.27240e+02    3.59046e-06


DD  step 239999  vol min/aver 0.860  load imb.: force  4.0%  pme mesh/force 0.746
           Step           Time
         240000      480.00000

   Energies (kJ/mol)
           Bond          Angle    Proper Dih.  Improper Dih.          LJ-14
    3.26499e+03    1.08756e+04    5.17431e+02    2.03198e+01    3.75689e+01
     Coulomb-14        LJ (SR)  Disper. corr.   Coulomb (SR)   Coul. recip.
   -3.49670e+04   -1.80623e+04   -2.21032e+03   -1.62130e+04    1.67382e+03
      Potential    Kinetic En.   Total Energy  Conserved En.    Temperature
   -5.50628e+04    2.33717e+04   -3.16911e+04   -3.06356e+04    2.98056e+02
 Pres. DC (bar) Pressure (bar)   Constr. rmsd
   -3.10593e+02   -8.45982e+00    3.61874e-06


DD  step 244999  vol min/aver 0.898  load imb.: force  4.0%  pme mesh/force 0.787
           Step           Time
         245000      490.00000

   Energies (kJ/mol)
           Bond          Angle    Proper Dih.  Improper Dih.          LJ-14
    3.34110e+03    1.11483e+04    5.77663e+02    2.37733e+01    2.87486e+01
     Coulomb-14        LJ (SR)  Disper. corr.   Coulomb (SR)   Coul. recip.
   -3.49822e+04   -1.79207e+04   -2.20534e+03   -1.63644e+04    1.67199e+03
      Potential    Kinetic En.   Total Energy  Conserved En.    Temperature
   -5.46810e+04    2.33628e+04   -3.13182e+04   -3.05769e+04    2.97943e+02
 Pres. DC (bar) Pressure (bar)   Constr. rmsd
   -3.09198e+02   -6.98749e+01    3.73853e-06


DD  load balancing is limited by minimum cell size in dimension Y
DD  step 249999  vol min/aver 0.813! load imb.: force  3.8%  pme mesh/force 0.740
           Step           Time
         250000      500.00000

   Energies (kJ/mol)
           Bond          Angle    Proper Dih.  Improper Dih.          LJ-14
    3.37366e+03    1.09964e+04    5.44702e+02    2.02320e+01    6.41972e+01
     Coulomb-14        LJ (SR)  Disper. corr.   Coulomb (SR)   Coul. recip.
   -3.49715e+04   -1.80574e+04   -2.20208e+03   -1.62407e+04    1.67299e+03
      Potential    Kinetic En.   Total Energy  Conserved En.    Temperature
   -5.47994e+04    2.33383e+04   -3.14612e+04   -3.05920e+04    2.97630e+02
 Pres. DC (bar) Pressure (bar)   Constr. rmsd
   -3.08284e+02    1.00031e+02    3.80041e-06


DD  step 254999  vol min/aver 0.820  load imb.: force  5.0%  pme mesh/force 0.743
           Step           Time
         255000      510.00000

   Energies (kJ/mol)
           Bond          Angle    Proper Dih.  Improper Dih.          LJ-14
    3.40388e+03    1.09373e+04    5.19500e+02    2.50206e+01    2.98796e+01
     Coulomb-14        LJ (SR)  Disper. corr.   Coulomb (SR)   Coul. recip.
   -3.49933e+04   -1.78853e+04   -2.20496e+03   -1.63313e+04    1.65034e+03
      Potential    Kinetic En.   Total Energy  Conserved En.    Temperature
   -5.48489e+04    2.33939e+04   -3.14550e+04   -3.06953e+04    2.98340e+02
 Pres. DC (bar) Pressure (bar)   Constr. rmsd
   -3.09092e+02    5.61266e+01    3.61637e-06


DD  step 259999  vol min/aver 0.828  load imb.: force  2.9%  pme mesh/force 0.762
           Step           Time
         260000      520.00000

   Energies (kJ/mol)
           Bond          Angle    Proper Dih.  Improper Dih.          LJ-14
    3.30501e+03    1.08892e+04    5.83475e+02    1.98288e+01    3.46526e+01
     Coulomb-14        LJ (SR)  Disper. corr.   Coulomb (SR)   Coul. recip.
   -3.49920e+04   -1.79130e+04   -2.20788e+03   -1.62584e+04    1.66158e+03
      Potential    Kinetic En.   Total Energy  Conserved En.    Temperature
   -5.48775e+04    2.31641e+04   -3.17134e+04   -3.07267e+04    2.95409e+02
 Pres. DC (bar) Pressure (bar)   Constr. rmsd
   -3.09909e+02    4.30915e+01    3.66279e-06


DD  step 264999  vol min/aver 0.851  load imb.: force  3.5%  pme mesh/force 0.745
           Step           Time
         265000      530.00000

   Energies (kJ/mol)
           Bond          Angle    Proper Dih.  Improper Dih.          LJ-14
    3.40349e+03    1.11450e+04    5.19789e+02    3.51743e+01    3.01973e+01
     Coulomb-14        LJ (SR)  Disper. corr.   Coulomb (SR)   Coul. recip.
   -3.50143e+04   -1.78042e+04   -2.19874e+03   -1.62256e+04    1.63844e+03
      Potential    Kinetic En.   Total Energy  Conserved En.    Temperature
   -5.44708e+04    2.36072e+04   -3.08636e+04   -3.07482e+04    3.01060e+02
 Pres. DC (bar) Pressure (bar)   Constr. rmsd
   -3.07352e+02   -1.75360e+02    3.73001e-06


DD  step 269999  vol min/aver 0.831  load imb.: force  5.4%  pme mesh/force 0.746
           Step           Time
         270000      540.00000

   Energies (kJ/mol)
           Bond          Angle    Proper Dih.  Improper Dih.          LJ-14
    3.23267e+03    1.09156e+04    5.23018e+02    3.23326e+01    4.34302e+01
     Coulomb-14        LJ (SR)  Disper. corr.   Coulomb (SR)   Coul. recip.
   -3.49957e+04   -1.78839e+04   -2.19896e+03   -1.62234e+04    1.68012e+03
      Potential    Kinetic En.   Total Energy  Conserved En.    Temperature
   -5.48748e+04    2.32845e+04   -3.15904e+04   -3.07913e+04    2.96944e+02
 Pres. DC (bar) Pressure (bar)   Constr. rmsd
   -3.07415e+02    1.47854e+02    3.75298e-06


DD  step 274999  vol min/aver 0.862  load imb.: force  5.0%  pme mesh/force 0.742
           Step           Time
         275000      550.00000

   Energies (kJ/mol)
           Bond          Angle    Proper Dih.  Improper Dih.          LJ-14
    3.25506e+03    1.09005e+04    5.14483e+02    3.08101e+01    3.28784e+01
     Coulomb-14        LJ (SR)  Disper. corr.   Coulomb (SR)   Coul. recip.
   -3.49754e+04   -1.78338e+04   -2.19959e+03   -1.62680e+04    1.69435e+03
      Potential    Kinetic En.   Total Energy  Conserved En.    Temperature
   -5.48487e+04    2.32599e+04   -3.15888e+04   -3.08253e+04    2.96631e+02
 Pres. DC (bar) Pressure (bar)   Constr. rmsd
   -3.07591e+02    1.62813e+02    3.53707e-06


DD  step 279999  vol min/aver 0.848  load imb.: force  3.6%  pme mesh/force 0.752
           Step           Time
         280000      560.00000

   Energies (kJ/mol)
           Bond          Angle    Proper Dih.  Improper Dih.          LJ-14
    3.31175e+03    1.07610e+04    4.95405e+02    2.33844e+01    4.29877e+01
     Coulomb-14        LJ (SR)  Disper. corr.   Coulomb (SR)   Coul. recip.
   -3.49882e+04   -1.77805e+04   -2.19774e+03   -1.60965e+04    1.65272e+03
      Potential    Kinetic En.   Total Energy  Conserved En.    Temperature
   -5.47757e+04    2.33118e+04   -3.14640e+04   -3.08320e+04    2.97292e+02
 Pres. DC (bar) Pressure (bar)   Constr. rmsd
   -3.07073e+02    2.68339e+02    3.57549e-06


DD  step 284999  vol min/aver 0.862  load imb.: force  2.9%  pme mesh/force 0.770
           Step           Time
         285000      570.00000

   Energies (kJ/mol)
           Bond          Angle    Proper Dih.  Improper Dih.          LJ-14
    3.24633e+03    1.08556e+04    5.22552e+02    2.00856e+01    3.57810e+01
     Coulomb-14        LJ (SR)  Disper. corr.   Coulomb (SR)   Coul. recip.
   -3.49770e+04   -1.77896e+04   -2.19686e+03   -1.61890e+04    1.69029e+03
      Potential    Kinetic En.   Total Energy  Conserved En.    Temperature
   -5.47820e+04    2.35514e+04   -3.12306e+04   -3.08601e+04    3.00348e+02
 Pres. DC (bar) Pressure (bar)   Constr. rmsd
   -3.06829e+02    1.97165e+02    3.65727e-06


DD  step 289999  vol min/aver 0.831  load imb.: force  5.9%  pme mesh/force 0.737
           Step           Time
         290000      580.00000

   Energies (kJ/mol)
           Bond          Angle    Proper Dih.  Improper Dih.          LJ-14
    3.33288e+03    1.11886e+04    5.50019e+02    1.32785e+01    4.80776e+01
     Coulomb-14        LJ (SR)  Disper. corr.   Coulomb (SR)   Coul. recip.
   -3.49534e+04   -1.79038e+04   -2.20578e+03   -1.63808e+04    1.63779e+03
      Potential    Kinetic En.   Total Energy  Conserved En.    Temperature
   -5.46732e+04    2.36664e+04   -3.10068e+04   -3.07925e+04    3.01814e+02
 Pres. DC (bar) Pressure (bar)   Constr. rmsd
   -3.09320e+02    7.24478e+01    3.83766e-06


DD  step 294999  vol min/aver 0.822  load imb.: force  8.6%  pme mesh/force 0.736
           Step           Time
         295000      590.00000

   Energies (kJ/mol)
           Bond          Angle    Proper Dih.  Improper Dih.          LJ-14
    3.21021e+03    1.11263e+04    5.14970e+02    2.20325e+01    4.59613e+01
     Coulomb-14        LJ (SR)  Disper. corr.   Coulomb (SR)   Coul. recip.
   -3.49928e+04   -1.79124e+04   -2.20664e+03   -1.62324e+04    1.64559e+03
      Potential    Kinetic En.   Total Energy  Conserved En.    Temperature
   -5.47791e+04    2.34880e+04   -3.12911e+04   -3.07644e+04    2.99540e+02
 Pres. DC (bar) Pressure (bar)   Constr. rmsd
   -3.09561e+02    1.01106e+02    3.66738e-06


DD  step 299999  vol min/aver 0.823  load imb.: force  3.5%  pme mesh/force 0.764
           Step           Time
         300000      600.00000

   Energies (kJ/mol)
           Bond          Angle    Proper Dih.  Improper Dih.          LJ-14
    3.32502e+03    1.11340e+04    5.42637e+02    2.19202e+01    5.74992e+01
     Coulomb-14        LJ (SR)  Disper. corr.   Coulomb (SR)   Coul. recip.
   -3.49612e+04   -1.78714e+04   -2.20754e+03   -1.62465e+04    1.68594e+03
      Potential    Kinetic En.   Total Energy  Conserved En.    Temperature
   -5.45197e+04    2.37013e+04   -3.08184e+04   -3.07726e+04    3.02260e+02
 Pres. DC (bar) Pressure (bar)   Constr. rmsd
   -3.09812e+02    4.16070e+01    3.61684e-06


DD  step 304999  vol min/aver 0.866  load imb.: force  4.5%  pme mesh/force 0.752
           Step           Time
         305000      610.00000

   Energies (kJ/mol)
           Bond          Angle    Proper Dih.  Improper Dih.          LJ-14
    3.37125e+03    1.11977e+04    5.67797e+02    2.55734e+01    4.36295e+01
     Coulomb-14        LJ (SR)  Disper. corr.   Coulomb (SR)   Coul. recip.
   -3.49690e+04   -1.79521e+04   -2.21177e+03   -1.63079e+04    1.66352e+03
      Potential    Kinetic En.   Total Energy  Conserved En.    Temperature
   -5.45713e+04    2.33207e+04   -3.12506e+04   -3.07381e+04    2.97406e+02
 Pres. DC (bar) Pressure (bar)   Constr. rmsd
   -3.10998e+02   -2.39397e+01    3.70786e-06


DD  step 309999  vol min/aver 0.802  load imb.: force 10.9%  pme mesh/force 0.695
           Step           Time
         310000      620.00000

   Energies (kJ/mol)
           Bond          Angle    Proper Dih.  Improper Dih.          LJ-14
    3.39641e+03    1.10282e+04    5.28328e+02    1.36855e+01    3.91062e+01
     Coulomb-14        LJ (SR)  Disper. corr.   Coulomb (SR)   Coul. recip.
   -3.49720e+04   -1.80278e+04   -2.20695e+03   -1.61676e+04    1.66530e+03
      Potential    Kinetic En.   Total Energy  Conserved En.    Temperature
   -5.47033e+04    2.34537e+04   -3.12496e+04   -3.07532e+04    2.99102e+02
 Pres. DC (bar) Pressure (bar)   Constr. rmsd
   -3.09649e+02   -2.89798e+02    3.84802e-06


DD  step 314999  vol min/aver 0.804  load imb.: force  5.4%  pme mesh/force 0.757
           Step           Time
         315000      630.00000

   Energies (kJ/mol)
           Bond          Angle    Proper Dih.  Improper Dih.          LJ-14
    3.33152e+03    1.08030e+04    5.30130e+02    1.67474e+01    4.91309e+01
     Coulomb-14        LJ (SR)  Disper. corr.   Coulomb (SR)   Coul. recip.
   -3.50147e+04   -1.79485e+04   -2.21167e+03   -1.62096e+04    1.71226e+03
      Potential    Kinetic En.   Total Energy  Conserved En.    Temperature
   -5.49417e+04    2.31741e+04   -3.17676e+04   -3.08409e+04    2.95536e+02
 Pres. DC (bar) Pressure (bar)   Constr. rmsd
   -3.10971e+02    2.64423e+02    3.80764e-06


DD  step 319999  vol min/aver 0.814  load imb.: force  3.9%  pme mesh/force 0.761
           Step           Time
         320000      640.00000

   Energies (kJ/mol)
           Bond          Angle    Proper Dih.  Improper Dih.          LJ-14
    3.26616e+03    1.08491e+04    5.38906e+02    2.69753e+01    5.27430e+01
     Coulomb-14        LJ (SR)  Disper. corr.   Coulomb (SR)   Coul. recip.
   -3.49500e+04   -1.78875e+04   -2.20150e+03   -1.61924e+04    1.70301e+03
      Potential    Kinetic En.   Total Energy  Conserved En.    Temperature
   -5.47946e+04    2.33174e+04   -3.14772e+04   -3.09086e+04    2.97364e+02
 Pres. DC (bar) Pressure (bar)   Constr. rmsd
   -3.08124e+02    1.03417e+02    3.84996e-06


DD  load balancing is limited by minimum cell size in dimension Y
DD  step 324999  vol min/aver 0.849! load imb.: force  5.2%  pme mesh/force 0.751
           Step           Time
         325000      650.00000

   Energies (kJ/mol)
           Bond          Angle    Proper Dih.  Improper Dih.          LJ-14
    3.33391e+03    1.10150e+04    5.35311e+02    2.31121e+01    3.89552e+01
     Coulomb-14        LJ (SR)  Disper. corr.   Coulomb (SR)   Coul. recip.
   -3.49665e+04   -1.79784e+04   -2.20299e+03   -1.62634e+04    1.66742e+03
      Potential    Kinetic En.   Total Energy  Conserved En.    Temperature
   -5.47976e+04    2.33948e+04   -3.14029e+04   -3.08788e+04    2.98350e+02
 Pres. DC (bar) Pressure (bar)   Constr. rmsd
   -3.08539e+02   -1.06556e+02    3.71645e-06


DD  step 329999  vol min/aver 0.845  load imb.: force  3.3%  pme mesh/force 0.757
           Step           Time
         330000      660.00000

   Energies (kJ/mol)
           Bond          Angle    Proper Dih.  Improper Dih.          LJ-14
    3.46348e+03    1.10616e+04    5.37652e+02    1.95445e+01    4.93171e+01
     Coulomb-14        LJ (SR)  Disper. corr.   Coulomb (SR)   Coul. recip.
   -3.49662e+04   -1.78050e+04   -2.20534e+03   -1.63853e+04    1.63964e+03
      Potential    Kinetic En.   Total Energy  Conserved En.    Temperature
   -5.45906e+04    2.39674e+04   -3.06231e+04   -3.09223e+04    3.05654e+02
 Pres. DC (bar) Pressure (bar)   Constr. rmsd
   -3.09198e+02    1.17633e+02    3.91030e-06


DD  step 334999  vol min/aver 0.806  load imb.: force  4.3%  pme mesh/force 0.750
           Step           Time
         335000      670.00000

   Energies (kJ/mol)
           Bond          Angle    Proper Dih.  Improper Dih.          LJ-14
    3.37603e+03    1.07731e+04    5.83059e+02    2.98812e+01    4.01609e+01
     Coulomb-14        LJ (SR)  Disper. corr.   Coulomb (SR)   Coul. recip.
   -3.49586e+04   -1.78348e+04   -2.20509e+03   -1.62390e+04    1.68978e+03
      Potential    Kinetic En.   Total Energy  Conserved En.    Temperature
   -5.47454e+04    2.32452e+04   -3.15002e+04   -3.09298e+04    2.96443e+02
 Pres. DC (bar) Pressure (bar)   Constr. rmsd
   -3.09128e+02   -2.08490e+01    3.63090e-06


DD  step 339999  vol min/aver 0.859  load imb.: force  4.7%  pme mesh/force 0.745
           Step           Time
         340000      680.00000

   Energies (kJ/mol)
           Bond          Angle    Proper Dih.  Improper Dih.          LJ-14
    3.33371e+03    1.07836e+04    5.51828e+02    2.06515e+01    4.71944e+01
     Coulomb-14        LJ (SR)  Disper. corr.   Coulomb (SR)   Coul. recip.
   -3.49766e+04   -1.79462e+04   -2.21318e+03   -1.63240e+04    1.65728e+03
      Potential    Kinetic En.   Total Energy  Conserved En.    Temperature
   -5.50657e+04    2.33177e+04   -3.17480e+04   -3.09436e+04    2.97368e+02
 Pres. DC (bar) Pressure (bar)   Constr. rmsd
   -3.11396e+02   -1.07166e+02    3.81668e-06


DD  step 344999  vol min/aver 0.826  load imb.: force  5.1%  pme mesh/force 0.735
           Step           Time
         345000      690.00000

   Energies (kJ/mol)
           Bond          Angle    Proper Dih.  Improper Dih.          LJ-14
    3.33882e+03    1.09158e+04    5.32910e+02    3.27699e+01    1.58866e+01
     Coulomb-14        LJ (SR)  Disper. corr.   Coulomb (SR)   Coul. recip.
   -3.49936e+04   -1.80796e+04   -2.20331e+03   -1.62506e+04    1.67894e+03
      Potential    Kinetic En.   Total Energy  Conserved En.    Temperature
   -5.50120e+04    2.40755e+04   -3.09366e+04   -3.10177e+04    3.07032e+02
 Pres. DC (bar) Pressure (bar)   Constr. rmsd
   -3.08630e+02   -1.22302e+02    3.88753e-06


DD  step 349999  vol min/aver 0.827  load imb.: force  2.9%  pme mesh/force 0.765
           Step           Time
         350000      700.00000

   Energies (kJ/mol)
           Bond          Angle    Proper Dih.  Improper Dih.          LJ-14
    3.34095e+03    1.11233e+04    5.06329e+02    1.93869e+01    4.22758e+01
     Coulomb-14        LJ (SR)  Disper. corr.   Coulomb (SR)   Coul. recip.
   -3.50058e+04   -1.79995e+04   -2.21316e+03   -1.63357e+04    1.65738e+03
      Potential    Kinetic En.   Total Energy  Conserved En.    Temperature
   -5.48645e+04    2.31334e+04   -3.17311e+04   -3.09925e+04    2.95018e+02
 Pres. DC (bar) Pressure (bar)   Constr. rmsd
   -3.11390e+02    3.03363e+02    3.77428e-06


DD  step 354999  vol min/aver 0.902  load imb.: force  3.8%  pme mesh/force 0.758
           Step           Time
         355000      710.00000

   Energies (kJ/mol)
           Bond          Angle    Proper Dih.  Improper Dih.          LJ-14
    3.37816e+03    1.10836e+04    5.36188e+02    1.97001e+01    4.11596e+01
     Coulomb-14        LJ (SR)  Disper. corr.   Coulomb (SR)   Coul. recip.
   -3.49950e+04   -1.79618e+04   -2.20556e+03   -1.61285e+04    1.75305e+03
      Potential    Kinetic En.   Total Energy  Conserved En.    Temperature
   -5.44790e+04    2.33609e+04   -3.11180e+04   -3.09434e+04    2.97919e+02
 Pres. DC (bar) Pressure (bar)   Constr. rmsd
   -3.09259e+02   -2.87942e+02    3.70391e-06


DD  step 359999  vol min/aver 0.878  load imb.: force  5.3%  pme mesh/force 0.740
           Step           Time
         360000      720.00000

   Energies (kJ/mol)
           Bond          Angle    Proper Dih.  Improper Dih.          LJ-14
    3.60391e+03    1.08075e+04    5.30103e+02    1.92683e+01    4.25793e+01
     Coulomb-14        LJ (SR)  Disper. corr.   Coulomb (SR)   Coul. recip.
   -3.50169e+04   -1.79566e+04   -2.20481e+03   -1.62420e+04    1.68538e+03
      Potential    Kinetic En.   Total Energy  Conserved En.    Temperature
   -5.47316e+04    2.36852e+04   -3.10464e+04   -3.09822e+04    3.02055e+02
 Pres. DC (bar) Pressure (bar)   Constr. rmsd
   -3.09048e+02    2.24937e+02    3.70778e-06


DD  load balancing is limited by minimum cell size in dimension Y
DD  step 364999  vol min/aver 0.845! load imb.: force  6.5%  pme mesh/force 0.734
           Step           Time
         365000      730.00000

   Energies (kJ/mol)
           Bond          Angle    Proper Dih.  Improper Dih.          LJ-14
    3.40052e+03    1.13383e+04    5.16096e+02    1.65796e+01    5.02176e+01
     Coulomb-14        LJ (SR)  Disper. corr.   Coulomb (SR)   Coul. recip.
   -3.49819e+04   -1.80610e+04   -2.21753e+03   -1.61151e+04    1.67377e+03
      Potential    Kinetic En.   Total Energy  Conserved En.    Temperature
   -5.43801e+04    2.34694e+04   -3.09107e+04   -3.09673e+04    2.99303e+02
 Pres. DC (bar) Pressure (bar)   Constr. rmsd
   -3.12619e+02    1.22409e+02    3.77273e-06


DD  step 369999  vol min/aver 0.866  load imb.: force  5.5%  pme mesh/force 0.729
           Step           Time
         370000      740.00000

   Energies (kJ/mol)
           Bond          Angle    Proper Dih.  Improper Dih.          LJ-14
    3.50991e+03    1.10413e+04    5.20719e+02    2.39492e+01    4.82149e+01
     Coulomb-14        LJ (SR)  Disper. corr.   Coulomb (SR)   Coul. recip.
   -3.49676e+04   -1.81455e+04   -2.21409e+03   -1.63275e+04    1.65736e+03
      Potential    Kinetic En.   Total Energy  Conserved En.    Temperature
   -5.48534e+04    2.36811e+04   -3.11723e+04   -3.09401e+04    3.02002e+02
 Pres. DC (bar) Pressure (bar)   Constr. rmsd
   -3.11650e+02   -2.86408e+02    3.73825e-06


DD  step 374999  vol min/aver 0.860  load imb.: force  3.6%  pme mesh/force 0.740
           Step           Time
         375000      750.00000

   Energies (kJ/mol)
           Bond          Angle    Proper Dih.  Improper Dih.          LJ-14
    3.42753e+03    1.10649e+04    5.21490e+02    1.63674e+01    4.49847e+01
     Coulomb-14        LJ (SR)  Disper. corr.   Coulomb (SR)   Coul. recip.
   -3.49767e+04   -1.80330e+04   -2.21230e+03   -1.64149e+04    1.64581e+03
      Potential    Kinetic En.   Total Energy  Conserved En.    Temperature
   -5.49158e+04    2.34118e+04   -3.15040e+04   -3.09774e+04    2.98567e+02
 Pres. DC (bar) Pressure (bar)   Constr. rmsd
   -3.11149e+02   -2.94668e+00    3.76781e-06


DD  step 379999  vol min/aver 0.867  load imb.: force  6.9%  pme mesh/force 0.725
           Step           Time
         380000      760.00000

   Energies (kJ/mol)
           Bond          Angle    Proper Dih.  Improper Dih.          LJ-14
    3.34468e+03    1.09449e+04    5.16486e+02    1.52504e+01    1.47246e+01
     Coulomb-14        LJ (SR)  Disper. corr.   Coulomb (SR)   Coul. recip.
   -3.50145e+04   -1.79524e+04   -2.21766e+03   -1.63372e+04    1.61635e+03
      Potential    Kinetic En.   Total Energy  Conserved En.    Temperature
   -5.50694e+04    2.38300e+04   -3.12394e+04   -3.10138e+04    3.03901e+02
 Pres. DC (bar) Pressure (bar)   Constr. rmsd
   -3.12654e+02   -1.54456e+02    3.88586e-06


DD  step 384999  vol min/aver 0.844  load imb.: force  3.2%  pme mesh/force 0.757
           Step           Time
         385000      770.00000

   Energies (kJ/mol)
           Bond          Angle    Proper Dih.  Improper Dih.          LJ-14
    3.26010e+03    1.11793e+04    5.32089e+02    2.03446e+01    4.37966e+01
     Coulomb-14        LJ (SR)  Disper. corr.   Coulomb (SR)   Coul. recip.
   -3.49810e+04   -1.81924e+04   -2.21805e+03   -1.62514e+04    1.67891e+03
      Potential    Kinetic En.   Total Energy  Conserved En.    Temperature
   -5.49284e+04    2.35601e+04   -3.13683e+04   -3.10358e+04    3.00459e+02
 Pres. DC (bar) Pressure (bar)   Constr. rmsd
   -3.12764e+02   -1.87481e+02    4.00777e-06


DD  step 389999  vol min/aver 0.862  load imb.: force  4.5%  pme mesh/force 0.742
           Step           Time
         390000      780.00000

   Energies (kJ/mol)
           Bond          Angle    Proper Dih.  Improper Dih.          LJ-14
    3.27359e+03    1.07807e+04    5.46601e+02    1.76680e+01    4.88373e+01
     Coulomb-14        LJ (SR)  Disper. corr.   Coulomb (SR)   Coul. recip.
   -3.49768e+04   -1.78968e+04   -2.20645e+03   -1.62784e+04    1.67310e+03
      Potential    Kinetic En.   Total Energy  Conserved En.    Temperature
   -5.50180e+04    2.34030e+04   -3.16150e+04   -3.11129e+04    2.98456e+02
 Pres. DC (bar) Pressure (bar)   Constr. rmsd
   -3.09508e+02    1.35520e+02    3.77175e-06


DD  step 394999  vol min/aver 0.814  load imb.: force  6.1%  pme mesh/force 0.743
           Step           Time
         395000      790.00000

   Energies (kJ/mol)
           Bond          Angle    Proper Dih.  Improper Dih.          LJ-14
    3.27550e+03    1.10448e+04    5.38781e+02    1.46248e+01    3.74961e+01
     Coulomb-14        LJ (SR)  Disper. corr.   Coulomb (SR)   Coul. recip.
   -3.49996e+04   -1.79733e+04   -2.20334e+03   -1.62045e+04    1.63602e+03
      Potential    Kinetic En.   Total Energy  Conserved En.    Temperature
   -5.48335e+04    2.39780e+04   -3.08555e+04   -3.10974e+04    3.05789e+02
 Pres. DC (bar) Pressure (bar)   Constr. rmsd
   -3.08636e+02   -2.93397e+02    3.96433e-06


DD  load balancing is limited by minimum cell size in dimension Y
DD  step 399999  vol min/aver 0.879! load imb.: force  3.3%  pme mesh/force 0.757
           Step           Time
         400000      800.00000

   Energies (kJ/mol)
           Bond          Angle    Proper Dih.  Improper Dih.          LJ-14
    3.22429e+03    1.10384e+04    5.27839e+02    2.89567e+01    5.05050e+01
     Coulomb-14        LJ (SR)  Disper. corr.   Coulomb (SR)   Coul. recip.
   -3.49671e+04   -1.80783e+04   -2.20572e+03   -1.62743e+04    1.65794e+03
      Potential    Kinetic En.   Total Energy  Conserved En.    Temperature
   -5.49975e+04    2.37529e+04   -3.12446e+04   -3.11993e+04    3.02917e+02
 Pres. DC (bar) Pressure (bar)   Constr. rmsd
   -3.09303e+02   -1.15829e+02    3.90684e-06


DD  step 404999  vol min/aver 0.832  load imb.: force  3.4%  pme mesh/force 0.747
           Step           Time
         405000      810.00000

   Energies (kJ/mol)
           Bond          Angle    Proper Dih.  Improper Dih.          LJ-14
    3.44986e+03    1.10320e+04    4.97517e+02    2.24542e+01    2.96334e+01
     Coulomb-14        LJ (SR)  Disper. corr.   Coulomb (SR)   Coul. recip.
   -3.49841e+04   -1.80287e+04   -2.21092e+03   -1.62615e+04    1.65567e+03
      Potential    Kinetic En.   Total Energy  Conserved En.    Temperature
   -5.47981e+04    2.33182e+04   -3.14799e+04   -3.11180e+04    2.97374e+02
 Pres. DC (bar) Pressure (bar)   Constr. rmsd
   -3.10760e+02    3.73580e+01    3.80933e-06


DD  step 409999  vol min/aver 0.814  load imb.: force  5.8%  pme mesh/force 0.747
           Step           Time
         410000      820.00000

   Energies (kJ/mol)
           Bond          Angle    Proper Dih.  Improper Dih.          LJ-14
    3.30302e+03    1.08210e+04    5.57012e+02    2.13712e+01    2.65347e+01
     Coulomb-14        LJ (SR)  Disper. corr.   Coulomb (SR)   Coul. recip.
   -3.49890e+04   -1.80110e+04   -2.22001e+03   -1.62662e+04    1.63169e+03
      Potential    Kinetic En.   Total Energy  Conserved En.    Temperature
   -5.51255e+04    2.31992e+04   -3.19263e+04   -3.11404e+04    2.95857e+02
 Pres. DC (bar) Pressure (bar)   Constr. rmsd
   -3.13317e+02   -1.04988e+01    3.73726e-06


DD  step 414999  vol min/aver 0.847  load imb.: force  4.3%  pme mesh/force 0.751
           Step           Time
         415000      830.00000

   Energies (kJ/mol)
           Bond          Angle    Proper Dih.  Improper Dih.          LJ-14
    3.22372e+03    1.09365e+04    5.61552e+02    2.73481e+01    4.72427e+01
     Coulomb-14        LJ (SR)  Disper. corr.   Coulomb (SR)   Coul. recip.
   -3.49890e+04   -1.79262e+04   -2.21689e+03   -1.65221e+04    1.60757e+03
      Potential    Kinetic En.   Total Energy  Conserved En.    Temperature
   -5.52504e+04    2.37326e+04   -3.15177e+04   -3.11411e+04    3.02659e+02
 Pres. DC (bar) Pressure (bar)   Constr. rmsd
   -3.12439e+02    2.06408e+02    3.94695e-06


DD  step 419999  vol min/aver 0.775  load imb.: force  4.9%  pme mesh/force 0.752
           Step           Time
         420000      840.00000

   Energies (kJ/mol)
           Bond          Angle    Proper Dih.  Improper Dih.          LJ-14
    3.34633e+03    1.09710e+04    5.22903e+02    1.99759e+01    3.56523e+01
     Coulomb-14        LJ (SR)  Disper. corr.   Coulomb (SR)   Coul. recip.
   -3.50104e+04   -1.80297e+04   -2.20856e+03   -1.62072e+04    1.64609e+03
      Potential    Kinetic En.   Total Energy  Conserved En.    Temperature
   -5.49139e+04    2.33428e+04   -3.15710e+04   -3.11258e+04    2.97688e+02
 Pres. DC (bar) Pressure (bar)   Constr. rmsd
   -3.10098e+02   -1.38520e+02    3.64759e-06


DD  step 424999  vol min/aver 0.822  load imb.: force  4.0%  pme mesh/force 0.754
           Step           Time
         425000      850.00000

   Energies (kJ/mol)
           Bond          Angle    Proper Dih.  Improper Dih.          LJ-14
    3.41476e+03    1.10693e+04    5.26367e+02    2.78884e+01    6.47027e+01
     Coulomb-14        LJ (SR)  Disper. corr.   Coulomb (SR)   Coul. recip.
   -3.49940e+04   -1.77303e+04   -2.20419e+03   -1.61928e+04    1.68148e+03
      Potential    Kinetic En.   Total Energy  Conserved En.    Temperature
   -5.43368e+04    2.34853e+04   -3.08514e+04   -3.11470e+04    2.99506e+02
 Pres. DC (bar) Pressure (bar)   Constr. rmsd
   -3.08876e+02    1.39451e+02    3.91059e-06


DD  step 429999  vol min/aver 0.852  load imb.: force  3.6%  pme mesh/force 0.752
           Step           Time
         430000      860.00000

   Energies (kJ/mol)
           Bond          Angle    Proper Dih.  Improper Dih.          LJ-14
    3.28600e+03    1.12104e+04    5.44184e+02    2.83108e+01    4.52843e+01
     Coulomb-14        LJ (SR)  Disper. corr.   Coulomb (SR)   Coul. recip.
   -3.50296e+04   -1.78754e+04   -2.20946e+03   -1.62242e+04    1.66216e+03
      Potential    Kinetic En.   Total Energy  Conserved En.    Temperature
   -5.45623e+04    2.38529e+04   -3.07095e+04   -3.11510e+04    3.04192e+02
 Pres. DC (bar) Pressure (bar)   Constr. rmsd
   -3.10352e+02    3.77540e+02    3.80985e-06


DD  step 434999  vol min/aver 0.799  load imb.: force  4.7%  pme mesh/force 0.753
           Step           Time
         435000      870.00000

   Energies (kJ/mol)
           Bond          Angle    Proper Dih.  Improper Dih.          LJ-14
    3.20581e+03    1.09917e+04    5.59844e+02    1.82401e+01    5.84812e+01
     Coulomb-14        LJ (SR)  Disper. corr.   Coulomb (SR)   Coul. recip.
   -3.49831e+04   -1.81285e+04   -2.20766e+03   -1.62635e+04    1.65652e+03
      Potential    Kinetic En.   Total Energy  Conserved En.    Temperature
   -5.50922e+04    2.35175e+04   -3.15747e+04   -3.11701e+04    2.99916e+02
 Pres. DC (bar) Pressure (bar)   Constr. rmsd
   -3.09848e+02    1.59601e+02    3.62720e-06


DD  step 439999  vol min/aver 0.783  load imb.: force  5.6%  pme mesh/force 0.733
           Step           Time
         440000      880.00000

   Energies (kJ/mol)
           Bond          Angle    Proper Dih.  Improper Dih.          LJ-14
    3.32464e+03    1.10224e+04    5.31204e+02    2.33296e+01    6.42747e+01
     Coulomb-14        LJ (SR)  Disper. corr.   Coulomb (SR)   Coul. recip.
   -3.50196e+04   -1.79343e+04   -2.20759e+03   -1.62627e+04    1.66598e+03
      Potential    Kinetic En.   Total Energy  Conserved En.    Temperature
   -5.47925e+04    2.34696e+04   -3.13229e+04   -3.12340e+04    2.99304e+02
 Pres. DC (bar) Pressure (bar)   Constr. rmsd
   -3.09826e+02    2.75845e+02    3.79806e-06


DD  load balancing is limited by minimum cell size in dimension Y
DD  step 444999  vol min/aver 0.785! load imb.: force  2.8%  pme mesh/force 0.763
           Step           Time
         445000      890.00000

   Energies (kJ/mol)
           Bond          Angle    Proper Dih.  Improper Dih.          LJ-14
    3.33792e+03    1.10513e+04    5.71514e+02    2.13355e+01    3.69378e+01
     Coulomb-14        LJ (SR)  Disper. corr.   Coulomb (SR)   Coul. recip.
   -3.50000e+04   -1.81881e+04   -2.21217e+03   -1.62948e+04    1.60687e+03
      Potential    Kinetic En.   Total Energy  Conserved En.    Temperature
   -5.50693e+04    2.39501e+04   -3.11191e+04   -3.12479e+04    3.05433e+02
 Pres. DC (bar) Pressure (bar)   Constr. rmsd
   -3.11111e+02   -5.77021e+01    3.92581e-06


DD  step 449999  vol min/aver 0.760  load imb.: force  5.1%  pme mesh/force 0.734
           Step           Time
         450000      900.00000

   Energies (kJ/mol)
           Bond          Angle    Proper Dih.  Improper Dih.          LJ-14
    3.34179e+03    1.11413e+04    5.60530e+02    3.05980e+01    4.46283e+01
     Coulomb-14        LJ (SR)  Disper. corr.   Coulomb (SR)   Coul. recip.
   -3.50299e+04   -1.79529e+04   -2.20686e+03   -1.61772e+04    1.69518e+03
      Potential    Kinetic En.   Total Energy  Conserved En.    Temperature
   -5.45529e+04    2.36073e+04   -3.09456e+04   -3.12800e+04    3.01061e+02
 Pres. DC (bar) Pressure (bar)   Constr. rmsd
   -3.09622e+02    3.16907e+02    3.76387e-06


DD  step 454999  vol min/aver 0.731  load imb.: force  5.2%  pme mesh/force 0.748
           Step           Time
         455000      910.00000

   Energies (kJ/mol)
           Bond          Angle    Proper Dih.  Improper Dih.          LJ-14
    3.30409e+03    1.10149e+04    5.67170e+02    2.09065e+01    4.05866e+01
     Coulomb-14        LJ (SR)  Disper. corr.   Coulomb (SR)   Coul. recip.
   -3.49740e+04   -1.79772e+04   -2.19897e+03   -1.61514e+04    1.71918e+03
      Potential    Kinetic En.   Total Energy  Conserved En.    Temperature
   -5.46348e+04    2.35110e+04   -3.11237e+04   -3.12750e+04    2.99833e+02
 Pres. DC (bar) Pressure (bar)   Constr. rmsd
   -3.07415e+02    2.33791e+02    3.76999e-06


DD  step 459999  vol min/aver 0.792  load imb.: force  3.8%  pme mesh/force 0.750
           Step           Time
         460000      920.00000

   Energies (kJ/mol)
           Bond          Angle    Proper Dih.  Improper Dih.          LJ-14
    3.41390e+03    1.09307e+04    5.29511e+02    3.00411e+01    4.33506e+01
     Coulomb-14        LJ (SR)  Disper. corr.   Coulomb (SR)   Coul. recip.
   -3.49603e+04   -1.79580e+04   -2.20467e+03   -1.62343e+04    1.67574e+03
      Potential    Kinetic En.   Total Energy  Conserved En.    Temperature
   -5.47341e+04    2.35470e+04   -3.11871e+04   -3.12686e+04    3.00292e+02
 Pres. DC (bar) Pressure (bar)   Constr. rmsd
   -3.09008e+02   -3.24939e+02    3.88004e-06


DD  step 464999  vol min/aver 0.796  load imb.: force  4.2%  pme mesh/force 0.725
           Step           Time
         465000      930.00000

   Energies (kJ/mol)
           Bond          Angle    Proper Dih.  Improper Dih.          LJ-14
    3.33050e+03    1.12333e+04    5.73964e+02    2.52192e+01    4.25150e+01
     Coulomb-14        LJ (SR)  Disper. corr.   Coulomb (SR)   Coul. recip.
   -3.49772e+04   -1.77136e+04   -2.20563e+03   -1.63535e+04    1.64520e+03
      Potential    Kinetic En.   Total Energy  Conserved En.    Temperature
   -5.43992e+04    2.35762e+04   -3.08231e+04   -3.12882e+04    3.00664e+02
 Pres. DC (bar) Pressure (bar)   Constr. rmsd
   -3.09278e+02    1.22567e+02    3.74891e-06


DD  step 469999  vol min/aver 0.756  load imb.: force  6.0%  pme mesh/force 0.731
           Step           Time
         470000      940.00000

   Energies (kJ/mol)
           Bond          Angle    Proper Dih.  Improper Dih.          LJ-14
    3.41423e+03    1.09838e+04    5.35788e+02    2.64771e+01    2.87114e+01
     Coulomb-14        LJ (SR)  Disper. corr.   Coulomb (SR)   Coul. recip.
   -3.50204e+04   -1.81327e+04   -2.21860e+03   -1.60614e+04    1.66558e+03
      Potential    Kinetic En.   Total Energy  Conserved En.    Temperature
   -5.47785e+04    2.37154e+04   -3.10631e+04   -3.13417e+04    3.02439e+02
 Pres. DC (bar) Pressure (bar)   Constr. rmsd
   -3.12919e+02    6.47737e+01    3.88661e-06


DD  step 474999  vol min/aver 0.782  load imb.: force  3.5%  pme mesh/force 0.759
           Step           Time
         475000      950.00000

   Energies (kJ/mol)
           Bond          Angle    Proper Dih.  Improper Dih.          LJ-14
    3.39362e+03    1.10910e+04    5.61061e+02    1.57933e+01    4.12331e+01
     Coulomb-14        LJ (SR)  Disper. corr.   Coulomb (SR)   Coul. recip.
   -3.49766e+04   -1.78912e+04   -2.20110e+03   -1.62786e+04    1.61403e+03
      Potential    Kinetic En.   Total Energy  Conserved En.    Temperature
   -5.46309e+04    2.34773e+04   -3.11536e+04   -3.13232e+04    2.99403e+02
 Pres. DC (bar) Pressure (bar)   Constr. rmsd
   -3.08012e+02   -1.77259e+01    3.61267e-06


DD  step 479999  vol min/aver 0.786  load imb.: force  4.4%  pme mesh/force 0.750
           Step           Time
         480000      960.00000

   Energies (kJ/mol)
           Bond          Angle    Proper Dih.  Improper Dih.          LJ-14
    3.33394e+03    1.08837e+04    5.46543e+02    1.96639e+01    2.90739e+01
     Coulomb-14        LJ (SR)  Disper. corr.   Coulomb (SR)   Coul. recip.
   -3.50059e+04   -1.79305e+04   -2.20786e+03   -1.63106e+04    1.60915e+03
      Potential    Kinetic En.   Total Energy  Conserved En.    Temperature
   -5.50329e+04    2.35105e+04   -3.15224e+04   -3.13677e+04    2.99827e+02
 Pres. DC (bar) Pressure (bar)   Constr. rmsd
   -3.09903e+02    7.44435e+01    3.84690e-06


DD  step 484999  vol min/aver 0.811  load imb.: force  2.4%  pme mesh/force 0.791
           Step           Time
         485000      970.00000

   Energies (kJ/mol)
           Bond          Angle    Proper Dih.  Improper Dih.          LJ-14
    3.40566e+03    1.08123e+04    6.01805e+02    2.83584e+01    3.49222e+01
     Coulomb-14        LJ (SR)  Disper. corr.   Coulomb (SR)   Coul. recip.
   -3.50052e+04   -1.79666e+04   -2.20640e+03   -1.62209e+04    1.66912e+03
      Potential    Kinetic En.   Total Energy  Conserved En.    Temperature
   -5.48470e+04    2.34538e+04   -3.13932e+04   -3.14165e+04    2.99104e+02
 Pres. DC (bar) Pressure (bar)   Constr. rmsd
   -3.09492e+02    1.24323e+02    3.68155e-06


DD  step 489999  vol min/aver 0.797  load imb.: force  7.1%  pme mesh/force 0.731
           Step           Time
         490000      980.00000

   Energies (kJ/mol)
           Bond          Angle    Proper Dih.  Improper Dih.          LJ-14
    3.43228e+03    1.10318e+04    5.65541e+02    1.54965e+01    5.13288e+01
     Coulomb-14        LJ (SR)  Disper. corr.   Coulomb (SR)   Coul. recip.
   -3.49870e+04   -1.80594e+04   -2.20879e+03   -1.61852e+04    1.71918e+03
      Potential    Kinetic En.   Total Energy  Conserved En.    Temperature
   -5.46249e+04    2.34012e+04   -3.12237e+04   -3.13934e+04    2.98433e+02
 Pres. DC (bar) Pressure (bar)   Constr. rmsd
   -3.10162e+02    1.90259e+02    3.65114e-06


DD  step 494999  vol min/aver 0.831  load imb.: force  3.8%  pme mesh/force 0.755
           Step           Time
         495000      990.00000

   Energies (kJ/mol)
           Bond          Angle    Proper Dih.  Improper Dih.          LJ-14
    3.33656e+03    1.09658e+04    5.36033e+02    2.40782e+01    5.60103e+01
     Coulomb-14        LJ (SR)  Disper. corr.   Coulomb (SR)   Coul. recip.
   -3.49823e+04   -1.79499e+04   -2.21260e+03   -1.61942e+04    1.70231e+03
      Potential    Kinetic En.   Total Energy  Conserved En.    Temperature
   -5.47183e+04    2.35503e+04   -3.11680e+04   -3.14040e+04    3.00334e+02
 Pres. DC (bar) Pressure (bar)   Constr. rmsd
   -3.11232e+02    1.78014e+02    3.96321e-06


DD  step 499999  vol min/aver 0.837  load imb.: force  2.9%  pme mesh/force 0.754
           Step           Time
         500000     1000.00000

Writing checkpoint, step 500000 at Thu Jul  4 08:25:10 2024


   Energies (kJ/mol)
           Bond          Angle    Proper Dih.  Improper Dih.          LJ-14
    3.38951e+03    1.11543e+04    5.09218e+02    1.93022e+01    2.58199e+01
     Coulomb-14        LJ (SR)  Disper. corr.   Coulomb (SR)   Coul. recip.
   -3.50333e+04   -1.79549e+04   -2.21511e+03   -1.63427e+04    1.64829e+03
      Potential    Kinetic En.   Total Energy  Conserved En.    Temperature
   -5.47995e+04    2.35858e+04   -3.12138e+04   -3.14093e+04    3.00787e+02
 Pres. DC (bar) Pressure (bar)   Constr. rmsd
   -3.11936e+02    1.11464e+02    3.76275e-06


Energy conservation over simulation part #1 of length 1000 ns, time 0 to 1000 ns
  Conserved energy drift: -1.73e-04 kJ/mol/ps per atom


	<======  ###############  ==>
	<====  A V E R A G E S  ====>
	<==  ###############  ======>

	Statistics over 500001 steps using 5001 frames

   Energies (kJ/mol)
           Bond          Angle    Proper Dih.  Improper Dih.          LJ-14
    3.33062e+03    1.10152e+04    5.34024e+02    2.39247e+01    3.83605e+01
     Coulomb-14        LJ (SR)  Disper. corr.   Coulomb (SR)   Coul. recip.
   -3.49841e+04   -1.79669e+04   -2.20735e+03   -1.62522e+04    1.66608e+03
      Potential    Kinetic En.   Total Energy  Conserved En.    Temperature
   -5.48022e+04    2.35247e+04   -3.12775e+04   -3.07451e+04    3.00007e+02
 Pres. DC (bar) Pressure (bar)   Constr. rmsd
   -3.09764e+02   -4.20668e+00    0.00000e+00

          Box-X          Box-Y          Box-Z
    4.91252e+00    4.91252e+00    4.91252e+00

   Total Virial (kJ/mol)
    7.85906e+03    3.98131e+00    8.46752e+00
    3.98108e+00    7.87096e+03   -2.73589e+01
    8.46741e+00   -2.73589e+01    7.83967e+03

   Pressure (bar)
   -4.87488e+00   -1.55428e+00   -3.04801e+00
   -1.55422e+00   -8.07927e+00    6.50643e+00
   -3.04798e+00    6.50644e+00    3.34114e-01

      T-Protein  T-non-Protein
    2.94464e+02    3.00012e+02


	M E G A - F L O P S   A C C O U N T I N G

 NB=Group-cutoff nonbonded kernels    NxN=N-by-N cluster Verlet kernels
 RF=Reaction-Field  VdW=Van der Waals  QSTab=quadratic-spline table
 W3=SPC/TIP3p  W4=TIP4p (single or pairs)
 V&F=Potential and force  V=Potential only  F=Force only

 Computing:                               M-Number         M-Flops  % Flops
-----------------------------------------------------------------------------
 Pair Search distance check            8834.357802       79509.220     0.1
 NxN QSTab Elec. + LJ [F]           1108696.327992    45456549.448    83.5
 NxN QSTab Elec. + LJ [V&F]           11201.210944      660871.446     1.2
 NxN QSTab Elec. [F]                  14823.628776      504003.378     0.9
 NxN QSTab Elec. [V&F]                  149.759808        6140.152     0.0
 1,4 nonbonded interactions            2077.004154      186930.374     0.3
 Calc Weights                         11313.022626      407268.815     0.7
 Spread Q Bspline                    241344.482688      482688.965     0.9
 Gather F Bspline                    241344.482688     1448066.896     2.7
 3D-FFT                              491519.983038     3932159.864     7.2
 Solve PME                             1024.002048       65536.131     0.1
 Reset In Box                            37.702458         113.107     0.0
 CG-CoM                                  37.717542         113.153     0.0
 Bonds                                 1284.002568       75756.152     0.1
 Angles                                4464.008928      749953.500     1.4
 Propers                                211.500423       48433.597     0.1
 Impropers                               39.500079        8216.016     0.0
 Virial                                 422.108442        7597.952     0.0
 Stop-CM                                 37.717542         377.175     0.0
 P-Coupling                             377.107542        2262.645     0.0
 Calc-Ekin                              754.215084       20363.807     0.0
 Lincs                                 2340.487346      140429.241     0.3
 Lincs-Mat                            27716.227044      110864.908     0.2
 Constraint-V                          4680.974692       42128.772     0.1
 Constraint-Vir                         234.053006        5617.272     0.0
-----------------------------------------------------------------------------
 Total                                                54441951.987   100.0
-----------------------------------------------------------------------------


    D O M A I N   D E C O M P O S I T I O N   S T A T I S T I C S

 av. #atoms communicated per step for force:  2 x 19840.5
 av. #atoms communicated per step for LINCS:  2 x 1265.3


Dynamic load balancing report:
 DLB was turned on during the run due to measured imbalance.
 Average load imbalance: 5.2%.
 The balanceable part of the MD step is 83%, load imbalance is computed from this.
 Part of the total run time spent waiting due to load imbalance: 4.3%.
 Steps where the load balancing was limited by -rdd, -rcon and/or -dds: X 0 % Y 0 %
 Average PME mesh/force load: 0.744
 Part of the total run time spent waiting due to PP/PME imbalance: 6.1 %

NOTE: 6.1 % performance was lost because the PME ranks
      had less work to do than the PP ranks.
      You might want to decrease the number of PME ranks
      or decrease the cut-off and the grid spacing.


     R E A L   C Y C L E   A N D   T I M E   A C C O U N T I N G

On 20 MPI ranks doing PP, and
on 8 MPI ranks doing PME

 Computing:          Num   Num      Call    Wall time         Giga-Cycles
                     Ranks Threads  Count      (s)         total sum    %
-----------------------------------------------------------------------------
 Domain decomp.        20    1       5000       2.212        114.734   0.7
 DD comm. load         20    1       5000       0.012          0.605   0.0
 DD comm. bounds       20    1       4798       1.193         61.901   0.4
 Send X to PME         20    1     500001       4.063        210.810   1.2
 Neighbor search       20    1       5001       3.212        166.621   1.0
 Comm. coord.          20    1     495000      10.536        546.602   3.1
 Force                 20    1     500001     174.077       9030.984  51.9
 Wait + Comm. F        20    1     500001      18.224        945.458   5.4
 PME mesh *             8    1     500001     146.774       3045.804  17.5
 PME wait for PP *                             92.978       1929.447  11.1
 Wait + Recv. PME F    20    1     500001       2.038        105.739   0.6
 NB X/F buffer ops.    20    1    1490001       4.155        215.547   1.2
 Write traj.           20    1        101       0.043          2.236   0.0
 Update                20    1     500001       1.758         91.211   0.5
 Constraints           20    1     500001      15.299        793.717   4.6
 Comm. energies        20    1      50001       1.004         52.106   0.3
 Rest                                           1.935        100.362   0.6
-----------------------------------------------------------------------------
 Total                                        239.761      17414.086 100.0
-----------------------------------------------------------------------------
(*) Note that with separate PME ranks, the walltime column actually sums to
    twice the total reported, but the cycle count total and % are correct.
-----------------------------------------------------------------------------
 Breakdown of PME mesh computation
-----------------------------------------------------------------------------
 PME redist. X/F        8    1    1000002      25.035        519.515   3.0
 PME spread             8    1     500001      34.370        713.242   4.1
 PME gather             8    1     500001      38.350        795.822   4.6
 PME 3D-FFT             8    1    1000002      20.243        420.073   2.4
 PME 3D-FFT Comm.       8    1    2000004      23.720        492.234   2.8
 PME solve Elec         8    1     500001       4.650         96.487   0.6
-----------------------------------------------------------------------------

               Core t (s)   Wall t (s)        (%)
       Time:     6713.283      239.761     2800.0
                 (ns/day)    (hour/ns)
Performance:      360.360        0.067
Finished mdrun on rank 0 Thu Jul  4 08:25:11 2024

