                      :-) GROMACS - mdrun_mpi, 2021.2 (-:

                            GROMACS is written by:
     Andrey Alekseenko              Emile Apol              Rossen Apostolov     
         Paul Bauer           Herman J.C. Berendsen           Par Bjelkmar       
       Christian Blau           Viacheslav Bolnykh             Kevin Boyd        
     Aldert van Buuren           Rudi van Drunen             Anton Feenstra      
    Gilles Gouaillardet             Alan Gray               Gerrit Groenhof      
       Anca Hamuraru            Vincent Hindriksen          M. Eric Irrgang      
      Aleksei Iupinov           Christoph Junghans             Joe Jordan        
    Dimitrios Karkoulis            Peter Kasson                Jiri Kraus        
      Carsten Kutzner              Per Larsson              Justin A. Lemkul     
       Viveca Lindahl            Magnus Lundborg             Erik Marklund       
        Pascal Merz             Pieter Meulenhoff            Teemu Murtola       
        Szilard Pall               Sander Pronk              Roland Schulz       
       Michael Shirts            Alexey Shvetsov             Alfons Sijbers      
       Peter Tieleman              Jon Vincent              Teemu Virolainen     
     Christian Wennberg            Maarten Wolf              Artem Zhmurov       
                           and the project leaders:
        Mark Abraham, Berk Hess, Erik Lindahl, and David van der Spoel

Copyright (c) 1991-2000, University of Groningen, The Netherlands.
Copyright (c) 2001-2019, The GROMACS development team at
Uppsala University, Stockholm University and
the Royal Institute of Technology, Sweden.
check out http://www.gromacs.org for more information.

GROMACS is free software; you can redistribute it and/or modify it
under the terms of the GNU Lesser General Public License
as published by the Free Software Foundation; either version 2.1
of the License, or (at your option) any later version.

GROMACS:      mdrun_mpi, version 2021.2
Executable:   /gpfs/opt/apps/gromacs-2021.2/bin/mdrun_mpi
Data prefix:  /gpfs/opt/apps/gromacs-2021.2
Working dir:  /gpfs/work/tur54445/git/peptoid_24summer/peptoid/19AE1-4-A/GAFF/protonated/gaff1
Process ID:   12362
Command line:
  mdrun_mpi -s prod.tpr -deffnm prod

GROMACS version:    2021.2
Verified release checksum is d91a739522d82c53dc47c2276b9ac5fae3b2119283e84e3a1c7bed8ce741fda2
Precision:          mixed
Memory model:       64 bit
MPI library:        MPI
OpenMP support:     enabled (GMX_OPENMP_MAX_THREADS = 64)
GPU support:        disabled
SIMD instructions:  SSE4.1
FFT library:        fftw-3.3.3-sse2
RDTSCP usage:       enabled
TNG support:        enabled
Hwloc support:      disabled
Tracing support:    disabled
C compiler:         /gpfs/opt/base/openmpi-2.1.1/bin/mpicc GNU 8.4.0
C compiler flags:   -msse4.1 -Wno-missing-field-initializers -fexcess-precision=fast -funroll-all-loops -O3 -DNDEBUG
C++ compiler:       /gpfs/opt/base/openmpi-2.1.1/bin/mpicxx GNU 8.4.0
C++ compiler flags: -msse4.1 -Wno-missing-field-initializers -fexcess-precision=fast -funroll-all-loops -fopenmp -O3 -DNDEBUG


Running on 1 node with total 28 cores, 28 logical cores
Hardware detected on host b163 (the node of MPI rank 0):
  CPU info:
    Vendor: Intel
    Brand:  Intel(R) Xeon(R) CPU E5-2690 v4 @ 2.60GHz
    Family: 6   Model: 79   Stepping: 1
    Features: aes apic avx avx2 clfsh cmov cx8 cx16 f16c fma hle htt intel lahf mmx msr nonstop_tsc pcid pclmuldq pdcm pdpe1gb popcnt pse rdrnd rdtscp rtm sse2 sse3 sse4.1 sse4.2 ssse3 tdt x2apic
  Hardware topology: Basic
    Sockets, cores, and logical processors:
      Socket  0: [   0] [   2] [   4] [   6] [   8] [  10] [  12] [  14] [  16] [  18] [  20] [  22] [  24] [  26]
      Socket  1: [   1] [   3] [   5] [   7] [   9] [  11] [  13] [  15] [  17] [  19] [  21] [  23] [  25] [  27]

Highest SIMD level requested by all nodes in run: AVX2_256
SIMD instructions selected at compile time:       SSE4.1
This program was compiled for different hardware than you are running on,
which could influence performance.

++++ PLEASE READ AND CITE THE FOLLOWING REFERENCE ++++
M. J. Abraham, T. Murtola, R. Schulz, S. Páll, J. C. Smith, B. Hess, E.
Lindahl
GROMACS: High performance molecular simulations through multi-level
parallelism from laptops to supercomputers
SoftwareX 1 (2015) pp. 19-25
-------- -------- --- Thank You --- -------- --------


++++ PLEASE READ AND CITE THE FOLLOWING REFERENCE ++++
S. Páll, M. J. Abraham, C. Kutzner, B. Hess, E. Lindahl
Tackling Exascale Software Challenges in Molecular Dynamics Simulations with
GROMACS
In S. Markidis & E. Laure (Eds.), Solving Software Challenges for Exascale 8759 (2015) pp. 3-27
-------- -------- --- Thank You --- -------- --------


++++ PLEASE READ AND CITE THE FOLLOWING REFERENCE ++++
S. Pronk, S. Páll, R. Schulz, P. Larsson, P. Bjelkmar, R. Apostolov, M. R.
Shirts, J. C. Smith, P. M. Kasson, D. van der Spoel, B. Hess, and E. Lindahl
GROMACS 4.5: a high-throughput and highly parallel open source molecular
simulation toolkit
Bioinformatics 29 (2013) pp. 845-54
-------- -------- --- Thank You --- -------- --------


++++ PLEASE READ AND CITE THE FOLLOWING REFERENCE ++++
B. Hess and C. Kutzner and D. van der Spoel and E. Lindahl
GROMACS 4: Algorithms for highly efficient, load-balanced, and scalable
molecular simulation
J. Chem. Theory Comput. 4 (2008) pp. 435-447
-------- -------- --- Thank You --- -------- --------


++++ PLEASE READ AND CITE THE FOLLOWING REFERENCE ++++
D. van der Spoel, E. Lindahl, B. Hess, G. Groenhof, A. E. Mark and H. J. C.
Berendsen
GROMACS: Fast, Flexible and Free
J. Comp. Chem. 26 (2005) pp. 1701-1719
-------- -------- --- Thank You --- -------- --------


++++ PLEASE READ AND CITE THE FOLLOWING REFERENCE ++++
E. Lindahl and B. Hess and D. van der Spoel
GROMACS 3.0: A package for molecular simulation and trajectory analysis
J. Mol. Mod. 7 (2001) pp. 306-317
-------- -------- --- Thank You --- -------- --------


++++ PLEASE READ AND CITE THE FOLLOWING REFERENCE ++++
H. J. C. Berendsen, D. van der Spoel and R. van Drunen
GROMACS: A message-passing parallel molecular dynamics implementation
Comp. Phys. Comm. 91 (1995) pp. 43-56
-------- -------- --- Thank You --- -------- --------


++++ PLEASE CITE THE DOI FOR THIS VERSION OF GROMACS ++++
https://doi.org/10.5281/zenodo.4723562
-------- -------- --- Thank You --- -------- --------


The number of OpenMP threads was set by environment variable OMP_NUM_THREADS to 1

Input Parameters:
   integrator                     = md
   tinit                          = 0
   dt                             = 0.002
   nsteps                         = 500000
   init-step                      = 0
   simulation-part                = 1
   mts                            = false
   comm-mode                      = Linear
   nstcomm                        = 100
   bd-fric                        = 0
   ld-seed                        = -645932257
   emtol                          = 10
   emstep                         = 0.01
   niter                          = 20
   fcstep                         = 0
   nstcgsteep                     = 1000
   nbfgscorr                      = 10
   rtpi                           = 0.05
   nstxout                        = 0
   nstvout                        = 0
   nstfout                        = 0
   nstlog                         = 5000
   nstcalcenergy                  = 100
   nstenergy                      = 5000
   nstxout-compressed             = 5000
   compressed-x-precision         = 1000
   cutoff-scheme                  = Verlet
   nstlist                        = 10
   pbc                            = xyz
   periodic-molecules             = false
   verlet-buffer-tolerance        = 0.005
   rlist                          = 1
   coulombtype                    = PME
   coulomb-modifier               = Potential-shift
   rcoulomb-switch                = 0
   rcoulomb                       = 1
   epsilon-r                      = 1
   epsilon-rf                     = inf
   vdw-type                       = Cut-off
   vdw-modifier                   = Potential-shift
   rvdw-switch                    = 0
   rvdw                           = 1
   DispCorr                       = EnerPres
   table-extension                = 1
   fourierspacing                 = 0.16
   fourier-nx                     = 24
   fourier-ny                     = 24
   fourier-nz                     = 24
   pme-order                      = 4
   ewald-rtol                     = 1e-05
   ewald-rtol-lj                  = 0.001
   lj-pme-comb-rule               = Geometric
   ewald-geometry                 = 0
   epsilon-surface                = 0
   tcoupl                         = V-rescale
   nsttcouple                     = 10
   nh-chain-length                = 0
   print-nose-hoover-chain-variables = false
   pcoupl                         = Parrinello-Rahman
   pcoupltype                     = Isotropic
   nstpcouple                     = 10
   tau-p                          = 2
   compressibility (3x3):
      compressibility[    0]={ 4.50000e-05,  0.00000e+00,  0.00000e+00}
      compressibility[    1]={ 0.00000e+00,  4.50000e-05,  0.00000e+00}
      compressibility[    2]={ 0.00000e+00,  0.00000e+00,  4.50000e-05}
   ref-p (3x3):
      ref-p[    0]={ 1.00000e+00,  0.00000e+00,  0.00000e+00}
      ref-p[    1]={ 0.00000e+00,  1.00000e+00,  0.00000e+00}
      ref-p[    2]={ 0.00000e+00,  0.00000e+00,  1.00000e+00}
   refcoord-scaling               = No
   posres-com (3):
      posres-com[0]= 0.00000e+00
      posres-com[1]= 0.00000e+00
      posres-com[2]= 0.00000e+00
   posres-comB (3):
      posres-comB[0]= 0.00000e+00
      posres-comB[1]= 0.00000e+00
      posres-comB[2]= 0.00000e+00
   QMMM                           = false
qm-opts:
   ngQM                           = 0
   constraint-algorithm           = Lincs
   continuation                   = true
   Shake-SOR                      = false
   shake-tol                      = 0.0001
   lincs-order                    = 4
   lincs-iter                     = 1
   lincs-warnangle                = 30
   nwall                          = 0
   wall-type                      = 9-3
   wall-r-linpot                  = -1
   wall-atomtype[0]               = -1
   wall-atomtype[1]               = -1
   wall-density[0]                = 0
   wall-density[1]                = 0
   wall-ewald-zfac                = 3
   pull                           = false
   awh                            = false
   rotation                       = false
   interactiveMD                  = false
   disre                          = No
   disre-weighting                = Conservative
   disre-mixed                    = false
   dr-fc                          = 1000
   dr-tau                         = 0
   nstdisreout                    = 100
   orire-fc                       = 0
   orire-tau                      = 0
   nstorireout                    = 100
   free-energy                    = no
   cos-acceleration               = 0
   deform (3x3):
      deform[    0]={ 0.00000e+00,  0.00000e+00,  0.00000e+00}
      deform[    1]={ 0.00000e+00,  0.00000e+00,  0.00000e+00}
      deform[    2]={ 0.00000e+00,  0.00000e+00,  0.00000e+00}
   simulated-tempering            = false
   swapcoords                     = no
   userint1                       = 0
   userint2                       = 0
   userint3                       = 0
   userint4                       = 0
   userreal1                      = 0
   userreal2                      = 0
   userreal3                      = 0
   userreal4                      = 0
   applied-forces:
     electric-field:
       x:
         E0                       = 0
         omega                    = 0
         t0                       = 0
         sigma                    = 0
       y:
         E0                       = 0
         omega                    = 0
         t0                       = 0
         sigma                    = 0
       z:
         E0                       = 0
         omega                    = 0
         t0                       = 0
         sigma                    = 0
     density-guided-simulation:
       active                     = false
       group                      = protein
       similarity-measure         = inner-product
       atom-spreading-weight      = unity
       force-constant             = 1e+09
       gaussian-transform-spreading-width = 0.2
       gaussian-transform-spreading-range-in-multiples-of-width = 4
       reference-density-filename = reference.mrc
       nst                        = 1
       normalize-densities        = true
       adaptive-force-scaling     = false
       adaptive-force-scaling-time-constant = 4
grpopts:
   nrdf:     6.99795       10218
   ref-t:         300         300
   tau-t:         0.1         0.1
annealing:          No          No
annealing-npoints:           0           0
   acc:	           0           0           0
   nfreeze:           N           N           N
   energygrp-flags[  0]: 0

Changing nstlist from 10 to 50, rlist from 1 to 1.11


Initializing Domain Decomposition on 28 ranks
Dynamic load balancing: auto
Minimum cell size due to atom displacement: 0.451 nm
Initial maximum distances in bonded interactions:
    two-body bonded interactions: 0.401 nm, LJ-14, atoms 5 28
  multi-body bonded interactions: 0.401 nm, Proper Dih., atoms 5 28
Minimum cell size due to bonded interactions: 0.441 nm
Maximum distance for 5 constraints, at 120 deg. angles, all-trans: 0.219 nm
Estimated maximum distance required for P-LINCS: 0.219 nm
Scaling the initial minimum size with 1/0.8 (option -dds) = 1.25
Guess for relative PME load: 0.12
Will use 24 particle-particle and 4 PME only ranks
This is a guess, check the performance at the end of the log file
Using 4 separate PME ranks, as guessed by mdrun
Optimizing the DD grid for 24 cells with a minimum initial size of 0.564 nm
The maximum allowed number of cells is: X 6 Y 6 Z 6
Domain decomposition grid 4 x 6 x 1, separate PME ranks 4
PME domain decomposition: 4 x 1 x 1
Interleaving PP and PME ranks
This rank does only particle-particle work.
Domain decomposition rank 0, coordinates 0 0 0

The initial number of communication pulses is: X 2 Y 2
The initial domain decomposition cell size is: X 0.93 nm Y 0.62 nm

The maximum allowed distance for atoms involved in interactions is:
                 non-bonded interactions           1.110 nm
(the following are initial values, they could change due to box deformation)
            two-body bonded interactions  (-rdd)   1.110 nm
          multi-body bonded interactions  (-rdd)   0.618 nm
  atoms separated by up to 5 constraints  (-rcon)  0.618 nm

When dynamic load balancing gets turned on, these settings will change to:
The maximum number of communication pulses is: X 3 Y 3
The minimum size for domain decomposition cells is 0.495 nm
The requested allowed shrink of DD cells (option -dds) is: 0.80
The allowed shrink of domain decomposition cells is: X 0.53 Y 0.80
The maximum allowed distance for atoms involved in interactions is:
                 non-bonded interactions           1.110 nm
            two-body bonded interactions  (-rdd)   1.110 nm
          multi-body bonded interactions  (-rdd)   0.495 nm
  atoms separated by up to 5 constraints  (-rcon)  0.495 nm

Using 28 MPI processes

Non-default thread affinity set, disabling internal thread affinity

Using 1 OpenMP thread per MPI process

System total charge: 0.000
Will do PME sum in reciprocal space for electrostatic interactions.

++++ PLEASE READ AND CITE THE FOLLOWING REFERENCE ++++
U. Essmann, L. Perera, M. L. Berkowitz, T. Darden, H. Lee and L. G. Pedersen 
A smooth particle mesh Ewald method
J. Chem. Phys. 103 (1995) pp. 8577-8592
-------- -------- --- Thank You --- -------- --------

Using a Gaussian width (1/beta) of 0.320163 nm for Ewald
Potential shift: LJ r^-12: -1.000e+00 r^-6: -1.000e+00, Ewald -1.000e-05
Initialized non-bonded Ewald tables, spacing: 9.33e-04 size: 1073

Generated table with 1055 data points for 1-4 COUL.
Tabscale = 500 points/nm
Generated table with 1055 data points for 1-4 LJ6.
Tabscale = 500 points/nm
Generated table with 1055 data points for 1-4 LJ12.
Tabscale = 500 points/nm
Long Range LJ corr.: <C6> 2.8454e-04


Using SIMD 4x4 nonbonded short-range kernels

Using a dual 4x4 pair-list setup updated with dynamic pruning:
  outer list: updated every 50 steps, buffer 0.110 nm, rlist 1.110 nm
  inner list: updated every 12 steps, buffer 0.003 nm, rlist 1.003 nm
At tolerance 0.005 kJ/mol/ps per atom, equivalent classical 1x1 list would be:
  outer list: updated every 50 steps, buffer 0.236 nm, rlist 1.236 nm
  inner list: updated every 12 steps, buffer 0.048 nm, rlist 1.048 nm

Using Lorentz-Berthelot Lennard-Jones combination rule

Initializing Parallel LINear Constraint Solver

++++ PLEASE READ AND CITE THE FOLLOWING REFERENCE ++++
B. Hess
P-LINCS: A Parallel Linear Constraint Solver for molecular simulation
J. Chem. Theory Comput. 4 (2008) pp. 116-122
-------- -------- --- Thank You --- -------- --------

The number of constraints is 44
There are constraints between atoms in different decomposition domains,
will communicate selected coordinates each lincs iteration

++++ PLEASE READ AND CITE THE FOLLOWING REFERENCE ++++
S. Miyamoto and P. A. Kollman
SETTLE: An Analytical Version of the SHAKE and RATTLE Algorithms for Rigid
Water Models
J. Comp. Chem. 13 (1992) pp. 952-962
-------- -------- --- Thank You --- -------- --------


Linking all bonded interactions to atoms


Intra-simulation communication will occur every 10 steps.

++++ PLEASE READ AND CITE THE FOLLOWING REFERENCE ++++
G. Bussi, D. Donadio and M. Parrinello
Canonical sampling through velocity rescaling
J. Chem. Phys. 126 (2007) pp. 014101
-------- -------- --- Thank You --- -------- --------

There are: 5093 Atoms
Atom distribution over 24 domains: av 212 stddev 12 min 193 max 223
Center of mass motion removal mode is Linear
We have the following groups for center of mass motion removal:
  0:  rest

Started mdrun on rank 0 Fri Jun 28 10:04:43 2024

           Step           Time
              0        0.00000

   Energies (kJ/mol)
           Bond          Angle    Proper Dih.  Improper Dih.          LJ-14
    6.92397e+01    1.44603e+02    1.52992e+02    1.06771e+01    8.00137e+01
     Coulomb-14        LJ (SR)  Disper. corr.   Coulomb (SR)   Coul. recip.
    8.24957e+02    1.11879e+04   -6.04735e+02   -8.07468e+04    4.61155e+02
      Potential    Kinetic En.   Total Energy  Conserved En.    Temperature
   -6.84199e+04    1.28989e+04   -5.55210e+04   -5.55180e+04    3.03448e+02
 Pres. DC (bar) Pressure (bar)   Constr. rmsd
   -1.96898e+02    1.08947e+03    1.96515e-06


DD  step 49 load imb.: force 15.0%  pme mesh/force 1.130

step 150 Turning on dynamic load balancing, because the performance loss due to load imbalance is 5.9 %.

DD  step 4999  vol min/aver 0.934  load imb.: force  6.5%  pme mesh/force 0.887
           Step           Time
           5000       10.00000

   Energies (kJ/mol)
           Bond          Angle    Proper Dih.  Improper Dih.          LJ-14
    5.48928e+01    1.79825e+02    1.70248e+02    9.51583e+00    8.12759e+01
     Coulomb-14        LJ (SR)  Disper. corr.   Coulomb (SR)   Coul. recip.
    8.33885e+02    1.05382e+04   -6.02611e+02   -7.99943e+04    4.79711e+02
      Potential    Kinetic En.   Total Energy  Conserved En.    Temperature
   -6.82493e+04    1.31229e+04   -5.51264e+04   -5.55108e+04    3.08717e+02
 Pres. DC (bar) Pressure (bar)   Constr. rmsd
   -1.95520e+02    2.82735e+02    5.91841e-06


DD  step 9999  vol min/aver 0.930  load imb.: force  6.2%  pme mesh/force 0.882
           Step           Time
          10000       20.00000

   Energies (kJ/mol)
           Bond          Angle    Proper Dih.  Improper Dih.          LJ-14
    7.31524e+01    1.48490e+02    1.60165e+02    7.83885e+00    6.44487e+01
     Coulomb-14        LJ (SR)  Disper. corr.   Coulomb (SR)   Coul. recip.
    8.28311e+02    1.02221e+04   -6.01471e+02   -8.00660e+04    4.70540e+02
      Potential    Kinetic En.   Total Energy  Conserved En.    Temperature
   -6.86925e+04    1.26039e+04   -5.60885e+04   -5.55014e+04    2.96509e+02
 Pres. DC (bar) Pressure (bar)   Constr. rmsd
   -1.94781e+02   -5.42887e+02    1.91268e-06


DD  step 14999  vol min/aver 0.941  load imb.: force  5.6%  pme mesh/force 0.917
           Step           Time
          15000       30.00000

   Energies (kJ/mol)
           Bond          Angle    Proper Dih.  Improper Dih.          LJ-14
    6.86250e+01    1.25683e+02    1.58956e+02    1.00546e+01    7.27035e+01
     Coulomb-14        LJ (SR)  Disper. corr.   Coulomb (SR)   Coul. recip.
    8.16142e+02    1.04947e+04   -5.93414e+02   -7.96989e+04    4.72743e+02
      Potential    Kinetic En.   Total Energy  Conserved En.    Temperature
   -6.80727e+04    1.26563e+04   -5.54164e+04   -5.54908e+04    2.97741e+02
 Pres. DC (bar) Pressure (bar)   Constr. rmsd
   -1.89604e+02    4.67062e+01    2.42250e-06


DD  step 19999  vol min/aver 0.892  load imb.: force  5.2%  pme mesh/force 0.913
           Step           Time
          20000       40.00000

   Energies (kJ/mol)
           Bond          Angle    Proper Dih.  Improper Dih.          LJ-14
    5.57183e+01    1.82152e+02    1.50334e+02    4.84162e+00    6.89122e+01
     Coulomb-14        LJ (SR)  Disper. corr.   Coulomb (SR)   Coul. recip.
    8.20550e+02    1.02008e+04   -6.01370e+02   -7.97270e+04    4.47081e+02
      Potential    Kinetic En.   Total Energy  Conserved En.    Temperature
   -6.83980e+04    1.26379e+04   -5.57600e+04   -5.54882e+04    2.97309e+02
 Pres. DC (bar) Pressure (bar)   Constr. rmsd
   -1.94716e+02   -2.85199e+02    2.37632e-06


DD  load balancing is limited by minimum cell size in dimension Y
DD  step 24999  vol min/aver 0.866! load imb.: force  8.6%  pme mesh/force 0.862
           Step           Time
          25000       50.00000

   Energies (kJ/mol)
           Bond          Angle    Proper Dih.  Improper Dih.          LJ-14
    6.40457e+01    1.49003e+02    1.68110e+02    6.92324e+00    7.36311e+01
     Coulomb-14        LJ (SR)  Disper. corr.   Coulomb (SR)   Coul. recip.
    8.20195e+02    1.06711e+04   -6.04892e+02   -8.04140e+04    4.77092e+02
      Potential    Kinetic En.   Total Energy  Conserved En.    Temperature
   -6.85888e+04    1.27906e+04   -5.57981e+04   -5.54663e+04    3.00901e+02
 Pres. DC (bar) Pressure (bar)   Constr. rmsd
   -1.97001e+02    2.67901e+02    3.00746e-06


DD  step 29999  vol min/aver 0.895  load imb.: force  7.4%  pme mesh/force 0.884
           Step           Time
          30000       60.00000

   Energies (kJ/mol)
           Bond          Angle    Proper Dih.  Improper Dih.          LJ-14
    6.70921e+01    1.36229e+02    1.66251e+02    5.70820e+00    7.46461e+01
     Coulomb-14        LJ (SR)  Disper. corr.   Coulomb (SR)   Coul. recip.
    8.33873e+02    1.06454e+04   -5.97953e+02   -8.05591e+04    4.52619e+02
      Potential    Kinetic En.   Total Energy  Conserved En.    Temperature
   -6.87752e+04    1.31186e+04   -5.56567e+04   -5.54497e+04    3.08616e+02
 Pres. DC (bar) Pressure (bar)   Constr. rmsd
   -1.92512e+02   -1.40272e+02    1.81411e-06


DD  step 34999  vol min/aver 0.902  load imb.: force  4.7%  pme mesh/force 0.903
           Step           Time
          35000       70.00000

   Energies (kJ/mol)
           Bond          Angle    Proper Dih.  Improper Dih.          LJ-14
    6.28537e+01    1.57877e+02    1.57970e+02    7.35213e+00    6.71264e+01
     Coulomb-14        LJ (SR)  Disper. corr.   Coulomb (SR)   Coul. recip.
    8.33891e+02    1.09775e+04   -6.02147e+02   -8.07225e+04    4.94260e+02
      Potential    Kinetic En.   Total Energy  Conserved En.    Temperature
   -6.85658e+04    1.27980e+04   -5.57678e+04   -5.54395e+04    3.01074e+02
 Pres. DC (bar) Pressure (bar)   Constr. rmsd
   -1.95219e+02    4.07779e+02    4.25504e-06


DD  step 39999  vol min/aver 0.903  load imb.: force  6.2%  pme mesh/force 0.896
           Step           Time
          40000       80.00000

   Energies (kJ/mol)
           Bond          Angle    Proper Dih.  Improper Dih.          LJ-14
    7.35288e+01    1.60883e+02    1.82708e+02    9.25655e+00    6.70907e+01
     Coulomb-14        LJ (SR)  Disper. corr.   Coulomb (SR)   Coul. recip.
    7.98942e+02    1.06308e+04   -6.04049e+02   -8.00802e+04    4.27788e+02
      Potential    Kinetic En.   Total Energy  Conserved En.    Temperature
   -6.83332e+04    1.26227e+04   -5.57105e+04   -5.54461e+04    2.96952e+02
 Pres. DC (bar) Pressure (bar)   Constr. rmsd
   -1.96453e+02    1.71087e+02    3.71311e-06


DD  load balancing is limited by minimum cell size in dimension Y
DD  step 44999  vol min/aver 0.866! load imb.: force  9.1%  pme mesh/force 0.873
           Step           Time
          45000       90.00000

   Energies (kJ/mol)
           Bond          Angle    Proper Dih.  Improper Dih.          LJ-14
    6.36947e+01    1.61230e+02    1.65341e+02    2.05206e+01    6.93551e+01
     Coulomb-14        LJ (SR)  Disper. corr.   Coulomb (SR)   Coul. recip.
    8.10067e+02    1.00779e+04   -5.99311e+02   -7.94220e+04    4.69665e+02
      Potential    Kinetic En.   Total Energy  Conserved En.    Temperature
   -6.81836e+04    1.27152e+04   -5.54684e+04   -5.54340e+04    2.99127e+02
 Pres. DC (bar) Pressure (bar)   Constr. rmsd
   -1.93386e+02   -5.50426e+02    2.42105e-06


DD  step 49999  vol min/aver 0.900  load imb.: force  3.4%  pme mesh/force 0.925
           Step           Time
          50000      100.00000

   Energies (kJ/mol)
           Bond          Angle    Proper Dih.  Improper Dih.          LJ-14
    6.43436e+01    1.49479e+02    1.70377e+02    7.47633e+00    6.33696e+01
     Coulomb-14        LJ (SR)  Disper. corr.   Coulomb (SR)   Coul. recip.
    7.91769e+02    1.05168e+04   -5.97748e+02   -8.02163e+04    4.94423e+02
      Potential    Kinetic En.   Total Energy  Conserved En.    Temperature
   -6.85561e+04    1.22771e+04   -5.62790e+04   -5.54193e+04    2.88820e+02
 Pres. DC (bar) Pressure (bar)   Constr. rmsd
   -1.92380e+02   -2.71806e+02    3.60999e-06


DD  step 54999  vol min/aver 0.929  load imb.: force  5.1%  pme mesh/force 0.907
           Step           Time
          55000      110.00000

   Energies (kJ/mol)
           Bond          Angle    Proper Dih.  Improper Dih.          LJ-14
    6.10825e+01    1.94928e+02    1.53207e+02    5.64319e+00    7.48695e+01
     Coulomb-14        LJ (SR)  Disper. corr.   Coulomb (SR)   Coul. recip.
    8.29592e+02    1.05304e+04   -5.95098e+02   -7.97821e+04    4.83905e+02
      Potential    Kinetic En.   Total Energy  Conserved En.    Temperature
   -6.80436e+04    1.26411e+04   -5.54025e+04   -5.54023e+04    2.97384e+02
 Pres. DC (bar) Pressure (bar)   Constr. rmsd
   -1.90680e+02    6.44863e+01    1.46199e-06


DD  step 59999  vol min/aver 0.899  load imb.: force  5.2%  pme mesh/force 0.907
           Step           Time
          60000      120.00000

   Energies (kJ/mol)
           Bond          Angle    Proper Dih.  Improper Dih.          LJ-14
    6.02520e+01    1.22991e+02    1.57260e+02    1.06025e+01    7.18638e+01
     Coulomb-14        LJ (SR)  Disper. corr.   Coulomb (SR)   Coul. recip.
    8.27779e+02    1.10206e+04   -6.04645e+02   -8.04557e+04    4.72807e+02
      Potential    Kinetic En.   Total Energy  Conserved En.    Temperature
   -6.83161e+04    1.26368e+04   -5.56793e+04   -5.53913e+04    2.97283e+02
 Pres. DC (bar) Pressure (bar)   Constr. rmsd
   -1.96840e+02    6.92812e+02    2.48080e-06


DD  load balancing is limited by minimum cell size in dimension Y
DD  step 64999  vol min/aver 0.891! load imb.: force  8.2%  pme mesh/force 0.892
           Step           Time
          65000      130.00000

   Energies (kJ/mol)
           Bond          Angle    Proper Dih.  Improper Dih.          LJ-14
    6.13501e+01    1.57263e+02    1.65178e+02    1.19198e+01    7.47335e+01
     Coulomb-14        LJ (SR)  Disper. corr.   Coulomb (SR)   Coul. recip.
    8.23965e+02    1.04472e+04   -5.99280e+02   -7.99545e+04    4.79639e+02
      Potential    Kinetic En.   Total Energy  Conserved En.    Temperature
   -6.83325e+04    1.28780e+04   -5.54545e+04   -5.53867e+04    3.02958e+02
 Pres. DC (bar) Pressure (bar)   Constr. rmsd
   -1.93367e+02   -1.39254e+02    2.18726e-06


DD  step 69999  vol min/aver 0.900  load imb.: force  4.7%  pme mesh/force 0.906
           Step           Time
          70000      140.00000

   Energies (kJ/mol)
           Bond          Angle    Proper Dih.  Improper Dih.          LJ-14
    6.49800e+01    1.25709e+02    1.75371e+02    7.64096e+00    8.45644e+01
     Coulomb-14        LJ (SR)  Disper. corr.   Coulomb (SR)   Coul. recip.
    8.37719e+02    1.08263e+04   -5.99183e+02   -8.06909e+04    4.65673e+02
      Potential    Kinetic En.   Total Energy  Conserved En.    Temperature
   -6.87022e+04    1.26492e+04   -5.60530e+04   -5.53845e+04    2.97574e+02
 Pres. DC (bar) Pressure (bar)   Constr. rmsd
   -1.93304e+02    3.49006e+02    1.47457e-06


DD  step 74999  vol min/aver 0.877  load imb.: force  4.2%  pme mesh/force 0.868
           Step           Time
          75000      150.00000

   Energies (kJ/mol)
           Bond          Angle    Proper Dih.  Improper Dih.          LJ-14
    5.10071e+01    1.51412e+02    1.71294e+02    1.02069e+01    7.63692e+01
     Coulomb-14        LJ (SR)  Disper. corr.   Coulomb (SR)   Coul. recip.
    8.14932e+02    1.03162e+04   -5.94639e+02   -7.99539e+04    4.80802e+02
      Potential    Kinetic En.   Total Energy  Conserved En.    Temperature
   -6.84763e+04    1.25603e+04   -5.59160e+04   -5.53565e+04    2.95483e+02
 Pres. DC (bar) Pressure (bar)   Constr. rmsd
   -1.90387e+02   -2.41617e+02    2.03770e-06


DD  step 79999  vol min/aver 0.878  load imb.: force  5.6%  pme mesh/force 0.890
           Step           Time
          80000      160.00000

   Energies (kJ/mol)
           Bond          Angle    Proper Dih.  Improper Dih.          LJ-14
    4.05973e+01    1.11946e+02    1.57246e+02    3.00959e+00    8.16616e+01
     Coulomb-14        LJ (SR)  Disper. corr.   Coulomb (SR)   Coul. recip.
    8.16369e+02    1.03360e+04   -6.01904e+02   -8.01951e+04    4.56017e+02
      Potential    Kinetic En.   Total Energy  Conserved En.    Temperature
   -6.87942e+04    1.25705e+04   -5.62237e+04   -5.53468e+04    2.95722e+02
 Pres. DC (bar) Pressure (bar)   Constr. rmsd
   -1.95061e+02   -5.03498e+01    2.49480e-06


DD  step 84999  vol min/aver 0.917  load imb.: force  4.0%  pme mesh/force 0.917
           Step           Time
          85000      170.00000

   Energies (kJ/mol)
           Bond          Angle    Proper Dih.  Improper Dih.          LJ-14
    5.27873e+01    1.61896e+02    1.61442e+02    7.14444e+00    6.95397e+01
     Coulomb-14        LJ (SR)  Disper. corr.   Coulomb (SR)   Coul. recip.
    8.02431e+02    1.05973e+04   -5.99281e+02   -8.05999e+04    4.64845e+02
      Potential    Kinetic En.   Total Energy  Conserved En.    Temperature
   -6.88818e+04    1.27775e+04   -5.61043e+04   -5.53368e+04    3.00593e+02
 Pres. DC (bar) Pressure (bar)   Constr. rmsd
   -1.93367e+02   -1.47415e+02    3.05682e-06


DD  step 89999  vol min/aver 0.919  load imb.: force  8.4%  pme mesh/force 0.859
           Step           Time
          90000      180.00000

   Energies (kJ/mol)
           Bond          Angle    Proper Dih.  Improper Dih.          LJ-14
    5.77683e+01    1.18281e+02    1.51123e+02    1.64394e+01    7.71615e+01
     Coulomb-14        LJ (SR)  Disper. corr.   Coulomb (SR)   Coul. recip.
    8.10921e+02    1.01983e+04   -5.90620e+02   -7.95585e+04    5.17250e+02
      Potential    Kinetic En.   Total Energy  Conserved En.    Temperature
   -6.82019e+04    1.24548e+04   -5.57470e+04   -5.53161e+04    2.93002e+02
 Pres. DC (bar) Pressure (bar)   Constr. rmsd
   -1.87825e+02   -3.40866e+02    2.21707e-06


DD  step 94999  vol min/aver 0.926  load imb.: force  6.3%  pme mesh/force 0.896
           Step           Time
          95000      190.00000

   Energies (kJ/mol)
           Bond          Angle    Proper Dih.  Improper Dih.          LJ-14
    4.78855e+01    1.16026e+02    1.61741e+02    9.93315e+00    7.07920e+01
     Coulomb-14        LJ (SR)  Disper. corr.   Coulomb (SR)   Coul. recip.
    7.91183e+02    1.03034e+04   -6.00157e+02   -7.99056e+04    4.49116e+02
      Potential    Kinetic En.   Total Energy  Conserved En.    Temperature
   -6.85556e+04    1.26248e+04   -5.59309e+04   -5.53026e+04    2.97000e+02
 Pres. DC (bar) Pressure (bar)   Constr. rmsd
   -1.93932e+02   -6.58020e+01    1.41017e-06


DD  step 99999  vol min/aver 0.915  load imb.: force  6.5%  pme mesh/force 0.899
           Step           Time
         100000      200.00000

   Energies (kJ/mol)
           Bond          Angle    Proper Dih.  Improper Dih.          LJ-14
    5.65499e+01    1.40448e+02    1.70341e+02    1.15012e+01    6.84154e+01
     Coulomb-14        LJ (SR)  Disper. corr.   Coulomb (SR)   Coul. recip.
    7.97669e+02    1.05634e+04   -6.00385e+02   -8.06961e+04    4.58945e+02
      Potential    Kinetic En.   Total Energy  Conserved En.    Temperature
   -6.90292e+04    1.28659e+04   -5.61632e+04   -5.53011e+04    3.02673e+02
 Pres. DC (bar) Pressure (bar)   Constr. rmsd
   -1.94079e+02   -7.00430e+01    1.84230e-06


DD  step 104999  vol min/aver 0.880  load imb.: force  8.5%  pme mesh/force 0.846
           Step           Time
         105000      210.00000

   Energies (kJ/mol)
           Bond          Angle    Proper Dih.  Improper Dih.          LJ-14
    4.93027e+01    1.44887e+02    1.68517e+02    7.84700e+00    7.96797e+01
     Coulomb-14        LJ (SR)  Disper. corr.   Coulomb (SR)   Coul. recip.
    7.93943e+02    1.03073e+04   -5.95074e+02   -8.01246e+04    4.57096e+02
      Potential    Kinetic En.   Total Energy  Conserved En.    Temperature
   -6.87111e+04    1.25251e+04   -5.61861e+04   -5.52913e+04    2.94654e+02
 Pres. DC (bar) Pressure (bar)   Constr. rmsd
   -1.90665e+02   -1.80831e+02    2.60820e-06


DD  step 109999  vol min/aver 0.924  load imb.: force  5.6%  pme mesh/force 0.903
           Step           Time
         110000      220.00000

   Energies (kJ/mol)
           Bond          Angle    Proper Dih.  Improper Dih.          LJ-14
    6.36454e+01    1.71581e+02    1.53948e+02    1.89500e+01    7.58835e+01
     Coulomb-14        LJ (SR)  Disper. corr.   Coulomb (SR)   Coul. recip.
    7.81694e+02    1.08995e+04   -6.01506e+02   -8.05113e+04    4.70244e+02
      Potential    Kinetic En.   Total Energy  Conserved En.    Temperature
   -6.84773e+04    1.28243e+04   -5.56531e+04   -5.52705e+04    3.01693e+02
 Pres. DC (bar) Pressure (bar)   Constr. rmsd
   -1.94804e+02    5.91684e+02    3.80852e-06


DD  step 114999  vol min/aver 0.897  load imb.: force  5.7%  pme mesh/force 0.910
           Step           Time
         115000      230.00000

   Energies (kJ/mol)
           Bond          Angle    Proper Dih.  Improper Dih.          LJ-14
    7.58915e+01    1.56975e+02    1.54763e+02    7.22494e+00    7.08557e+01
     Coulomb-14        LJ (SR)  Disper. corr.   Coulomb (SR)   Coul. recip.
    8.19253e+02    1.09556e+04   -6.00178e+02   -8.08400e+04    5.24331e+02
      Potential    Kinetic En.   Total Energy  Conserved En.    Temperature
   -6.86752e+04    1.25593e+04   -5.61159e+04   -5.52641e+04    2.95460e+02
 Pres. DC (bar) Pressure (bar)   Constr. rmsd
   -1.93946e+02    2.73790e+02    1.19731e-06


DD  step 119999  vol min/aver 0.888  load imb.: force  5.8%  pme mesh/force 0.904
           Step           Time
         120000      240.00000

   Energies (kJ/mol)
           Bond          Angle    Proper Dih.  Improper Dih.          LJ-14
    6.38582e+01    1.05656e+02    1.89070e+02    6.91964e+00    7.60445e+01
     Coulomb-14        LJ (SR)  Disper. corr.   Coulomb (SR)   Coul. recip.
    8.36212e+02    1.03466e+04   -6.06606e+02   -8.01767e+04    4.44833e+02
      Potential    Kinetic En.   Total Energy  Conserved En.    Temperature
   -6.87141e+04    1.27484e+04   -5.59657e+04   -5.52664e+04    2.99909e+02
 Pres. DC (bar) Pressure (bar)   Constr. rmsd
   -1.98117e+02   -1.90884e+02    2.56539e-06


DD  step 124999  vol min/aver 0.907  load imb.: force  4.5%  pme mesh/force 0.916
           Step           Time
         125000      250.00000

   Energies (kJ/mol)
           Bond          Angle    Proper Dih.  Improper Dih.          LJ-14
    7.62391e+01    1.62050e+02    1.81435e+02    8.76175e+00    7.03282e+01
     Coulomb-14        LJ (SR)  Disper. corr.   Coulomb (SR)   Coul. recip.
    8.15541e+02    1.04951e+04   -5.96049e+02   -8.03575e+04    4.49955e+02
      Potential    Kinetic En.   Total Energy  Conserved En.    Temperature
   -6.86942e+04    1.27629e+04   -5.59313e+04   -5.52515e+04    3.00248e+02
 Pres. DC (bar) Pressure (bar)   Constr. rmsd
   -1.91290e+02   -1.68642e+01    1.85348e-06


DD  load balancing is limited by minimum cell size in dimension Y
DD  step 129999  vol min/aver 0.836! load imb.: force  5.3%  pme mesh/force 0.912
           Step           Time
         130000      260.00000

   Energies (kJ/mol)
           Bond          Angle    Proper Dih.  Improper Dih.          LJ-14
    3.59386e+01    1.40430e+02    1.59507e+02    4.47334e+00    7.87203e+01
     Coulomb-14        LJ (SR)  Disper. corr.   Coulomb (SR)   Coul. recip.
    8.17399e+02    1.09241e+04   -6.02611e+02   -8.06700e+04    4.55208e+02
      Potential    Kinetic En.   Total Energy  Conserved En.    Temperature
   -6.86569e+04    1.27660e+04   -5.58909e+04   -5.52481e+04    3.00322e+02
 Pres. DC (bar) Pressure (bar)   Constr. rmsd
   -1.95519e+02    6.12406e+02    3.02044e-06


DD  load balancing is limited by minimum cell size in dimension Y
DD  step 134999  vol min/aver 0.895! load imb.: force  5.3%  pme mesh/force 0.922
           Step           Time
         135000      270.00000

   Energies (kJ/mol)
           Bond          Angle    Proper Dih.  Improper Dih.          LJ-14
    6.37647e+01    1.34557e+02    1.71573e+02    1.22455e+01    6.83575e+01
     Coulomb-14        LJ (SR)  Disper. corr.   Coulomb (SR)   Coul. recip.
    8.30895e+02    1.02634e+04   -5.95983e+02   -7.90746e+04    5.01541e+02
      Potential    Kinetic En.   Total Energy  Conserved En.    Temperature
   -6.76242e+04    1.29413e+04   -5.46829e+04   -5.52451e+04    3.04446e+02
 Pres. DC (bar) Pressure (bar)   Constr. rmsd
   -1.91247e+02    1.33201e+02    2.30323e-06


DD  step 139999  vol min/aver 0.928  load imb.: force  7.3%  pme mesh/force 0.883
           Step           Time
         140000      280.00000

   Energies (kJ/mol)
           Bond          Angle    Proper Dih.  Improper Dih.          LJ-14
    4.53123e+01    1.37348e+02    1.90756e+02    9.95691e+00    6.93676e+01
     Coulomb-14        LJ (SR)  Disper. corr.   Coulomb (SR)   Coul. recip.
    8.30649e+02    1.10185e+04   -6.02800e+02   -8.03068e+04    4.48980e+02
      Potential    Kinetic En.   Total Energy  Conserved En.    Temperature
   -6.81587e+04    1.28694e+04   -5.52893e+04   -5.52236e+04    3.02754e+02
 Pres. DC (bar) Pressure (bar)   Constr. rmsd
   -1.95642e+02    7.71403e+02    2.63879e-06


DD  load balancing is limited by minimum cell size in dimension Y
DD  step 144999  vol min/aver 0.922! load imb.: force  7.2%  pme mesh/force 0.891
           Step           Time
         145000      290.00000

   Energies (kJ/mol)
           Bond          Angle    Proper Dih.  Improper Dih.          LJ-14
    4.68927e+01    1.41813e+02    1.71666e+02    1.20431e+01    8.20775e+01
     Coulomb-14        LJ (SR)  Disper. corr.   Coulomb (SR)   Coul. recip.
    8.08305e+02    1.05205e+04   -5.99416e+02   -8.04992e+04    4.78918e+02
      Potential    Kinetic En.   Total Energy  Conserved En.    Temperature
   -6.88364e+04    1.26830e+04   -5.61535e+04   -5.51916e+04    2.98368e+02
 Pres. DC (bar) Pressure (bar)   Constr. rmsd
   -1.93454e+02   -2.17747e+02    1.38738e-06


DD  step 149999  vol min/aver 0.919  load imb.: force  5.7%  pme mesh/force 0.907
           Step           Time
         150000      300.00000

   Energies (kJ/mol)
           Bond          Angle    Proper Dih.  Improper Dih.          LJ-14
    7.37150e+01    1.29995e+02    1.67347e+02    5.77681e+00    7.24210e+01
     Coulomb-14        LJ (SR)  Disper. corr.   Coulomb (SR)   Coul. recip.
    8.12522e+02    1.02505e+04   -5.99818e+02   -7.97536e+04    4.70537e+02
      Potential    Kinetic En.   Total Energy  Conserved En.    Temperature
   -6.83706e+04    1.27877e+04   -5.55829e+04   -5.51880e+04    3.00832e+02
 Pres. DC (bar) Pressure (bar)   Constr. rmsd
   -1.93714e+02   -3.54231e+01    2.83137e-06


DD  step 154999  vol min/aver 0.917  load imb.: force  5.3%  pme mesh/force 0.891
           Step           Time
         155000      310.00000

   Energies (kJ/mol)
           Bond          Angle    Proper Dih.  Improper Dih.          LJ-14
    6.14799e+01    1.69499e+02    1.74581e+02    1.06461e+01    7.74823e+01
     Coulomb-14        LJ (SR)  Disper. corr.   Coulomb (SR)   Coul. recip.
    8.20938e+02    1.04466e+04   -5.98560e+02   -7.99928e+04    5.13472e+02
      Potential    Kinetic En.   Total Energy  Conserved En.    Temperature
   -6.83167e+04    1.31866e+04   -5.51301e+04   -5.51736e+04    3.10216e+02
 Pres. DC (bar) Pressure (bar)   Constr. rmsd
   -1.92903e+02    1.19203e+01    2.50900e-06


DD  step 159999  vol min/aver 0.918  load imb.: force  8.0%  pme mesh/force 0.886
           Step           Time
         160000      320.00000

   Energies (kJ/mol)
           Bond          Angle    Proper Dih.  Improper Dih.          LJ-14
    3.81305e+01    1.49577e+02    1.67661e+02    1.07818e+01    7.73033e+01
     Coulomb-14        LJ (SR)  Disper. corr.   Coulomb (SR)   Coul. recip.
    8.22020e+02    1.00305e+04   -5.99272e+02   -7.97508e+04    4.55534e+02
      Potential    Kinetic En.   Total Energy  Conserved En.    Temperature
   -6.85986e+04    1.28513e+04   -5.57473e+04   -5.51725e+04    3.02330e+02
 Pres. DC (bar) Pressure (bar)   Constr. rmsd
   -1.93362e+02   -5.10525e+02    2.45773e-06


DD  step 164999  vol min/aver 0.879  load imb.: force  5.8%  pme mesh/force 0.897
           Step           Time
         165000      330.00000

   Energies (kJ/mol)
           Bond          Angle    Proper Dih.  Improper Dih.          LJ-14
    5.56979e+01    1.89613e+02    1.47711e+02    5.98530e+00    7.65585e+01
     Coulomb-14        LJ (SR)  Disper. corr.   Coulomb (SR)   Coul. recip.
    8.35090e+02    1.06365e+04   -6.08746e+02   -8.05218e+04    4.89067e+02
      Potential    Kinetic En.   Total Energy  Conserved En.    Temperature
   -6.86943e+04    1.29565e+04   -5.57378e+04   -5.51533e+04    3.04804e+02
 Pres. DC (bar) Pressure (bar)   Constr. rmsd
   -1.99516e+02    2.66397e+02    3.32562e-06


DD  step 169999  vol min/aver 0.930  load imb.: force  5.2%  pme mesh/force 0.908
           Step           Time
         170000      340.00000

   Energies (kJ/mol)
           Bond          Angle    Proper Dih.  Improper Dih.          LJ-14
    6.16213e+01    1.42436e+02    1.70749e+02    1.25463e+00    7.55375e+01
     Coulomb-14        LJ (SR)  Disper. corr.   Coulomb (SR)   Coul. recip.
    8.37821e+02    1.04623e+04   -5.99599e+02   -7.99988e+04    4.63245e+02
      Potential    Kinetic En.   Total Energy  Conserved En.    Temperature
   -6.83834e+04    1.32964e+04   -5.50870e+04   -5.51357e+04    3.12800e+02
 Pres. DC (bar) Pressure (bar)   Constr. rmsd
   -1.93573e+02    1.76910e+02    2.22193e-06


DD  step 174999  vol min/aver 0.861  load imb.: force  5.2%  pme mesh/force 0.907
           Step           Time
         175000      350.00000

   Energies (kJ/mol)
           Bond          Angle    Proper Dih.  Improper Dih.          LJ-14
    3.93580e+01    1.24157e+02    1.61996e+02    1.52908e+01    7.97620e+01
     Coulomb-14        LJ (SR)  Disper. corr.   Coulomb (SR)   Coul. recip.
    8.38675e+02    1.06885e+04   -6.02056e+02   -8.03484e+04    4.46869e+02
      Potential    Kinetic En.   Total Energy  Conserved En.    Temperature
   -6.85559e+04    1.26476e+04   -5.59083e+04   -5.51290e+04    2.97537e+02
 Pres. DC (bar) Pressure (bar)   Constr. rmsd
   -1.95160e+02    2.56840e+02    6.18824e-06


DD  load balancing is limited by minimum cell size in dimension Y
DD  step 179999  vol min/aver 0.898! load imb.: force  5.3%  pme mesh/force 0.901
           Step           Time
         180000      360.00000

   Energies (kJ/mol)
           Bond          Angle    Proper Dih.  Improper Dih.          LJ-14
    8.34275e+01    1.44367e+02    1.71281e+02    9.43655e+00    6.95776e+01
     Coulomb-14        LJ (SR)  Disper. corr.   Coulomb (SR)   Coul. recip.
    7.94418e+02    1.07863e+04   -6.02555e+02   -8.07239e+04    5.04516e+02
      Potential    Kinetic En.   Total Energy  Conserved En.    Temperature
   -6.87632e+04    1.28635e+04   -5.58997e+04   -5.51109e+04    3.02615e+02
 Pres. DC (bar) Pressure (bar)   Constr. rmsd
   -1.95483e+02    1.99375e+02    3.59031e-06


DD  step 184999  vol min/aver 0.908  load imb.: force  7.0%  pme mesh/force 0.888
           Step           Time
         185000      370.00000

   Energies (kJ/mol)
           Bond          Angle    Proper Dih.  Improper Dih.          LJ-14
    4.66124e+01    1.25825e+02    1.81375e+02    5.45017e+00    6.80591e+01
     Coulomb-14        LJ (SR)  Disper. corr.   Coulomb (SR)   Coul. recip.
    8.07549e+02    1.04510e+04   -5.95396e+02   -8.00176e+04    4.99506e+02
      Potential    Kinetic En.   Total Energy  Conserved En.    Temperature
   -6.84277e+04    1.29021e+04   -5.55255e+04   -5.51039e+04    3.03524e+02
 Pres. DC (bar) Pressure (bar)   Constr. rmsd
   -1.90871e+02   -7.73519e+01    2.69647e-06


DD  step 189999  vol min/aver 0.852  load imb.: force  6.1%  pme mesh/force 0.895
           Step           Time
         190000      380.00000

   Energies (kJ/mol)
           Bond          Angle    Proper Dih.  Improper Dih.          LJ-14
    6.72199e+01    1.21406e+02    1.86014e+02    1.57145e+01    7.73630e+01
     Coulomb-14        LJ (SR)  Disper. corr.   Coulomb (SR)   Coul. recip.
    8.24664e+02    1.04476e+04   -6.05351e+02   -8.02768e+04    4.89932e+02
      Potential    Kinetic En.   Total Energy  Conserved En.    Temperature
   -6.86522e+04    1.28262e+04   -5.58260e+04   -5.50947e+04    3.01739e+02
 Pres. DC (bar) Pressure (bar)   Constr. rmsd
   -1.97299e+02   -8.82172e+01    2.05903e-06


DD  load balancing is limited by minimum cell size in dimension Y
DD  step 194999  vol min/aver 0.932! load imb.: force  7.8%  pme mesh/force 0.877
           Step           Time
         195000      390.00000

   Energies (kJ/mol)
           Bond          Angle    Proper Dih.  Improper Dih.          LJ-14
    4.73504e+01    2.01830e+02    1.57987e+02    7.84277e+00    7.57516e+01
     Coulomb-14        LJ (SR)  Disper. corr.   Coulomb (SR)   Coul. recip.
    8.19797e+02    1.04284e+04   -5.96818e+02   -7.98804e+04    4.73285e+02
      Potential    Kinetic En.   Total Energy  Conserved En.    Temperature
   -6.82649e+04    1.27414e+04   -5.55235e+04   -5.50781e+04    2.99743e+02
 Pres. DC (bar) Pressure (bar)   Constr. rmsd
   -1.91783e+02   -1.56922e+01    2.44076e-06


DD  step 199999  vol min/aver 0.879  load imb.: force  4.3%  pme mesh/force 0.907
           Step           Time
         200000      400.00000

   Energies (kJ/mol)
           Bond          Angle    Proper Dih.  Improper Dih.          LJ-14
    4.46623e+01    1.79386e+02    1.78725e+02    1.79942e+01    7.34500e+01
     Coulomb-14        LJ (SR)  Disper. corr.   Coulomb (SR)   Coul. recip.
    8.16535e+02    1.03390e+04   -6.03896e+02   -7.95230e+04    4.74661e+02
      Potential    Kinetic En.   Total Energy  Conserved En.    Temperature
   -6.80025e+04    1.25797e+04   -5.54228e+04   -5.50744e+04    2.95939e+02
 Pres. DC (bar) Pressure (bar)   Constr. rmsd
   -1.96353e+02    7.78811e+01    3.02709e-06


DD  step 204999  vol min/aver 0.890  load imb.: force  7.9%  pme mesh/force 0.875
           Step           Time
         205000      410.00000

   Energies (kJ/mol)
           Bond          Angle    Proper Dih.  Improper Dih.          LJ-14
    4.95094e+01    1.45428e+02    1.76980e+02    7.87373e+00    7.27554e+01
     Coulomb-14        LJ (SR)  Disper. corr.   Coulomb (SR)   Coul. recip.
    8.47159e+02    1.05311e+04   -6.02272e+02   -8.04194e+04    4.73225e+02
      Potential    Kinetic En.   Total Energy  Conserved En.    Temperature
   -6.87176e+04    1.28149e+04   -5.59027e+04   -5.50591e+04    3.01473e+02
 Pres. DC (bar) Pressure (bar)   Constr. rmsd
   -1.95300e+02   -1.52691e+01    1.96559e-06


DD  load balancing is limited by minimum cell size in dimension Y
DD  step 209999  vol min/aver 0.840! load imb.: force  5.2%  pme mesh/force 0.906
           Step           Time
         210000      420.00000

   Energies (kJ/mol)
           Bond          Angle    Proper Dih.  Improper Dih.          LJ-14
    8.54281e+01    1.25045e+02    1.81981e+02    8.27362e+00    6.41177e+01
     Coulomb-14        LJ (SR)  Disper. corr.   Coulomb (SR)   Coul. recip.
    8.37623e+02    9.97431e+03   -6.04903e+02   -7.96044e+04    4.73611e+02
      Potential    Kinetic En.   Total Energy  Conserved En.    Temperature
   -6.84589e+04    1.23990e+04   -5.60600e+04   -5.50556e+04    2.91687e+02
 Pres. DC (bar) Pressure (bar)   Constr. rmsd
   -1.97008e+02   -5.95476e+02    2.50778e-06


DD  step 214999  vol min/aver 0.912  load imb.: force  5.0%  pme mesh/force 0.912
           Step           Time
         215000      430.00000

   Energies (kJ/mol)
           Bond          Angle    Proper Dih.  Improper Dih.          LJ-14
    5.31552e+01    1.32794e+02    1.75480e+02    1.11890e+01    7.10078e+01
     Coulomb-14        LJ (SR)  Disper. corr.   Coulomb (SR)   Coul. recip.
    8.14159e+02    1.09174e+04   -5.98000e+02   -8.08318e+04    4.87404e+02
      Potential    Kinetic En.   Total Energy  Conserved En.    Temperature
   -6.87673e+04    1.27431e+04   -5.60241e+04   -5.50477e+04    2.99784e+02
 Pres. DC (bar) Pressure (bar)   Constr. rmsd
   -1.92542e+02    3.30188e+02    3.30500e-06


DD  load balancing is limited by minimum cell size in dimension Y
DD  step 219999  vol min/aver 0.904! load imb.: force  6.0%  pme mesh/force 0.887
           Step           Time
         220000      440.00000

   Energies (kJ/mol)
           Bond          Angle    Proper Dih.  Improper Dih.          LJ-14
    7.03131e+01    1.21888e+02    1.63051e+02    9.58080e+00    7.56648e+01
     Coulomb-14        LJ (SR)  Disper. corr.   Coulomb (SR)   Coul. recip.
    8.23447e+02    1.05480e+04   -6.06565e+02   -8.03566e+04    4.27799e+02
      Potential    Kinetic En.   Total Energy  Conserved En.    Temperature
   -6.87234e+04    1.28583e+04   -5.58651e+04   -5.50454e+04    3.02493e+02
 Pres. DC (bar) Pressure (bar)   Constr. rmsd
   -1.98091e+02   -7.81142e+00    2.69178e-06


DD  load balancing is limited by minimum cell size in dimension Y
DD  step 224999  vol min/aver 0.918! load imb.: force  5.5%  pme mesh/force 0.903
           Step           Time
         225000      450.00000

   Energies (kJ/mol)
           Bond          Angle    Proper Dih.  Improper Dih.          LJ-14
    6.49250e+01    1.51730e+02    1.72675e+02    9.43745e+00    7.63358e+01
     Coulomb-14        LJ (SR)  Disper. corr.   Coulomb (SR)   Coul. recip.
    8.23911e+02    1.07044e+04   -6.01257e+02   -8.02117e+04    5.01261e+02
      Potential    Kinetic En.   Total Energy  Conserved En.    Temperature
   -6.83083e+04    1.25296e+04   -5.57787e+04   -5.50254e+04    2.94762e+02
 Pres. DC (bar) Pressure (bar)   Constr. rmsd
   -1.94643e+02    3.56246e+02    1.93558e-06


DD  step 229999  vol min/aver 0.918  load imb.: force  4.7%  pme mesh/force 0.916
           Step           Time
         230000      460.00000

   Energies (kJ/mol)
           Bond          Angle    Proper Dih.  Improper Dih.          LJ-14
    5.66658e+01    1.36264e+02    1.71156e+02    1.20811e+01    7.10784e+01
     Coulomb-14        LJ (SR)  Disper. corr.   Coulomb (SR)   Coul. recip.
    8.30332e+02    1.07186e+04   -6.03458e+02   -8.01722e+04    4.89592e+02
      Potential    Kinetic En.   Total Energy  Conserved En.    Temperature
   -6.82899e+04    1.25840e+04   -5.57058e+04   -5.50130e+04    2.96041e+02
 Pres. DC (bar) Pressure (bar)   Constr. rmsd
   -1.96069e+02    2.87268e+02    1.89830e-06


DD  step 234999  vol min/aver 0.911  load imb.: force  9.3%  pme mesh/force 0.880
           Step           Time
         235000      470.00000

   Energies (kJ/mol)
           Bond          Angle    Proper Dih.  Improper Dih.          LJ-14
    4.93877e+01    9.40627e+01    1.56906e+02    4.48696e+00    7.49064e+01
     Coulomb-14        LJ (SR)  Disper. corr.   Coulomb (SR)   Coul. recip.
    8.37557e+02    1.07173e+04   -6.02307e+02   -8.06892e+04    4.98221e+02
      Potential    Kinetic En.   Total Energy  Conserved En.    Temperature
   -6.88587e+04    1.26362e+04   -5.62225e+04   -5.50076e+04    2.97269e+02
 Pres. DC (bar) Pressure (bar)   Constr. rmsd
   -1.95323e+02    2.26989e+02    1.60176e-06


DD  step 239999  vol min/aver 0.885  load imb.: force  5.7%  pme mesh/force 0.907
           Step           Time
         240000      480.00000

   Energies (kJ/mol)
           Bond          Angle    Proper Dih.  Improper Dih.          LJ-14
    4.90475e+01    1.31158e+02    1.59333e+02    7.95536e+00    7.86219e+01
     Coulomb-14        LJ (SR)  Disper. corr.   Coulomb (SR)   Coul. recip.
    8.05037e+02    1.06941e+04   -6.00671e+02   -8.05174e+04    4.82210e+02
      Potential    Kinetic En.   Total Energy  Conserved En.    Temperature
   -6.87107e+04    1.26352e+04   -5.60754e+04   -5.49992e+04    2.97246e+02
 Pres. DC (bar) Pressure (bar)   Constr. rmsd
   -1.94264e+02    2.11584e+02    2.98729e-06


DD  load balancing is limited by minimum cell size in dimension Y
DD  step 244999  vol min/aver 0.879! load imb.: force  5.0%  pme mesh/force 0.904
           Step           Time
         245000      490.00000

   Energies (kJ/mol)
           Bond          Angle    Proper Dih.  Improper Dih.          LJ-14
    4.66556e+01    1.35952e+02    1.60580e+02    5.95253e+00    6.59109e+01
     Coulomb-14        LJ (SR)  Disper. corr.   Coulomb (SR)   Coul. recip.
    7.85111e+02    1.02406e+04   -6.04143e+02   -7.99817e+04    4.53431e+02
      Potential    Kinetic En.   Total Energy  Conserved En.    Temperature
   -6.86917e+04    1.27852e+04   -5.59065e+04   -5.49882e+04    3.00774e+02
 Pres. DC (bar) Pressure (bar)   Constr. rmsd
   -1.96514e+02   -2.06108e+02    2.14066e-06


DD  step 249999  vol min/aver 0.894  load imb.: force  6.4%  pme mesh/force 0.894
           Step           Time
         250000      500.00000

   Energies (kJ/mol)
           Bond          Angle    Proper Dih.  Improper Dih.          LJ-14
    5.79038e+01    1.23271e+02    1.45393e+02    6.71292e+00    7.33406e+01
     Coulomb-14        LJ (SR)  Disper. corr.   Coulomb (SR)   Coul. recip.
    7.96565e+02    1.08532e+04   -6.03126e+02   -8.07539e+04    4.66554e+02
      Potential    Kinetic En.   Total Energy  Conserved En.    Temperature
   -6.88341e+04    1.26660e+04   -5.61681e+04   -5.49816e+04    2.97970e+02
 Pres. DC (bar) Pressure (bar)   Constr. rmsd
   -1.95853e+02    2.90021e+02    1.74809e-06


DD  load balancing is limited by minimum cell size in dimension Y
DD  step 254999  vol min/aver 0.887! load imb.: force  8.1%  pme mesh/force 0.887
           Step           Time
         255000      510.00000

   Energies (kJ/mol)
           Bond          Angle    Proper Dih.  Improper Dih.          LJ-14
    6.99629e+01    1.39045e+02    1.50886e+02    1.50034e+01    7.29183e+01
     Coulomb-14        LJ (SR)  Disper. corr.   Coulomb (SR)   Coul. recip.
    7.68934e+02    1.00575e+04   -6.03558e+02   -7.98471e+04    4.76481e+02
      Potential    Kinetic En.   Total Energy  Conserved En.    Temperature
   -6.86999e+04    1.22918e+04   -5.64081e+04   -5.49721e+04    2.89166e+02
 Pres. DC (bar) Pressure (bar)   Constr. rmsd
   -1.96134e+02   -4.67051e+02    1.91598e-06


DD  step 259999  vol min/aver 0.866  load imb.: force  4.1%  pme mesh/force 0.923
           Step           Time
         260000      520.00000

   Energies (kJ/mol)
           Bond          Angle    Proper Dih.  Improper Dih.          LJ-14
    6.65494e+01    1.48584e+02    1.80372e+02    1.27204e+01    7.46582e+01
     Coulomb-14        LJ (SR)  Disper. corr.   Coulomb (SR)   Coul. recip.
    7.88660e+02    1.03779e+04   -5.98581e+02   -8.01506e+04    5.06276e+02
      Potential    Kinetic En.   Total Energy  Conserved En.    Temperature
   -6.85934e+04    1.25961e+04   -5.59973e+04   -5.49591e+04    2.96326e+02
 Pres. DC (bar) Pressure (bar)   Constr. rmsd
   -1.92916e+02   -2.61497e+02    2.77130e-06


DD  step 264999  vol min/aver 0.879  load imb.: force  6.5%  pme mesh/force 0.899
           Step           Time
         265000      530.00000

   Energies (kJ/mol)
           Bond          Angle    Proper Dih.  Improper Dih.          LJ-14
    4.94651e+01    1.74943e+02    1.64429e+02    8.06119e+00    8.22503e+01
     Coulomb-14        LJ (SR)  Disper. corr.   Coulomb (SR)   Coul. recip.
    7.85381e+02    1.02401e+04   -5.98681e+02   -7.96448e+04    4.48846e+02
      Potential    Kinetic En.   Total Energy  Conserved En.    Temperature
   -6.82900e+04    1.28513e+04   -5.54388e+04   -5.49450e+04    3.02328e+02
 Pres. DC (bar) Pressure (bar)   Constr. rmsd
   -1.92980e+02   -2.02998e+02    2.34133e-06


DD  load balancing is limited by minimum cell size in dimension Y
DD  step 269999  vol min/aver 0.892! load imb.: force  6.6%  pme mesh/force 0.889
           Step           Time
         270000      540.00000

   Energies (kJ/mol)
           Bond          Angle    Proper Dih.  Improper Dih.          LJ-14
    5.17983e+01    1.58719e+02    1.43284e+02    6.90789e+00    7.01646e+01
     Coulomb-14        LJ (SR)  Disper. corr.   Coulomb (SR)   Coul. recip.
    7.80253e+02    1.07848e+04   -6.05322e+02   -8.05565e+04    4.63200e+02
      Potential    Kinetic En.   Total Energy  Conserved En.    Temperature
   -6.87027e+04    1.28963e+04   -5.58064e+04   -5.49427e+04    3.03387e+02
 Pres. DC (bar) Pressure (bar)   Constr. rmsd
   -1.97280e+02    4.32678e+02    2.05731e-06


DD  step 274999  vol min/aver 0.864  load imb.: force  6.6%  pme mesh/force 0.888
           Step           Time
         275000      550.00000

   Energies (kJ/mol)
           Bond          Angle    Proper Dih.  Improper Dih.          LJ-14
    5.45797e+01    1.49459e+02    1.52073e+02    1.33247e+01    7.88824e+01
     Coulomb-14        LJ (SR)  Disper. corr.   Coulomb (SR)   Coul. recip.
    7.95754e+02    1.02663e+04   -6.02114e+02   -7.95795e+04    4.67070e+02
      Potential    Kinetic En.   Total Energy  Conserved En.    Temperature
   -6.82041e+04    1.25452e+04   -5.56590e+04   -5.49281e+04    2.95127e+02
 Pres. DC (bar) Pressure (bar)   Constr. rmsd
   -1.95197e+02   -7.53936e+01    2.38209e-06


DD  load balancing is limited by minimum cell size in dimension Y
DD  step 279999  vol min/aver 0.885! load imb.: force  6.0%  pme mesh/force 0.902
           Step           Time
         280000      560.00000

   Energies (kJ/mol)
           Bond          Angle    Proper Dih.  Improper Dih.          LJ-14
    5.47616e+01    1.56166e+02    1.66993e+02    4.60475e+00    7.81616e+01
     Coulomb-14        LJ (SR)  Disper. corr.   Coulomb (SR)   Coul. recip.
    8.16465e+02    1.06484e+04   -5.98701e+02   -8.02014e+04    5.10426e+02
      Potential    Kinetic En.   Total Energy  Conserved En.    Temperature
   -6.83641e+04    1.26946e+04   -5.56695e+04   -5.49098e+04    2.98643e+02
 Pres. DC (bar) Pressure (bar)   Constr. rmsd
   -1.92994e+02    1.20115e+02    4.20744e-06


DD  load balancing is limited by minimum cell size in dimension Y
DD  step 284999  vol min/aver 0.890! load imb.: force  4.9%  pme mesh/force 0.918
           Step           Time
         285000      570.00000

   Energies (kJ/mol)
           Bond          Angle    Proper Dih.  Improper Dih.          LJ-14
    5.88915e+01    1.34233e+02    1.73919e+02    1.02835e+01    7.26628e+01
     Coulomb-14        LJ (SR)  Disper. corr.   Coulomb (SR)   Coul. recip.
    8.05924e+02    1.01296e+04   -5.98848e+02   -7.98193e+04    4.55924e+02
      Potential    Kinetic En.   Total Energy  Conserved En.    Temperature
   -6.85768e+04    1.28985e+04   -5.56783e+04   -5.48976e+04    3.03439e+02
 Pres. DC (bar) Pressure (bar)   Constr. rmsd
   -1.93088e+02   -4.09090e+02    2.37234e-06


DD  step 289999  vol min/aver 0.862  load imb.: force  3.0%  pme mesh/force 0.931
           Step           Time
         290000      580.00000

   Energies (kJ/mol)
           Bond          Angle    Proper Dih.  Improper Dih.          LJ-14
    6.25420e+01    1.45967e+02    1.74801e+02    7.47242e+00    7.27623e+01
     Coulomb-14        LJ (SR)  Disper. corr.   Coulomb (SR)   Coul. recip.
    8.00278e+02    1.03669e+04   -5.96934e+02   -8.03046e+04    4.71049e+02
      Potential    Kinetic En.   Total Energy  Conserved En.    Temperature
   -6.87998e+04    1.29003e+04   -5.58994e+04   -5.48889e+04    3.03482e+02
 Pres. DC (bar) Pressure (bar)   Constr. rmsd
   -1.91857e+02   -3.16931e+02    2.98350e-06


DD  step 294999  vol min/aver 0.855  load imb.: force  5.7%  pme mesh/force 0.914
           Step           Time
         295000      590.00000

   Energies (kJ/mol)
           Bond          Angle    Proper Dih.  Improper Dih.          LJ-14
    4.29775e+01    1.38094e+02    1.57600e+02    8.80993e+00    7.25361e+01
     Coulomb-14        LJ (SR)  Disper. corr.   Coulomb (SR)   Coul. recip.
    8.21036e+02    1.00197e+04   -5.96379e+02   -7.97734e+04    4.91465e+02
      Potential    Kinetic En.   Total Energy  Conserved En.    Temperature
   -6.86175e+04    1.26442e+04   -5.59734e+04   -5.48757e+04    2.97456e+02
 Pres. DC (bar) Pressure (bar)   Constr. rmsd
   -1.91501e+02   -5.68468e+02    2.29532e-06


DD  step 299999  vol min/aver 0.926  load imb.: force  4.0%  pme mesh/force 0.921
           Step           Time
         300000      600.00000

   Energies (kJ/mol)
           Bond          Angle    Proper Dih.  Improper Dih.          LJ-14
    6.70709e+01    1.51851e+02    1.59934e+02    4.82254e+00    7.76048e+01
     Coulomb-14        LJ (SR)  Disper. corr.   Coulomb (SR)   Coul. recip.
    8.05252e+02    1.06706e+04   -5.98767e+02   -8.04921e+04    4.65745e+02
      Potential    Kinetic En.   Total Energy  Conserved En.    Temperature
   -6.86880e+04    1.30274e+04   -5.56606e+04   -5.48669e+04    3.06472e+02
 Pres. DC (bar) Pressure (bar)   Constr. rmsd
   -1.93036e+02    1.46439e+02    3.02762e-06


DD  load balancing is limited by minimum cell size in dimension Y
DD  step 304999  vol min/aver 0.879! load imb.: force  6.0%  pme mesh/force 0.896
           Step           Time
         305000      610.00000

   Energies (kJ/mol)
           Bond          Angle    Proper Dih.  Improper Dih.          LJ-14
    5.83818e+01    1.12010e+02    1.68087e+02    9.81958e+00    7.67243e+01
     Coulomb-14        LJ (SR)  Disper. corr.   Coulomb (SR)   Coul. recip.
    8.20161e+02    1.05740e+04   -6.05296e+02   -8.00968e+04    4.70592e+02
      Potential    Kinetic En.   Total Energy  Conserved En.    Temperature
   -6.84123e+04    1.26524e+04   -5.57599e+04   -5.48491e+04    2.97649e+02
 Pres. DC (bar) Pressure (bar)   Constr. rmsd
   -1.97263e+02    3.01542e+02    2.65428e-06


DD  step 309999  vol min/aver 0.889  load imb.: force  4.0%  pme mesh/force 0.909
           Step           Time
         310000      620.00000

   Energies (kJ/mol)
           Bond          Angle    Proper Dih.  Improper Dih.          LJ-14
    4.06953e+01    1.38845e+02    1.71758e+02    9.07653e+00    7.41065e+01
     Coulomb-14        LJ (SR)  Disper. corr.   Coulomb (SR)   Coul. recip.
    8.00044e+02    1.06972e+04   -6.02979e+02   -8.03982e+04    4.65197e+02
      Potential    Kinetic En.   Total Energy  Conserved En.    Temperature
   -6.86043e+04    1.29919e+04   -5.56123e+04   -5.48316e+04    3.05637e+02
 Pres. DC (bar) Pressure (bar)   Constr. rmsd
   -1.95758e+02    4.71899e+02    2.53890e-06


DD  step 314999  vol min/aver 0.903  load imb.: force  4.3%  pme mesh/force 0.926
           Step           Time
         315000      630.00000

   Energies (kJ/mol)
           Bond          Angle    Proper Dih.  Improper Dih.          LJ-14
    5.25105e+01    1.31335e+02    1.67464e+02    6.88928e+00    7.44974e+01
     Coulomb-14        LJ (SR)  Disper. corr.   Coulomb (SR)   Coul. recip.
    8.01875e+02    1.04014e+04   -5.96886e+02   -7.97418e+04    4.86520e+02
      Potential    Kinetic En.   Total Energy  Conserved En.    Temperature
   -6.82161e+04    1.26782e+04   -5.55379e+04   -5.48163e+04    2.98258e+02
 Pres. DC (bar) Pressure (bar)   Constr. rmsd
   -1.91826e+02   -6.59360e+00    1.92076e-06


DD  step 319999  vol min/aver 0.827  load imb.: force  4.1%  pme mesh/force 0.930
           Step           Time
         320000      640.00000

   Energies (kJ/mol)
           Bond          Angle    Proper Dih.  Improper Dih.          LJ-14
    4.91497e+01    1.23883e+02    1.63991e+02    4.42726e+00    8.71077e+01
     Coulomb-14        LJ (SR)  Disper. corr.   Coulomb (SR)   Coul. recip.
    8.15941e+02    1.00967e+04   -5.93312e+02   -7.94436e+04    4.87316e+02
      Potential    Kinetic En.   Total Energy  Conserved En.    Temperature
   -6.82084e+04    1.25994e+04   -5.56091e+04   -5.48035e+04    2.96402e+02
 Pres. DC (bar) Pressure (bar)   Constr. rmsd
   -1.89539e+02   -2.50769e+02    1.61240e-06


DD  step 324999  vol min/aver 0.921  load imb.: force  6.7%  pme mesh/force 0.883
           Step           Time
         325000      650.00000

   Energies (kJ/mol)
           Bond          Angle    Proper Dih.  Improper Dih.          LJ-14
    6.30201e+01    1.67774e+02    1.67239e+02    7.81836e+00    7.26972e+01
     Coulomb-14        LJ (SR)  Disper. corr.   Coulomb (SR)   Coul. recip.
    8.04411e+02    1.06032e+04   -6.04920e+02   -8.03197e+04    4.99461e+02
      Potential    Kinetic En.   Total Energy  Conserved En.    Temperature
   -6.85390e+04    1.28593e+04   -5.56798e+04   -5.47693e+04    3.02516e+02
 Pres. DC (bar) Pressure (bar)   Constr. rmsd
   -1.97019e+02    1.82413e+02    2.71281e-06


DD  step 329999  vol min/aver 0.850  load imb.: force  5.3%  pme mesh/force 0.910
           Step           Time
         330000      660.00000

   Energies (kJ/mol)
           Bond          Angle    Proper Dih.  Improper Dih.          LJ-14
    5.95997e+01    1.52746e+02    1.60372e+02    5.71407e+00    7.55883e+01
     Coulomb-14        LJ (SR)  Disper. corr.   Coulomb (SR)   Coul. recip.
    8.14641e+02    1.00437e+04   -6.00582e+02   -7.95767e+04    4.95150e+02
      Potential    Kinetic En.   Total Energy  Conserved En.    Temperature
   -6.83697e+04    1.28758e+04   -5.54939e+04   -5.47653e+04    3.02905e+02
 Pres. DC (bar) Pressure (bar)   Constr. rmsd
   -1.94207e+02   -4.13984e+02    2.88490e-06


DD  step 334999  vol min/aver 0.891  load imb.: force  6.7%  pme mesh/force 0.889
           Step           Time
         335000      670.00000

   Energies (kJ/mol)
           Bond          Angle    Proper Dih.  Improper Dih.          LJ-14
    4.09337e+01    1.30434e+02    1.60678e+02    1.29268e+01    7.79616e+01
     Coulomb-14        LJ (SR)  Disper. corr.   Coulomb (SR)   Coul. recip.
    8.30362e+02    1.08253e+04   -6.07288e+02   -8.10254e+04    4.66054e+02
      Potential    Kinetic En.   Total Energy  Conserved En.    Temperature
   -6.90880e+04    1.26163e+04   -5.64717e+04   -5.47663e+04    2.96801e+02
 Pres. DC (bar) Pressure (bar)   Constr. rmsd
   -1.98562e+02    3.47330e+02    4.82137e-06


DD  step 339999  vol min/aver 0.849  load imb.: force  7.2%  pme mesh/force 0.887
           Step           Time
         340000      680.00000

   Energies (kJ/mol)
           Bond          Angle    Proper Dih.  Improper Dih.          LJ-14
    5.23937e+01    1.32743e+02    1.71998e+02    3.12528e+00    6.90806e+01
     Coulomb-14        LJ (SR)  Disper. corr.   Coulomb (SR)   Coul. recip.
    8.10741e+02    1.07758e+04   -5.99777e+02   -8.06112e+04    4.90459e+02
      Potential    Kinetic En.   Total Energy  Conserved En.    Temperature
   -6.87047e+04    1.25988e+04   -5.61059e+04   -5.47580e+04    2.96388e+02
 Pres. DC (bar) Pressure (bar)   Constr. rmsd
   -1.93687e+02    3.45429e+02    1.31483e-06


DD  step 344999  vol min/aver 0.869  load imb.: force  6.5%  pme mesh/force 0.899
           Step           Time
         345000      690.00000

   Energies (kJ/mol)
           Bond          Angle    Proper Dih.  Improper Dih.          LJ-14
    5.99966e+01    1.33254e+02    1.84942e+02    7.51254e+00    7.03864e+01
     Coulomb-14        LJ (SR)  Disper. corr.   Coulomb (SR)   Coul. recip.
    7.98865e+02    1.00354e+04   -5.98944e+02   -7.94171e+04    5.07017e+02
      Potential    Kinetic En.   Total Energy  Conserved En.    Temperature
   -6.82186e+04    1.25895e+04   -5.56291e+04   -5.47492e+04    2.96171e+02
 Pres. DC (bar) Pressure (bar)   Constr. rmsd
   -1.93150e+02   -4.56389e+02    3.31360e-06


DD  step 349999  vol min/aver 0.830  load imb.: force  5.9%  pme mesh/force 0.905
           Step           Time
         350000      700.00000

   Energies (kJ/mol)
           Bond          Angle    Proper Dih.  Improper Dih.          LJ-14
    6.58247e+01    1.34604e+02    1.58852e+02    5.82420e+00    5.96486e+01
     Coulomb-14        LJ (SR)  Disper. corr.   Coulomb (SR)   Coul. recip.
    7.89501e+02    1.08308e+04   -6.01678e+02   -8.05065e+04    4.72109e+02
      Potential    Kinetic En.   Total Energy  Conserved En.    Temperature
   -6.85910e+04    1.24763e+04   -5.61147e+04   -5.47412e+04    2.93507e+02
 Pres. DC (bar) Pressure (bar)   Constr. rmsd
   -1.94915e+02    1.84036e+02    3.44796e-06


DD  step 354999  vol min/aver 0.897  load imb.: force  6.3%  pme mesh/force 0.915
           Step           Time
         355000      710.00000

   Energies (kJ/mol)
           Bond          Angle    Proper Dih.  Improper Dih.          LJ-14
    7.92202e+01    1.35932e+02    1.58914e+02    3.35268e+00    7.12992e+01
     Coulomb-14        LJ (SR)  Disper. corr.   Coulomb (SR)   Coul. recip.
    8.01322e+02    1.09237e+04   -6.08409e+02   -8.11774e+04    4.85048e+02
      Potential    Kinetic En.   Total Energy  Conserved En.    Temperature
   -6.91270e+04    1.24980e+04   -5.66290e+04   -5.47257e+04    2.94018e+02
 Pres. DC (bar) Pressure (bar)   Constr. rmsd
   -1.99296e+02    8.48182e+01    3.53509e-06


DD  step 359999  vol min/aver 0.875  load imb.: force  4.7%  pme mesh/force 0.920
           Step           Time
         360000      720.00000

   Energies (kJ/mol)
           Bond          Angle    Proper Dih.  Improper Dih.          LJ-14
    5.90138e+01    1.72175e+02    1.65304e+02    6.29082e+00    7.90815e+01
     Coulomb-14        LJ (SR)  Disper. corr.   Coulomb (SR)   Coul. recip.
    8.12486e+02    1.07172e+04   -5.94633e+02   -8.03358e+04    4.66584e+02
      Potential    Kinetic En.   Total Energy  Conserved En.    Temperature
   -6.84523e+04    1.29390e+04   -5.55133e+04   -5.47186e+04    3.04393e+02
 Pres. DC (bar) Pressure (bar)   Constr. rmsd
   -1.90383e+02    3.11858e+02    1.77897e-06


DD  step 364999  vol min/aver 0.848  load imb.: force  4.3%  pme mesh/force 0.921
           Step           Time
         365000      730.00000

   Energies (kJ/mol)
           Bond          Angle    Proper Dih.  Improper Dih.          LJ-14
    5.29317e+01    1.33214e+02    1.91573e+02    5.52178e+00    6.32746e+01
     Coulomb-14        LJ (SR)  Disper. corr.   Coulomb (SR)   Coul. recip.
    8.21459e+02    1.06627e+04   -5.98783e+02   -8.03612e+04    4.66178e+02
      Potential    Kinetic En.   Total Energy  Conserved En.    Temperature
   -6.85632e+04    1.25757e+04   -5.59874e+04   -5.47048e+04    2.95846e+02
 Pres. DC (bar) Pressure (bar)   Constr. rmsd
   -1.93046e+02    2.48842e+01    2.48511e-06


DD  step 369999  vol min/aver 0.872  load imb.: force  5.1%  pme mesh/force 0.905
           Step           Time
         370000      740.00000

   Energies (kJ/mol)
           Bond          Angle    Proper Dih.  Improper Dih.          LJ-14
    4.19655e+01    1.71420e+02    1.74943e+02    1.55957e+01    8.09648e+01
     Coulomb-14        LJ (SR)  Disper. corr.   Coulomb (SR)   Coul. recip.
    8.09671e+02    1.05686e+04   -6.05391e+02   -8.02114e+04    4.67758e+02
      Potential    Kinetic En.   Total Energy  Conserved En.    Temperature
   -6.84859e+04    1.26643e+04   -5.58216e+04   -5.46900e+04    2.97931e+02
 Pres. DC (bar) Pressure (bar)   Constr. rmsd
   -1.97325e+02    2.52224e+02    3.36001e-06


DD  step 374999  vol min/aver 0.811  load imb.: force  4.1%  pme mesh/force 0.925
           Step           Time
         375000      750.00000

   Energies (kJ/mol)
           Bond          Angle    Proper Dih.  Improper Dih.          LJ-14
    8.64073e+01    1.67130e+02    1.76166e+02    1.20282e+01    6.82736e+01
     Coulomb-14        LJ (SR)  Disper. corr.   Coulomb (SR)   Coul. recip.
    8.01540e+02    1.02192e+04   -6.03180e+02   -8.00896e+04    4.63568e+02
      Potential    Kinetic En.   Total Energy  Conserved En.    Temperature
   -6.86984e+04    1.23806e+04   -5.63179e+04   -5.46664e+04    2.91255e+02
 Pres. DC (bar) Pressure (bar)   Constr. rmsd
   -1.95888e+02   -3.36481e+02    4.01992e-06


DD  step 379999  vol min/aver 0.797  load imb.: force  5.6%  pme mesh/force 0.912
           Step           Time
         380000      760.00000

   Energies (kJ/mol)
           Bond          Angle    Proper Dih.  Improper Dih.          LJ-14
    6.94615e+01    1.55856e+02    1.56640e+02    1.04479e+01    7.46242e+01
     Coulomb-14        LJ (SR)  Disper. corr.   Coulomb (SR)   Coul. recip.
    8.10921e+02    9.91809e+03   -6.00814e+02   -7.97042e+04    4.70041e+02
      Potential    Kinetic En.   Total Energy  Conserved En.    Temperature
   -6.86390e+04    1.25933e+04   -5.60457e+04   -5.46726e+04    2.96259e+02
 Pres. DC (bar) Pressure (bar)   Constr. rmsd
   -1.94357e+02   -5.87632e+02    2.89607e-06


DD  step 384999  vol min/aver 0.857  load imb.: force  3.2%  pme mesh/force 0.928
           Step           Time
         385000      770.00000

   Energies (kJ/mol)
           Bond          Angle    Proper Dih.  Improper Dih.          LJ-14
    6.57743e+01    1.56436e+02    1.73496e+02    6.91284e+00    6.85900e+01
     Coulomb-14        LJ (SR)  Disper. corr.   Coulomb (SR)   Coul. recip.
    8.00313e+02    1.10821e+04   -6.01338e+02   -8.10198e+04    4.35744e+02
      Potential    Kinetic En.   Total Energy  Conserved En.    Temperature
   -6.88317e+04    1.24804e+04   -5.63513e+04   -5.46552e+04    2.93604e+02
 Pres. DC (bar) Pressure (bar)   Constr. rmsd
   -1.94695e+02    4.27092e+02    2.06322e-06


DD  step 389999  vol min/aver 0.900  load imb.: force  5.6%  pme mesh/force 0.889
           Step           Time
         390000      780.00000

   Energies (kJ/mol)
           Bond          Angle    Proper Dih.  Improper Dih.          LJ-14
    5.04936e+01    1.02223e+02    1.57937e+02    3.92500e+00    8.48162e+01
     Coulomb-14        LJ (SR)  Disper. corr.   Coulomb (SR)   Coul. recip.
    8.22425e+02    1.06081e+04   -6.05841e+02   -8.04208e+04    4.57348e+02
      Potential    Kinetic En.   Total Energy  Conserved En.    Temperature
   -6.87394e+04    1.30065e+04   -5.57328e+04   -5.46582e+04    3.05981e+02
 Pres. DC (bar) Pressure (bar)   Constr. rmsd
   -1.97619e+02    3.64847e+02    2.07070e-06


DD  load balancing is limited by minimum cell size in dimension Y
DD  step 394999  vol min/aver 0.905! load imb.: force  4.9%  pme mesh/force 0.909
           Step           Time
         395000      790.00000

   Energies (kJ/mol)
           Bond          Angle    Proper Dih.  Improper Dih.          LJ-14
    7.00965e+01    1.69290e+02    1.61382e+02    9.77464e+00    7.21851e+01
     Coulomb-14        LJ (SR)  Disper. corr.   Coulomb (SR)   Coul. recip.
    8.12030e+02    1.05720e+04   -5.98924e+02   -8.05281e+04    4.52039e+02
      Potential    Kinetic En.   Total Energy  Conserved En.    Temperature
   -6.88082e+04    1.28183e+04   -5.59900e+04   -5.46464e+04    3.01551e+02
 Pres. DC (bar) Pressure (bar)   Constr. rmsd
   -1.93137e+02   -1.33269e+02    3.56850e-06


DD  step 399999  vol min/aver 0.922  load imb.: force  3.9%  pme mesh/force 0.933
           Step           Time
         400000      800.00000

   Energies (kJ/mol)
           Bond          Angle    Proper Dih.  Improper Dih.          LJ-14
    5.56765e+01    1.38639e+02    1.56973e+02    4.50571e+00    7.97333e+01
     Coulomb-14        LJ (SR)  Disper. corr.   Coulomb (SR)   Coul. recip.
    8.03042e+02    1.06467e+04   -5.95524e+02   -7.97709e+04    5.10557e+02
      Potential    Kinetic En.   Total Energy  Conserved En.    Temperature
   -6.79707e+04    1.27196e+04   -5.52511e+04   -5.46305e+04    2.99231e+02
 Pres. DC (bar) Pressure (bar)   Constr. rmsd
   -1.90953e+02    6.72208e+02    1.90901e-06


DD  step 404999  vol min/aver 0.893  load imb.: force  6.0%  pme mesh/force 0.903
           Step           Time
         405000      810.00000

   Energies (kJ/mol)
           Bond          Angle    Proper Dih.  Improper Dih.          LJ-14
    7.90017e+01    1.63403e+02    1.75336e+02    6.27794e+00    7.71275e+01
     Coulomb-14        LJ (SR)  Disper. corr.   Coulomb (SR)   Coul. recip.
    8.17372e+02    1.05437e+04   -5.97795e+02   -7.99502e+04    5.03382e+02
      Potential    Kinetic En.   Total Energy  Conserved En.    Temperature
   -6.81823e+04    1.28670e+04   -5.53154e+04   -5.46110e+04    3.02697e+02
 Pres. DC (bar) Pressure (bar)   Constr. rmsd
   -1.92411e+02   -3.99849e+01    3.44120e-06


DD  step 409999  vol min/aver 0.887  load imb.: force  5.7%  pme mesh/force 0.910
           Step           Time
         410000      820.00000

   Energies (kJ/mol)
           Bond          Angle    Proper Dih.  Improper Dih.          LJ-14
    6.54785e+01    1.48995e+02    1.61490e+02    5.58433e+00    6.58075e+01
     Coulomb-14        LJ (SR)  Disper. corr.   Coulomb (SR)   Coul. recip.
    8.17333e+02    1.08457e+04   -6.00014e+02   -8.01636e+04    4.62634e+02
      Potential    Kinetic En.   Total Energy  Conserved En.    Temperature
   -6.81906e+04    1.26438e+04   -5.55468e+04   -5.46063e+04    2.97447e+02
 Pres. DC (bar) Pressure (bar)   Constr. rmsd
   -1.93840e+02    4.25965e+02    3.10658e-06


DD  step 414999  vol min/aver 0.851  load imb.: force  5.7%  pme mesh/force 0.914
           Step           Time
         415000      830.00000

   Energies (kJ/mol)
           Bond          Angle    Proper Dih.  Improper Dih.          LJ-14
    5.52216e+01    1.58546e+02    1.53002e+02    7.55659e+00    9.05050e+01
     Coulomb-14        LJ (SR)  Disper. corr.   Coulomb (SR)   Coul. recip.
    8.16578e+02    1.03702e+04   -5.90579e+02   -7.95717e+04    4.61843e+02
      Potential    Kinetic En.   Total Energy  Conserved En.    Temperature
   -6.80488e+04    1.30436e+04   -5.50051e+04   -5.45957e+04    3.06853e+02
 Pres. DC (bar) Pressure (bar)   Constr. rmsd
   -1.87799e+02    1.16867e+02    3.61719e-06


DD  step 419999  vol min/aver 0.900  load imb.: force  3.4%  pme mesh/force 0.913
           Step           Time
         420000      840.00000

   Energies (kJ/mol)
           Bond          Angle    Proper Dih.  Improper Dih.          LJ-14
    4.82164e+01    1.46734e+02    1.54320e+02    7.88964e+00    6.65905e+01
     Coulomb-14        LJ (SR)  Disper. corr.   Coulomb (SR)   Coul. recip.
    8.14585e+02    1.03782e+04   -6.01478e+02   -7.97507e+04    4.82795e+02
      Potential    Kinetic En.   Total Energy  Conserved En.    Temperature
   -6.82529e+04    1.29538e+04   -5.52991e+04   -5.45916e+04    3.04739e+02
 Pres. DC (bar) Pressure (bar)   Constr. rmsd
   -1.94786e+02   -1.25950e+02    2.64923e-06


DD  step 424999  vol min/aver 0.915  load imb.: force  4.9%  pme mesh/force 0.913
           Step           Time
         425000      850.00000

   Energies (kJ/mol)
           Bond          Angle    Proper Dih.  Improper Dih.          LJ-14
    5.16012e+01    1.00541e+02    1.65654e+02    9.64365e+00    7.81390e+01
     Coulomb-14        LJ (SR)  Disper. corr.   Coulomb (SR)   Coul. recip.
    8.22501e+02    1.00756e+04   -6.01912e+02   -7.95884e+04    4.71756e+02
      Potential    Kinetic En.   Total Energy  Conserved En.    Temperature
   -6.84149e+04    1.28531e+04   -5.55619e+04   -5.45877e+04    3.02370e+02
 Pres. DC (bar) Pressure (bar)   Constr. rmsd
   -1.95067e+02   -3.55384e+02    7.13071e-06


DD  load balancing is limited by minimum cell size in dimension Y
DD  step 429999  vol min/aver 0.906! load imb.: force  7.1%  pme mesh/force 0.898
           Step           Time
         430000      860.00000

   Energies (kJ/mol)
           Bond          Angle    Proper Dih.  Improper Dih.          LJ-14
    5.67381e+01    1.69396e+02    1.63747e+02    1.97041e+01    9.62337e+01
     Coulomb-14        LJ (SR)  Disper. corr.   Coulomb (SR)   Coul. recip.
    8.16376e+02    1.06239e+04   -5.97551e+02   -8.02944e+04    5.26582e+02
      Potential    Kinetic En.   Total Energy  Conserved En.    Temperature
   -6.84193e+04    1.28252e+04   -5.55941e+04   -5.45702e+04    3.01715e+02
 Pres. DC (bar) Pressure (bar)   Constr. rmsd
   -1.92253e+02    2.04964e+02    2.32650e-06


DD  step 434999  vol min/aver 0.917  load imb.: force  4.0%  pme mesh/force 0.910
           Step           Time
         435000      870.00000

   Energies (kJ/mol)
           Bond          Angle    Proper Dih.  Improper Dih.          LJ-14
    5.37143e+01    1.59053e+02    1.69906e+02    4.54621e+00    7.22537e+01
     Coulomb-14        LJ (SR)  Disper. corr.   Coulomb (SR)   Coul. recip.
    8.17390e+02    1.04990e+04   -5.99739e+02   -8.02797e+04    4.53508e+02
      Potential    Kinetic En.   Total Energy  Conserved En.    Temperature
   -6.86501e+04    1.29472e+04   -5.57030e+04   -5.45777e+04    3.04584e+02
 Pres. DC (bar) Pressure (bar)   Constr. rmsd
   -1.93663e+02    7.87340e+01    2.04122e-06


DD  step 439999  vol min/aver 0.881  load imb.: force  4.3%  pme mesh/force 0.910
           Step           Time
         440000      880.00000

   Energies (kJ/mol)
           Bond          Angle    Proper Dih.  Improper Dih.          LJ-14
    5.87940e+01    1.43412e+02    1.51815e+02    7.33007e+00    7.56198e+01
     Coulomb-14        LJ (SR)  Disper. corr.   Coulomb (SR)   Coul. recip.
    8.11718e+02    1.04071e+04   -6.05883e+02   -8.04528e+04    4.60001e+02
      Potential    Kinetic En.   Total Energy  Conserved En.    Temperature
   -6.89429e+04    1.26883e+04   -5.62546e+04   -5.45633e+04    2.98493e+02
 Pres. DC (bar) Pressure (bar)   Constr. rmsd
   -1.97646e+02   -1.02512e+02    3.27326e-06


DD  step 444999  vol min/aver 0.883  load imb.: force  2.2%  pme mesh/force 0.923
           Step           Time
         445000      890.00000

   Energies (kJ/mol)
           Bond          Angle    Proper Dih.  Improper Dih.          LJ-14
    5.97798e+01    1.78503e+02    1.70059e+02    1.23941e+01    7.26229e+01
     Coulomb-14        LJ (SR)  Disper. corr.   Coulomb (SR)   Coul. recip.
    7.89951e+02    1.05645e+04   -6.00797e+02   -7.99476e+04    5.07704e+02
      Potential    Kinetic En.   Total Energy  Conserved En.    Temperature
   -6.81929e+04    1.29494e+04   -5.52435e+04   -5.45440e+04    3.04636e+02
 Pres. DC (bar) Pressure (bar)   Constr. rmsd
   -1.94346e+02    2.35208e+02    3.61397e-06


DD  step 449999  vol min/aver 0.931  load imb.: force  5.9%  pme mesh/force 0.893
           Step           Time
         450000      900.00000

   Energies (kJ/mol)
           Bond          Angle    Proper Dih.  Improper Dih.          LJ-14
    6.89740e+01    1.23038e+02    1.60009e+02    9.72867e+00    7.61081e+01
     Coulomb-14        LJ (SR)  Disper. corr.   Coulomb (SR)   Coul. recip.
    8.16943e+02    1.03656e+04   -6.03990e+02   -7.99070e+04    5.44656e+02
      Potential    Kinetic En.   Total Energy  Conserved En.    Temperature
   -6.83459e+04    1.28926e+04   -5.54534e+04   -5.45304e+04    3.03300e+02
 Pres. DC (bar) Pressure (bar)   Constr. rmsd
   -1.96414e+02   -4.99029e+01    2.79278e-06


DD  step 454999  vol min/aver 0.903  load imb.: force  4.9%  pme mesh/force 0.906
           Step           Time
         455000      910.00000

   Energies (kJ/mol)
           Bond          Angle    Proper Dih.  Improper Dih.          LJ-14
    4.99740e+01    1.68928e+02    1.56333e+02    8.73913e+00    6.80060e+01
     Coulomb-14        LJ (SR)  Disper. corr.   Coulomb (SR)   Coul. recip.
    7.97667e+02    1.04728e+04   -5.99310e+02   -8.01888e+04    4.78288e+02
      Potential    Kinetic En.   Total Energy  Conserved En.    Temperature
   -6.85874e+04    1.26900e+04   -5.58974e+04   -5.45195e+04    2.98535e+02
 Pres. DC (bar) Pressure (bar)   Constr. rmsd
   -1.93386e+02   -1.65900e+01    3.28536e-06


DD  step 459999  vol min/aver 0.910  load imb.: force  4.6%  pme mesh/force 0.913
           Step           Time
         460000      920.00000

   Energies (kJ/mol)
           Bond          Angle    Proper Dih.  Improper Dih.          LJ-14
    6.50190e+01    1.49848e+02    1.82704e+02    8.95942e+00    7.07729e+01
     Coulomb-14        LJ (SR)  Disper. corr.   Coulomb (SR)   Coul. recip.
    8.29016e+02    1.05656e+04   -5.97645e+02   -8.02347e+04    4.70532e+02
      Potential    Kinetic En.   Total Energy  Conserved En.    Temperature
   -6.84899e+04    1.30787e+04   -5.54112e+04   -5.45149e+04    3.07678e+02
 Pres. DC (bar) Pressure (bar)   Constr. rmsd
   -1.92314e+02   -1.35758e+01    2.23209e-06


DD  step 464999  vol min/aver 0.919  load imb.: force  4.2%  pme mesh/force 0.908
           Step           Time
         465000      930.00000

   Energies (kJ/mol)
           Bond          Angle    Proper Dih.  Improper Dih.          LJ-14
    5.13783e+01    1.57911e+02    1.56268e+02    2.67733e+00    7.96819e+01
     Coulomb-14        LJ (SR)  Disper. corr.   Coulomb (SR)   Coul. recip.
    8.07933e+02    1.04342e+04   -6.02337e+02   -8.01679e+04    4.53059e+02
      Potential    Kinetic En.   Total Energy  Conserved En.    Temperature
   -6.86271e+04    1.26181e+04   -5.60090e+04   -5.45100e+04    2.96843e+02
 Pres. DC (bar) Pressure (bar)   Constr. rmsd
   -1.95342e+02    4.18382e+00    4.32447e-06


DD  step 469999  vol min/aver 0.915  load imb.: force  4.8%  pme mesh/force 0.914
           Step           Time
         470000      940.00000

   Energies (kJ/mol)
           Bond          Angle    Proper Dih.  Improper Dih.          LJ-14
    6.40803e+01    1.38421e+02    1.61803e+02    9.57389e+00    7.90773e+01
     Coulomb-14        LJ (SR)  Disper. corr.   Coulomb (SR)   Coul. recip.
    8.09120e+02    1.09912e+04   -5.98926e+02   -8.06493e+04    4.58153e+02
      Potential    Kinetic En.   Total Energy  Conserved En.    Temperature
   -6.85368e+04    1.28609e+04   -5.56759e+04   -5.45085e+04    3.02555e+02
 Pres. DC (bar) Pressure (bar)   Constr. rmsd
   -1.93139e+02    6.20437e+02    4.62782e-06


DD  step 474999  vol min/aver 0.892  load imb.: force  4.3%  pme mesh/force 0.902
           Step           Time
         475000      950.00000

   Energies (kJ/mol)
           Bond          Angle    Proper Dih.  Improper Dih.          LJ-14
    3.78474e+01    1.35480e+02    1.48241e+02    3.82541e+00    6.37069e+01
     Coulomb-14        LJ (SR)  Disper. corr.   Coulomb (SR)   Coul. recip.
    7.88749e+02    1.03683e+04   -6.04792e+02   -8.02950e+04    4.67887e+02
      Potential    Kinetic En.   Total Energy  Conserved En.    Temperature
   -6.88858e+04    1.28135e+04   -5.60723e+04   -5.44961e+04    3.01439e+02
 Pres. DC (bar) Pressure (bar)   Constr. rmsd
   -1.96936e+02   -7.60604e+01    1.98654e-06


DD  step 479999  vol min/aver 0.914  load imb.: force  3.5%  pme mesh/force 0.925
           Step           Time
         480000      960.00000

   Energies (kJ/mol)
           Bond          Angle    Proper Dih.  Improper Dih.          LJ-14
    5.87140e+01    1.50053e+02    1.65518e+02    5.83431e+00    6.93657e+01
     Coulomb-14        LJ (SR)  Disper. corr.   Coulomb (SR)   Coul. recip.
    7.96236e+02    1.05441e+04   -5.96362e+02   -8.01355e+04    4.73042e+02
      Potential    Kinetic En.   Total Energy  Conserved En.    Temperature
   -6.84691e+04    1.29509e+04   -5.55182e+04   -5.44839e+04    3.04671e+02
 Pres. DC (bar) Pressure (bar)   Constr. rmsd
   -1.91491e+02   -2.41775e+01    2.43851e-06


DD  step 484999  vol min/aver 0.918  load imb.: force  5.1%  pme mesh/force 0.909
           Step           Time
         485000      970.00000

   Energies (kJ/mol)
           Bond          Angle    Proper Dih.  Improper Dih.          LJ-14
    6.93941e+01    1.59073e+02    1.47651e+02    9.29707e+00    7.60807e+01
     Coulomb-14        LJ (SR)  Disper. corr.   Coulomb (SR)   Coul. recip.
    8.03789e+02    1.03425e+04   -6.03400e+02   -7.96438e+04    5.09848e+02
      Potential    Kinetic En.   Total Energy  Conserved En.    Temperature
   -6.81296e+04    1.27222e+04   -5.54073e+04   -5.44712e+04    2.99293e+02
 Pres. DC (bar) Pressure (bar)   Constr. rmsd
   -1.96031e+02    2.92351e+01    1.90416e-06


DD  step 489999  vol min/aver 0.874  load imb.: force  6.5%  pme mesh/force 0.898
           Step           Time
         490000      980.00000

   Energies (kJ/mol)
           Bond          Angle    Proper Dih.  Improper Dih.          LJ-14
    6.83793e+01    1.47961e+02    1.59067e+02    8.75342e+00    6.73418e+01
     Coulomb-14        LJ (SR)  Disper. corr.   Coulomb (SR)   Coul. recip.
    8.21817e+02    1.03285e+04   -5.94877e+02   -7.98523e+04    5.05451e+02
      Potential    Kinetic En.   Total Energy  Conserved En.    Temperature
   -6.83399e+04    1.26567e+04   -5.56833e+04   -5.44728e+04    2.97750e+02
 Pres. DC (bar) Pressure (bar)   Constr. rmsd
   -1.90539e+02   -3.46670e+02    1.41792e-06


DD  step 494999  vol min/aver 0.923  load imb.: force  3.7%  pme mesh/force 0.914
           Step           Time
         495000      990.00000

   Energies (kJ/mol)
           Bond          Angle    Proper Dih.  Improper Dih.          LJ-14
    4.62845e+01    1.63277e+02    1.72829e+02    4.94809e+00    7.85052e+01
     Coulomb-14        LJ (SR)  Disper. corr.   Coulomb (SR)   Coul. recip.
    8.19475e+02    1.05023e+04   -6.04570e+02   -8.03595e+04    4.63719e+02
      Potential    Kinetic En.   Total Energy  Conserved En.    Temperature
   -6.87128e+04    1.23364e+04   -5.63763e+04   -5.44491e+04    2.90217e+02
 Pres. DC (bar) Pressure (bar)   Constr. rmsd
   -1.96791e+02   -9.32278e+01    2.12452e-06


DD  step 499999  vol min/aver 0.878  load imb.: force  4.6%  pme mesh/force 0.906
           Step           Time
         500000     1000.00000

Writing checkpoint, step 500000 at Fri Jun 28 10:07:52 2024


   Energies (kJ/mol)
           Bond          Angle    Proper Dih.  Improper Dih.          LJ-14
    7.00892e+01    1.54225e+02    1.58977e+02    1.38543e+01    8.16098e+01
     Coulomb-14        LJ (SR)  Disper. corr.   Coulomb (SR)   Coul. recip.
    8.18112e+02    1.04213e+04   -5.97284e+02   -8.02300e+04    4.72884e+02
      Potential    Kinetic En.   Total Energy  Conserved En.    Temperature
   -6.86362e+04    1.25536e+04   -5.60826e+04   -5.44495e+04    2.95325e+02
 Pres. DC (bar) Pressure (bar)   Constr. rmsd
   -1.92082e+02   -8.31757e+01    2.55485e-06


Energy conservation over simulation part #1 of length 1000 ns, time 0 to 1000 ns
  Conserved energy drift: 2.10e-04 kJ/mol/ps per atom


	<======  ###############  ==>
	<====  A V E R A G E S  ====>
	<==  ###############  ======>

	Statistics over 500001 steps using 5001 frames

   Energies (kJ/mol)
           Bond          Angle    Proper Dih.  Improper Dih.          LJ-14
    5.81764e+01    1.45224e+02    1.65673e+02    8.61054e+00    7.28422e+01
     Coulomb-14        LJ (SR)  Disper. corr.   Coulomb (SR)   Coul. recip.
    8.11787e+02    1.05085e+04   -5.99978e+02   -8.01836e+04    4.75098e+02
      Potential    Kinetic En.   Total Energy  Conserved En.    Temperature
   -6.85376e+04    1.27505e+04   -5.57871e+04   -5.49711e+04    2.99957e+02
 Pres. DC (bar) Pressure (bar)   Constr. rmsd
   -1.93827e+02    5.98673e-01    0.00000e+00

          Box-X          Box-Y          Box-Z
    3.71972e+00    3.71972e+00    3.71972e+00

   Total Virial (kJ/mol)
    4.23659e+03   -1.13624e+01    4.25066e+00
   -1.13533e+01    4.25765e+03    4.64221e+00
    4.25248e+00    4.64001e+00    4.25772e+03

   Pressure (bar)
    9.92889e+00    7.77220e+00   -3.14127e+00
    7.76638e+00   -4.70884e+00   -2.97590e+00
   -3.14244e+00   -2.97448e+00   -3.42403e+00

      T-Protein  T-non-Protein
    3.02736e+02    2.99955e+02


	M E G A - F L O P S   A C C O U N T I N G

 NB=Group-cutoff nonbonded kernels    NxN=N-by-N cluster Verlet kernels
 RF=Reaction-Field  VdW=Van der Waals  QSTab=quadratic-spline table
 W3=SPC/TIP3p  W4=TIP4p (single or pairs)
 V&F=Potential and force  V=Potential only  F=Force only

 Computing:                               M-Number         M-Flops  % Flops
-----------------------------------------------------------------------------
 Pair Search distance check           18396.592872      165569.336     0.3
 NxN QSTab Elec. + LJ [F]            674165.959608    27640804.344    51.9
 NxN QSTab Elec. + LJ [V&F]            6811.161176      401858.509     0.8
 NxN QSTab Elec. [F]                 623657.731176    21204362.860    39.8
 NxN QSTab Elec. [V&F]                 6301.172216      258348.061     0.5
 1,4 nonbonded interactions             101.000202        9090.018     0.0
 Calc Weights                          7639.515279      275022.550     0.5
 Spread Q Bspline                    162976.325952      325952.652     0.6
 Gather F Bspline                    162976.325952      977857.956     1.8
 3D-FFT                              190147.380294     1521179.042     2.9
 Solve PME                              288.000576       18432.037     0.0
 Reset In Box                            50.930000         152.790     0.0
 CG-CoM                                  50.935093         152.805     0.0
 Bonds                                   20.000040        1180.002     0.0
 Angles                                  75.000150       12600.025     0.0
 Propers                                 83.500167       19121.538     0.0
 Impropers                               10.000020        2080.004     0.0
 Virial                                 308.656173        5555.811     0.0
 Stop-CM                                 25.470093         254.701     0.0
 Calc-Ekin                              509.310186       13751.375     0.0
 Lincs                                   28.132009        1687.921     0.0
 Lincs-Mat                              159.495324         637.981     0.0
 Constraint-V                          3132.810932       28195.298     0.1
 Constraint-Vir                         310.473448        7451.363     0.0
 Settle                                1025.515638      379440.786     0.7
-----------------------------------------------------------------------------
 Total                                                53270739.766   100.0
-----------------------------------------------------------------------------


    D O M A I N   D E C O M P O S I T I O N   S T A T I S T I C S

 av. #atoms communicated per step for force:  2 x 23872.1
 av. #atoms communicated per step for LINCS:  2 x 1203.2


Dynamic load balancing report:
 DLB was turned on during the run due to measured imbalance.
 Average load imbalance: 5.5%.
 The balanceable part of the MD step is 79%, load imbalance is computed from this.
 Part of the total run time spent waiting due to load imbalance: 4.4%.
 Steps where the load balancing was limited by -rdd, -rcon and/or -dds: X 0 % Y 0 %
 Average PME mesh/force load: 0.903
 Part of the total run time spent waiting due to PP/PME imbalance: 1.1 %


     R E A L   C Y C L E   A N D   T I M E   A C C O U N T I N G

On 24 MPI ranks doing PP, and
on 4 MPI ranks doing PME

 Computing:          Num   Num      Call    Wall time         Giga-Cycles
                     Ranks Threads  Count      (s)         total sum    %
-----------------------------------------------------------------------------
 Domain decomp.        24    1      10000       2.702        168.200   1.2
 DD comm. load         24    1       9999       0.027          1.689   0.0
 DD comm. bounds       24    1       9998       0.181         11.247   0.1
 Send X to PME         24    1     500001       0.902         56.162   0.4
 Neighbor search       24    1      10001       4.823        300.230   2.2
 Comm. coord.          24    1     490000      12.036        749.310   5.5
 Force                 24    1     500001     131.197       8167.690  59.7
 Wait + Comm. F        24    1     500001      18.435       1147.668   8.4
 PME mesh *             4    1     500001     138.908       1441.284  10.5
 PME wait for PP *                             49.465        513.236   3.8
 Wait + Recv. PME F    24    1     500001       0.782         48.654   0.4
 NB X/F buffer ops.    24    1    1480001       3.816        237.567   1.7
 Write traj.           24    1        101       0.016          1.018   0.0
 Update                24    1     500001       1.491         92.819   0.7
 Constraints           24    1     500001       9.401        585.264   4.3
 Comm. energies        24    1      50001       1.126         70.107   0.5
 Rest                                           1.452         90.399   0.7
-----------------------------------------------------------------------------
 Total                                        188.387      13682.692 100.0
-----------------------------------------------------------------------------
(*) Note that with separate PME ranks, the walltime column actually sums to
    twice the total reported, but the cycle count total and % are correct.
-----------------------------------------------------------------------------
 Breakdown of PME mesh computation
-----------------------------------------------------------------------------
 PME redist. X/F        4    1    1000002      15.217        157.890   1.2
 PME spread             4    1     500001      40.267        417.804   3.1
 PME gather             4    1     500001      47.293        490.700   3.6
 PME 3D-FFT             4    1    1000002      20.251        210.119   1.5
 PME 3D-FFT Comm.       4    1    1000002      11.199        116.200   0.8
 PME solve Elec         4    1     500001       4.322         44.841   0.3
-----------------------------------------------------------------------------

               Core t (s)   Wall t (s)        (%)
       Time:     5274.789      188.387     2800.0
                 (ns/day)    (hour/ns)
Performance:      458.632        0.052
Finished mdrun on rank 0 Fri Jun 28 10:07:52 2024

