            --------------------------------------------------------
                             AMBER SQM VERSION 19
 
                                     By
              Ross C. Walker, Michael F. Crowley, Scott Brozell,
                         Tim Giese, Andreas W. Goetz,
                        Tai-Sung Lee and David A. Case
 
            --------------------------------------------------------
 

--------------------------------------------------------------------------------
  QM CALCULATION INFO
--------------------------------------------------------------------------------

| QMMM: Citation for AMBER QMMM Run:
| QMMM: R.C. Walker, M.F. Crowley and D.A. Case, J. COMP. CHEM. 29:1019, 2008

QMMM: SINGLET STATE CALCULATION
QMMM: RHF CALCULATION, NO. OF DOUBLY OCCUPIED LEVELS = 40

| QMMM: *** Selected Hamiltonian *** 
| QMMM: PM3         

| QMMM: *** Parameter sets in use ***
| QMMM: C : J.J.P.STEWART, JCC, 10, 209 (1989)
| QMMM: O : J.J.P.STEWART, JCC, 10, 209 (1989)
| QMMM: N : J.J.P.STEWART, JCC, 10, 209 (1989)
| QMMM: H : J.J.P.STEWART, JCC, 10, 209 (1989)

| QMMM: *** SCF convergence criteria ***
| QMMM: Energy change                :  0.1D-06 kcal/mol
| QMMM: Error matrix |FP-PF|         :  0.1D+00 au
| QMMM: Density matrix change        :  0.2D-04
| QMMM: Maximum number of SCF cycles :     1000

| QMMM: *** Diagonalization Routine Information ***
| QMMM: Pseudo diagonalizations are allowed.
| QMMM: Auto diagonalization routine selection is in use.
| QMMM:
| QMMM: Timing diagonalization routines:
| QMMM:                              norbs =       75
| QMMM:    diag iterations used for timing =       15
| QMMM:
| QMMM:              Internal diag routine = 0.013811 seconds
| QMMM:                 Dspev diag routine = 0.012771 seconds
| QMMM:                Dspevd diag routine = 0.005607 seconds
| QMMM:                Dspevx diag routine = 0.051833 seconds
| QMMM:                 Dsyev diag routine = 0.012024 seconds
| QMMM:                Dsyevd diag routine = 0.008037 seconds
| QMMM:                Dsyevr diag routine = 0.010391 seconds
| QMMM:
| QMMM:                Pseudo diag routine = 0.006331 seconds
| QMMM: Pseudo diagonalization appears to be slower than regular
| QMMM: diagonalization. Setting pseudo_diag=0 for optimum performance.
| QMMM:
| QMMM: Using dspevd routine (diag_routine=3).

  QMMM: QM Region Cartesian Coordinates (*=link atom) 
  QMMM: QM_NO.   MM_NO.  ATOM         X         Y         Z
  QMMM:     1        1      C        3.0420   -0.0530    1.1470
  QMMM:     2        2      C        1.5400   -0.1770    1.1490
  QMMM:     3        3      O        0.9540   -0.4290    2.1800
  QMMM:     4        4      N        0.8480   -0.0070    0.0050
  QMMM:     5        5      C       -0.5540   -0.0060    0.0270
  QMMM:     6        6      C       -1.2450    1.1840    0.2120
  QMMM:     7        7      C       -0.4890    2.4760    0.3890
  QMMM:     8        8      C       -2.6260    1.1830    0.2330
  QMMM:     9        9      C       -3.3200   -0.0020    0.0700
  QMMM:    10       10      C       -2.6340   -1.1890   -0.1140
  QMMM:    11       11      C       -1.2530   -1.1930   -0.1410
  QMMM:    12       12      C       -0.5070   -2.4860   -0.3420
  QMMM:    13       13      C        1.5040    0.1610   -1.1610
  QMMM:    14       14      O        2.7110    0.0580   -1.1970
  QMMM:    15       15      C        0.7360    0.4760   -2.4180
  QMMM:    16       16      H        3.4140   -0.1300    2.1680
  QMMM:    17       17      H        3.4710   -0.8520    0.5420
  QMMM:    18       18      H        3.3260    0.9120    0.7280
  QMMM:    19       19      H       -0.3230    2.9360   -0.5850
  QMMM:    20       20      H       -1.0690    3.1530    1.0160
  QMMM:    21       21      H        0.4710    2.2730    0.8640
  QMMM:    22       22      H       -3.1640    2.1080    0.3770
  QMMM:    23       23      H       -4.4000   -0.0010    0.0880
  QMMM:    24       24      H       -3.1790   -2.1130   -0.2400
  QMMM:    25       25      H       -0.3460   -2.6510   -1.4070
  QMMM:    26       26      H        0.4560   -2.4330    0.1660
  QMMM:    27       27      H       -1.0900   -3.3100    0.0700
  QMMM:    28       28      H       -0.3330    0.4410   -2.2100
  QMMM:    29       29      H        1.0050    1.4730   -2.7680
  QMMM:    30       30      H        0.9810   -0.2570   -3.1870

--------------------------------------------------------------------------------
  RESULTS
--------------------------------------------------------------------------------

      iter         sqm energy              rms gradient
      ----    -------------------    -----------------------
xmin    10      -69.5337 kcal/mol        2.7424 kcal/(mol*A)
xmin    20      -71.6766 kcal/mol        1.4665 kcal/(mol*A)
xmin    30      -72.3142 kcal/mol        1.5460 kcal/(mol*A)
xmin    40      -72.6840 kcal/mol        2.1494 kcal/(mol*A)
xmin    50      -72.8709 kcal/mol        0.4864 kcal/(mol*A)
xmin    60      -73.0541 kcal/mol        0.3670 kcal/(mol*A)
xmin    70      -73.0999 kcal/mol        0.6018 kcal/(mol*A)
xmin    80      -73.1711 kcal/mol        0.1777 kcal/(mol*A)
xmin    90      -73.2048 kcal/mol        0.1882 kcal/(mol*A)
xmin   100      -73.2132 kcal/mol        0.1961 kcal/(mol*A)
xmin   110      -73.0913 kcal/mol        0.9999 kcal/(mol*A)
xmin   120      -73.2019 kcal/mol        0.3443 kcal/(mol*A)
xmin   130      -73.2445 kcal/mol        0.2840 kcal/(mol*A)
xmin   140      -73.2535 kcal/mol        0.3051 kcal/(mol*A)
xmin   150      -73.2582 kcal/mol        0.1292 kcal/(mol*A)
xmin   160      -73.2663 kcal/mol        0.2151 kcal/(mol*A)
xmin   170      -73.2697 kcal/mol        0.1354 kcal/(mol*A)
xmin   180      -73.2745 kcal/mol        0.1225 kcal/(mol*A)
xmin   190      -73.2804 kcal/mol        0.1277 kcal/(mol*A)
xmin   200      -73.2941 kcal/mol        0.0902 kcal/(mol*A)
xmin   210      -73.2998 kcal/mol        0.1813 kcal/(mol*A)
xmin   220      -73.3027 kcal/mol        0.0929 kcal/(mol*A)
xmin   230      -73.3107 kcal/mol        0.1419 kcal/(mol*A)
xmin   240      -73.3146 kcal/mol        0.1037 kcal/(mol*A)
xmin   250      -73.3258 kcal/mol        0.2209 kcal/(mol*A)
xmin   260      -73.3301 kcal/mol        0.1673 kcal/(mol*A)
xmin   270      -73.3349 kcal/mol        0.0903 kcal/(mol*A)
xmin   280      -73.3410 kcal/mol        0.1819 kcal/(mol*A)
xmin   290      -73.3440 kcal/mol        0.1569 kcal/(mol*A)
xmin   300      -73.3467 kcal/mol        0.1295 kcal/(mol*A)
xmin   310      -73.3492 kcal/mol        0.1195 kcal/(mol*A)
xmin   320      -73.3555 kcal/mol        0.2437 kcal/(mol*A)
xmin   330      -73.3601 kcal/mol        0.1192 kcal/(mol*A)
xmin   340      -73.3637 kcal/mol        0.1355 kcal/(mol*A)
xmin   350      -73.3747 kcal/mol        0.1205 kcal/(mol*A)
xmin   360      -73.3793 kcal/mol        0.3618 kcal/(mol*A)
xmin   370      -73.3835 kcal/mol        0.1706 kcal/(mol*A)
xmin   380      -73.3895 kcal/mol        0.1038 kcal/(mol*A)
xmin   390      -73.3943 kcal/mol        0.1392 kcal/(mol*A)
xmin   400      -73.4023 kcal/mol        0.1650 kcal/(mol*A)
xmin   410      -73.4065 kcal/mol        0.1594 kcal/(mol*A)
xmin   420      -73.4095 kcal/mol        0.1562 kcal/(mol*A)
xmin   430      -73.4118 kcal/mol        0.1688 kcal/(mol*A)
xmin   440      -73.4166 kcal/mol        0.1380 kcal/(mol*A)
xmin   450      -73.4200 kcal/mol        0.0925 kcal/(mol*A)
xmin   460      -73.4287 kcal/mol        0.1083 kcal/(mol*A)
xmin   470      -73.4314 kcal/mol        0.1378 kcal/(mol*A)
xmin   480      -73.4352 kcal/mol        0.0952 kcal/(mol*A)
xmin   490      -73.4401 kcal/mol        0.1742 kcal/(mol*A)
xmin   500      -73.4450 kcal/mol        0.1537 kcal/(mol*A)
xmin   510      -73.4474 kcal/mol        0.1433 kcal/(mol*A)
xmin   520      -73.4506 kcal/mol        0.1417 kcal/(mol*A)
xmin   530      -73.4590 kcal/mol        0.1309 kcal/(mol*A)
xmin   540      -73.4688 kcal/mol        0.1136 kcal/(mol*A)
xmin   550      -73.4937 kcal/mol        0.1115 kcal/(mol*A)
xmin   560      -73.4988 kcal/mol        0.1119 kcal/(mol*A)
xmin   570      -73.5110 kcal/mol        0.2406 kcal/(mol*A)
xmin   580      -73.5169 kcal/mol        0.1871 kcal/(mol*A)
xmin   590      -73.5206 kcal/mol        0.1024 kcal/(mol*A)
xmin   600      -73.5260 kcal/mol        0.1727 kcal/(mol*A)
xmin   610      -73.5309 kcal/mol        0.2618 kcal/(mol*A)
xmin   620      -73.5362 kcal/mol        0.1237 kcal/(mol*A)
xmin   630      -73.5427 kcal/mol        0.1690 kcal/(mol*A)
xmin   640      -73.5482 kcal/mol        0.1699 kcal/(mol*A)
xmin   650      -73.5523 kcal/mol        0.1777 kcal/(mol*A)
xmin   660      -73.5550 kcal/mol        0.1922 kcal/(mol*A)
xmin   670      -73.5577 kcal/mol        0.1317 kcal/(mol*A)
xmin   680      -73.5606 kcal/mol        0.1251 kcal/(mol*A)
xmin   690      -73.5636 kcal/mol        0.1200 kcal/(mol*A)
xmin   700      -73.5695 kcal/mol        0.1996 kcal/(mol*A)
xmin   710      -73.5759 kcal/mol        0.1064 kcal/(mol*A)
xmin   720      -73.5817 kcal/mol        0.1442 kcal/(mol*A)
xmin   730      -73.5889 kcal/mol        0.0944 kcal/(mol*A)
xmin   740      -73.6018 kcal/mol        0.1161 kcal/(mol*A)
xmin   750      -73.6104 kcal/mol        0.1837 kcal/(mol*A)
xmin   760      -73.6153 kcal/mol        0.1659 kcal/(mol*A)
xmin   770      -73.6248 kcal/mol        0.1368 kcal/(mol*A)
xmin   780      -73.6314 kcal/mol        0.3744 kcal/(mol*A)
xmin   790      -73.6376 kcal/mol        0.1006 kcal/(mol*A)
xmin   800      -73.6437 kcal/mol        0.3393 kcal/(mol*A)
xmin   810      -73.6543 kcal/mol        0.1410 kcal/(mol*A)
xmin   820      -73.6574 kcal/mol        0.1851 kcal/(mol*A)
xmin   830      -73.6605 kcal/mol        0.1358 kcal/(mol*A)
xmin   840      -73.6718 kcal/mol        0.4326 kcal/(mol*A)
xmin   850      -73.6788 kcal/mol        0.1233 kcal/(mol*A)
xmin   860      -73.6863 kcal/mol        0.1096 kcal/(mol*A)
xmin   870      -73.6934 kcal/mol        0.3002 kcal/(mol*A)
xmin   880      -73.6985 kcal/mol        0.1037 kcal/(mol*A)
xmin   890      -73.7029 kcal/mol        0.1848 kcal/(mol*A)
xmin   900      -73.7089 kcal/mol        0.5078 kcal/(mol*A)
xmin   910      -73.7142 kcal/mol        0.1526 kcal/(mol*A)
xmin   920      -73.7178 kcal/mol        0.2364 kcal/(mol*A)
xmin   930      -73.7225 kcal/mol        0.1272 kcal/(mol*A)
xmin   940      -73.7306 kcal/mol        0.1733 kcal/(mol*A)
xmin   950      -73.7362 kcal/mol        0.1725 kcal/(mol*A)
xmin   960      -73.7391 kcal/mol        0.2155 kcal/(mol*A)
xmin   970      -73.7427 kcal/mol        0.1366 kcal/(mol*A)
xmin   980      -73.7478 kcal/mol        0.2615 kcal/(mol*A)
xmin   990      -73.7538 kcal/mol        0.2153 kcal/(mol*A)
xmin  1000      -73.7657 kcal/mol        0.1179 kcal/(mol*A)
xmin  1010      -73.7731 kcal/mol        0.1180 kcal/(mol*A)
xmin  1020      -73.7778 kcal/mol        0.1152 kcal/(mol*A)
xmin  1030      -73.7814 kcal/mol        0.1587 kcal/(mol*A)
xmin  1040      -73.7870 kcal/mol        0.2174 kcal/(mol*A)
xmin  1050      -73.7963 kcal/mol        0.1709 kcal/(mol*A)
xmin  1060      -73.8020 kcal/mol        0.1804 kcal/(mol*A)
xmin  1070      -73.8065 kcal/mol        0.1870 kcal/(mol*A)
xmin  1080      -73.8123 kcal/mol        0.1139 kcal/(mol*A)
xmin  1090      -73.8177 kcal/mol        0.2022 kcal/(mol*A)
xmin  1100      -73.8221 kcal/mol        0.1227 kcal/(mol*A)
xmin  1110      -73.8340 kcal/mol        0.1631 kcal/(mol*A)
xmin  1120      -73.8400 kcal/mol        0.1186 kcal/(mol*A)
xmin  1130      -73.8459 kcal/mol        0.2203 kcal/(mol*A)
xmin  1140      -73.8510 kcal/mol        0.1257 kcal/(mol*A)
xmin  1150      -73.8554 kcal/mol        0.1108 kcal/(mol*A)
xmin  1160      -73.8587 kcal/mol        0.1355 kcal/(mol*A)
xmin  1170      -73.8628 kcal/mol        0.1725 kcal/(mol*A)
xmin  1180      -73.8722 kcal/mol        0.2452 kcal/(mol*A)
xmin  1190      -73.8784 kcal/mol        0.1165 kcal/(mol*A)
xmin  1200      -73.9010 kcal/mol        0.1197 kcal/(mol*A)
xmin  1210      -73.9055 kcal/mol        0.1196 kcal/(mol*A)
xmin  1220      -73.9124 kcal/mol        0.1545 kcal/(mol*A)
xmin  1230      -73.9183 kcal/mol        0.1120 kcal/(mol*A)
xmin  1240      -73.9271 kcal/mol        0.1300 kcal/(mol*A)
xmin  1250      -73.9324 kcal/mol        0.1402 kcal/(mol*A)
xmin  1260      -73.9397 kcal/mol        0.4447 kcal/(mol*A)
xmin  1270      -73.9485 kcal/mol        0.1918 kcal/(mol*A)
xmin  1280      -73.9552 kcal/mol        0.1573 kcal/(mol*A)
xmin  1290      -73.9601 kcal/mol        0.1958 kcal/(mol*A)
xmin  1300      -73.9635 kcal/mol        0.1164 kcal/(mol*A)
xmin  1310      -73.9680 kcal/mol        0.2015 kcal/(mol*A)
xmin  1320      -73.9738 kcal/mol        0.1601 kcal/(mol*A)
xmin  1330      -73.9851 kcal/mol        0.1666 kcal/(mol*A)
xmin  1340      -73.9907 kcal/mol        0.1381 kcal/(mol*A)
xmin  1350      -73.9956 kcal/mol        0.1114 kcal/(mol*A)
xmin  1360      -74.0007 kcal/mol        0.1357 kcal/(mol*A)
xmin  1370      -74.0073 kcal/mol        0.4890 kcal/(mol*A)
xmin  1380      -74.0144 kcal/mol        0.1209 kcal/(mol*A)
xmin  1390      -74.0191 kcal/mol        0.1662 kcal/(mol*A)
xmin  1400      -74.0230 kcal/mol        0.2105 kcal/(mol*A)
xmin  1410      -74.0278 kcal/mol        0.2958 kcal/(mol*A)
xmin  1420      -74.0356 kcal/mol        0.2278 kcal/(mol*A)
xmin  1430      -74.0424 kcal/mol        0.1455 kcal/(mol*A)
xmin  1440      -74.0461 kcal/mol        0.2384 kcal/(mol*A)
xmin  1450      -74.0574 kcal/mol        0.1321 kcal/(mol*A)
xmin  1460      -74.0812 kcal/mol        0.1341 kcal/(mol*A)
xmin  1470      -74.0857 kcal/mol        0.2109 kcal/(mol*A)
xmin  1480      -74.0901 kcal/mol        0.1983 kcal/(mol*A)
xmin  1490      -74.0955 kcal/mol        0.1376 kcal/(mol*A)
xmin  1500      -74.0990 kcal/mol        0.1893 kcal/(mol*A)
xmin  1510      -74.1020 kcal/mol        0.1454 kcal/(mol*A)
xmin  1520      -74.1050 kcal/mol        0.1963 kcal/(mol*A)
xmin  1530      -74.1082 kcal/mol        0.1429 kcal/(mol*A)
xmin  1540      -74.1115 kcal/mol        0.0968 kcal/(mol*A)
xmin  1550      -74.1229 kcal/mol        0.2173 kcal/(mol*A)
xmin  1560      -74.1265 kcal/mol        0.1687 kcal/(mol*A)
xmin  1570      -74.1292 kcal/mol        0.1766 kcal/(mol*A)
xmin  1580      -74.1322 kcal/mol        0.1289 kcal/(mol*A)
xmin  1590      -74.1354 kcal/mol        0.1852 kcal/(mol*A)
xmin  1600      -74.1386 kcal/mol        0.1690 kcal/(mol*A)
xmin  1610      -74.1416 kcal/mol        0.1195 kcal/(mol*A)
xmin  1620      -74.1452 kcal/mol        0.1924 kcal/(mol*A)
xmin  1630      -74.1484 kcal/mol        0.1662 kcal/(mol*A)
xmin  1640      -74.1516 kcal/mol        0.1187 kcal/(mol*A)
xmin  1650      -74.1551 kcal/mol        0.1941 kcal/(mol*A)
xmin  1660      -74.1584 kcal/mol        0.1593 kcal/(mol*A)
xmin  1670      -74.1614 kcal/mol        0.1169 kcal/(mol*A)
xmin  1680      -74.1649 kcal/mol        0.1889 kcal/(mol*A)
xmin  1690      -74.1682 kcal/mol        0.1551 kcal/(mol*A)
xmin  1700      -74.1713 kcal/mol        0.1182 kcal/(mol*A)
xmin  1710      -74.1747 kcal/mol        0.1964 kcal/(mol*A)
xmin  1720      -74.1780 kcal/mol        0.1552 kcal/(mol*A)
xmin  1730      -74.1810 kcal/mol        0.1164 kcal/(mol*A)
xmin  1740      -74.1844 kcal/mol        0.1902 kcal/(mol*A)
xmin  1750      -74.1876 kcal/mol        0.1562 kcal/(mol*A)
xmin  1760      -74.1906 kcal/mol        0.1165 kcal/(mol*A)
xmin  1770      -74.1939 kcal/mol        0.1898 kcal/(mol*A)
xmin  1780      -74.1971 kcal/mol        0.1570 kcal/(mol*A)
xmin  1790      -74.2001 kcal/mol        0.1176 kcal/(mol*A)
xmin  1800      -74.2034 kcal/mol        0.1946 kcal/(mol*A)
xmin  1810      -74.2065 kcal/mol        0.1502 kcal/(mol*A)
xmin  1820      -74.2094 kcal/mol        0.1155 kcal/(mol*A)
xmin  1830      -74.2127 kcal/mol        0.1925 kcal/(mol*A)
xmin  1840      -74.2158 kcal/mol        0.1477 kcal/(mol*A)
xmin  1850      -74.2187 kcal/mol        0.1161 kcal/(mol*A)
xmin  1860      -74.2218 kcal/mol        0.1908 kcal/(mol*A)
xmin  1870      -74.2249 kcal/mol        0.1515 kcal/(mol*A)
xmin  1880      -74.2278 kcal/mol        0.1158 kcal/(mol*A)
xmin  1890      -74.2308 kcal/mol        0.1886 kcal/(mol*A)
xmin  1900      -74.2338 kcal/mol        0.1489 kcal/(mol*A)
xmin  1910      -74.2367 kcal/mol        0.1125 kcal/(mol*A)
xmin  1920      -74.2397 kcal/mol        0.1884 kcal/(mol*A)
xmin  1930      -74.2427 kcal/mol        0.1454 kcal/(mol*A)
xmin  1940      -74.2455 kcal/mol        0.1126 kcal/(mol*A)
xmin  1950      -74.2485 kcal/mol        0.1910 kcal/(mol*A)
xmin  1960      -74.2514 kcal/mol        0.1454 kcal/(mol*A)
xmin  1970      -74.2541 kcal/mol        0.1112 kcal/(mol*A)
xmin  1980      -74.2571 kcal/mol        0.1859 kcal/(mol*A)
xmin  1990      -74.2599 kcal/mol        0.1448 kcal/(mol*A)
xmin  2000      -74.2626 kcal/mol        0.1112 kcal/(mol*A)
xmin  2010      -74.2655 kcal/mol        0.1866 kcal/(mol*A)
xmin  2020      -74.2683 kcal/mol        0.1424 kcal/(mol*A)
xmin  2030      -74.2710 kcal/mol        0.1094 kcal/(mol*A)
xmin  2040      -74.2738 kcal/mol        0.1844 kcal/(mol*A)
xmin  2050      -74.2766 kcal/mol        0.1413 kcal/(mol*A)
xmin  2060      -74.2792 kcal/mol        0.1087 kcal/(mol*A)
xmin  2070      -74.2820 kcal/mol        0.1832 kcal/(mol*A)
xmin  2080      -74.2847 kcal/mol        0.1395 kcal/(mol*A)
xmin  2090      -74.2873 kcal/mol        0.1084 kcal/(mol*A)
xmin  2100      -74.2900 kcal/mol        0.1826 kcal/(mol*A)
xmin  2110      -74.2927 kcal/mol        0.1386 kcal/(mol*A)
xmin  2120      -74.2952 kcal/mol        0.1073 kcal/(mol*A)
xmin  2130      -74.2979 kcal/mol        0.1810 kcal/(mol*A)
xmin  2140      -74.3005 kcal/mol        0.1380 kcal/(mol*A)
xmin  2150      -74.3030 kcal/mol        0.1060 kcal/(mol*A)
xmin  2160      -74.3057 kcal/mol        0.1800 kcal/(mol*A)
xmin  2170      -74.3082 kcal/mol        0.1366 kcal/(mol*A)
xmin  2180      -74.3107 kcal/mol        0.1042 kcal/(mol*A)
xmin  2190      -74.3133 kcal/mol        0.1742 kcal/(mol*A)
xmin  2200      -74.3158 kcal/mol        0.1330 kcal/(mol*A)
xmin  2210      -74.3182 kcal/mol        0.1052 kcal/(mol*A)
xmin  2220      -74.3207 kcal/mol        0.1745 kcal/(mol*A)
xmin  2230      -74.3232 kcal/mol        0.1319 kcal/(mol*A)
xmin  2240      -74.3256 kcal/mol        0.1043 kcal/(mol*A)
xmin  2250      -74.3281 kcal/mol        0.1741 kcal/(mol*A)
xmin  2260      -74.3306 kcal/mol        0.1278 kcal/(mol*A)
xmin  2270      -74.3328 kcal/mol        0.1027 kcal/(mol*A)
xmin  2280      -74.3354 kcal/mol        0.1789 kcal/(mol*A)
xmin  2290      -74.3377 kcal/mol        0.1309 kcal/(mol*A)
xmin  2300      -74.3400 kcal/mol        0.1001 kcal/(mol*A)
xmin  2310      -74.3424 kcal/mol        0.1665 kcal/(mol*A)
xmin  2320      -74.3448 kcal/mol        0.1235 kcal/(mol*A)
xmin  2330      -74.3470 kcal/mol        0.1033 kcal/(mol*A)
xmin  2340      -74.3494 kcal/mol        0.1698 kcal/(mol*A)
xmin  2350      -74.3519 kcal/mol        0.1238 kcal/(mol*A)
xmin  2360      -74.3540 kcal/mol        0.1011 kcal/(mol*A)
xmin  2370      -74.3563 kcal/mol        0.1690 kcal/(mol*A)
xmin  2380      -74.3588 kcal/mol        0.1250 kcal/(mol*A)
xmin  2390      -74.3608 kcal/mol        0.0965 kcal/(mol*A)
xmin  2400      -74.3631 kcal/mol        0.1708 kcal/(mol*A)
xmin  2410      -74.3654 kcal/mol        0.1344 kcal/(mol*A)
xmin  2420      -74.3675 kcal/mol        0.0978 kcal/(mol*A)
xmin  2430      -74.3698 kcal/mol        0.1725 kcal/(mol*A)
xmin  2440      -74.3720 kcal/mol        0.1321 kcal/(mol*A)
xmin  2450      -74.3740 kcal/mol        0.0952 kcal/(mol*A)
xmin  2460      -74.3765 kcal/mol        0.1747 kcal/(mol*A)
xmin  2470      -74.3786 kcal/mol        0.1176 kcal/(mol*A)
xmin  2480      -74.3805 kcal/mol        0.0930 kcal/(mol*A)
xmin  2490      -74.3828 kcal/mol        0.1615 kcal/(mol*A)
xmin  2500      -74.3849 kcal/mol        0.1186 kcal/(mol*A)
xmin  2510      -74.3870 kcal/mol        0.0941 kcal/(mol*A)
xmin  2520      -74.3891 kcal/mol        0.1604 kcal/(mol*A)
xmin  2530      -74.3911 kcal/mol        0.1164 kcal/(mol*A)
xmin  2540      -74.3933 kcal/mol        0.0937 kcal/(mol*A)
xmin  2550      -74.3954 kcal/mol        0.1623 kcal/(mol*A)
xmin  2560      -74.3974 kcal/mol        0.1133 kcal/(mol*A)
xmin  2570      -74.3994 kcal/mol        0.0991 kcal/(mol*A)
xmin  2580      -74.4014 kcal/mol        0.1571 kcal/(mol*A)
xmin  2590      -74.4036 kcal/mol        0.1103 kcal/(mol*A)
xmin  2600      -74.4053 kcal/mol        0.0982 kcal/(mol*A)
xmin  2610      -74.4076 kcal/mol        0.1715 kcal/(mol*A)
xmin  2620      -74.4094 kcal/mol        0.1239 kcal/(mol*A)
xmin  2630      -74.4113 kcal/mol        0.0854 kcal/(mol*A)
xmin  2640      -74.4133 kcal/mol        0.1389 kcal/(mol*A)
xmin  2650      -74.4152 kcal/mol        0.1172 kcal/(mol*A)
xmin  2660      -74.4170 kcal/mol        0.0871 kcal/(mol*A)
xmin  2670      -74.4193 kcal/mol        0.1615 kcal/(mol*A)
xmin  2680      -74.4209 kcal/mol        0.1222 kcal/(mol*A)
xmin  2690      -74.4228 kcal/mol        0.0812 kcal/(mol*A)
xmin  2700      -74.4248 kcal/mol        0.1325 kcal/(mol*A)
xmin  2710      -74.4266 kcal/mol        0.1185 kcal/(mol*A)
xmin  2720      -74.4283 kcal/mol        0.0848 kcal/(mol*A)
xmin  2730      -74.4305 kcal/mol        0.1534 kcal/(mol*A)
xmin  2740      -74.4321 kcal/mol        0.1131 kcal/(mol*A)
xmin  2750      -74.4339 kcal/mol        0.0810 kcal/(mol*A)
xmin  2760      -74.4358 kcal/mol        0.1486 kcal/(mol*A)
xmin  2770      -74.4374 kcal/mol        0.1081 kcal/(mol*A)
xmin  2780      -74.4395 kcal/mol        0.0818 kcal/(mol*A)
xmin  2790      -74.4419 kcal/mol        0.1017 kcal/(mol*A)
xmin  2800      -74.4443 kcal/mol        0.1217 kcal/(mol*A)
xmin  2810      -74.4598 kcal/mol        0.1202 kcal/(mol*A)
xmin  2820      -74.4619 kcal/mol        0.1051 kcal/(mol*A)
xmin  2830      -74.4647 kcal/mol        0.2775 kcal/(mol*A)
xmin  2840      -74.4682 kcal/mol        0.0637 kcal/(mol*A)
xmin  2850      -74.4860 kcal/mol        0.8169 kcal/(mol*A)
xmin  2860      -74.5035 kcal/mol        0.0866 kcal/(mol*A)
xmin  2870      -74.5065 kcal/mol        0.1145 kcal/(mol*A)
xmin  2880      -74.5075 kcal/mol        0.0748 kcal/(mol*A)
xmin  2890      -74.5089 kcal/mol        0.1040 kcal/(mol*A)
xmin  2900      -74.5100 kcal/mol        0.0554 kcal/(mol*A)
xmin  2910      -74.5127 kcal/mol        0.0846 kcal/(mol*A)
xmin  2920      -74.5166 kcal/mol        0.4037 kcal/(mol*A)
xmin  2930      -74.5204 kcal/mol        0.0741 kcal/(mol*A)
xmin  2940      -74.5227 kcal/mol        0.1653 kcal/(mol*A)
xmin  2950      -74.5261 kcal/mol        0.0653 kcal/(mol*A)
xmin  2960      -74.5273 kcal/mol        0.1344 kcal/(mol*A)
xmin  2970      -74.5301 kcal/mol        0.1258 kcal/(mol*A)
xmin  2980      -74.5314 kcal/mol        0.0698 kcal/(mol*A)
xmin  2990      -74.5329 kcal/mol        0.0906 kcal/(mol*A)
xmin  3000      -74.5351 kcal/mol        0.0722 kcal/(mol*A)
xmin  3010      -74.5361 kcal/mol        0.1054 kcal/(mol*A)
xmin  3020      -74.5370 kcal/mol        0.0922 kcal/(mol*A)
xmin  3030      -74.5379 kcal/mol        0.0635 kcal/(mol*A)
xmin  3040      -74.5389 kcal/mol        0.1074 kcal/(mol*A)
xmin  3050      -74.5399 kcal/mol        0.0825 kcal/(mol*A)
xmin  3060      -74.5408 kcal/mol        0.0628 kcal/(mol*A)
xmin  3070      -74.5418 kcal/mol        0.1091 kcal/(mol*A)
xmin  3080      -74.5429 kcal/mol        0.0833 kcal/(mol*A)
xmin  3090      -74.5438 kcal/mol        0.0599 kcal/(mol*A)
xmin  3100      -74.5448 kcal/mol        0.1060 kcal/(mol*A)
xmin  3110      -74.5458 kcal/mol        0.0730 kcal/(mol*A)
xmin  3120      -74.5469 kcal/mol        0.0740 kcal/(mol*A)
xmin  3130      -74.5482 kcal/mol        0.0577 kcal/(mol*A)
xmin  3140      -74.5497 kcal/mol        0.0502 kcal/(mol*A)
xmin  3150      -74.5529 kcal/mol        0.1086 kcal/(mol*A)
xmin  3160      -74.5538 kcal/mol        0.0658 kcal/(mol*A)
xmin  3170      -74.5546 kcal/mol        0.0828 kcal/(mol*A)
xmin  3180      -74.5571 kcal/mol        0.1137 kcal/(mol*A)
xmin  3190      -74.5597 kcal/mol        0.0571 kcal/(mol*A)
xmin  3200      -74.5610 kcal/mol        0.0582 kcal/(mol*A)
xmin  3210      -74.5620 kcal/mol        0.0789 kcal/(mol*A)
xmin  3220      -74.5626 kcal/mol        0.0557 kcal/(mol*A)
xmin  3230      -74.5637 kcal/mol        0.0686 kcal/(mol*A)
xmin  3240      -74.5647 kcal/mol        0.0512 kcal/(mol*A)
xmin  3250      -74.5686 kcal/mol        0.2654 kcal/(mol*A)
xmin  3260      -74.5701 kcal/mol        0.0499 kcal/(mol*A)
xmin  3270      -74.5737 kcal/mol        0.0470 kcal/(mol*A)
xmin  3280      -74.5794 kcal/mol        0.0692 kcal/(mol*A)
xmin  3290      -74.5806 kcal/mol        0.0711 kcal/(mol*A)
xmin  3300      -74.5815 kcal/mol        0.0643 kcal/(mol*A)
xmin  3310      -74.5824 kcal/mol        0.0734 kcal/(mol*A)
xmin  3320      -74.5832 kcal/mol        0.0611 kcal/(mol*A)
xmin  3330      -74.5840 kcal/mol        0.0656 kcal/(mol*A)
xmin  3340      -74.5848 kcal/mol        0.0408 kcal/(mol*A)
xmin  3350      -74.5870 kcal/mol        0.1442 kcal/(mol*A)
xmin  3360      -74.5885 kcal/mol        0.0666 kcal/(mol*A)
xmin  3370      -74.5891 kcal/mol        0.0669 kcal/(mol*A)
xmin  3380      -74.5902 kcal/mol        0.0395 kcal/(mol*A)
xmin  3390      -74.5923 kcal/mol        0.0383 kcal/(mol*A)
xmin  3400      -74.5956 kcal/mol        0.0468 kcal/(mol*A)
xmin  3410      -74.5963 kcal/mol        0.1373 kcal/(mol*A)
xmin  3420      -74.5977 kcal/mol        0.1433 kcal/(mol*A)
xmin  3430      -74.5988 kcal/mol        0.1957 kcal/(mol*A)
xmin  3440      -74.5998 kcal/mol        0.0641 kcal/(mol*A)
xmin  3450      -74.6010 kcal/mol        0.1420 kcal/(mol*A)
xmin  3460      -74.6018 kcal/mol        0.0371 kcal/(mol*A)
xmin  3470      -74.6043 kcal/mol        0.0358 kcal/(mol*A)
xmin  3480      -74.6066 kcal/mol        0.0593 kcal/(mol*A)
xmin  3490      -74.6072 kcal/mol        0.0850 kcal/(mol*A)
xmin  3500      -74.6077 kcal/mol        0.0573 kcal/(mol*A)
xmin  3510      -74.6082 kcal/mol        0.0780 kcal/(mol*A)
xmin  3520      -74.6102 kcal/mol        0.0684 kcal/(mol*A)
xmin  3530      -74.6109 kcal/mol        0.0923 kcal/(mol*A)
xmin  3540      -74.6120 kcal/mol        0.0389 kcal/(mol*A)
xmin  3550      -74.6131 kcal/mol        0.0406 kcal/(mol*A)
xmin  3560      -74.6136 kcal/mol        0.0350 kcal/(mol*A)
xmin  3570      -74.6148 kcal/mol        0.0416 kcal/(mol*A)
xmin  3580      -74.6158 kcal/mol        0.0385 kcal/(mol*A)
xmin  3590      -74.6163 kcal/mol        0.0369 kcal/(mol*A)
xmin  3600      -74.6167 kcal/mol        0.0411 kcal/(mol*A)
xmin  3610      -74.6170 kcal/mol        0.0557 kcal/(mol*A)
xmin  3620      -74.6173 kcal/mol        0.0457 kcal/(mol*A)
xmin  3630      -74.6177 kcal/mol        0.0567 kcal/(mol*A)
xmin  3640      -74.6184 kcal/mol        0.1475 kcal/(mol*A)
xmin  3650      -74.6191 kcal/mol        0.0379 kcal/(mol*A)
xmin  3660      -74.6195 kcal/mol        0.0411 kcal/(mol*A)
xmin  3670      -74.6198 kcal/mol        0.0536 kcal/(mol*A)
xmin  3680      -74.6201 kcal/mol        0.0483 kcal/(mol*A)
xmin  3690      -74.6204 kcal/mol        0.0485 kcal/(mol*A)
xmin  3700      -74.6207 kcal/mol        0.0684 kcal/(mol*A)
xmin  3710      -74.6216 kcal/mol        0.0517 kcal/(mol*A)
xmin  3720      -74.6220 kcal/mol        0.0502 kcal/(mol*A)
xmin  3730      -74.6228 kcal/mol        0.0522 kcal/(mol*A)
xmin  3740      -74.6240 kcal/mol        0.1181 kcal/(mol*A)
xmin  3750      -74.6246 kcal/mol        0.0476 kcal/(mol*A)
xmin  3760      -74.6259 kcal/mol        0.0625 kcal/(mol*A)
xmin  3770      -74.6276 kcal/mol        0.0451 kcal/(mol*A)
xmin  3780      -74.6283 kcal/mol        0.0448 kcal/(mol*A)
xmin  3790      -74.6288 kcal/mol        0.0816 kcal/(mol*A)
xmin  3800      -74.6291 kcal/mol        0.0448 kcal/(mol*A)
xmin  3810      -74.6294 kcal/mol        0.0440 kcal/(mol*A)
xmin  3820      -74.6299 kcal/mol        0.0451 kcal/(mol*A)
xmin  3830      -74.6303 kcal/mol        0.0474 kcal/(mol*A)
xmin  3840      -74.6308 kcal/mol        0.0649 kcal/(mol*A)
xmin  3850      -74.6318 kcal/mol        0.0641 kcal/(mol*A)
xmin  3860      -74.6322 kcal/mol        0.0432 kcal/(mol*A)
xmin  3870      -74.6329 kcal/mol        0.0766 kcal/(mol*A)
xmin  3880      -74.6334 kcal/mol        0.0429 kcal/(mol*A)
xmin  3890      -74.6341 kcal/mol        0.0428 kcal/(mol*A)
xmin  3900      -74.6345 kcal/mol        0.0417 kcal/(mol*A)
xmin  3910      -74.6372 kcal/mol        0.0409 kcal/(mol*A)
xmin  3920      -74.6375 kcal/mol        0.0693 kcal/(mol*A)
xmin  3930      -74.6377 kcal/mol        0.0448 kcal/(mol*A)
xmin  3940      -74.6380 kcal/mol        0.0418 kcal/(mol*A)
xmin  3950      -74.6383 kcal/mol        0.0418 kcal/(mol*A)
xmin  3960      -74.6393 kcal/mol        0.0588 kcal/(mol*A)
xmin  3970      -74.6405 kcal/mol        0.0512 kcal/(mol*A)
xmin  3980      -74.6409 kcal/mol        0.0406 kcal/(mol*A)
xmin  3990      -74.6415 kcal/mol        0.0858 kcal/(mol*A)
xmin  4000      -74.6418 kcal/mol        0.0638 kcal/(mol*A)
xmin  4010      -74.6420 kcal/mol        0.0410 kcal/(mol*A)
xmin  4020      -74.6423 kcal/mol        0.0797 kcal/(mol*A)
xmin  4030      -74.6442 kcal/mol        0.0424 kcal/(mol*A)
xmin  4040      -74.6446 kcal/mol        0.0347 kcal/(mol*A)
xmin  4050      -74.6449 kcal/mol        0.0431 kcal/(mol*A)
xmin  4060      -74.6451 kcal/mol        0.0435 kcal/(mol*A)
xmin  4070      -74.6454 kcal/mol        0.0539 kcal/(mol*A)
xmin  4080      -74.6459 kcal/mol        0.0724 kcal/(mol*A)
xmin  4090      -74.6466 kcal/mol        0.1524 kcal/(mol*A)
xmin  4100      -74.6475 kcal/mol        0.1092 kcal/(mol*A)
xmin  4110      -74.6480 kcal/mol        0.0342 kcal/(mol*A)
xmin  4120      -74.6482 kcal/mol        0.0419 kcal/(mol*A)
xmin  4130      -74.6485 kcal/mol        0.0609 kcal/(mol*A)
xmin  4140      -74.6487 kcal/mol        0.0338 kcal/(mol*A)
xmin  4150      -74.6489 kcal/mol        0.0668 kcal/(mol*A)
xmin  4160      -74.6494 kcal/mol        0.0429 kcal/(mol*A)
xmin  4170      -74.6496 kcal/mol        0.0636 kcal/(mol*A)
xmin  4180      -74.6498 kcal/mol        0.0328 kcal/(mol*A)
xmin  4190      -74.6500 kcal/mol        0.0326 kcal/(mol*A)
xmin  4200      -74.6503 kcal/mol        0.0347 kcal/(mol*A)
xmin  4210      -74.6511 kcal/mol        0.0394 kcal/(mol*A)
xmin  4220      -74.6513 kcal/mol        0.0449 kcal/(mol*A)
xmin  4230      -74.6534 kcal/mol        0.0313 kcal/(mol*A)
xmin  4240      -74.6536 kcal/mol        0.0339 kcal/(mol*A)
xmin  4250      -74.6544 kcal/mol        0.0556 kcal/(mol*A)
xmin  4260      -74.6546 kcal/mol        0.0368 kcal/(mol*A)
xmin  4270      -74.6547 kcal/mol        0.0352 kcal/(mol*A)
xmin  4280      -74.6549 kcal/mol        0.0362 kcal/(mol*A)
xmin  4290      -74.6561 kcal/mol        0.0454 kcal/(mol*A)
xmin  4300      -74.6583 kcal/mol        0.1250 kcal/(mol*A)
xmin  4310      -74.6587 kcal/mol        0.0648 kcal/(mol*A)
xmin  4320      -74.6596 kcal/mol        0.0658 kcal/(mol*A)
xmin  4330      -74.6600 kcal/mol        0.0279 kcal/(mol*A)
xmin  4340      -74.6634 kcal/mol        0.0339 kcal/(mol*A)
xmin  4350      -74.6636 kcal/mol        0.0246 kcal/(mol*A)
xmin  4360      -74.6642 kcal/mol        0.0309 kcal/(mol*A)
xmin  4370      -74.6643 kcal/mol        0.0355 kcal/(mol*A)
xmin  4380      -74.6644 kcal/mol        0.0281 kcal/(mol*A)
xmin  4390      -74.6646 kcal/mol        0.0286 kcal/(mol*A)
xmin  4400      -74.6654 kcal/mol        0.0381 kcal/(mol*A)
xmin  4410      -74.6660 kcal/mol        0.0527 kcal/(mol*A)
xmin  4420      -74.6664 kcal/mol        0.0562 kcal/(mol*A)
xmin  4430      -74.6668 kcal/mol        0.0349 kcal/(mol*A)
xmin  4440      -74.6674 kcal/mol        0.0272 kcal/(mol*A)
xmin  4450      -74.6678 kcal/mol        0.0367 kcal/(mol*A)
xmin  4460      -74.6681 kcal/mol        0.0501 kcal/(mol*A)
xmin  4470      -74.6684 kcal/mol        0.0222 kcal/(mol*A)
xmin  4470      -74.6684 kcal/mol        0.0170 kcal/(mol*A)
  ... geometry converged !
 
 Final MO eigenvalues (eV):
 -41.3034  -38.4004  -37.3194  -33.9533  -32.7772  -30.9119  -30.2386  -28.1951
 -25.6500  -25.5940  -21.5240  -21.2060  -20.4249  -18.8585  -17.9803  -17.5850
 -17.4061  -16.6101  -15.9280  -15.6378  -15.4523  -15.2453  -15.0995  -14.9373
 -14.6137  -14.3033  -13.9831  -13.7154  -13.6809  -13.3109  -13.1449  -13.0677
 -12.8714  -12.6906  -12.5724  -11.4277  -10.9273  -10.0873   -9.7473   -9.6143
  -0.0300    0.0931    0.4453    0.7875    1.2735    2.3598    2.6507    2.7936
   3.1236    3.1348    3.1933    3.4634    3.6470    3.6866    3.8091    3.8219
   3.9056    3.9517    3.9880    4.0415    4.1404    4.1428    4.1930    4.2476
   4.3341    4.4799    4.8093    4.9679    5.0740    5.1644    5.4989    5.9411
   6.0793    6.8374    7.0107

 Heat of formation   =        -74.66841774 kcal/mol  (       -3.23786556 eV)

 Total SCF energy    =     -55421.90416770 kcal/mol  (    -2403.27410640 eV)
 Electronic energy   =    -357406.57142867 kcal/mol  (   -15498.31193047 eV)
 Core-core repulsion =     301984.66726097 kcal/mol  (    13095.03782407 eV)
 
    Atomic Charges for Step       1 :
  Atom    Element       Mulliken Charge
     1      C                 -0.132
     2      C                  0.284
     3      O                 -0.343
     4      N                 -0.032
     5      C                 -0.066
     6      C                 -0.050
     7      C                 -0.069
     8      C                 -0.110
     9      C                 -0.082
    10      C                 -0.109
    11      C                 -0.048
    12      C                 -0.077
    13      C                  0.279
    14      O                 -0.366
    15      C                 -0.148
    16      H                  0.067
    17      H                  0.084
    18      H                  0.068
    19      H                  0.045
    20      H                  0.048
    21      H                  0.055
    22      H                  0.109
    23      H                  0.105
    24      H                  0.110
    25      H                  0.045
    26      H                  0.064
    27      H                  0.049
    28      H                  0.073
    29      H                  0.070
    30      H                  0.073
 Total Mulliken Charge =       0.000
 
                  X        Y        Z     TOTAL  
  QM DIPOLE    -1.588    1.254   -1.798    2.707
 
 Final Structure

  QMMM: QM Region Cartesian Coordinates (*=link atom) 
  QMMM: QM_NO.   MM_NO.  ATOM         X         Y         Z
  QMMM:     1        1      C        3.1226    0.0720    1.2830
  QMMM:     2        2      C        1.6476   -0.2063    1.1952
  QMMM:     3        3      O        0.9840   -0.5682    2.1502
  QMMM:     4        4      N        0.9298    0.0043   -0.0507
  QMMM:     5        5      C       -0.5366    0.0093    0.0084
  QMMM:     6        6      C       -1.2064    1.2214    0.2483
  QMMM:     7        7      C       -0.4754    2.5040    0.4321
  QMMM:     8        8      C       -2.6009    1.2248    0.3158
  QMMM:     9        9      C       -3.3194    0.0484    0.1509
  QMMM:    10       10      C       -2.6545   -1.1475   -0.0848
  QMMM:    11       11      C       -1.2608   -1.1841   -0.1567
  QMMM:    12       12      C       -0.5887   -2.4886   -0.4004
  QMMM:    13       13      C        1.5255    0.0037   -1.3618
  QMMM:    14       14      O        2.7092   -0.2711   -1.4713
  QMMM:    15       15      C        0.6549    0.3600   -2.5387
  QMMM:    16       16      H        3.4414    0.1683    2.3300
  QMMM:    17       17      H        3.7010   -0.7493    0.8360
  QMMM:    18       18      H        3.4007    0.9978    0.7623
  QMMM:    19       19      H        0.0936    2.7673   -0.4712
  QMMM:    20       20      H       -1.1569    3.3395    0.6439
  QMMM:    21       21      H        0.2341    2.4424    1.2687
  QMMM:    22       22      H       -3.1328    2.1645    0.5065
  QMMM:    23       23      H       -4.4128    0.0629    0.2110
  QMMM:    24       24      H       -3.2285   -2.0736   -0.2082
  QMMM:    25       25      H        0.0269   -2.4546   -1.3109
  QMMM:    26       26      H        0.0673   -2.7576    0.4392
  QMMM:    27       27      H       -1.3108   -3.3071   -0.5252
  QMMM:    28       28      H       -0.1788   -0.3494   -2.6427
  QMMM:    29       29      H        0.2266    1.3657   -2.4211
  QMMM:    30       30      H        1.2252    0.3461   -3.4770

           --------- Calculation Completed ----------

