                      :-) GROMACS - mdrun_mpi, 2021.2 (-:

                            GROMACS is written by:
     Andrey Alekseenko              Emile Apol              Rossen Apostolov     
         Paul Bauer           Herman J.C. Berendsen           Par Bjelkmar       
       Christian Blau           Viacheslav Bolnykh             Kevin Boyd        
     Aldert van Buuren           Rudi van Drunen             Anton Feenstra      
    Gilles Gouaillardet             Alan Gray               Gerrit Groenhof      
       Anca Hamuraru            Vincent Hindriksen          M. Eric Irrgang      
      Aleksei Iupinov           Christoph Junghans             Joe Jordan        
    Dimitrios Karkoulis            Peter Kasson                Jiri Kraus        
      Carsten Kutzner              Per Larsson              Justin A. Lemkul     
       Viveca Lindahl            Magnus Lundborg             Erik Marklund       
        Pascal Merz             Pieter Meulenhoff            Teemu Murtola       
        Szilard Pall               Sander Pronk              Roland Schulz       
       Michael Shirts            Alexey Shvetsov             Alfons Sijbers      
       Peter Tieleman              Jon Vincent              Teemu Virolainen     
     Christian Wennberg            Maarten Wolf              Artem Zhmurov       
                           and the project leaders:
        Mark Abraham, Berk Hess, Erik Lindahl, and David van der Spoel

Copyright (c) 1991-2000, University of Groningen, The Netherlands.
Copyright (c) 2001-2019, The GROMACS development team at
Uppsala University, Stockholm University and
the Royal Institute of Technology, Sweden.
check out http://www.gromacs.org for more information.

GROMACS is free software; you can redistribute it and/or modify it
under the terms of the GNU Lesser General Public License
as published by the Free Software Foundation; either version 2.1
of the License, or (at your option) any later version.

GROMACS:      mdrun_mpi, version 2021.2
Executable:   /gpfs/opt/apps/gromacs-2021.2/bin/mdrun_mpi
Data prefix:  /gpfs/opt/apps/gromacs-2021.2
Working dir:  /gpfs/work/tur54445/git/peptoid_24summer/peptoid/17AB1-5-A/GAFF/neutral/gaff1
Process ID:   9814
Command line:
  mdrun_mpi -s prod_PR.tpr -deffnm prod_PR

GROMACS version:    2021.2
Verified release checksum is d91a739522d82c53dc47c2276b9ac5fae3b2119283e84e3a1c7bed8ce741fda2
Precision:          mixed
Memory model:       64 bit
MPI library:        MPI
OpenMP support:     enabled (GMX_OPENMP_MAX_THREADS = 64)
GPU support:        disabled
SIMD instructions:  SSE4.1
FFT library:        fftw-3.3.3-sse2
RDTSCP usage:       enabled
TNG support:        enabled
Hwloc support:      disabled
Tracing support:    disabled
C compiler:         /gpfs/opt/base/openmpi-2.1.1/bin/mpicc GNU 8.4.0
C compiler flags:   -msse4.1 -Wno-missing-field-initializers -fexcess-precision=fast -funroll-all-loops -O3 -DNDEBUG
C++ compiler:       /gpfs/opt/base/openmpi-2.1.1/bin/mpicxx GNU 8.4.0
C++ compiler flags: -msse4.1 -Wno-missing-field-initializers -fexcess-precision=fast -funroll-all-loops -fopenmp -O3 -DNDEBUG


Running on 1 node with total 28 cores, 28 logical cores
Hardware detected on host b166 (the node of MPI rank 0):
  CPU info:
    Vendor: Intel
    Brand:  Intel(R) Xeon(R) CPU E5-2690 v4 @ 2.60GHz
    Family: 6   Model: 79   Stepping: 1
    Features: aes apic avx avx2 clfsh cmov cx8 cx16 f16c fma hle htt intel lahf mmx msr nonstop_tsc pcid pclmuldq pdcm pdpe1gb popcnt pse rdrnd rdtscp rtm sse2 sse3 sse4.1 sse4.2 ssse3 tdt x2apic
  Hardware topology: Basic
    Sockets, cores, and logical processors:
      Socket  0: [   0] [   2] [   4] [   6] [   8] [  10] [  12] [  14] [  16] [  18] [  20] [  22] [  24] [  26]
      Socket  1: [   1] [   3] [   5] [   7] [   9] [  11] [  13] [  15] [  17] [  19] [  21] [  23] [  25] [  27]

Highest SIMD level requested by all nodes in run: AVX2_256
SIMD instructions selected at compile time:       SSE4.1
This program was compiled for different hardware than you are running on,
which could influence performance.

++++ PLEASE READ AND CITE THE FOLLOWING REFERENCE ++++
M. J. Abraham, T. Murtola, R. Schulz, S. Páll, J. C. Smith, B. Hess, E.
Lindahl
GROMACS: High performance molecular simulations through multi-level
parallelism from laptops to supercomputers
SoftwareX 1 (2015) pp. 19-25
-------- -------- --- Thank You --- -------- --------


++++ PLEASE READ AND CITE THE FOLLOWING REFERENCE ++++
S. Páll, M. J. Abraham, C. Kutzner, B. Hess, E. Lindahl
Tackling Exascale Software Challenges in Molecular Dynamics Simulations with
GROMACS
In S. Markidis & E. Laure (Eds.), Solving Software Challenges for Exascale 8759 (2015) pp. 3-27
-------- -------- --- Thank You --- -------- --------


++++ PLEASE READ AND CITE THE FOLLOWING REFERENCE ++++
S. Pronk, S. Páll, R. Schulz, P. Larsson, P. Bjelkmar, R. Apostolov, M. R.
Shirts, J. C. Smith, P. M. Kasson, D. van der Spoel, B. Hess, and E. Lindahl
GROMACS 4.5: a high-throughput and highly parallel open source molecular
simulation toolkit
Bioinformatics 29 (2013) pp. 845-54
-------- -------- --- Thank You --- -------- --------


++++ PLEASE READ AND CITE THE FOLLOWING REFERENCE ++++
B. Hess and C. Kutzner and D. van der Spoel and E. Lindahl
GROMACS 4: Algorithms for highly efficient, load-balanced, and scalable
molecular simulation
J. Chem. Theory Comput. 4 (2008) pp. 435-447
-------- -------- --- Thank You --- -------- --------


++++ PLEASE READ AND CITE THE FOLLOWING REFERENCE ++++
D. van der Spoel, E. Lindahl, B. Hess, G. Groenhof, A. E. Mark and H. J. C.
Berendsen
GROMACS: Fast, Flexible and Free
J. Comp. Chem. 26 (2005) pp. 1701-1719
-------- -------- --- Thank You --- -------- --------


++++ PLEASE READ AND CITE THE FOLLOWING REFERENCE ++++
E. Lindahl and B. Hess and D. van der Spoel
GROMACS 3.0: A package for molecular simulation and trajectory analysis
J. Mol. Mod. 7 (2001) pp. 306-317
-------- -------- --- Thank You --- -------- --------


++++ PLEASE READ AND CITE THE FOLLOWING REFERENCE ++++
H. J. C. Berendsen, D. van der Spoel and R. van Drunen
GROMACS: A message-passing parallel molecular dynamics implementation
Comp. Phys. Comm. 91 (1995) pp. 43-56
-------- -------- --- Thank You --- -------- --------


++++ PLEASE CITE THE DOI FOR THIS VERSION OF GROMACS ++++
https://doi.org/10.5281/zenodo.4723562
-------- -------- --- Thank You --- -------- --------


The number of OpenMP threads was set by environment variable OMP_NUM_THREADS to 1

Input Parameters:
   integrator                     = md
   tinit                          = 0
   dt                             = 0.002
   nsteps                         = 500000
   init-step                      = 0
   simulation-part                = 1
   mts                            = false
   comm-mode                      = Linear
   nstcomm                        = 100
   bd-fric                        = 0
   ld-seed                        = -286792817
   emtol                          = 10
   emstep                         = 0.01
   niter                          = 20
   fcstep                         = 0
   nstcgsteep                     = 1000
   nbfgscorr                      = 10
   rtpi                           = 0.05
   nstxout                        = 0
   nstvout                        = 0
   nstfout                        = 0
   nstlog                         = 5000
   nstcalcenergy                  = 100
   nstenergy                      = 5000
   nstxout-compressed             = 5000
   compressed-x-precision         = 1000
   cutoff-scheme                  = Verlet
   nstlist                        = 10
   pbc                            = xyz
   periodic-molecules             = false
   verlet-buffer-tolerance        = 0.005
   rlist                          = 1
   coulombtype                    = PME
   coulomb-modifier               = Potential-shift
   rcoulomb-switch                = 0
   rcoulomb                       = 1
   epsilon-r                      = 1
   epsilon-rf                     = inf
   vdw-type                       = Cut-off
   vdw-modifier                   = Potential-shift
   rvdw-switch                    = 0
   rvdw                           = 1
   DispCorr                       = EnerPres
   table-extension                = 1
   fourierspacing                 = 0.16
   fourier-nx                     = 28
   fourier-ny                     = 28
   fourier-nz                     = 28
   pme-order                      = 4
   ewald-rtol                     = 1e-05
   ewald-rtol-lj                  = 0.001
   lj-pme-comb-rule               = Geometric
   ewald-geometry                 = 0
   epsilon-surface                = 0
   tcoupl                         = V-rescale
   nsttcouple                     = 10
   nh-chain-length                = 0
   print-nose-hoover-chain-variables = false
   pcoupl                         = Parrinello-Rahman
   pcoupltype                     = Isotropic
   nstpcouple                     = 10
   tau-p                          = 2
   compressibility (3x3):
      compressibility[    0]={ 4.50000e-05,  0.00000e+00,  0.00000e+00}
      compressibility[    1]={ 0.00000e+00,  4.50000e-05,  0.00000e+00}
      compressibility[    2]={ 0.00000e+00,  0.00000e+00,  4.50000e-05}
   ref-p (3x3):
      ref-p[    0]={ 1.00000e+00,  0.00000e+00,  0.00000e+00}
      ref-p[    1]={ 0.00000e+00,  1.00000e+00,  0.00000e+00}
      ref-p[    2]={ 0.00000e+00,  0.00000e+00,  1.00000e+00}
   refcoord-scaling               = No
   posres-com (3):
      posres-com[0]= 0.00000e+00
      posres-com[1]= 0.00000e+00
      posres-com[2]= 0.00000e+00
   posres-comB (3):
      posres-comB[0]= 0.00000e+00
      posres-comB[1]= 0.00000e+00
      posres-comB[2]= 0.00000e+00
   QMMM                           = false
qm-opts:
   ngQM                           = 0
   constraint-algorithm           = Lincs
   continuation                   = false
   Shake-SOR                      = false
   shake-tol                      = 0.0001
   lincs-order                    = 4
   lincs-iter                     = 1
   lincs-warnangle                = 30
   nwall                          = 0
   wall-type                      = 9-3
   wall-r-linpot                  = -1
   wall-atomtype[0]               = -1
   wall-atomtype[1]               = -1
   wall-density[0]                = 0
   wall-density[1]                = 0
   wall-ewald-zfac                = 3
   pull                           = false
   awh                            = false
   rotation                       = false
   interactiveMD                  = false
   disre                          = No
   disre-weighting                = Conservative
   disre-mixed                    = false
   dr-fc                          = 1000
   dr-tau                         = 0
   nstdisreout                    = 100
   orire-fc                       = 0
   orire-tau                      = 0
   nstorireout                    = 100
   free-energy                    = no
   cos-acceleration               = 0
   deform (3x3):
      deform[    0]={ 0.00000e+00,  0.00000e+00,  0.00000e+00}
      deform[    1]={ 0.00000e+00,  0.00000e+00,  0.00000e+00}
      deform[    2]={ 0.00000e+00,  0.00000e+00,  0.00000e+00}
   simulated-tempering            = false
   swapcoords                     = no
   userint1                       = 0
   userint2                       = 0
   userint3                       = 0
   userint4                       = 0
   userreal1                      = 0
   userreal2                      = 0
   userreal3                      = 0
   userreal4                      = 0
   applied-forces:
     electric-field:
       x:
         E0                       = 0
         omega                    = 0
         t0                       = 0
         sigma                    = 0
       y:
         E0                       = 0
         omega                    = 0
         t0                       = 0
         sigma                    = 0
       z:
         E0                       = 0
         omega                    = 0
         t0                       = 0
         sigma                    = 0
     density-guided-simulation:
       active                     = false
       group                      = protein
       similarity-measure         = inner-product
       atom-spreading-weight      = unity
       force-constant             = 1e+09
       gaussian-transform-spreading-width = 0.2
       gaussian-transform-spreading-range-in-multiples-of-width = 4
       reference-density-filename = reference.mrc
       nst                        = 1
       normalize-densities        = true
       adaptive-force-scaling     = false
       adaptive-force-scaling-time-constant = 4
grpopts:
   nrdf:      14.997       15010
   ref-t:         300         300
   tau-t:         0.1         0.1
annealing:          No          No
annealing-npoints:           0           0
   acc:	           0           0           0
   nfreeze:           N           N           N
   energygrp-flags[  0]: 0

Changing nstlist from 10 to 100, rlist from 1 to 1.029


Initializing Domain Decomposition on 8 ranks
Dynamic load balancing: auto
Minimum cell size due to atom displacement: 0.758 nm
Initial maximum distances in bonded interactions:
    two-body bonded interactions: 0.395 nm, LJ-14, atoms 2 21
  multi-body bonded interactions: 0.395 nm, Proper Dih., atoms 2 21
Minimum cell size due to bonded interactions: 0.435 nm
Maximum distance for 5 constraints, at 120 deg. angles, all-trans: 0.219 nm
Estimated maximum distance required for P-LINCS: 0.219 nm
Scaling the initial minimum size with 1/0.8 (option -dds) = 1.25
Using 0 separate PME ranks, as there are too few total
 ranks for efficient splitting
Optimizing the DD grid for 8 cells with a minimum initial size of 0.947 nm
The maximum allowed number of cells is: X 4 Y 4 Z 4
Domain decomposition grid 4 x 2 x 1, separate PME ranks 0
PME domain decomposition: 4 x 2 x 1
Domain decomposition rank 0, coordinates 0 0 0

The initial number of communication pulses is: X 1 Y 1
The initial domain decomposition cell size is: X 1.09 nm Y 2.18 nm

The maximum allowed distance for atoms involved in interactions is:
                 non-bonded interactions           1.029 nm
(the following are initial values, they could change due to box deformation)
            two-body bonded interactions  (-rdd)   1.029 nm
          multi-body bonded interactions  (-rdd)   1.029 nm
  atoms separated by up to 5 constraints  (-rcon)  1.089 nm

When dynamic load balancing gets turned on, these settings will change to:
The maximum number of communication pulses is: X 2 Y 1
The minimum size for domain decomposition cells is 0.762 nm
The requested allowed shrink of DD cells (option -dds) is: 0.80
The allowed shrink of domain decomposition cells is: X 0.70 Y 0.47
The maximum allowed distance for atoms involved in interactions is:
                 non-bonded interactions           1.029 nm
            two-body bonded interactions  (-rdd)   1.029 nm
          multi-body bonded interactions  (-rdd)   0.762 nm
  atoms separated by up to 5 constraints  (-rcon)  0.762 nm

Using 8 MPI processes

Non-default thread affinity set, disabling internal thread affinity

Using 1 OpenMP thread per MPI process

System total charge: -0.000
Will do PME sum in reciprocal space for electrostatic interactions.

++++ PLEASE READ AND CITE THE FOLLOWING REFERENCE ++++
U. Essmann, L. Perera, M. L. Berkowitz, T. Darden, H. Lee and L. G. Pedersen 
A smooth particle mesh Ewald method
J. Chem. Phys. 103 (1995) pp. 8577-8592
-------- -------- --- Thank You --- -------- --------

Using a Gaussian width (1/beta) of 0.320163 nm for Ewald
Potential shift: LJ r^-12: -1.000e+00 r^-6: -1.000e+00, Ewald -1.000e-05
Initialized non-bonded Ewald tables, spacing: 9.33e-04 size: 1073

Generated table with 1014 data points for 1-4 COUL.
Tabscale = 500 points/nm
Generated table with 1014 data points for 1-4 LJ6.
Tabscale = 500 points/nm
Generated table with 1014 data points for 1-4 LJ12.
Tabscale = 500 points/nm
Long Range LJ corr.: <C6> 4.1270e-04


Using SIMD 4x4 nonbonded short-range kernels

Using a dual 4x4 pair-list setup updated with dynamic pruning:
  outer list: updated every 100 steps, buffer 0.029 nm, rlist 1.029 nm
  inner list: updated every  65 steps, buffer 0.001 nm, rlist 1.001 nm
At tolerance 0.005 kJ/mol/ps per atom, equivalent classical 1x1 list would be:
  outer list: updated every 100 steps, buffer 0.206 nm, rlist 1.206 nm
  inner list: updated every  65 steps, buffer 0.155 nm, rlist 1.155 nm

Using Lorentz-Berthelot Lennard-Jones combination rule
Removing pbc first time

Initializing Parallel LINear Constraint Solver

++++ PLEASE READ AND CITE THE FOLLOWING REFERENCE ++++
B. Hess
P-LINCS: A Parallel Linear Constraint Solver for molecular simulation
J. Chem. Theory Comput. 4 (2008) pp. 116-122
-------- -------- --- Thank You --- -------- --------

The number of constraints is 4259
There are constraints between atoms in different decomposition domains,
will communicate selected coordinates each lincs iteration

Linking all bonded interactions to atoms


Intra-simulation communication will occur every 10 steps.

++++ PLEASE READ AND CITE THE FOLLOWING REFERENCE ++++
G. Bussi, D. Donadio and M. Parrinello
Canonical sampling through velocity rescaling
J. Chem. Phys. 126 (2007) pp. 014101
-------- -------- --- Thank You --- -------- --------

There are: 6429 Atoms
Atom distribution over 8 domains: av 803 stddev 38 min 771 max 849

Constraining the starting coordinates (step 0)

Constraining the coordinates at t0-dt (step 0)
Center of mass motion removal mode is Linear
We have the following groups for center of mass motion removal:
  0:  rest
RMS relative constraint deviation after constraining: 2.96e-06
Initial temperature: 298.697 K

Started mdrun on rank 0 Wed Jul  3 21:01:55 2024

           Step           Time
              0        0.00000

   Energies (kJ/mol)
           Bond          Angle    Proper Dih.  Improper Dih.          LJ-14
    1.44559e+03    8.18169e+03    1.64256e+03    2.10051e+01    1.90739e+02
     Coulomb-14        LJ (SR)  Disper. corr.   Coulomb (SR)   Coul. recip.
    1.71732e+04   -4.39025e+03   -8.62732e+02   -2.40539e+04    8.70770e+02
      Potential    Kinetic En.   Total Energy  Conserved En.    Temperature
    2.18716e+02    1.97352e+04    1.99539e+04    1.99588e+04    3.15953e+02
 Pres. DC (bar) Pressure (bar)   Constr. rmsd
   -1.73510e+02   -2.84043e+01    4.02614e-06


DD  step 99 load imb.: force  5.0%

step 200 Turning on dynamic load balancing, because the performance loss due to load imbalance is 3.6 %.

DD  step 4999  vol min/aver 0.952  load imb.: force  2.3%
           Step           Time
           5000       10.00000

   Energies (kJ/mol)
           Bond          Angle    Proper Dih.  Improper Dih.          LJ-14
    1.47717e+03    8.35033e+03    1.61076e+03    1.35671e+01    1.75644e+02
     Coulomb-14        LJ (SR)  Disper. corr.   Coulomb (SR)   Coul. recip.
    1.71633e+04   -4.28203e+03   -8.55294e+02   -2.41358e+04    8.45195e+02
      Potential    Kinetic En.   Total Energy  Conserved En.    Temperature
    3.62844e+02    1.88356e+04    1.91985e+04    2.01628e+04    3.01551e+02
 Pres. DC (bar) Pressure (bar)   Constr. rmsd
   -1.70535e+02   -5.13170e+02    3.30549e-06


step 6000 Turning off dynamic load balancing, because it is degrading performance.
Atom distribution over 8 domains: av 803 stddev 35 min 782 max 826

DD  step 9999 load imb.: force  6.8%
           Step           Time
          10000       20.00000

   Energies (kJ/mol)
           Bond          Angle    Proper Dih.  Improper Dih.          LJ-14
    1.34675e+03    8.15236e+03    1.64069e+03    1.16163e+01    1.65243e+02
     Coulomb-14        LJ (SR)  Disper. corr.   Coulomb (SR)   Coul. recip.
    1.72103e+04   -4.38335e+03   -8.28748e+02   -2.35607e+04    8.82129e+02
      Potential    Kinetic En.   Total Energy  Conserved En.    Temperature
    6.36306e+02    1.84104e+04    1.90467e+04    2.07373e+04    2.94743e+02
 Pres. DC (bar) Pressure (bar)   Constr. rmsd
   -1.60130e+02   -5.71706e+01    3.18522e-06


DD  step 14999 load imb.: force  8.9%
           Step           Time
          15000       30.00000

   Energies (kJ/mol)
           Bond          Angle    Proper Dih.  Improper Dih.          LJ-14
    1.48820e+03    8.29972e+03    1.60649e+03    1.34704e+01    1.79850e+02
     Coulomb-14        LJ (SR)  Disper. corr.   Coulomb (SR)   Coul. recip.
    1.71486e+04   -3.59105e+03   -7.48140e+02   -2.31398e+04    9.76851e+02
      Potential    Kinetic En.   Total Energy  Conserved En.    Temperature
    2.23423e+03    1.86628e+04    2.08970e+04    2.18906e+04    2.98784e+02
 Pres. DC (bar) Pressure (bar)   Constr. rmsd
   -1.30539e+02   -5.10922e+02    3.29544e-06


DD  step 19999 load imb.: force 21.3%

step 20000 Turning on dynamic load balancing, because the performance loss due to load imbalance is 3.0 %.
           Step           Time
          20000       40.00000

   Energies (kJ/mol)
           Bond          Angle    Proper Dih.  Improper Dih.          LJ-14
    1.46191e+03    8.28368e+03    1.59227e+03    1.70273e+01    1.90935e+02
     Coulomb-14        LJ (SR)  Disper. corr.   Coulomb (SR)   Coul. recip.
    1.71505e+04   -2.23800e+03   -5.40335e+02   -2.27362e+04    1.23793e+03
      Potential    Kinetic En.   Total Energy  Conserved En.    Temperature
    4.41979e+03    1.88933e+04    2.33131e+04    2.49891e+04    3.02475e+02
 Pres. DC (bar) Pressure (bar)   Constr. rmsd
   -6.81857e+01   -1.16318e+02    3.68740e-06

step 24000 Turning off dynamic load balancing, because it is degrading performance.
Atom distribution over 8 domains: av 803 stddev 54 min 739 max 872

DD  step 24999 load imb.: force 13.2%
           Step           Time
          25000       50.00000

   Energies (kJ/mol)
           Bond          Angle    Proper Dih.  Improper Dih.          LJ-14
    1.34934e+03    7.69122e+03    1.57312e+03    2.31780e+01    1.86527e+02
     Coulomb-14        LJ (SR)  Disper. corr.   Coulomb (SR)   Coul. recip.
    1.71557e+04   -1.34696e+03   -3.78127e+02   -2.17023e+04    1.33359e+03
      Potential    Kinetic En.   Total Energy  Conserved En.    Temperature
    5.88528e+03    1.85727e+04    2.44580e+04    2.99404e+04    2.97343e+02
 Pres. DC (bar) Pressure (bar)   Constr. rmsd
   -3.34622e+01    1.93693e+02    3.34137e-06


DD  step 29999 load imb.: force 36.7%

step 30000 Will no longer try dynamic load balancing, as it degraded performance.
           Step           Time
          30000       60.00000

   Energies (kJ/mol)
           Bond          Angle    Proper Dih.  Improper Dih.          LJ-14
    1.54605e+03    8.63794e+03    1.49908e+03    2.28687e+01    1.90909e+02
     Coulomb-14        LJ (SR)  Disper. corr.   Coulomb (SR)   Coul. recip.
    1.71631e+04   -3.61450e+01   -1.24317e+01   -2.02187e+04    6.39674e+02
      Potential    Kinetic En.   Total Energy  Conserved En.    Temperature
    9.43235e+03    1.85689e+04    2.80013e+04    5.66615e+04    2.97282e+02
 Pres. DC (bar) Pressure (bar)   Constr. rmsd
   -4.39913e-02    1.51655e+01    5.34062e-06


DD  step 34999 load imb.: force 55.2%
           Step           Time
          35000       70.00000

   Energies (kJ/mol)
           Bond          Angle    Proper Dih.  Improper Dih.          LJ-14
    1.58516e+03    9.12560e+03    1.62531e+03    2.56938e+01    1.88716e+02
     Coulomb-14        LJ (SR)  Disper. corr.   Coulomb (SR)   Coul. recip.
    1.71250e+04    3.63071e+02   -5.12672e-01   -1.81928e+04    1.85848e+02
      Potential    Kinetic En.   Total Energy  Conserved En.    Temperature
    1.20311e+04    1.83923e+04    3.04234e+04    8.98511e+04    2.94454e+02
 Pres. DC (bar) Pressure (bar)   Constr. rmsd
   -7.86219e-04    1.18280e+00    9.21704e-06


DD  step 39999 load imb.: force 44.3%
           Step           Time
          40000       80.00000

   Energies (kJ/mol)
           Bond          Angle    Proper Dih.  Improper Dih.          LJ-14
    1.75954e+03    9.29017e+03    1.58077e+03    2.03139e+01    1.81190e+02
     Coulomb-14        LJ (SR)  Disper. corr.   Coulomb (SR)   Coul. recip.
    1.71191e+04    5.09925e+02    7.73917e-01   -1.65848e+04    7.26734e+01
      Potential    Kinetic En.   Total Energy  Conserved En.    Temperature
    1.39497e+04    1.91436e+04    3.30934e+04    1.20239e+05    3.06482e+02
 Pres. DC (bar) Pressure (bar)   Constr. rmsd
   -7.09966e-05    2.66513e-01    1.40987e-05


DD  step 44999 load imb.: force 45.3%
           Step           Time
          45000       90.00000

   Energies (kJ/mol)
           Bond          Angle    Proper Dih.  Improper Dih.          LJ-14
    1.70285e+03    9.45819e+03    1.56533e+03    2.19818e+01    1.94711e+02
     Coulomb-14        LJ (SR)  Disper. corr.   Coulomb (SR)   Coul. recip.
    1.71149e+04    3.81082e+02    1.08574e+00   -1.45843e+04    3.42470e+01
      Potential    Kinetic En.   Total Energy  Conserved En.    Temperature
    1.58901e+04    1.89621e+04    3.48522e+04    1.46886e+05    3.03576e+02
 Pres. DC (bar) Pressure (bar)   Constr. rmsd
   -1.34859e-05    6.77724e-02    1.64479e-05


DD  step 49999 load imb.: force 42.4%
           Step           Time
          50000      100.00000

   Energies (kJ/mol)
           Bond          Angle    Proper Dih.  Improper Dih.          LJ-14
    1.70902e+03    9.87828e+03    1.60294e+03    1.20563e+01    1.93639e+02
     Coulomb-14        LJ (SR)  Disper. corr.   Coulomb (SR)   Coul. recip.
    1.71404e+04    4.79323e+02    1.19661e+00   -1.29468e+04    1.90682e+01
      Potential    Kinetic En.   Total Energy  Conserved En.    Temperature
    1.80891e+04    1.88809e+04    3.69700e+04    1.69071e+05    3.02276e+02
 Pres. DC (bar) Pressure (bar)   Constr. rmsd
   -3.92907e-06    3.36490e-02    2.35854e-05


DD  step 54999 load imb.: force 30.8%
           Step           Time
          55000      110.00000

   Energies (kJ/mol)
           Bond          Angle    Proper Dih.  Improper Dih.          LJ-14
    1.66748e+03    9.86428e+03    1.60109e+03    1.08918e+01    1.76208e+02
     Coulomb-14        LJ (SR)  Disper. corr.   Coulomb (SR)   Coul. recip.
    1.71017e+04    4.19550e+02    1.24577e+00   -1.18886e+04    1.18283e+01
      Potential    Kinetic En.   Total Energy  Conserved En.    Temperature
    1.89658e+04    1.85398e+04    3.75056e+04    1.86577e+05    2.96816e+02
 Pres. DC (bar) Pressure (bar)   Constr. rmsd
   -1.51961e-06   -1.04537e-02    2.65926e-05


DD  step 59999 load imb.: force 36.7%
           Step           Time
          60000      120.00000

   Energies (kJ/mol)
           Bond          Angle    Proper Dih.  Improper Dih.          LJ-14
    1.68324e+03    1.04148e+04    1.55821e+03    1.93384e+01    1.89587e+02
     Coulomb-14        LJ (SR)  Disper. corr.   Coulomb (SR)   Coul. recip.
    1.71232e+04    3.27943e+02    1.27088e+00   -1.09619e+04    7.77625e+00
      Potential    Kinetic En.   Total Energy  Conserved En.    Temperature
    2.03635e+04    1.85443e+04    3.89079e+04    1.99533e+05    2.96888e+02
 Pres. DC (bar) Pressure (bar)   Constr. rmsd
   -7.22446e-07    4.61782e-03    2.70727e-05


DD  step 64999 load imb.: force 33.9%
           Step           Time
          65000      130.00000

   Energies (kJ/mol)
           Bond          Angle    Proper Dih.  Improper Dih.          LJ-14
    1.67647e+03    1.03379e+04    1.65298e+03    9.35013e+00    1.93617e+02
     Coulomb-14        LJ (SR)  Disper. corr.   Coulomb (SR)   Coul. recip.
    1.71052e+04    3.55477e+02    1.28496e+00   -1.03089e+04    5.88452e+00
      Potential    Kinetic En.   Total Energy  Conserved En.    Temperature
    2.10293e+04    1.90101e+04    4.00394e+04    2.08291e+05    3.04345e+02
 Pres. DC (bar) Pressure (bar)   Constr. rmsd
   -4.03508e-07   -2.37890e-03    2.84114e-05


DD  step 69999 load imb.: force 33.2%
           Step           Time
          70000      140.00000

   Energies (kJ/mol)
           Bond          Angle    Proper Dih.  Improper Dih.          LJ-14
    1.73167e+03    1.04231e+04    1.60592e+03    1.03931e+01    1.69817e+02
     Coulomb-14        LJ (SR)  Disper. corr.   Coulomb (SR)   Coul. recip.
    1.71352e+04    4.25051e+02    1.29335e+00   -9.88143e+03    4.75981e+00
      Potential    Kinetic En.   Total Energy  Conserved En.    Temperature
    2.16257e+04    1.89743e+04    4.06000e+04    2.13694e+05    3.03771e+02
 Pres. DC (bar) Pressure (bar)   Constr. rmsd
   -2.57349e-07    4.62589e-04    2.99869e-05


DD  step 74999 load imb.: force 27.7%
           Step           Time
          75000      150.00000

   Energies (kJ/mol)
           Bond          Angle    Proper Dih.  Improper Dih.          LJ-14
    1.63082e+03    1.09340e+04    1.63430e+03    8.65437e+00    1.80225e+02
     Coulomb-14        LJ (SR)  Disper. corr.   Coulomb (SR)   Coul. recip.
    1.70932e+04    3.63478e+02    1.29849e+00   -9.24501e+03    4.03327e+00
      Potential    Kinetic En.   Total Energy  Conserved En.    Temperature
    2.26049e+04    1.87697e+04    4.13746e+04    2.16708e+05    3.00496e+02
 Pres. DC (bar) Pressure (bar)   Constr. rmsd
   -1.83993e-07   -9.48918e-04    3.26194e-05


DD  step 79999 load imb.: force 32.9%
           Step           Time
          80000      160.00000

   Energies (kJ/mol)
           Bond          Angle    Proper Dih.  Improper Dih.          LJ-14
    1.74182e+03    1.05677e+04    1.66961e+03    1.98780e+01    1.78454e+02
     Coulomb-14        LJ (SR)  Disper. corr.   Coulomb (SR)   Coul. recip.
    1.71623e+04    3.12895e+02    1.30159e+00   -8.88443e+03    3.58750e+00
      Potential    Kinetic En.   Total Energy  Conserved En.    Temperature
    2.27731e+04    1.86270e+04    4.14001e+04    2.18117e+05    2.98211e+02
 Pres. DC (bar) Pressure (bar)   Constr. rmsd
   -1.45693e-07   -2.31800e-03    3.46362e-05


DD  step 84999 load imb.: force 40.4%
           Step           Time
          85000      170.00000

   Energies (kJ/mol)
           Bond          Angle    Proper Dih.  Improper Dih.          LJ-14
    1.64457e+03    1.08533e+04    1.69408e+03    1.64069e+01    1.83935e+02
     Coulomb-14        LJ (SR)  Disper. corr.   Coulomb (SR)   Coul. recip.
    1.71067e+04    2.35589e+02    1.30327e+00   -8.37793e+03    3.02115e+00
      Potential    Kinetic En.   Total Energy  Conserved En.    Temperature
    2.33609e+04    1.86886e+04    4.20495e+04    2.18876e+05    2.99198e+02
 Pres. DC (bar) Pressure (bar)   Constr. rmsd
   -1.26804e-07    2.92288e-03    3.62670e-05


DD  step 89999 load imb.: force 28.6%
           Step           Time
          90000      180.00000

   Energies (kJ/mol)
           Bond          Angle    Proper Dih.  Improper Dih.          LJ-14
    1.82126e+03    1.08366e+04    1.66164e+03    1.32585e+01    1.81601e+02
     Coulomb-14        LJ (SR)  Disper. corr.   Coulomb (SR)   Coul. recip.
    1.71614e+04    3.00288e+02    1.30383e+00   -8.23030e+03    3.10723e+00
      Potential    Kinetic En.   Total Energy  Conserved En.    Temperature
    2.37501e+04    1.82072e+04    4.19574e+04    2.19497e+05    2.91491e+02
 Pres. DC (bar) Pressure (bar)   Constr. rmsd
   -1.20788e-07   -2.26222e-03    3.75632e-05


DD  step 94999 load imb.: force 32.3%
           Step           Time
          95000      190.00000

   Energies (kJ/mol)
           Bond          Angle    Proper Dih.  Improper Dih.          LJ-14
    1.61324e+03    1.17005e+04    1.64330e+03    1.21190e+01    1.82967e+02
     Coulomb-14        LJ (SR)  Disper. corr.   Coulomb (SR)   Coul. recip.
    1.71661e+04    3.21939e+02    1.30337e+00   -8.12172e+03    3.06186e+00
      Potential    Kinetic En.   Total Energy  Conserved En.    Temperature
    2.45227e+04    1.85184e+04    4.30411e+04    2.20243e+05    2.96472e+02
 Pres. DC (bar) Pressure (bar)   Constr. rmsd
   -1.25747e-07    1.65070e-02    3.74520e-05


DD  step 99999 load imb.: force 33.4%
           Step           Time
         100000      200.00000

   Energies (kJ/mol)
           Bond          Angle    Proper Dih.  Improper Dih.          LJ-14
    1.64898e+03    1.15536e+04    1.60777e+03    1.52655e+01    1.84862e+02
     Coulomb-14        LJ (SR)  Disper. corr.   Coulomb (SR)   Coul. recip.
    1.71166e+04    1.68706e+02    1.30180e+00   -7.77443e+03    3.34693e+00
      Potential    Kinetic En.   Total Energy  Conserved En.    Temperature
    2.45260e+04    1.86705e+04    4.31966e+04    2.20683e+05    2.98909e+02
 Pres. DC (bar) Pressure (bar)   Constr. rmsd
   -1.43246e-07   -1.85815e-03    3.57600e-05


DD  step 104999 load imb.: force 34.0%
           Step           Time
         105000      210.00000

   Energies (kJ/mol)
           Bond          Angle    Proper Dih.  Improper Dih.          LJ-14
    1.75336e+03    1.11022e+04    1.63517e+03    1.17714e+01    1.62615e+02
     Coulomb-14        LJ (SR)  Disper. corr.   Coulomb (SR)   Coul. recip.
    1.71246e+04    1.98350e+02    1.29886e+00   -7.55747e+03    3.78646e+00
      Potential    Kinetic En.   Total Energy  Conserved En.    Temperature
    2.44357e+04    1.86475e+04    4.30832e+04    2.20368e+05    2.98539e+02
 Pres. DC (bar) Pressure (bar)   Constr. rmsd
   -1.79283e-07   -1.31308e-02    3.31969e-05


DD  step 109999 load imb.: force 28.3%
           Step           Time
         110000      220.00000

   Energies (kJ/mol)
           Bond          Angle    Proper Dih.  Improper Dih.          LJ-14
    1.78876e+03    1.17529e+04    1.67255e+03    1.08166e+01    1.84550e+02
     Coulomb-14        LJ (SR)  Disper. corr.   Coulomb (SR)   Coul. recip.
    1.71011e+04    2.78023e+02    1.29394e+00   -7.58886e+03    4.39904e+00
      Potential    Kinetic En.   Total Energy  Conserved En.    Temperature
    2.52056e+04    1.89765e+04    4.41821e+04    2.18761e+05    3.03808e+02
 Pres. DC (bar) Pressure (bar)   Constr. rmsd
   -2.48346e-07   -9.45983e-03    3.02794e-05


DD  step 114999 load imb.: force 20.6%
           Step           Time
         115000      230.00000

   Energies (kJ/mol)
           Bond          Angle    Proper Dih.  Improper Dih.          LJ-14
    1.66658e+03    1.16709e+04    1.66196e+03    1.48523e+01    1.83500e+02
     Coulomb-14        LJ (SR)  Disper. corr.   Coulomb (SR)   Coul. recip.
    1.71329e+04    2.35453e+02    1.28592e+00   -7.44994e+03    5.22609e+00
      Potential    Kinetic En.   Total Energy  Conserved En.    Temperature
    2.51227e+04    1.84514e+04    4.35741e+04    2.14677e+05    2.95400e+02
 Pres. DC (bar) Pressure (bar)   Constr. rmsd
   -3.85232e-07    4.29156e-03    2.87641e-05


DD  step 119999 load imb.: force 20.0%
           Step           Time
         120000      240.00000

   Energies (kJ/mol)
           Bond          Angle    Proper Dih.  Improper Dih.          LJ-14
    1.85325e+03    1.13633e+04    1.63643e+03    1.21767e+01    1.75073e+02
     Coulomb-14        LJ (SR)  Disper. corr.   Coulomb (SR)   Coul. recip.
    1.71050e+04    2.31696e+02    1.27249e+00   -7.34895e+03    6.73331e+00
      Potential    Kinetic En.   Total Energy  Conserved En.    Temperature
    2.50359e+04    1.87130e+04    4.37489e+04    2.07320e+05    2.99588e+02
 Pres. DC (bar) Pressure (bar)   Constr. rmsd
   -6.81290e-07    1.11588e-02    2.72943e-05


DD  step 124999 load imb.: force 26.9%
           Step           Time
         125000      250.00000

   Energies (kJ/mol)
           Bond          Angle    Proper Dih.  Improper Dih.          LJ-14
    1.71377e+03    1.15163e+04    1.72292e+03    9.29741e+00    1.91610e+02
     Coulomb-14        LJ (SR)  Disper. corr.   Coulomb (SR)   Coul. recip.
    1.71351e+04    2.51820e+02    1.24868e+00   -7.22691e+03    9.97828e+00
      Potential    Kinetic En.   Total Energy  Conserved En.    Temperature
    2.53251e+04    1.88310e+04    4.41561e+04    1.95933e+05    3.01477e+02
 Pres. DC (bar) Pressure (bar)   Constr. rmsd
   -1.41219e-06   -1.63745e-02    2.50768e-05


DD  step 129999 load imb.: force 29.1%
           Step           Time
         130000      260.00000

   Energies (kJ/mol)
           Bond          Angle    Proper Dih.  Improper Dih.          LJ-14
    1.63660e+03    1.09472e+04    1.64396e+03    1.31773e+01    1.83570e+02
     Coulomb-14        LJ (SR)  Disper. corr.   Coulomb (SR)   Coul. recip.
    1.71322e+04    2.03916e+02    1.20242e+00   -7.24369e+03    1.60885e+01
      Potential    Kinetic En.   Total Energy  Conserved En.    Temperature
    2.45342e+04    1.89093e+04    4.34435e+04    1.79953e+05    3.02731e+02
 Pres. DC (bar) Pressure (bar)   Constr. rmsd
   -3.58530e-06   -4.96385e-03    2.31137e-05


DD  step 134999 load imb.: force 21.6%
           Step           Time
         135000      270.00000

   Energies (kJ/mol)
           Bond          Angle    Proper Dih.  Improper Dih.          LJ-14
    1.58850e+03    1.07122e+04    1.62413e+03    9.16063e+00    1.85578e+02
     Coulomb-14        LJ (SR)  Disper. corr.   Coulomb (SR)   Coul. recip.
    1.71242e+04    1.18533e+02    1.09929e+00   -7.09465e+03    2.74101e+01
      Potential    Kinetic En.   Total Energy  Conserved En.    Temperature
    2.42961e+04    1.92104e+04    4.35066e+04    1.59436e+05    3.07552e+02
 Pres. DC (bar) Pressure (bar)   Constr. rmsd
   -1.20117e-05   -1.10676e-02    1.78775e-05


DD  step 139999 load imb.: force 36.7%
           Step           Time
         140000      280.00000

   Energies (kJ/mol)
           Bond          Angle    Proper Dih.  Improper Dih.          LJ-14
    1.49543e+03    1.03908e+04    1.63679e+03    1.66442e+01    1.70787e+02
     Coulomb-14        LJ (SR)  Disper. corr.   Coulomb (SR)   Coul. recip.
    1.71158e+04    2.35708e+02    8.14194e-01   -7.35192e+03    6.18339e+01
      Potential    Kinetic En.   Total Energy  Conserved En.    Temperature
    2.37727e+04    1.89273e+04    4.26999e+04    1.34963e+05    3.03018e+02
 Pres. DC (bar) Pressure (bar)   Constr. rmsd
   -6.10262e-05    1.49757e-01    1.37251e-05


DD  step 144999 load imb.: force 39.7%
           Step           Time
         145000      290.00000

   Energies (kJ/mol)
           Bond          Angle    Proper Dih.  Improper Dih.          LJ-14
    1.30961e+03    8.60374e+03    1.49178e+03    1.32193e+01    1.89025e+02
     Coulomb-14        LJ (SR)  Disper. corr.   Coulomb (SR)   Coul. recip.
    1.71106e+04    2.81543e+02   -3.26506e-01   -7.68663e+03    1.86617e+02
      Potential    Kinetic En.   Total Energy  Conserved En.    Temperature
    2.14992e+04    1.87582e+04    4.02574e+04    1.08131e+05    3.00312e+02
 Pres. DC (bar) Pressure (bar)   Constr. rmsd
   -6.35118e-04    7.04709e-01    1.01230e-05


DD  step 149999 load imb.: force 30.6%
           Step           Time
         150000      300.00000

   Energies (kJ/mol)
           Bond          Angle    Proper Dih.  Improper Dih.          LJ-14
    1.04814e+03    6.27581e+03    1.26919e+03    8.78708e+00    1.70255e+02
     Coulomb-14        LJ (SR)  Disper. corr.   Coulomb (SR)   Coul. recip.
    1.71044e+04    2.47351e+02   -1.01816e+01   -8.78022e+03    8.29311e+02
      Potential    Kinetic En.   Total Energy  Conserved En.    Temperature
    1.81628e+04    1.89629e+04    3.71257e+04    8.46823e+04    3.03589e+02
 Pres. DC (bar) Pressure (bar)   Constr. rmsd
   -3.07789e-02    1.20792e+00    5.12461e-06


DD  step 154999 load imb.: force  7.5%
           Step           Time
         155000      310.00000

   Energies (kJ/mol)
           Bond          Angle    Proper Dih.  Improper Dih.          LJ-14
    7.96788e+02    4.57611e+03    1.95715e+03    1.45904e+01    1.97864e+02
     Coulomb-14        LJ (SR)  Disper. corr.   Coulomb (SR)   Coul. recip.
    1.70933e+04   -2.20853e+03   -4.10119e+02   -1.37350e+04    1.64908e+03
      Potential    Kinetic En.   Total Energy  Conserved En.    Temperature
    9.93131e+03    1.77920e+04    2.77234e+04    1.26524e+05    2.84844e+02
 Pres. DC (bar) Pressure (bar)   Constr. rmsd
   -3.93425e+01    1.50586e+03    2.51666e-06


DD  step 159999 load imb.: force 37.1%
           Step           Time
         160000      320.00000

   Energies (kJ/mol)
           Bond          Angle    Proper Dih.  Improper Dih.          LJ-14
    1.45015e+03    7.49994e+03    1.94102e+03    2.55170e+01    1.75731e+02
     Coulomb-14        LJ (SR)  Disper. corr.   Coulomb (SR)   Coul. recip.
    1.71059e+04    6.72667e+01    5.87238e-01   -6.79815e+03    8.76180e+01
      Potential    Kinetic En.   Total Energy  Conserved En.    Temperature
    2.15556e+04    1.91878e+04    4.07434e+04    5.98050e+05    3.07190e+02
 Pres. DC (bar) Pressure (bar)   Constr. rmsd
   -1.27054e-04    7.70839e-01    1.21971e-05


DD  step 164999 load imb.: force 38.5%
           Step           Time
         165000      330.00000

   Energies (kJ/mol)
           Bond          Angle    Proper Dih.  Improper Dih.          LJ-14
    1.46767e+03    7.86506e+03    1.88986e+03    3.68044e+01    1.98260e+02
     Coulomb-14        LJ (SR)  Disper. corr.   Coulomb (SR)   Coul. recip.
    1.70818e+04    1.68795e+02    1.22054e+00   -6.32953e+03    1.33276e+01
      Potential    Kinetic En.   Total Energy  Conserved En.    Temperature
    2.23933e+04    1.85725e+04    4.09658e+04    1.04767e+06    2.97339e+02
 Pres. DC (bar) Pressure (bar)   Constr. rmsd
   -2.61569e-06   -1.27218e-02    2.27209e-05


DD  step 169999 load imb.: force 36.7%
           Step           Time
         170000      340.00000

   Energies (kJ/mol)
           Bond          Angle    Proper Dih.  Improper Dih.          LJ-14
    1.46092e+03    7.86135e+03    1.78532e+03    1.87483e+01    2.17097e+02
     Coulomb-14        LJ (SR)  Disper. corr.   Coulomb (SR)   Coul. recip.
    1.70989e+04    1.30222e+02    1.29272e+00   -5.95822e+03    4.30484e+00
      Potential    Kinetic En.   Total Energy  Conserved En.    Temperature
    2.26200e+04    1.87862e+04    4.14062e+04    1.45641e+06    3.00760e+02
 Pres. DC (bar) Pressure (bar)   Constr. rmsd
   -2.67214e-07    1.51702e-02    2.75234e-05


DD  step 174999 load imb.: force 34.5%
           Step           Time
         175000      350.00000

   Energies (kJ/mol)
           Bond          Angle    Proper Dih.  Improper Dih.          LJ-14
    1.57514e+03    8.09080e+03    1.78740e+03    2.16653e+01    1.85106e+02
     Coulomb-14        LJ (SR)  Disper. corr.   Coulomb (SR)   Coul. recip.
    1.70941e+04    6.61270e+01    1.31125e+00   -5.67483e+03    1.84822e+00
      Potential    Kinetic En.   Total Energy  Conserved En.    Temperature
    2.31486e+04    1.87783e+04    4.19269e+04    1.81073e+06    3.00633e+02
 Pres. DC (bar) Pressure (bar)   Constr. rmsd
   -5.49387e-08   -9.29016e-03    4.03831e-05


DD  step 179999 load imb.: force 36.0%
           Step           Time
         180000      360.00000

   Energies (kJ/mol)
           Bond          Angle    Proper Dih.  Improper Dih.          LJ-14
    1.52355e+03    8.57013e+03    1.79821e+03    1.96517e+01    1.73553e+02
     Coulomb-14        LJ (SR)  Disper. corr.   Coulomb (SR)   Coul. recip.
    1.70879e+04   -2.01979e+01    1.31810e+00   -5.43619e+03    1.06292e+00
      Potential    Kinetic En.   Total Energy  Conserved En.    Temperature
    2.37190e+04    1.87912e+04    4.25102e+04    2.10190e+06    3.00841e+02
 Pres. DC (bar) Pressure (bar)   Constr. rmsd
   -1.69083e-08   -1.04397e-03    4.59141e-05


DD  step 184999 load imb.: force 35.0%
           Step           Time
         185000      370.00000

   Energies (kJ/mol)
           Bond          Angle    Proper Dih.  Improper Dih.          LJ-14
    1.38191e+03    8.79768e+03    1.74885e+03    1.38127e+01    1.77146e+02
     Coulomb-14        LJ (SR)  Disper. corr.   Coulomb (SR)   Coul. recip.
    1.70762e+04    6.03174e+01    1.32122e+00   -5.41860e+03    6.73619e-01
      Potential    Kinetic En.   Total Energy  Conserved En.    Temperature
    2.38393e+04    1.90236e+04    4.28629e+04    2.32705e+06    3.04561e+02
 Pres. DC (bar) Pressure (bar)   Constr. rmsd
   -6.81371e-09   -5.05157e-04    4.86769e-05


DD  step 189999 load imb.: force 33.8%
           Step           Time
         190000      380.00000

   Energies (kJ/mol)
           Bond          Angle    Proper Dih.  Improper Dih.          LJ-14
    1.43129e+03    9.33753e+03    1.87896e+03    1.01121e+01    1.73455e+02
     Coulomb-14        LJ (SR)  Disper. corr.   Coulomb (SR)   Coul. recip.
    1.70993e+04    7.61737e+00    1.32284e+00   -5.22020e+03    4.60593e-01
      Potential    Kinetic En.   Total Energy  Conserved En.    Temperature
    2.47198e+04    1.88071e+04    4.35269e+04    2.48905e+06    3.01095e+02
 Pres. DC (bar) Pressure (bar)   Constr. rmsd
   -3.34689e-09   -2.80061e-03    5.40006e-05


DD  step 194999 load imb.: force 34.4%
           Step           Time
         195000      390.00000

   Energies (kJ/mol)
           Bond          Angle    Proper Dih.  Improper Dih.          LJ-14
    1.42498e+03    9.54683e+03    1.85079e+03    1.77233e+01    1.71303e+02
     Coulomb-14        LJ (SR)  Disper. corr.   Coulomb (SR)   Coul. recip.
    1.70885e+04    6.19313e+00    1.32376e+00   -5.21724e+03    3.50784e-01
      Potential    Kinetic En.   Total Energy  Conserved En.    Temperature
    2.48907e+04    1.84785e+04    4.33692e+04    2.59576e+06    2.95834e+02
 Pres. DC (bar) Pressure (bar)   Constr. rmsd
   -1.92095e-09   -8.80690e-04    6.18297e-05


DD  step 199999 load imb.: force 34.7%
           Step           Time
         200000      400.00000

   Energies (kJ/mol)
           Bond          Angle    Proper Dih.  Improper Dih.          LJ-14
    1.38811e+03    1.03700e+04    1.90435e+03    9.52775e+00    1.87271e+02
     Coulomb-14        LJ (SR)  Disper. corr.   Coulomb (SR)   Coul. recip.
    1.71044e+04   -2.15025e+01    1.32431e+00   -5.15546e+03    2.88916e-01
      Potential    Kinetic En.   Total Energy  Conserved En.    Temperature
    2.57883e+04    1.89110e+04    4.46994e+04    2.65863e+06    3.02759e+02
 Pres. DC (bar) Pressure (bar)   Constr. rmsd
   -1.25447e-09    4.63985e-04    6.88339e-05


DD  step 204999 load imb.: force 31.0%
           Step           Time
         205000      410.00000

   Energies (kJ/mol)
           Bond          Angle    Proper Dih.  Improper Dih.          LJ-14
    1.44719e+03    1.10117e+04    1.95651e+03    1.24974e+01    1.61290e+02
     Coulomb-14        LJ (SR)  Disper. corr.   Coulomb (SR)   Coul. recip.
    1.70887e+04   -6.73207e+00    1.32464e+00   -5.11207e+03    2.37648e-01
      Potential    Kinetic En.   Total Energy  Conserved En.    Temperature
    2.65607e+04    1.84153e+04    4.49760e+04    2.69054e+06    2.94823e+02
 Pres. DC (bar) Pressure (bar)   Constr. rmsd
   -9.16181e-10    8.19147e-05    7.08522e-05


DD  step 209999 load imb.: force 31.2%
           Step           Time
         210000      420.00000

   Energies (kJ/mol)
           Bond          Angle    Proper Dih.  Improper Dih.          LJ-14
    1.41166e+03    1.12054e+04    2.05059e+03    1.47894e+01    1.63873e+02
     Coulomb-14        LJ (SR)  Disper. corr.   Coulomb (SR)   Coul. recip.
    1.70990e+04    2.65001e+01    1.32485e+00   -5.11703e+03    2.12536e-01
      Potential    Kinetic En.   Total Energy  Conserved En.    Temperature
    2.68563e+04    1.91649e+04    4.60213e+04    2.70366e+06    3.06823e+02
 Pres. DC (bar) Pressure (bar)   Constr. rmsd
   -7.39967e-10   -6.72173e-04    7.23576e-05


DD  step 214999 load imb.: force 38.1%
           Step           Time
         215000      430.00000

   Energies (kJ/mol)
           Bond          Angle    Proper Dih.  Improper Dih.          LJ-14
    1.49871e+03    1.13270e+04    1.99741e+03    1.91778e+01    1.72688e+02
     Coulomb-14        LJ (SR)  Disper. corr.   Coulomb (SR)   Coul. recip.
    1.71484e+04    3.32790e+01    1.32495e+00   -5.15644e+03    2.03012e-01
      Potential    Kinetic En.   Total Energy  Conserved En.    Temperature
    2.70418e+04    1.92369e+04    4.62786e+04    2.70856e+06    3.07975e+02
 Pres. DC (bar) Pressure (bar)   Constr. rmsd
   -6.56337e-10    4.03730e-04    7.50439e-05


DD  step 219999 load imb.: force 30.7%
           Step           Time
         220000      440.00000

   Energies (kJ/mol)
           Bond          Angle    Proper Dih.  Improper Dih.          LJ-14
    1.59074e+03    1.19896e+04    2.03242e+03    1.58146e+01    1.60988e+02
     Coulomb-14        LJ (SR)  Disper. corr.   Coulomb (SR)   Coul. recip.
    1.71319e+04    2.57037e+01    1.32497e+00   -5.20107e+03    2.01096e-01
      Potential    Kinetic En.   Total Energy  Conserved En.    Temperature
    2.77477e+04    1.90628e+04    4.68105e+04    2.71154e+06    3.05189e+02
 Pres. DC (bar) Pressure (bar)   Constr. rmsd
   -6.36970e-10   -1.48531e-04    7.63447e-05


DD  step 224999 load imb.: force 36.4%
           Step           Time
         225000      450.00000

   Energies (kJ/mol)
           Bond          Angle    Proper Dih.  Improper Dih.          LJ-14
    1.63826e+03    1.19074e+04    2.04976e+03    1.40045e+01    1.82740e+02
     Coulomb-14        LJ (SR)  Disper. corr.   Coulomb (SR)   Coul. recip.
    1.71529e+04    5.30289e+01    1.32492e+00   -5.28347e+03    2.02074e-01
      Potential    Kinetic En.   Total Energy  Conserved En.    Temperature
    2.77161e+04    1.84169e+04    4.61330e+04    2.71424e+06    2.94848e+02
 Pres. DC (bar) Pressure (bar)   Constr. rmsd
   -6.75769e-10   -5.21711e-04    7.60607e-05


DD  step 229999 load imb.: force 35.5%
           Step           Time
         230000      460.00000

   Energies (kJ/mol)
           Bond          Angle    Proper Dih.  Improper Dih.          LJ-14
    1.53776e+03    1.24015e+04    2.10200e+03    2.42359e+01    1.88078e+02
     Coulomb-14        LJ (SR)  Disper. corr.   Coulomb (SR)   Coul. recip.
    1.71617e+04    1.06706e+01    1.32479e+00   -5.26777e+03    2.24569e-01
      Potential    Kinetic En.   Total Energy  Conserved En.    Temperature
    2.81597e+04    1.88652e+04    4.70249e+04    2.71291e+06    3.02024e+02
 Pres. DC (bar) Pressure (bar)   Constr. rmsd
   -7.85133e-10   -1.25319e-03    7.40536e-05


DD  step 234999 load imb.: force 39.6%
           Step           Time
         235000      470.00000

   Energies (kJ/mol)
           Bond          Angle    Proper Dih.  Improper Dih.          LJ-14
    1.46847e+03    1.29674e+04    2.07074e+03    9.46308e+00    1.74175e+02
     Coulomb-14        LJ (SR)  Disper. corr.   Coulomb (SR)   Coul. recip.
    1.71680e+04    6.29417e+01    1.32455e+00   -5.34939e+03    2.52705e-01
      Potential    Kinetic En.   Total Energy  Conserved En.    Temperature
    2.85734e+04    1.86350e+04    4.72084e+04    2.69985e+06    2.98340e+02
 Pres. DC (bar) Pressure (bar)   Constr. rmsd
   -1.00367e-09   -1.15145e-04    7.15611e-05


DD  step 239999 load imb.: force 38.7%
           Step           Time
         240000      480.00000

   Energies (kJ/mol)
           Bond          Angle    Proper Dih.  Improper Dih.          LJ-14
    1.73757e+03    1.29064e+04    2.09046e+03    1.38600e+01    1.94165e+02
     Coulomb-14        LJ (SR)  Disper. corr.   Coulomb (SR)   Coul. recip.
    1.71222e+04    7.69806e+01    1.32416e+00   -5.34327e+03    2.99968e-01
      Potential    Kinetic En.   Total Energy  Conserved En.    Temperature
    2.87999e+04    1.86166e+04    4.74165e+04    2.66389e+06    2.98045e+02
 Pres. DC (bar) Pressure (bar)   Constr. rmsd
   -1.42337e-09   -9.30656e-04    6.94140e-05


DD  step 244999 load imb.: force 38.9%
           Step           Time
         245000      490.00000

   Energies (kJ/mol)
           Bond          Angle    Proper Dih.  Improper Dih.          LJ-14
    1.79860e+03    1.30339e+04    2.05163e+03    1.17263e+01    1.70847e+02
     Coulomb-14        LJ (SR)  Disper. corr.   Coulomb (SR)   Coul. recip.
    1.71407e+04    5.73063e+01    1.32351e+00   -5.34856e+03    3.89638e-01
      Potential    Kinetic En.   Total Energy  Conserved En.    Temperature
    2.89179e+04    1.90068e+04    4.79247e+04    2.59234e+06    3.04291e+02
 Pres. DC (bar) Pressure (bar)   Constr. rmsd
   -2.26854e-09   -3.57662e-04    6.18627e-05


DD  step 249999 load imb.: force 39.9%
           Step           Time
         250000      500.00000

   Energies (kJ/mol)
           Bond          Angle    Proper Dih.  Improper Dih.          LJ-14
    1.73847e+03    1.35029e+04    2.18870e+03    9.21294e+00    1.72398e+02
     Coulomb-14        LJ (SR)  Disper. corr.   Coulomb (SR)   Coul. recip.
    1.71774e+04    3.33833e+01    1.32241e+00   -5.36701e+03    5.23395e-01
      Potential    Kinetic En.   Total Energy  Conserved En.    Temperature
    2.94573e+04    1.88298e+04    4.82872e+04    2.47205e+06    3.01459e+02
 Pres. DC (bar) Pressure (bar)   Constr. rmsd
   -4.14476e-09   -1.21685e-03    5.15683e-05


DD  step 254999 load imb.: force 38.8%
           Step           Time
         255000      510.00000

   Energies (kJ/mol)
           Bond          Angle    Proper Dih.  Improper Dih.          LJ-14
    1.77319e+03    1.36480e+04    2.10672e+03    1.73909e+01    1.71964e+02
     Coulomb-14        LJ (SR)  Disper. corr.   Coulomb (SR)   Coul. recip.
    1.71222e+04    6.65971e+01    1.32042e+00   -5.32762e+03    7.65565e-01
      Potential    Kinetic En.   Total Energy  Conserved En.    Temperature
    2.95805e+04    1.90788e+04    4.86593e+04    2.29290e+06    3.05444e+02
 Pres. DC (bar) Pressure (bar)   Constr. rmsd
   -8.95302e-09   -2.84128e-04    4.86142e-05


DD  step 259999 load imb.: force 30.9%
           Step           Time
         260000      520.00000

   Energies (kJ/mol)
           Bond          Angle    Proper Dih.  Improper Dih.          LJ-14
    1.90643e+03    1.30126e+04    2.12592e+03    1.04917e+01    1.85806e+02
     Coulomb-14        LJ (SR)  Disper. corr.   Coulomb (SR)   Coul. recip.
    1.71651e+04    6.20607e+01    1.31646e+00   -5.31663e+03    1.25264e+00
      Potential    Kinetic En.   Total Energy  Conserved En.    Temperature
    2.91544e+04    1.85473e+04    4.77017e+04    2.04878e+06    2.96936e+02
 Pres. DC (bar) Pressure (bar)   Constr. rmsd
   -2.40352e-08   -1.45409e-03    4.33580e-05


DD  step 264999 load imb.: force 30.0%
           Step           Time
         265000      530.00000

   Energies (kJ/mol)
           Bond          Angle    Proper Dih.  Improper Dih.          LJ-14
    1.81773e+03    1.34470e+04    1.98626e+03    1.01132e+01    1.88821e+02
     Coulomb-14        LJ (SR)  Disper. corr.   Coulomb (SR)   Coul. recip.
    1.71358e+04    7.66094e+01    1.30723e+00   -5.30813e+03    2.40463e+00
      Potential    Kinetic En.   Total Energy  Conserved En.    Temperature
    2.93578e+04    1.91138e+04    4.84716e+04    1.73868e+06    3.06005e+02
 Pres. DC (bar) Pressure (bar)   Constr. rmsd
   -8.74822e-08    8.34987e-03    3.81647e-05


DD  step 269999 load imb.: force 30.1%
           Step           Time
         270000      540.00000

   Energies (kJ/mol)
           Bond          Angle    Proper Dih.  Improper Dih.          LJ-14
    1.92873e+03    1.34032e+04    2.05472e+03    1.18362e+01    1.92347e+02
     Coulomb-14        LJ (SR)  Disper. corr.   Coulomb (SR)   Coul. recip.
    1.71177e+04    8.70480e+01    1.27969e+00   -5.32662e+03    5.73409e+00
      Potential    Kinetic En.   Total Energy  Conserved En.    Temperature
    2.94760e+04    1.83280e+04    4.78040e+04    1.36738e+06    2.93424e+02
 Pres. DC (bar) Pressure (bar)   Constr. rmsd
   -5.12083e-07   -2.16083e-02    2.70083e-05


DD  step 274999 load imb.: force 32.4%
           Step           Time
         275000      550.00000

   Energies (kJ/mol)
           Bond          Angle    Proper Dih.  Improper Dih.          LJ-14
    1.74276e+03    1.32420e+04    2.05268e+03    1.71473e+01    1.85014e+02
     Coulomb-14        LJ (SR)  Disper. corr.   Coulomb (SR)   Coul. recip.
    1.71577e+04    5.87355e+01    1.14968e+00   -5.37259e+03    2.15043e+01
      Potential    Kinetic En.   Total Energy  Conserved En.    Temperature
    2.91061e+04    1.90110e+04    4.81171e+04    9.45918e+05    3.04359e+02
 Pres. DC (bar) Pressure (bar)   Constr. rmsd
   -7.27711e-06   -1.23483e-01    2.01191e-05


DD  step 279999 load imb.: force 32.9%
           Step           Time
         280000      560.00000

   Energies (kJ/mol)
           Bond          Angle    Proper Dih.  Improper Dih.          LJ-14
    1.75961e+03    1.20715e+04    1.98840e+03    2.16800e+01    1.83907e+02
     Coulomb-14        LJ (SR)  Disper. corr.   Coulomb (SR)   Coul. recip.
    1.71405e+04    6.96221e+01   -9.40804e-01   -5.40763e+03    2.34379e+02
      Potential    Kinetic En.   Total Energy  Conserved En.    Temperature
    2.80611e+04    1.89500e+04    4.70111e+04    4.92277e+05    3.03382e+02
 Pres. DC (bar) Pressure (bar)   Constr. rmsd
   -1.19483e-03   -1.36155e+00    1.12223e-05


Step 282561  Warning: Pressure scaling more than 1%. This may mean your system
 is not yet equilibrated. Use of Parrinello-Rahman pressure coupling during
equilibration can lead to simulation instability, and is discouraged.

Step 282571  Warning: Pressure scaling more than 1%. This may mean your system
 is not yet equilibrated. Use of Parrinello-Rahman pressure coupling during
equilibration can lead to simulation instability, and is discouraged.

Step 282581  Warning: Pressure scaling more than 1%. This may mean your system
 is not yet equilibrated. Use of Parrinello-Rahman pressure coupling during
equilibration can lead to simulation instability, and is discouraged.

Step 282591  Warning: Pressure scaling more than 1%. This may mean your system
 is not yet equilibrated. Use of Parrinello-Rahman pressure coupling during
equilibration can lead to simulation instability, and is discouraged.

Step 282601  Warning: Pressure scaling more than 1%. This may mean your system
 is not yet equilibrated. Use of Parrinello-Rahman pressure coupling during
equilibration can lead to simulation instability, and is discouraged.

Step 282611  Warning: Pressure scaling more than 1%. This may mean your system
 is not yet equilibrated. Use of Parrinello-Rahman pressure coupling during
equilibration can lead to simulation instability, and is discouraged.

Step 282621  Warning: Pressure scaling more than 1%. This may mean your system
 is not yet equilibrated. Use of Parrinello-Rahman pressure coupling during
equilibration can lead to simulation instability, and is discouraged.

Step 282631  Warning: Pressure scaling more than 1%. This may mean your system
 is not yet equilibrated. Use of Parrinello-Rahman pressure coupling during
equilibration can lead to simulation instability, and is discouraged.

Step 282641  Warning: Pressure scaling more than 1%. This may mean your system
 is not yet equilibrated. Use of Parrinello-Rahman pressure coupling during
equilibration can lead to simulation instability, and is discouraged.

Step 282651  Warning: Pressure scaling more than 1%. This may mean your system
 is not yet equilibrated. Use of Parrinello-Rahman pressure coupling during
equilibration can lead to simulation instability, and is discouraged.

Step 282661  Warning: Pressure scaling more than 1%. This may mean your system
 is not yet equilibrated. Use of Parrinello-Rahman pressure coupling during
equilibration can lead to simulation instability, and is discouraged.

Step 282671  Warning: Pressure scaling more than 1%. This may mean your system
 is not yet equilibrated. Use of Parrinello-Rahman pressure coupling during
equilibration can lead to simulation instability, and is discouraged.

Step 282681  Warning: Pressure scaling more than 1%. This may mean your system
 is not yet equilibrated. Use of Parrinello-Rahman pressure coupling during
equilibration can lead to simulation instability, and is discouraged.

Step 282691  Warning: Pressure scaling more than 1%. This may mean your system
 is not yet equilibrated. Use of Parrinello-Rahman pressure coupling during
equilibration can lead to simulation instability, and is discouraged.

Step 282701  Warning: Pressure scaling more than 1%. This may mean your system
 is not yet equilibrated. Use of Parrinello-Rahman pressure coupling during
equilibration can lead to simulation instability, and is discouraged.

Step 282711  Warning: Pressure scaling more than 1%. This may mean your system
 is not yet equilibrated. Use of Parrinello-Rahman pressure coupling during
equilibration can lead to simulation instability, and is discouraged.

Step 282721  Warning: Pressure scaling more than 1%. This may mean your system
 is not yet equilibrated. Use of Parrinello-Rahman pressure coupling during
equilibration can lead to simulation instability, and is discouraged.

Step 282731  Warning: Pressure scaling more than 1%. This may mean your system
 is not yet equilibrated. Use of Parrinello-Rahman pressure coupling during
equilibration can lead to simulation instability, and is discouraged.

Step 282741  Warning: Pressure scaling more than 1%. This may mean your system
 is not yet equilibrated. Use of Parrinello-Rahman pressure coupling during
equilibration can lead to simulation instability, and is discouraged.

Step 282751  Warning: Pressure scaling more than 1%. This may mean your system
 is not yet equilibrated. Use of Parrinello-Rahman pressure coupling during
equilibration can lead to simulation instability, and is discouraged.

Step 282761  Warning: Pressure scaling more than 1%. This may mean your system
 is not yet equilibrated. Use of Parrinello-Rahman pressure coupling during
equilibration can lead to simulation instability, and is discouraged.

Step 282771  Warning: Pressure scaling more than 1%. This may mean your system
 is not yet equilibrated. Use of Parrinello-Rahman pressure coupling during
equilibration can lead to simulation instability, and is discouraged.

Step 282781  Warning: Pressure scaling more than 1%. This may mean your system
 is not yet equilibrated. Use of Parrinello-Rahman pressure coupling during
equilibration can lead to simulation instability, and is discouraged.

Step 282791  Warning: Pressure scaling more than 1%. This may mean your system
 is not yet equilibrated. Use of Parrinello-Rahman pressure coupling during
equilibration can lead to simulation instability, and is discouraged.

Step 282801  Warning: Pressure scaling more than 1%. This may mean your system
 is not yet equilibrated. Use of Parrinello-Rahman pressure coupling during
equilibration can lead to simulation instability, and is discouraged.

Step 282811  Warning: Pressure scaling more than 1%. This may mean your system
 is not yet equilibrated. Use of Parrinello-Rahman pressure coupling during
equilibration can lead to simulation instability, and is discouraged.

Step 282821  Warning: Pressure scaling more than 1%. This may mean your system
 is not yet equilibrated. Use of Parrinello-Rahman pressure coupling during
equilibration can lead to simulation instability, and is discouraged.

Step 282831  Warning: Pressure scaling more than 1%. This may mean your system
 is not yet equilibrated. Use of Parrinello-Rahman pressure coupling during
equilibration can lead to simulation instability, and is discouraged.

Step 282841  Warning: Pressure scaling more than 1%. This may mean your system
 is not yet equilibrated. Use of Parrinello-Rahman pressure coupling during
equilibration can lead to simulation instability, and is discouraged.

Step 282851  Warning: Pressure scaling more than 1%. This may mean your system
 is not yet equilibrated. Use of Parrinello-Rahman pressure coupling during
equilibration can lead to simulation instability, and is discouraged.

Step 282861  Warning: Pressure scaling more than 1%. This may mean your system
 is not yet equilibrated. Use of Parrinello-Rahman pressure coupling during
equilibration can lead to simulation instability, and is discouraged.

Step 282871  Warning: Pressure scaling more than 1%. This may mean your system
 is not yet equilibrated. Use of Parrinello-Rahman pressure coupling during
equilibration can lead to simulation instability, and is discouraged.

Step 282881  Warning: Pressure scaling more than 1%. This may mean your system
 is not yet equilibrated. Use of Parrinello-Rahman pressure coupling during
equilibration can lead to simulation instability, and is discouraged.

Step 282891  Warning: Pressure scaling more than 1%. This may mean your system
 is not yet equilibrated. Use of Parrinello-Rahman pressure coupling during
equilibration can lead to simulation instability, and is discouraged.

Step 282901  Warning: Pressure scaling more than 1%. This may mean your system
 is not yet equilibrated. Use of Parrinello-Rahman pressure coupling during
equilibration can lead to simulation instability, and is discouraged.

Step 282911  Warning: Pressure scaling more than 1%. This may mean your system
 is not yet equilibrated. Use of Parrinello-Rahman pressure coupling during
equilibration can lead to simulation instability, and is discouraged.

Step 282921  Warning: Pressure scaling more than 1%. Th