                      :-) GROMACS - mdrun_mpi, 2021.2 (-:

                            GROMACS is written by:
     Andrey Alekseenko              Emile Apol              Rossen Apostolov     
         Paul Bauer           Herman J.C. Berendsen           Par Bjelkmar       
       Christian Blau           Viacheslav Bolnykh             Kevin Boyd        
     Aldert van Buuren           Rudi van Drunen             Anton Feenstra      
    Gilles Gouaillardet             Alan Gray               Gerrit Groenhof      
       Anca Hamuraru            Vincent Hindriksen          M. Eric Irrgang      
      Aleksei Iupinov           Christoph Junghans             Joe Jordan        
    Dimitrios Karkoulis            Peter Kasson                Jiri Kraus        
      Carsten Kutzner              Per Larsson              Justin A. Lemkul     
       Viveca Lindahl            Magnus Lundborg             Erik Marklund       
        Pascal Merz             Pieter Meulenhoff            Teemu Murtola       
        Szilard Pall               Sander Pronk              Roland Schulz       
       Michael Shirts            Alexey Shvetsov             Alfons Sijbers      
       Peter Tieleman              Jon Vincent              Teemu Virolainen     
     Christian Wennberg            Maarten Wolf              Artem Zhmurov       
                           and the project leaders:
        Mark Abraham, Berk Hess, Erik Lindahl, and David van der Spoel

Copyright (c) 1991-2000, University of Groningen, The Netherlands.
Copyright (c) 2001-2019, The GROMACS development team at
Uppsala University, Stockholm University and
the Royal Institute of Technology, Sweden.
check out http://www.gromacs.org for more information.

GROMACS is free software; you can redistribute it and/or modify it
under the terms of the GNU Lesser General Public License
as published by the Free Software Foundation; either version 2.1
of the License, or (at your option) any later version.

GROMACS:      mdrun_mpi, version 2021.2
Executable:   /gpfs/opt/apps/gromacs-2021.2/bin/mdrun_mpi
Data prefix:  /gpfs/opt/apps/gromacs-2021.2
Working dir:  /gpfs/work/tur54445/git/peptoid_24summer/peptoid/17AB1-5-A/GAFF/neutral/gaff1
Process ID:   8554
Command line:
  mdrun_mpi -s prod_B.tpr -deffnm prod_B

GROMACS version:    2021.2
Verified release checksum is d91a739522d82c53dc47c2276b9ac5fae3b2119283e84e3a1c7bed8ce741fda2
Precision:          mixed
Memory model:       64 bit
MPI library:        MPI
OpenMP support:     enabled (GMX_OPENMP_MAX_THREADS = 64)
GPU support:        disabled
SIMD instructions:  SSE4.1
FFT library:        fftw-3.3.3-sse2
RDTSCP usage:       enabled
TNG support:        enabled
Hwloc support:      disabled
Tracing support:    disabled
C compiler:         /gpfs/opt/base/openmpi-2.1.1/bin/mpicc GNU 8.4.0
C compiler flags:   -msse4.1 -Wno-missing-field-initializers -fexcess-precision=fast -funroll-all-loops -O3 -DNDEBUG
C++ compiler:       /gpfs/opt/base/openmpi-2.1.1/bin/mpicxx GNU 8.4.0
C++ compiler flags: -msse4.1 -Wno-missing-field-initializers -fexcess-precision=fast -funroll-all-loops -fopenmp -O3 -DNDEBUG


Running on 1 node with total 28 cores, 28 logical cores
Hardware detected on host b167 (the node of MPI rank 0):
  CPU info:
    Vendor: Intel
    Brand:  Intel(R) Xeon(R) CPU E5-2690 v4 @ 2.60GHz
    Family: 6   Model: 79   Stepping: 1
    Features: aes apic avx avx2 clfsh cmov cx8 cx16 f16c fma hle htt intel lahf mmx msr nonstop_tsc pcid pclmuldq pdcm pdpe1gb popcnt pse rdrnd rdtscp rtm sse2 sse3 sse4.1 sse4.2 ssse3 tdt x2apic
  Hardware topology: Basic
    Sockets, cores, and logical processors:
      Socket  0: [   0] [   2] [   4] [   6] [   8] [  10] [  12] [  14] [  16] [  18] [  20] [  22] [  24] [  26]
      Socket  1: [   1] [   3] [   5] [   7] [   9] [  11] [  13] [  15] [  17] [  19] [  21] [  23] [  25] [  27]

Highest SIMD level requested by all nodes in run: AVX2_256
SIMD instructions selected at compile time:       SSE4.1
This program was compiled for different hardware than you are running on,
which could influence performance.

++++ PLEASE READ AND CITE THE FOLLOWING REFERENCE ++++
M. J. Abraham, T. Murtola, R. Schulz, S. Páll, J. C. Smith, B. Hess, E.
Lindahl
GROMACS: High performance molecular simulations through multi-level
parallelism from laptops to supercomputers
SoftwareX 1 (2015) pp. 19-25
-------- -------- --- Thank You --- -------- --------


++++ PLEASE READ AND CITE THE FOLLOWING REFERENCE ++++
S. Páll, M. J. Abraham, C. Kutzner, B. Hess, E. Lindahl
Tackling Exascale Software Challenges in Molecular Dynamics Simulations with
GROMACS
In S. Markidis & E. Laure (Eds.), Solving Software Challenges for Exascale 8759 (2015) pp. 3-27
-------- -------- --- Thank You --- -------- --------


++++ PLEASE READ AND CITE THE FOLLOWING REFERENCE ++++
S. Pronk, S. Páll, R. Schulz, P. Larsson, P. Bjelkmar, R. Apostolov, M. R.
Shirts, J. C. Smith, P. M. Kasson, D. van der Spoel, B. Hess, and E. Lindahl
GROMACS 4.5: a high-throughput and highly parallel open source molecular
simulation toolkit
Bioinformatics 29 (2013) pp. 845-54
-------- -------- --- Thank You --- -------- --------


++++ PLEASE READ AND CITE THE FOLLOWING REFERENCE ++++
B. Hess and C. Kutzner and D. van der Spoel and E. Lindahl
GROMACS 4: Algorithms for highly efficient, load-balanced, and scalable
molecular simulation
J. Chem. Theory Comput. 4 (2008) pp. 435-447
-------- -------- --- Thank You --- -------- --------


++++ PLEASE READ AND CITE THE FOLLOWING REFERENCE ++++
D. van der Spoel, E. Lindahl, B. Hess, G. Groenhof, A. E. Mark and H. J. C.
Berendsen
GROMACS: Fast, Flexible and Free
J. Comp. Chem. 26 (2005) pp. 1701-1719
-------- -------- --- Thank You --- -------- --------


++++ PLEASE READ AND CITE THE FOLLOWING REFERENCE ++++
E. Lindahl and B. Hess and D. van der Spoel
GROMACS 3.0: A package for molecular simulation and trajectory analysis
J. Mol. Mod. 7 (2001) pp. 306-317
-------- -------- --- Thank You --- -------- --------


++++ PLEASE READ AND CITE THE FOLLOWING REFERENCE ++++
H. J. C. Berendsen, D. van der Spoel and R. van Drunen
GROMACS: A message-passing parallel molecular dynamics implementation
Comp. Phys. Comm. 91 (1995) pp. 43-56
-------- -------- --- Thank You --- -------- --------


++++ PLEASE CITE THE DOI FOR THIS VERSION OF GROMACS ++++
https://doi.org/10.5281/zenodo.4723562
-------- -------- --- Thank You --- -------- --------


The number of OpenMP threads was set by environment variable OMP_NUM_THREADS to 1

Input Parameters:
   integrator                     = md
   tinit                          = 0
   dt                             = 0.002
   nsteps                         = 500000
   init-step                      = 0
   simulation-part                = 1
   mts                            = false
   comm-mode                      = Linear
   nstcomm                        = 100
   bd-fric                        = 0
   ld-seed                        = 2105540477
   emtol                          = 10
   emstep                         = 0.01
   niter                          = 20
   fcstep                         = 0
   nstcgsteep                     = 1000
   nbfgscorr                      = 10
   rtpi                           = 0.05
   nstxout                        = 0
   nstvout                        = 0
   nstfout                        = 0
   nstlog                         = 5000
   nstcalcenergy                  = 100
   nstenergy                      = 5000
   nstxout-compressed             = 5000
   compressed-x-precision         = 1000
   cutoff-scheme                  = Verlet
   nstlist                        = 10
   pbc                            = xyz
   periodic-molecules             = false
   verlet-buffer-tolerance        = 0.005
   rlist                          = 1
   coulombtype                    = PME
   coulomb-modifier               = Potential-shift
   rcoulomb-switch                = 0
   rcoulomb                       = 1
   epsilon-r                      = 1
   epsilon-rf                     = inf
   vdw-type                       = Cut-off
   vdw-modifier                   = Potential-shift
   rvdw-switch                    = 0
   rvdw                           = 1
   DispCorr                       = EnerPres
   table-extension                = 1
   fourierspacing                 = 0.16
   fourier-nx                     = 28
   fourier-ny                     = 28
   fourier-nz                     = 28
   pme-order                      = 4
   ewald-rtol                     = 1e-05
   ewald-rtol-lj                  = 0.001
   lj-pme-comb-rule               = Geometric
   ewald-geometry                 = 0
   epsilon-surface                = 0
   tcoupl                         = V-rescale
   nsttcouple                     = 10
   nh-chain-length                = 0
   print-nose-hoover-chain-variables = false
   pcoupl                         = Berendsen
   pcoupltype                     = Isotropic
   nstpcouple                     = 10
   tau-p                          = 2
   compressibility (3x3):
      compressibility[    0]={ 4.50000e-05,  0.00000e+00,  0.00000e+00}
      compressibility[    1]={ 0.00000e+00,  4.50000e-05,  0.00000e+00}
      compressibility[    2]={ 0.00000e+00,  0.00000e+00,  4.50000e-05}
   ref-p (3x3):
      ref-p[    0]={ 1.00000e+00,  0.00000e+00,  0.00000e+00}
      ref-p[    1]={ 0.00000e+00,  1.00000e+00,  0.00000e+00}
      ref-p[    2]={ 0.00000e+00,  0.00000e+00,  1.00000e+00}
   refcoord-scaling               = No
   posres-com (3):
      posres-com[0]= 0.00000e+00
      posres-com[1]= 0.00000e+00
      posres-com[2]= 0.00000e+00
   posres-comB (3):
      posres-comB[0]= 0.00000e+00
      posres-comB[1]= 0.00000e+00
      posres-comB[2]= 0.00000e+00
   QMMM                           = false
qm-opts:
   ngQM                           = 0
   constraint-algorithm           = Lincs
   continuation                   = false
   Shake-SOR                      = false
   shake-tol                      = 0.0001
   lincs-order                    = 4
   lincs-iter                     = 1
   lincs-warnangle                = 30
   nwall                          = 0
   wall-type                      = 9-3
   wall-r-linpot                  = -1
   wall-atomtype[0]               = -1
   wall-atomtype[1]               = -1
   wall-density[0]                = 0
   wall-density[1]                = 0
   wall-ewald-zfac                = 3
   pull                           = false
   awh                            = false
   rotation                       = false
   interactiveMD                  = false
   disre                          = No
   disre-weighting                = Conservative
   disre-mixed                    = false
   dr-fc                          = 1000
   dr-tau                         = 0
   nstdisreout                    = 100
   orire-fc                       = 0
   orire-tau                      = 0
   nstorireout                    = 100
   free-energy                    = no
   cos-acceleration               = 0
   deform (3x3):
      deform[    0]={ 0.00000e+00,  0.00000e+00,  0.00000e+00}
      deform[    1]={ 0.00000e+00,  0.00000e+00,  0.00000e+00}
      deform[    2]={ 0.00000e+00,  0.00000e+00,  0.00000e+00}
   simulated-tempering            = false
   swapcoords                     = no
   userint1                       = 0
   userint2                       = 0
   userint3                       = 0
   userint4                       = 0
   userreal1                      = 0
   userreal2                      = 0
   userreal3                      = 0
   userreal4                      = 0
   applied-forces:
     electric-field:
       x:
         E0                       = 0
         omega                    = 0
         t0                       = 0
         sigma                    = 0
       y:
         E0                       = 0
         omega                    = 0
         t0                       = 0
         sigma                    = 0
       z:
         E0                       = 0
         omega                    = 0
         t0                       = 0
         sigma                    = 0
     density-guided-simulation:
       active                     = false
       group                      = protein
       similarity-measure         = inner-product
       atom-spreading-weight      = unity
       force-constant             = 1e+09
       gaussian-transform-spreading-width = 0.2
       gaussian-transform-spreading-range-in-multiples-of-width = 4
       reference-density-filename = reference.mrc
       nst                        = 1
       normalize-densities        = true
       adaptive-force-scaling     = false
       adaptive-force-scaling-time-constant = 4
grpopts:
   nrdf:      14.997       15010
   ref-t:         300         300
   tau-t:         0.1         0.1
annealing:          No          No
annealing-npoints:           0           0
   acc:	           0           0           0
   nfreeze:           N           N           N
   energygrp-flags[  0]: 0

Changing nstlist from 10 to 100, rlist from 1 to 1.029


Initializing Domain Decomposition on 8 ranks
Dynamic load balancing: auto
Minimum cell size due to atom displacement: 0.758 nm
Initial maximum distances in bonded interactions:
    two-body bonded interactions: 0.395 nm, LJ-14, atoms 2 21
  multi-body bonded interactions: 0.395 nm, Proper Dih., atoms 2 21
Minimum cell size due to bonded interactions: 0.435 nm
Maximum distance for 5 constraints, at 120 deg. angles, all-trans: 0.219 nm
Estimated maximum distance required for P-LINCS: 0.219 nm
Scaling the initial minimum size with 1/0.8 (option -dds) = 1.25
Using 0 separate PME ranks, as there are too few total
 ranks for efficient splitting
Optimizing the DD grid for 8 cells with a minimum initial size of 0.947 nm
The maximum allowed number of cells is: X 4 Y 4 Z 4
Domain decomposition grid 4 x 2 x 1, separate PME ranks 0
PME domain decomposition: 4 x 2 x 1
Domain decomposition rank 0, coordinates 0 0 0

The initial number of communication pulses is: X 1 Y 1
The initial domain decomposition cell size is: X 1.09 nm Y 2.18 nm

The maximum allowed distance for atoms involved in interactions is:
                 non-bonded interactions           1.029 nm
(the following are initial values, they could change due to box deformation)
            two-body bonded interactions  (-rdd)   1.029 nm
          multi-body bonded interactions  (-rdd)   1.029 nm
  atoms separated by up to 5 constraints  (-rcon)  1.089 nm

When dynamic load balancing gets turned on, these settings will change to:
The maximum number of communication pulses is: X 2 Y 1
The minimum size for domain decomposition cells is 0.762 nm
The requested allowed shrink of DD cells (option -dds) is: 0.80
The allowed shrink of domain decomposition cells is: X 0.70 Y 0.47
The maximum allowed distance for atoms involved in interactions is:
                 non-bonded interactions           1.029 nm
            two-body bonded interactions  (-rdd)   1.029 nm
          multi-body bonded interactions  (-rdd)   0.762 nm
  atoms separated by up to 5 constraints  (-rcon)  0.762 nm

Using 8 MPI processes

Non-default thread affinity set, disabling internal thread affinity

Using 1 OpenMP thread per MPI process

System total charge: -0.000
Will do PME sum in reciprocal space for electrostatic interactions.

++++ PLEASE READ AND CITE THE FOLLOWING REFERENCE ++++
U. Essmann, L. Perera, M. L. Berkowitz, T. Darden, H. Lee and L. G. Pedersen 
A smooth particle mesh Ewald method
J. Chem. Phys. 103 (1995) pp. 8577-8592
-------- -------- --- Thank You --- -------- --------

Using a Gaussian width (1/beta) of 0.320163 nm for Ewald
Potential shift: LJ r^-12: -1.000e+00 r^-6: -1.000e+00, Ewald -1.000e-05
Initialized non-bonded Ewald tables, spacing: 9.33e-04 size: 1073

Generated table with 1014 data points for 1-4 COUL.
Tabscale = 500 points/nm
Generated table with 1014 data points for 1-4 LJ6.
Tabscale = 500 points/nm
Generated table with 1014 data points for 1-4 LJ12.
Tabscale = 500 points/nm
Long Range LJ corr.: <C6> 4.1270e-04


Using SIMD 4x4 nonbonded short-range kernels

Using a dual 4x4 pair-list setup updated with dynamic pruning:
  outer list: updated every 100 steps, buffer 0.029 nm, rlist 1.029 nm
  inner list: updated every  65 steps, buffer 0.001 nm, rlist 1.001 nm
At tolerance 0.005 kJ/mol/ps per atom, equivalent classical 1x1 list would be:
  outer list: updated every 100 steps, buffer 0.206 nm, rlist 1.206 nm
  inner list: updated every  65 steps, buffer 0.155 nm, rlist 1.155 nm

Using Lorentz-Berthelot Lennard-Jones combination rule
Removing pbc first time

Initializing Parallel LINear Constraint Solver

++++ PLEASE READ AND CITE THE FOLLOWING REFERENCE ++++
B. Hess
P-LINCS: A Parallel Linear Constraint Solver for molecular simulation
J. Chem. Theory Comput. 4 (2008) pp. 116-122
-------- -------- --- Thank You --- -------- --------

The number of constraints is 4259
There are constraints between atoms in different decomposition domains,
will communicate selected coordinates each lincs iteration

Linking all bonded interactions to atoms


Intra-simulation communication will occur every 10 steps.

++++ PLEASE READ AND CITE THE FOLLOWING REFERENCE ++++
G. Bussi, D. Donadio and M. Parrinello
Canonical sampling through velocity rescaling
J. Chem. Phys. 126 (2007) pp. 014101
-------- -------- --- Thank You --- -------- --------

There are: 6429 Atoms
Atom distribution over 8 domains: av 803 stddev 38 min 771 max 849

Constraining the starting coordinates (step 0)

Constraining the coordinates at t0-dt (step 0)
Center of mass motion removal mode is Linear
We have the following groups for center of mass motion removal:
  0:  rest
RMS relative constraint deviation after constraining: 3.34e-06
Initial temperature: 299.924 K

Started mdrun on rank 0 Wed Jul  3 21:14:41 2024

           Step           Time
              0        0.00000

   Energies (kJ/mol)
           Bond          Angle    Proper Dih.  Improper Dih.          LJ-14
    1.44559e+03    8.18169e+03    1.64256e+03    2.10051e+01    1.90739e+02
     Coulomb-14        LJ (SR)  Disper. corr.   Coulomb (SR)   Coul. recip.
    1.71732e+04   -4.39025e+03   -8.62732e+02   -2.40539e+04    8.70770e+02
      Potential    Kinetic En.   Total Energy  Conserved En.    Temperature
    2.18716e+02    1.98296e+04    2.00483e+04    2.00484e+04    3.17465e+02
 Pres. DC (bar) Pressure (bar)   Constr. rmsd
   -1.73510e+02   -9.77153e+00    4.06575e-06


DD  step 99 load imb.: force 25.3%

step 200 Turning on dynamic load balancing, because the performance loss due to load imbalance is 17.0 %.

DD  step 4999  vol min/aver 0.963  load imb.: force  4.5%
           Step           Time
           5000       10.00000

   Energies (kJ/mol)
           Bond          Angle    Proper Dih.  Improper Dih.          LJ-14
    1.44163e+03    8.12371e+03    1.63578e+03    1.56763e+01    1.88015e+02
     Coulomb-14        LJ (SR)  Disper. corr.   Coulomb (SR)   Coul. recip.
    1.71502e+04   -4.62638e+03   -8.69506e+02   -2.38185e+04    8.43162e+02
      Potential    Kinetic En.   Total Energy  Conserved En.    Temperature
    8.37689e+01    1.88487e+04    1.89325e+04    1.99907e+04    3.01761e+02
 Pres. DC (bar) Pressure (bar)   Constr. rmsd
   -1.76241e+02    6.65762e+01    3.37196e-06


DD  step 9999  vol min/aver 0.939  load imb.: force  2.9%
           Step           Time
          10000       20.00000

   Energies (kJ/mol)
           Bond          Angle    Proper Dih.  Improper Dih.          LJ-14
    1.48971e+03    8.25255e+03    1.66710e+03    1.53054e+01    1.84617e+02
     Coulomb-14        LJ (SR)  Disper. corr.   Coulomb (SR)   Coul. recip.
    1.71695e+04   -4.23159e+03   -8.67333e+02   -2.42327e+04    8.32929e+02
      Potential    Kinetic En.   Total Energy  Conserved En.    Temperature
    2.80049e+02    1.82537e+04    1.85337e+04    1.99434e+04    2.92235e+02
 Pres. DC (bar) Pressure (bar)   Constr. rmsd
   -1.75362e+02    1.53390e+02    3.11655e-06


DD  step 14999  vol min/aver 0.936  load imb.: force  5.9%
           Step           Time
          15000       30.00000

   Energies (kJ/mol)
           Bond          Angle    Proper Dih.  Improper Dih.          LJ-14
    1.38327e+03    8.56945e+03    1.59017e+03    1.42376e+01    1.86374e+02
     Coulomb-14        LJ (SR)  Disper. corr.   Coulomb (SR)   Coul. recip.
    1.71531e+04   -4.57679e+03   -8.75860e+02   -2.41699e+04    8.25341e+02
      Potential    Kinetic En.   Total Energy  Conserved En.    Temperature
    9.94521e+01    1.88450e+04    1.89445e+04    1.98409e+04    3.01702e+02
 Pres. DC (bar) Pressure (bar)   Constr. rmsd
   -1.78822e+02   -1.65505e+02    3.10635e-06


DD  step 19999  vol min/aver 0.925  load imb.: force  3.4%
           Step           Time
          20000       40.00000

   Energies (kJ/mol)
           Bond          Angle    Proper Dih.  Improper Dih.          LJ-14
    1.50650e+03    7.83627e+03    1.61347e+03    2.19840e+01    1.83950e+02
     Coulomb-14        LJ (SR)  Disper. corr.   Coulomb (SR)   Coul. recip.
    1.71790e+04   -4.61798e+03   -8.73898e+02   -2.35780e+04    8.66205e+02
      Potential    Kinetic En.   Total Energy  Conserved En.    Temperature
    1.37539e+02    1.87389e+04    1.88765e+04    1.97033e+04    3.00004e+02
 Pres. DC (bar) Pressure (bar)   Constr. rmsd
   -1.78023e+02   -1.57261e+02    3.08368e-06


DD  step 24999  vol min/aver 0.956  load imb.: force  4.5%
           Step           Time
          25000       50.00000

   Energies (kJ/mol)
           Bond          Angle    Proper Dih.  Improper Dih.          LJ-14
    1.47876e+03    8.17068e+03    1.69424e+03    6.99811e+00    1.80594e+02
     Coulomb-14        LJ (SR)  Disper. corr.   Coulomb (SR)   Coul. recip.
    1.71533e+04   -4.43892e+03   -8.68659e+02   -2.39950e+04    8.18564e+02
      Potential    Kinetic En.   Total Energy  Conserved En.    Temperature
    2.00528e+02    1.88842e+04    1.90847e+04    1.96257e+04    3.02329e+02
 Pres. DC (bar) Pressure (bar)   Constr. rmsd
   -1.75898e+02   -1.31674e+02    3.20584e-06


DD  step 29999  vol min/aver 0.937  load imb.: force  2.8%
           Step           Time
          30000       60.00000

   Energies (kJ/mol)
           Bond          Angle    Proper Dih.  Improper Dih.          LJ-14
    1.48406e+03    8.22540e+03    1.70197e+03    1.38240e+01    1.79265e+02
     Coulomb-14        LJ (SR)  Disper. corr.   Coulomb (SR)   Coul. recip.
    1.71694e+04   -4.35273e+03   -8.69990e+02   -2.42914e+04    8.29318e+02
      Potential    Kinetic En.   Total Energy  Conserved En.    Temperature
    8.90312e+01    1.81401e+04    1.82291e+04    1.95521e+04    2.90416e+02
 Pres. DC (bar) Pressure (bar)   Constr. rmsd
   -1.76437e+02   -7.49929e+01    3.19517e-06


DD  step 34999  vol min/aver 0.966  load imb.: force  4.3%
           Step           Time
          35000       70.00000

   Energies (kJ/mol)
           Bond          Angle    Proper Dih.  Improper Dih.          LJ-14
    1.49745e+03    8.26586e+03    1.61319e+03    1.94005e+01    1.89748e+02
     Coulomb-14        LJ (SR)  Disper. corr.   Coulomb (SR)   Coul. recip.
    1.71767e+04   -4.37329e+03   -8.74448e+02   -2.43758e+04    8.70277e+02
      Potential    Kinetic En.   Total Energy  Conserved En.    Temperature
    9.03014e+00    1.86351e+04    1.86441e+04    1.94492e+04    2.98341e+02
 Pres. DC (bar) Pressure (bar)   Constr. rmsd
   -1.78247e+02    2.15100e+02    3.18838e-06


DD  step 39999  vol min/aver 0.909  load imb.: force  2.4%
           Step           Time
          40000       80.00000

   Energies (kJ/mol)
           Bond          Angle    Proper Dih.  Improper Dih.          LJ-14
    1.40985e+03    8.23410e+03    1.67240e+03    1.47167e+01    1.91042e+02
     Coulomb-14        LJ (SR)  Disper. corr.   Coulomb (SR)   Coul. recip.
    1.71684e+04   -4.32006e+03   -8.74789e+02   -2.42372e+04    8.33486e+02
      Potential    Kinetic En.   Total Energy  Conserved En.    Temperature
    9.19195e+01    1.86614e+04    1.87533e+04    1.93616e+04    2.98762e+02
 Pres. DC (bar) Pressure (bar)   Constr. rmsd
   -1.78386e+02    4.49394e+02    3.29236e-06


DD  step 44999  vol min/aver 0.933  load imb.: force  3.2%
           Step           Time
          45000       90.00000

   Energies (kJ/mol)
           Bond          Angle    Proper Dih.  Improper Dih.          LJ-14
    1.30624e+03    8.33268e+03    1.62316e+03    1.04290e+01    1.82312e+02
     Coulomb-14        LJ (SR)  Disper. corr.   Coulomb (SR)   Coul. recip.
    1.71567e+04   -4.37588e+03   -8.70509e+02   -2.40196e+04    8.23419e+02
      Potential    Kinetic En.   Total Energy  Conserved En.    Temperature
    1.68935e+02    1.85589e+04    1.87279e+04    1.92749e+04    2.97121e+02
 Pres. DC (bar) Pressure (bar)   Constr. rmsd
   -1.76647e+02   -1.31966e+02    3.30927e-06


DD  step 49999  vol min/aver 0.932  load imb.: force  2.0%
           Step           Time
          50000      100.00000

   Energies (kJ/mol)
           Bond          Angle    Proper Dih.  Improper Dih.          LJ-14
    1.37125e+03    8.19770e+03    1.57310e+03    1.93654e+01    1.85233e+02
     Coulomb-14        LJ (SR)  Disper. corr.   Coulomb (SR)   Coul. recip.
    1.71671e+04   -4.43902e+03   -8.71659e+02   -2.41364e+04    8.30228e+02
      Potential    Kinetic En.   Total Energy  Conserved En.    Temperature
   -1.03028e+02    1.86219e+04    1.85189e+04    1.91569e+04    2.98129e+02
 Pres. DC (bar) Pressure (bar)   Constr. rmsd
   -1.77114e+02    1.33054e+02    3.16872e-06


DD  step 54999  vol min/aver 0.958  load imb.: force  3.1%
           Step           Time
          55000      110.00000

   Energies (kJ/mol)
           Bond          Angle    Proper Dih.  Improper Dih.          LJ-14
    1.36781e+03    8.41711e+03    1.64593e+03    1.36239e+01    1.76016e+02
     Coulomb-14        LJ (SR)  Disper. corr.   Coulomb (SR)   Coul. recip.
    1.71583e+04   -4.41408e+03   -8.68405e+02   -2.44114e+04    8.60362e+02
      Potential    Kinetic En.   Total Energy  Conserved En.    Temperature
   -5.46911e+01    1.85188e+04    1.84641e+04    1.90962e+04    2.96478e+02
 Pres. DC (bar) Pressure (bar)   Constr. rmsd
   -1.75795e+02   -2.95155e+02    3.27207e-06


DD  step 59999  vol min/aver 0.890  load imb.: force  4.2%
           Step           Time
          60000      120.00000

   Energies (kJ/mol)
           Bond          Angle    Proper Dih.  Improper Dih.          LJ-14
    1.45876e+03    8.20054e+03    1.58708e+03    2.48606e+01    1.76361e+02
     Coulomb-14        LJ (SR)  Disper. corr.   Coulomb (SR)   Coul. recip.
    1.71630e+04   -4.54688e+03   -8.68007e+02   -2.38626e+04    8.25353e+02
      Potential    Kinetic En.   Total Energy  Conserved En.    Temperature
    1.58427e+02    1.87480e+04    1.89065e+04    1.89749e+04    3.00149e+02
 Pres. DC (bar) Pressure (bar)   Constr. rmsd
   -1.75635e+02   -1.04849e+02    3.54158e-06


DD  step 64999  vol min/aver 0.926  load imb.: force  3.0%
           Step           Time
          65000      130.00000

   Energies (kJ/mol)
           Bond          Angle    Proper Dih.  Improper Dih.          LJ-14
    1.33607e+03    8.17235e+03    1.57400e+03    2.69986e+01    1.99804e+02
     Coulomb-14        LJ (SR)  Disper. corr.   Coulomb (SR)   Coul. recip.
    1.71748e+04   -4.32980e+03   -8.68783e+02   -2.39542e+04    8.21966e+02
      Potential    Kinetic En.   Total Energy  Conserved En.    Temperature
    1.53269e+02    1.88956e+04    1.90489e+04    1.88671e+04    3.02512e+02
 Pres. DC (bar) Pressure (bar)   Constr. rmsd
   -1.75948e+02    3.78677e+02    3.28162e-06


DD  step 69999  vol min/aver 0.845  load imb.: force  2.1%
           Step           Time
          70000      140.00000

   Energies (kJ/mol)
           Bond          Angle    Proper Dih.  Improper Dih.          LJ-14
    1.33321e+03    8.35279e+03    1.57171e+03    8.42045e+00    1.81005e+02
     Coulomb-14        LJ (SR)  Disper. corr.   Coulomb (SR)   Coul. recip.
    1.71915e+04   -4.50182e+03   -8.65840e+02   -2.38085e+04    8.95856e+02
      Potential    Kinetic En.   Total Energy  Conserved En.    Temperature
    3.58296e+02    1.91117e+04    1.94700e+04    1.87764e+04    3.05971e+02
 Pres. DC (bar) Pressure (bar)   Constr. rmsd
   -1.74760e+02   -1.46013e+02    3.10089e-06


DD  step 74999  vol min/aver 0.954  load imb.: force  1.6%
           Step           Time
          75000      150.00000

   Energies (kJ/mol)
           Bond          Angle    Proper Dih.  Improper Dih.          LJ-14
    1.47860e+03    8.20788e+03    1.48269e+03    7.58393e+00    1.88742e+02
     Coulomb-14        LJ (SR)  Disper. corr.   Coulomb (SR)   Coul. recip.
    1.71665e+04   -4.40571e+03   -8.62941e+02   -2.38025e+04    8.53800e+02
      Potential    Kinetic En.   Total Energy  Conserved En.    Temperature
    3.14682e+02    1.90321e+04    1.93468e+04    1.86780e+04    3.04696e+02
 Pres. DC (bar) Pressure (bar)   Constr. rmsd
   -1.73594e+02   -5.75617e+00    3.32838e-06


DD  step 79999  vol min/aver 0.932  load imb.: force  2.3%
           Step           Time
          80000      160.00000

   Energies (kJ/mol)
           Bond          Angle    Proper Dih.  Improper Dih.          LJ-14
    1.33307e+03    8.48083e+03    1.68433e+03    1.28319e+01    1.80076e+02
     Coulomb-14        LJ (SR)  Disper. corr.   Coulomb (SR)   Coul. recip.
    1.71376e+04   -4.53406e+03   -8.66487e+02   -2.39685e+04    8.31741e+02
      Potential    Kinetic En.   Total Energy  Conserved En.    Temperature
    2.91451e+02    1.86875e+04    1.89790e+04    1.86079e+04    2.99181e+02
 Pres. DC (bar) Pressure (bar)   Constr. rmsd
   -1.75021e+02   -1.55603e+02    3.23836e-06


DD  step 84999  vol min/aver 0.940  load imb.: force  2.1%
           Step           Time
          85000      170.00000

   Energies (kJ/mol)
           Bond          Angle    Proper Dih.  Improper Dih.          LJ-14
    1.52078e+03    8.12056e+03    1.60074e+03    9.16932e+00    1.79796e+02
     Coulomb-14        LJ (SR)  Disper. corr.   Coulomb (SR)   Coul. recip.
    1.71708e+04   -4.37986e+03   -8.65334e+02   -2.38126e+04    8.68061e+02
      Potential    Kinetic En.   Total Energy  Conserved En.    Temperature
    4.12081e+02    1.90271e+04    1.94391e+04    1.84738e+04    3.04616e+02
 Pres. DC (bar) Pressure (bar)   Constr. rmsd
   -1.74556e+02    1.15416e+02    3.31597e-06


DD  step 89999  vol min/aver 0.957  load imb.: force  3.0%
           Step           Time
          90000      180.00000

   Energies (kJ/mol)
           Bond          Angle    Proper Dih.  Improper Dih.          LJ-14
    1.49740e+03    8.25226e+03    1.62599e+03    1.21090e+01    1.72353e+02
     Coulomb-14        LJ (SR)  Disper. corr.   Coulomb (SR)   Coul. recip.
    1.71652e+04   -4.53745e+03   -8.66288e+02   -2.36098e+04    9.30639e+02
      Potential    Kinetic En.   Total Energy  Conserved En.    Temperature
    6.42365e+02    1.83913e+04    1.90337e+04    1.84023e+04    2.94438e+02
 Pres. DC (bar) Pressure (bar)   Constr. rmsd
   -1.74941e+02   -6.33341e+01    3.25522e-06


DD  step 94999  vol min/aver 0.907  load imb.: force  2.0%
           Step           Time
          95000      190.00000

   Energies (kJ/mol)
           Bond          Angle    Proper Dih.  Improper Dih.          LJ-14
    1.41365e+03    7.86953e+03    1.59339e+03    6.19015e+00    1.84850e+02
     Coulomb-14        LJ (SR)  Disper. corr.   Coulomb (SR)   Coul. recip.
    1.71894e+04   -4.24921e+03   -8.65868e+02   -2.46624e+04    8.41224e+02
      Potential    Kinetic En.   Total Energy  Conserved En.    Temperature
   -6.79231e+02    1.82910e+04    1.76118e+04    1.82834e+04    2.92832e+02
 Pres. DC (bar) Pressure (bar)   Constr. rmsd
   -1.74772e+02   -3.30346e+01    3.16204e-06


DD  step 99999  vol min/aver 0.941  load imb.: force  2.9%
           Step           Time
         100000      200.00000

   Energies (kJ/mol)
           Bond          Angle    Proper Dih.  Improper Dih.          LJ-14
    1.49405e+03    8.19601e+03    1.69421e+03    1.79047e+01    1.65329e+02
     Coulomb-14        LJ (SR)  Disper. corr.   Coulomb (SR)   Coul. recip.
    1.71553e+04   -4.49039e+03   -8.70510e+02   -2.39082e+04    8.80990e+02
      Potential    Kinetic En.   Total Energy  Conserved En.    Temperature
    3.34739e+02    1.87382e+04    1.90730e+04    1.81962e+04    2.99992e+02
 Pres. DC (bar) Pressure (bar)   Constr. rmsd
   -1.76647e+02    4.08078e+01    3.29918e-06


DD  step 104999  vol min/aver 0.906  load imb.: force  1.7%
           Step           Time
         105000      210.00000

   Energies (kJ/mol)
           Bond          Angle    Proper Dih.  Improper Dih.          LJ-14
    1.53628e+03    8.35132e+03    1.60759e+03    1.62060e+01    1.85033e+02
     Coulomb-14        LJ (SR)  Disper. corr.   Coulomb (SR)   Coul. recip.
    1.71685e+04   -4.34810e+03   -8.69535e+02   -2.42562e+04    8.55156e+02
      Potential    Kinetic En.   Total Energy  Conserved En.    Temperature
    2.46227e+02    1.87257e+04    1.89719e+04    1.81343e+04    2.99791e+02
 Pres. DC (bar) Pressure (bar)   Constr. rmsd
   -1.76253e+02   -2.99302e+01    3.31574e-06


DD  step 109999  vol min/aver 0.928  load imb.: force  3.0%
           Step           Time
         110000      220.00000

   Energies (kJ/mol)
           Bond          Angle    Proper Dih.  Improper Dih.          LJ-14
    1.41743e+03    8.24911e+03    1.55888e+03    7.63155e+00    1.67389e+02
     Coulomb-14        LJ (SR)  Disper. corr.   Coulomb (SR)   Coul. recip.
    1.71895e+04   -4.50448e+03   -8.72598e+02   -2.40587e+04    8.38129e+02
      Potential    Kinetic En.   Total Energy  Conserved En.    Temperature
   -7.68841e+00    1.88484e+04    1.88407e+04    1.80197e+04    3.01757e+02
 Pres. DC (bar) Pressure (bar)   Constr. rmsd
   -1.77494e+02   -2.00398e+02    3.46229e-06


DD  step 114999  vol min/aver 0.938  load imb.: force  5.7%
           Step           Time
         115000      230.00000

   Energies (kJ/mol)
           Bond          Angle    Proper Dih.  Improper Dih.          LJ-14
    1.45202e+03    8.07120e+03    1.59366e+03    1.28670e+01    1.85501e+02
     Coulomb-14        LJ (SR)  Disper. corr.   Coulomb (SR)   Coul. recip.
    1.71560e+04   -4.44645e+03   -8.68493e+02   -2.37433e+04    8.28954e+02
      Potential    Kinetic En.   Total Energy  Conserved En.    Temperature
    2.41965e+02    1.85579e+04    1.87998e+04    1.79222e+04    2.97105e+02
 Pres. DC (bar) Pressure (bar)   Constr. rmsd
   -1.75831e+02    1.66786e+02    3.18374e-06


DD  step 119999  vol min/aver 0.951  load imb.: force  3.9%
           Step           Time
         120000      240.00000

   Energies (kJ/mol)
           Bond          Angle    Proper Dih.  Improper Dih.          LJ-14
    1.45248e+03    8.19127e+03    1.60878e+03    1.96368e+01    1.58027e+02
     Coulomb-14        LJ (SR)  Disper. corr.   Coulomb (SR)   Coul. recip.
    1.71786e+04   -4.30729e+03   -8.64287e+02   -2.39934e+04    8.62816e+02
      Potential    Kinetic En.   Total Energy  Conserved En.    Temperature
    3.06602e+02    1.87493e+04    1.90559e+04    1.78388e+04    3.00170e+02
 Pres. DC (bar) Pressure (bar)   Constr. rmsd
   -1.74135e+02   -3.83870e+01    3.21030e-06


DD  step 124999  vol min/aver 0.930  load imb.: force  3.4%
           Step           Time
         125000      250.00000

   Energies (kJ/mol)
           Bond          Angle    Proper Dih.  Improper Dih.          LJ-14
    1.46997e+03    8.15684e+03    1.61436e+03    7.43716e+00    1.84893e+02
     Coulomb-14        LJ (SR)  Disper. corr.   Coulomb (SR)   Coul. recip.
    1.72171e+04   -4.52585e+03   -8.65171e+02   -2.38297e+04    8.33364e+02
      Potential    Kinetic En.   Total Energy  Conserved En.    Temperature
    2.63186e+02    1.83266e+04    1.85898e+04    1.77624e+04    2.93403e+02
 Pres. DC (bar) Pressure (bar)   Constr. rmsd
   -1.74491e+02   -2.19539e+02    3.21786e-06


DD  step 129999  vol min/aver 0.871  load imb.: force  3.3%
           Step           Time
         130000      260.00000

   Energies (kJ/mol)
           Bond          Angle    Proper Dih.  Improper Dih.          LJ-14
    1.36567e+03    8.27554e+03    1.61328e+03    2.00126e+01    1.77687e+02
     Coulomb-14        LJ (SR)  Disper. corr.   Coulomb (SR)   Coul. recip.
    1.71393e+04   -4.38193e+03   -8.58166e+02   -2.38919e+04    8.59388e+02
      Potential    Kinetic En.   Total Energy  Conserved En.    Temperature
    3.18928e+02    1.88506e+04    1.91695e+04    1.76562e+04    3.01791e+02
 Pres. DC (bar) Pressure (bar)   Constr. rmsd
   -1.71681e+02    2.07707e+02    3.27835e-06


DD  step 134999  vol min/aver 0.920  load imb.: force  4.3%
           Step           Time
         135000      270.00000

   Energies (kJ/mol)
           Bond          Angle    Proper Dih.  Improper Dih.          LJ-14
    1.46470e+03    8.21719e+03    1.63138e+03    1.64944e+01    1.64700e+02
     Coulomb-14        LJ (SR)  Disper. corr.   Coulomb (SR)   Coul. recip.
    1.71718e+04   -4.24384e+03   -8.58027e+02   -2.35489e+04    8.57375e+02
      Potential    Kinetic En.   Total Energy  Conserved En.    Temperature
    8.72804e+02    1.86027e+04    1.94755e+04    1.75590e+04    2.97822e+02
 Pres. DC (bar) Pressure (bar)   Constr. rmsd
   -1.71625e+02   -1.79335e+02    3.06826e-06


DD  step 139999  vol min/aver 0.882  load imb.: force  3.8%
           Step           Time
         140000      280.00000

   Energies (kJ/mol)
           Bond          Angle    Proper Dih.  Improper Dih.          LJ-14
    1.45773e+03    8.10854e+03    1.60659e+03    1.03042e+01    1.79617e+02
     Coulomb-14        LJ (SR)  Disper. corr.   Coulomb (SR)   Coul. recip.
    1.71583e+04   -4.27749e+03   -8.61791e+02   -2.39024e+04    8.61072e+02
      Potential    Kinetic En.   Total Energy  Conserved En.    Temperature
    3.40493e+02    1.90454e+04    1.93859e+04    1.74502e+04    3.04910e+02
 Pres. DC (bar) Pressure (bar)   Constr. rmsd
   -1.73132e+02    2.56574e+02    3.20798e-06


DD  step 144999  vol min/aver 0.953  load imb.: force  3.7%
           Step           Time
         145000      290.00000

   Energies (kJ/mol)
           Bond          Angle    Proper Dih.  Improper Dih.          LJ-14
    1.44004e+03    8.14659e+03    1.62392e+03    1.25594e+01    1.95964e+02
     Coulomb-14        LJ (SR)  Disper. corr.   Coulomb (SR)   Coul. recip.
    1.71800e+04   -4.25584e+03   -8.64388e+02   -2.44066e+04    8.52563e+02
      Potential    Kinetic En.   Total Energy  Conserved En.    Temperature
   -7.51505e+01    1.88965e+04    1.88213e+04    1.73508e+04    3.02526e+02
 Pres. DC (bar) Pressure (bar)   Constr. rmsd
   -1.74175e+02   -1.46045e+02    3.33484e-06


DD  step 149999  vol min/aver 0.957  load imb.: force  2.8%
           Step           Time
         150000      300.00000

   Energies (kJ/mol)
           Bond          Angle    Proper Dih.  Improper Dih.          LJ-14
    1.49490e+03    8.17343e+03    1.60789e+03    8.41724e+00    1.85395e+02
     Coulomb-14        LJ (SR)  Disper. corr.   Coulomb (SR)   Coul. recip.
    1.71590e+04   -4.19604e+03   -8.67706e+02   -2.42145e+04    8.65409e+02
      Potential    Kinetic En.   Total Energy  Conserved En.    Temperature
    2.16157e+02    1.86987e+04    1.89149e+04    1.72875e+04    2.99360e+02
 Pres. DC (bar) Pressure (bar)   Constr. rmsd
   -1.75513e+02    2.17004e+02    3.27924e-06


DD  step 154999  vol min/aver 0.942  load imb.: force  4.1%
           Step           Time
         155000      310.00000

   Energies (kJ/mol)
           Bond          Angle    Proper Dih.  Improper Dih.          LJ-14
    1.40095e+03    8.29039e+03    1.69621e+03    1.30087e+01    1.67534e+02
     Coulomb-14        LJ (SR)  Disper. corr.   Coulomb (SR)   Coul. recip.
    1.71383e+04   -4.50016e+03   -8.59549e+02   -2.33701e+04    8.65792e+02
      Potential    Kinetic En.   Total Energy  Conserved En.    Temperature
    8.42414e+02    1.87258e+04    1.95682e+04    1.71821e+04    2.99794e+02
 Pres. DC (bar) Pressure (bar)   Constr. rmsd
   -1.72234e+02   -2.93810e+02    3.31932e-06


DD  step 159999  vol min/aver 0.956  load imb.: force  3.1%
           Step           Time
         160000      320.00000

   Energies (kJ/mol)
           Bond          Angle    Proper Dih.  Improper Dih.          LJ-14
    1.39482e+03    8.01682e+03    1.64403e+03    1.10048e+01    1.82582e+02
     Coulomb-14        LJ (SR)  Disper. corr.   Coulomb (SR)   Coul. recip.
    1.71685e+04   -4.52257e+03   -8.60775e+02   -2.36642e+04    8.79738e+02
      Potential    Kinetic En.   Total Energy  Conserved En.    Temperature
    2.50029e+02    1.86088e+04    1.88588e+04    1.70856e+04    2.97920e+02
 Pres. DC (bar) Pressure (bar)   Constr. rmsd
   -1.72725e+02   -3.62380e+02    3.13326e-06


DD  step 164999  vol min/aver 0.952  load imb.: force  1.9%
           Step           Time
         165000      330.00000

   Energies (kJ/mol)
           Bond          Angle    Proper Dih.  Improper Dih.          LJ-14
    1.44215e+03    8.12372e+03    1.64896e+03    1.17166e+01    1.81763e+02
     Coulomb-14        LJ (SR)  Disper. corr.   Coulomb (SR)   Coul. recip.
    1.71520e+04   -4.50107e+03   -8.60786e+02   -2.31958e+04    8.67922e+02
      Potential    Kinetic En.   Total Energy  Conserved En.    Temperature
    8.70560e+02    1.89591e+04    1.98296e+04    1.69654e+04    3.03528e+02
 Pres. DC (bar) Pressure (bar)   Constr. rmsd
   -1.72729e+02    2.74499e+02    3.27567e-06


DD  step 169999  vol min/aver 0.928  load imb.: force  3.7%
           Step           Time
         170000      340.00000

   Energies (kJ/mol)
           Bond          Angle    Proper Dih.  Improper Dih.          LJ-14
    1.49850e+03    8.05702e+03    1.64242e+03    2.08949e+01    1.82707e+02
     Coulomb-14        LJ (SR)  Disper. corr.   Coulomb (SR)   Coul. recip.
    1.71431e+04   -4.49769e+03   -8.61468e+02   -2.36334e+04    8.48959e+02
      Potential    Kinetic En.   Total Energy  Conserved En.    Temperature
    4.01101e+02    1.88802e+04    1.92813e+04    1.68682e+04    3.02265e+02
 Pres. DC (bar) Pressure (bar)   Constr. rmsd
   -1.73002e+02   -3.01876e+02    3.20766e-06


DD  step 174999  vol min/aver 0.912  load imb.: force  3.1%
           Step           Time
         175000      350.00000

   Energies (kJ/mol)
           Bond          Angle    Proper Dih.  Improper Dih.          LJ-14
    1.40343e+03    8.15770e+03    1.63723e+03    2.32142e+01    1.80403e+02
     Coulomb-14        LJ (SR)  Disper. corr.   Coulomb (SR)   Coul. recip.
    1.71544e+04   -4.42423e+03   -8.58671e+02   -2.38704e+04    8.70666e+02
      Potential    Kinetic En.   Total Energy  Conserved En.    Temperature
    2.73738e+02    1.86832e+04    1.89569e+04    1.67622e+04    2.99111e+02
 Pres. DC (bar) Pressure (bar)   Constr. rmsd
   -1.71882e+02   -7.02673e+01    3.23381e-06


DD  step 179999  vol min/aver 0.943  load imb.: force  3.9%
           Step           Time
         180000      360.00000

   Energies (kJ/mol)
           Bond          Angle    Proper Dih.  Improper Dih.          LJ-14
    1.51249e+03    8.03645e+03    1.63135e+03    1.84569e+01    1.74311e+02
     Coulomb-14        LJ (SR)  Disper. corr.   Coulomb (SR)   Coul. recip.
    1.71577e+04   -4.20559e+03   -8.57570e+02   -2.39005e+04    8.81797e+02
      Potential    Kinetic En.   Total Energy  Conserved En.    Temperature
    4.48907e+02    1.93085e+04    1.97574e+04    1.66358e+04    3.09122e+02
 Pres. DC (bar) Pressure (bar)   Constr. rmsd
   -1.71443e+02    2.09969e+02    3.34159e-06


DD  step 184999  vol min/aver 0.924  load imb.: force  4.9%
           Step           Time
         185000      370.00000

   Energies (kJ/mol)
           Bond          Angle    Proper Dih.  Improper Dih.          LJ-14
    1.42965e+03    8.10366e+03    1.64071e+03    1.49614e+01    1.72966e+02
     Coulomb-14        LJ (SR)  Disper. corr.   Coulomb (SR)   Coul. recip.
    1.71482e+04   -4.30619e+03   -8.65304e+02   -2.41273e+04    8.79284e+02
      Potential    Kinetic En.   Total Energy  Conserved En.    Temperature
    9.06908e+01    1.87423e+04    1.88330e+04    1.65532e+04    3.00057e+02
 Pres. DC (bar) Pressure (bar)   Constr. rmsd
   -1.74544e+02   -1.04304e+02    3.27475e-06


DD  step 189999  vol min/aver 0.944  load imb.: force  2.7%
           Step           Time
         190000      380.00000

   Energies (kJ/mol)
           Bond          Angle    Proper Dih.  Improper Dih.          LJ-14
    1.39393e+03    8.23507e+03    1.53370e+03    1.67785e+01    2.01804e+02
     Coulomb-14        LJ (SR)  Disper. corr.   Coulomb (SR)   Coul. recip.
    1.71692e+04   -4.32969e+03   -8.66645e+02   -2.38768e+04    8.36846e+02
      Potential    Kinetic En.   Total Energy  Conserved En.    Temperature
    3.14259e+02    1.87237e+04    1.90379e+04    1.64866e+04    2.99759e+02
 Pres. DC (bar) Pressure (bar)   Constr. rmsd
   -1.75085e+02    2.16767e+01    3.23555e-06


DD  step 194999  vol min/aver 0.920  load imb.: force  2.8%
           Step           Time
         195000      390.00000

   Energies (kJ/mol)
           Bond          Angle    Proper Dih.  Improper Dih.          LJ-14
    1.46862e+03    8.31745e+03    1.57436e+03    9.95553e+00    1.81037e+02
     Coulomb-14        LJ (SR)  Disper. corr.   Coulomb (SR)   Coul. recip.
    1.71660e+04   -4.40712e+03   -8.66614e+02   -2.36604e+04    8.11422e+02
      Potential    Kinetic En.   Total Energy  Conserved En.    Temperature
    5.94705e+02    1.84437e+04    1.90384e+04    1.63980e+04    2.95276e+02
 Pres. DC (bar) Pressure (bar)   Constr. rmsd
   -1.75072e+02    3.37192e+01    3.06560e-06


DD  step 199999  vol min/aver 0.933  load imb.: force  3.1%
           Step           Time
         200000      400.00000

   Energies (kJ/mol)
           Bond          Angle    Proper Dih.  Improper Dih.          LJ-14
    1.38091e+03    8.21724e+03    1.66418e+03    1.27561e+01    1.81665e+02
     Coulomb-14        LJ (SR)  Disper. corr.   Coulomb (SR)   Coul. recip.
    1.71820e+04   -4.45398e+03   -8.66377e+02   -2.39900e+04    8.52073e+02
      Potential    Kinetic En.   Total Energy  Conserved En.    Temperature
    1.80389e+02    1.88650e+04    1.90454e+04    1.62760e+04    3.02022e+02
 Pres. DC (bar) Pressure (bar)   Constr. rmsd
   -1.74977e+02    1.41378e+02    3.44859e-06


DD  step 204999  vol min/aver 0.960  load imb.: force  3.5%
           Step           Time
         205000      410.00000

   Energies (kJ/mol)
           Bond          Angle    Proper Dih.  Improper Dih.          LJ-14
    1.49713e+03    8.22066e+03    1.54701e+03    1.26567e+01    1.74015e+02
     Coulomb-14        LJ (SR)  Disper. corr.   Coulomb (SR)   Coul. recip.
    1.71926e+04   -4.39472e+03   -8.67675e+02   -2.41631e+04    8.65123e+02
      Potential    Kinetic En.   Total Energy  Conserved En.    Temperature
    8.36961e+01    1.85560e+04    1.86397e+04    1.61987e+04    2.97075e+02
 Pres. DC (bar) Pressure (bar)   Constr. rmsd
   -1.75500e+02   -4.03763e+02    3.25297e-06


DD  step 209999  vol min/aver 0.923  load imb.: force  3.5%
           Step           Time
         210000      420.00000

   Energies (kJ/mol)
           Bond          Angle    Proper Dih.  Improper Dih.          LJ-14
    1.45778e+03    8.18877e+03    1.65335e+03    1.69616e+01    1.75558e+02
     Coulomb-14        LJ (SR)  Disper. corr.   Coulomb (SR)   Coul. recip.
    1.71814e+04   -4.71379e+03   -8.65582e+02   -2.35386e+04    9.26192e+02
      Potential    Kinetic En.   Total Energy  Conserved En.    Temperature
    4.82095e+02    1.87884e+04    1.92705e+04    1.60859e+04    3.00796e+02
 Pres. DC (bar) Pressure (bar)   Constr. rmsd
   -1.74656e+02   -1.24250e+02    3.54534e-06


DD  step 214999  vol min/aver 0.912  load imb.: force  3.8%
           Step           Time
         215000      430.00000

   Energies (kJ/mol)
           Bond          Angle    Proper Dih.  Improper Dih.          LJ-14
    1.41365e+03    8.11393e+03    1.62071e+03    1.11369e+01    1.68748e+02
     Coulomb-14        LJ (SR)  Disper. corr.   Coulomb (SR)   Coul. recip.
    1.71688e+04   -4.06327e+03   -8.60191e+02   -2.43205e+04    8.83068e+02
      Potential    Kinetic En.   Total Energy  Conserved En.    Temperature
    1.36114e+02    1.85478e+04    1.86839e+04    1.59807e+04    2.96944e+02
 Pres. DC (bar) Pressure (bar)   Constr. rmsd
   -1.72491e+02    1.07986e+02    3.08380e-06


DD  step 219999  vol min/aver 0.965  load imb.: force  2.1%
           Step           Time
         220000      440.00000

   Energies (kJ/mol)
           Bond          Angle    Proper Dih.  Improper Dih.          LJ-14
    1.46415e+03    8.40964e+03    1.64257e+03    1.56080e+01    1.77698e+02
     Coulomb-14        LJ (SR)  Disper. corr.   Coulomb (SR)   Coul. recip.
    1.71541e+04   -4.33660e+03   -8.61988e+02   -2.35966e+04    8.40501e+02
      Potential    Kinetic En.   Total Energy  Conserved En.    Temperature
    9.09136e+02    1.87154e+04    1.96246e+04    1.58982e+04    2.99627e+02
 Pres. DC (bar) Pressure (bar)   Constr. rmsd
   -1.73211e+02    2.18553e+02    3.21010e-06


DD  step 224999  vol min/aver 0.917  load imb.: force  3.6%
           Step           Time
         225000      450.00000

   Energies (kJ/mol)
           Bond          Angle    Proper Dih.  Improper Dih.          LJ-14
    1.44614e+03    8.13523e+03    1.63685e+03    8.96171e+00    1.82045e+02
     Coulomb-14        LJ (SR)  Disper. corr.   Coulomb (SR)   Coul. recip.
    1.71700e+04   -4.11803e+03   -8.63124e+02   -2.45573e+04    8.81637e+02
      Potential    Kinetic En.   Total Energy  Conserved En.    Temperature
   -7.76002e+01    1.89905e+04    1.89129e+04    1.57819e+04    3.04031e+02
 Pres. DC (bar) Pressure (bar)   Constr. rmsd
   -1.73667e+02    2.88877e+01    3.12089e-06


DD  step 229999  vol min/aver 0.944  load imb.: force  2.7%
           Step           Time
         230000      460.00000

   Energies (kJ/mol)
           Bond          Angle    Proper Dih.  Improper Dih.          LJ-14
    1.39237e+03    8.15400e+03    1.59158e+03    9.53401e+00    1.83833e+02
     Coulomb-14        LJ (SR)  Disper. corr.   Coulomb (SR)   Coul. recip.
    1.71428e+04   -4.40961e+03   -8.61193e+02   -2.36004e+04    8.34377e+02
      Potential    Kinetic En.   Total Energy  Conserved En.    Temperature
    4.37295e+02    1.87909e+04    1.92282e+04    1.56624e+04    3.00835e+02
 Pres. DC (bar) Pressure (bar)   Constr. rmsd
   -1.72892e+02   -1.88701e+01    3.22556e-06


DD  step 234999  vol min/aver 0.911  load imb.: force  2.4%
           Step           Time
         235000      470.00000

   Energies (kJ/mol)
           Bond          Angle    Proper Dih.  Improper Dih.          LJ-14
    1.50353e+03    8.06732e+03    1.66327e+03    1.05614e+01    1.79272e+02
     Coulomb-14        LJ (SR)  Disper. corr.   Coulomb (SR)   Coul. recip.
    1.71877e+04   -4.55533e+03   -8.63655e+02   -2.35815e+04    8.51015e+02
      Potential    Kinetic En.   Total Energy  Conserved En.    Temperature
    4.62199e+02    1.92012e+04    1.96634e+04    1.55518e+04    3.07404e+02
 Pres. DC (bar) Pressure (bar)   Constr. rmsd
   -1.73880e+02   -9.05403e+01    3.29355e-06


DD  step 239999  vol min/aver 0.956  load imb.: force  1.6%
           Step           Time
         240000      480.00000

   Energies (kJ/mol)
           Bond          Angle    Proper Dih.  Improper Dih.          LJ-14
    1.44934e+03    7.99807e+03    1.55982e+03    2.78453e+01    1.85867e+02
     Coulomb-14        LJ (SR)  Disper. corr.   Coulomb (SR)   Coul. recip.
    1.71903e+04   -4.10066e+03   -8.65983e+02   -2.43080e+04    8.68967e+02
      Potential    Kinetic En.   Total Energy  Conserved En.    Temperature
    5.55573e+00    1.85548e+04    1.85604e+04    1.54737e+04    2.97056e+02
 Pres. DC (bar) Pressure (bar)   Constr. rmsd
   -1.74818e+02   -4.25485e+01    3.26450e-06


DD  step 244999  vol min/aver 0.909  load imb.: force  2.9%
           Step           Time
         245000      490.00000

   Energies (kJ/mol)
           Bond          Angle    Proper Dih.  Improper Dih.          LJ-14
    1.27439e+03    8.09729e+03    1.64838e+03    1.00206e+01    1.93638e+02
     Coulomb-14        LJ (SR)  Disper. corr.   Coulomb (SR)   Coul. recip.
    1.71384e+04   -4.35265e+03   -8.66007e+02   -2.37436e+04    8.95307e+02
      Potential    Kinetic En.   Total Energy  Conserved En.    Temperature
    2.95170e+02    1.87954e+04    1.90906e+04    1.53587e+04    3.00908e+02
 Pres. DC (bar) Pressure (bar)   Constr. rmsd
   -1.74827e+02    4.43539e+02    3.26544e-06


DD  step 249999  vol min/aver 0.924  load imb.: force  2.9%
           Step           Time
         250000      500.00000

   Energies (kJ/mol)
           Bond          Angle    Proper Dih.  Improper Dih.          LJ-14
    1.42870e+03    8.10627e+03    1.53849e+03    1.38947e+01    1.77134e+02
     Coulomb-14        LJ (SR)  Disper. corr.   Coulomb (SR)   Coul. recip.
    1.71599e+04   -4.29859e+03   -8.63570e+02   -2.39178e+04    8.36762e+02
      Potential    Kinetic En.   Total Energy  Conserved En.    Temperature
    1.81200e+02    1.85446e+04    1.87258e+04    1.52871e+04    2.96892e+02
 Pres. DC (bar) Pressure (bar)   Constr. rmsd
   -1.73846e+02   -1.98854e+02    3.17715e-06


DD  step 254999  vol min/aver 0.954  load imb.: force  3.3%
           Step           Time
         255000      510.00000

   Energies (kJ/mol)
           Bond          Angle    Proper Dih.  Improper Dih.          LJ-14
    1.46316e+03    8.19732e+03    1.66603e+03    1.97343e+01    1.81999e+02
     Coulomb-14        LJ (SR)  Disper. corr.   Coulomb (SR)   Coul. recip.
    1.71602e+04   -4.49239e+03   -8.62303e+02   -2.36387e+04    8.51688e+02
      Potential    Kinetic En.   Total Energy  Conserved En.    Temperature
    5.46775e+02    1.85152e+04    1.90620e+04    1.51818e+04    2.96421e+02
 Pres. DC (bar) Pressure (bar)   Constr. rmsd
   -1.73337e+02    1.78594e+02    3.37144e-06


DD  step 259999  vol min/aver 0.973  load imb.: force  5.0%
           Step           Time
         260000      520.00000

   Energies (kJ/mol)
           Bond          Angle    Proper Dih.  Improper Dih.          LJ-14
    1.41421e+03    8.08585e+03    1.62499e+03    1.50772e+01    1.78896e+02
     Coulomb-14        LJ (SR)  Disper. corr.   Coulomb (SR)   Coul. recip.
    1.71514e+04   -4.56795e+03   -8.65598e+02   -2.38243e+04    8.46592e+02
      Potential    Kinetic En.   Total Energy  Conserved En.    Temperature
    5.91684e+01    1.89454e+04    1.90046e+04    1.50669e+04    3.03309e+02
 Pres. DC (bar) Pressure (bar)   Constr. rmsd
   -1.74663e+02   -6.91068e+01    3.35064e-06


DD  step 264999  vol min/aver 0.956  load imb.: force  3.3%
           Step           Time
         265000      530.00000

   Energies (kJ/mol)
           Bond          Angle    Proper Dih.  Improper Dih.          LJ-14
    1.49135e+03    8.21063e+03    1.57388e+03    1.29092e+01    1.72966e+02
     Coulomb-14        LJ (SR)  Disper. corr.   Coulomb (SR)   Coul. recip.
    1.71787e+04   -4.34170e+03   -8.64674e+02   -2.42023e+04    8.38616e+02
      Potential    Kinetic En.   Total Energy  Conserved En.    Temperature
    7.03701e+01    1.89264e+04    1.89968e+04    1.49741e+04    3.03004e+02
 Pres. DC (bar) Pressure (bar)   Constr. rmsd
   -1.74290e+02   -4.55028e+01    3.50403e-06


DD  step 269999  vol min/aver 0.923  load imb.: force  1.7%
           Step           Time
         270000      540.00000

   Energies (kJ/mol)
           Bond          Angle    Proper Dih.  Improper Dih.          LJ-14
    1.47860e+03    8.05348e+03    1.61033e+03    1.28458e+01    1.76069e+02
     Coulomb-14        LJ (SR)  Disper. corr.   Coulomb (SR)   Coul. recip.
    1.71664e+04   -4.21620e+03   -8.66316e+02   -2.43593e+04    9.07704e+02
      Potential    Kinetic En.   Total Energy  Conserved En.    Temperature
   -3.63682e+01    1.88616e+04    1.88252e+04    1.48788e+04    3.01967e+02
 Pres. DC (bar) Pressure (bar)   Constr. rmsd
   -1.74952e+02    8.21660e+01    3.26409e-06


DD  step 274999  vol min/aver 0.883  load imb.: force  3.1%
           Step           Time
         275000      550.00000

   Energies (kJ/mol)
           Bond          Angle    Proper Dih.  Improper Dih.          LJ-14
    1.38935e+03    8.20737e+03    1.62490e+03    1.92259e+01    1.78036e+02
     Coulomb-14        LJ (SR)  Disper. corr.   Coulomb (SR)   Coul. recip.
    1.71907e+04   -4.61677e+03   -8.67663e+02   -2.36181e+04    8.51043e+02
      Potential    Kinetic En.   Total Energy  Conserved En.    Temperature
    3.58142e+02    1.84603e+04    1.88184e+04    1.48047e+04    2.95542e+02
 Pres. DC (bar) Pressure (bar)   Constr. rmsd
   -1.75496e+02   -3.10196e+01    3.17114e-06


DD  step 279999  vol min/aver 0.936  load imb.: force  4.0%
           Step           Time
         280000      560.00000

   Energies (kJ/mol)
           Bond          Angle    Proper Dih.  Improper Dih.          LJ-14
    1.51022e+03    8.11159e+03    1.55113e+03    1.18821e+01    1.70502e+02
     Coulomb-14        LJ (SR)  Disper. corr.   Coulomb (SR)   Coul. recip.
    1.71719e+04   -4.16990e+03   -8.65695e+02   -2.42782e+04    8.40147e+02
      Potential    Kinetic En.   Total Energy  Conserved En.    Temperature
    5.36478e+01    1.83551e+04    1.84087e+04    1.47096e+04    2.93858e+02
 Pres. DC (bar) Pressure (bar)   Constr. rmsd
   -1.74702e+02   -2.55636e+02    3.15242e-06


DD  step 284999  vol min/aver 0.945  load imb.: force  2.9%
           Step           Time
         285000      570.00000

   Energies (kJ/mol)
           Bond          Angle    Proper Dih.  Improper Dih.          LJ-14
    1.45644e+03    8.32182e+03    1.58865e+03    9.74082e+00    1.78654e+02
     Coulomb-14        LJ (SR)  Disper. corr.   Coulomb (SR)   Coul. recip.
    1.71827e+04   -4.46140e+03   -8.66338e+02   -2.37508e+04    8.30859e+02
      Potential    Kinetic En.   Total Energy  Conserved En.    Temperature
    4.90324e+02    1.88455e+04    1.93358e+04    1.45953e+04    3.01709e+02
 Pres. DC (bar) Pressure (bar)   Constr. rmsd
   -1.74961e+02    1.44335e+01    3.35326e-06


DD  step 289999  vol min/aver 0.906  load imb.: force  2.2%
           Step           Time
         290000      580.00000

   Energies (kJ/mol)
           Bond          Angle    Proper Dih.  Improper Dih.          LJ-14
    1.46712e+03    8.19794e+03    1.61197e+03    9.72934e+00    1.91614e+02
     Coulomb-14        LJ (SR)  Disper. corr.   Coulomb (SR)   Coul. recip.
    1.71331e+04   -4.23159e+03   -8.66204e+02   -2.41651e+04    8.38235e+02
      Potential    Kinetic En.   Total Energy  Conserved En.    Temperature
    1.86762e+02    1.90484e+04    1.92352e+04    1.44993e+04    3.04959e+02
 Pres. DC (bar) Pressure (bar)   Constr. rmsd
   -1.74907e+02    2.35409e+02    3.29289e-06


DD  step 294999  vol min/aver 0.973  load imb.: force  4.8%
           Step           Time
         295000      590.00000

   Energies (kJ/mol)
           Bond          Angle    Proper Dih.  Improper Dih.          LJ-14
    1.50694e+03    8.42257e+03    1.56680e+03    1.00212e+01    1.74849e+02
     Coulomb-14        LJ (SR)  Disper. corr.   Coulomb (SR)   Coul. recip.
    1.71737e+04   -4.16679e+03   -8.70045e+02   -2.44952e+04    8.78258e+02
      Potential    Kinetic En.   Total Energy  Conserved En.    Temperature
    2.01110e+02    1.87523e+04    1.89534e+04    1.44455e+04    3.00217e+02
 Pres. DC (bar) Pressure (bar)   Constr. rmsd
   -1.76459e+02    1.61161e+01    3.26648e-06


DD  step 299999  vol min/aver 0.925  load imb.: force  1.6%
           Step           Time
         300000      600.00000

   Energies (kJ/mol)
           Bond          Angle    Proper Dih.  Improper Dih.          LJ-14
    1.40614e+03    8.33258e+03    1.61961e+03    1.34074e+01    1.86334e+02
     Coulomb-14        LJ (SR)  Disper. corr.   Coulomb (SR)   Coul. recip.
    1.71751e+04   -4.05485e+03   -8.65996e+02   -2.42786e+04    8.63403e+02
      Potential    Kinetic En.   Total Energy  Conserved En.    Temperature
    3.97189e+02    1.87920e+04    1.91892e+04    1.43118e+04    3.00853e+02
 Pres. DC (bar) Pressure (bar)   Constr. rmsd
   -1.74823e+02    3.58790e+02    3.17826e-06


DD  step 304999  vol min/aver 0.923  load imb.: force  3.6%
           Step           Time
         305000      610.00000

   Energies (kJ/mol)
           Bond          Angle    Proper Dih.  Improper Dih.          LJ-14
    1.40162e+03    8.28303e+03    1.66032e+03    9.52380e+00    1.84798e+02
     Coulomb-14        LJ (SR)  Disper. corr.   Coulomb (SR)   Coul. recip.
    1.71648e+04   -4.33585e+03   -8.63270e+02   -2.39201e+04    8.36075e+02
      Potential    Kinetic En.   Total Energy  Conserved En.    Temperature
    4.20971e+02    1.89312e+04    1.93522e+04    1.42221e+04    3.03082e+02
 Pres. DC (bar) Pressure (bar)   Constr. rmsd
   -1.73726e+02    5.04742e+02    3.42928e-06


DD  step 309999  vol min/aver 0.961  load imb.: force  3.8%
           Step           Time
         310000      620.00000

   Energies (kJ/mol)
           Bond          Angle    Proper Dih.  Improper Dih.          LJ-14
    1.57429e+03    8.21212e+03    1.64920e+03    1.26826e+01    1.83941e+02
     Coulomb-14        LJ (SR)  Disper. corr.   Coulomb (SR)   Coul. recip.
    1.71671e+04   -4.30506e+03   -8.63287e+02   -2.40945e+04    8.53414e+02
      Potential    Kinetic En.   Total Energy  Conserved En.    Temperature
    3.89920e+02    1.85478e+04    1.89378e+04    1.41402e+04    2.96944e+02
 Pres. DC (bar) Pressure (bar)   Constr. rmsd
   -1.73732e+02   -7.84288e+01    3.20787e-06


DD  step 314999  vol min/aver 0.955  load imb.: force  2.0%
           Step           Time
         315000      630.00000

   Energies (kJ/mol)
           Bond          Angle    Proper Dih.  Improper Dih.          LJ-14
    1.50528e+03    8.18977e+03    1.50141e+03    1.59177e+01    1.88350e+02
     Coulomb-14        LJ (SR)  Disper. corr.   Coulomb (SR)   Coul. recip.
    1.71541e+04   -4.37968e+03   -8.66813e+02   -2.42249e+04    8.88089e+02
      Potential    Kinetic En.   Total Energy  Conserved En.    Temperature
   -2.84603e+01    1.87156e+04    1.86871e+04    1.40253e+04    2.99630e+02
 Pres. DC (bar) Pressure (bar)   Constr. rmsd
   -1.75152e+02   -3.27111e+02    3.29017e-06


DD  step 319999  vol min/aver 0.954  load imb.: force  3.5%
           Step           Time
         320000      640.00000

   Energies (kJ/mol)
           Bond          Angle    Proper Dih.  Improper Dih.          LJ-14
    1.44127e+03    8.04698e+03    1.64716e+03    8.34703e+00    1.82073e+02
     Coulomb-14        LJ (SR)  Disper. corr.   Coulomb (SR)   Coul. recip.
    1.71430e+04   -4.37342e+03   -8.64328e+02   -2.41115e+04    8.44422e+02
      Potential    Kinetic En.   Total Energy  Conserved En.    Temperature
   -3.60436e+01    1.86147e+04    1.85786e+04    1.39261e+04    2.98014e+02
 Pres. DC (bar) Pressure (bar)   Constr. rmsd
   -1.74151e+02    1.86392e+02    3.21149e-06


DD  step 324999  vol min/aver 0.933  load imb.: force  2.2%
           Step           Time
         325000      650.00000

   Energies (kJ/mol)
           Bond          Angle    Proper Dih.  Improper Dih.          LJ-14
    1.38488e+03    8.03975e+03    1.62348e+03    7.24277e+00    1.88334e+02
     Coulomb-14        LJ (SR)  Disper. corr.   Coulomb (SR)   Coul. recip.
    1.71603e+04   -4.36875e+03   -8.64538e+02   -2.38028e+04    8.80560e+02
      Potential    Kinetic En.   Total Energy  Conserved En.    Temperature
    2.48468e+02    1.86663e+04    1.89148e+04    1.38095e+04    2.98841e+02
 Pres. DC (bar) Pressure (bar)   Constr. rmsd
   -1.74236e+02    1.59258e+02    3.35594e-06


DD  step 329999  vol min/aver 0.941  load imb.: force  2.8%
           Step           Time
         330000      660.00000

   Energies (kJ/mol)
           Bond          Angle    Proper Dih.  Improper Dih.          LJ-14
    1.49279e+03    8.29333e+03    1.64143e+03    1.64797e+01    1.86644e+02
     Coulomb-14        LJ (SR)  Disper. corr.   Coulomb (SR)   Coul. recip.
    1.71734e+04   -4.37455e+03   -8.60140e+02   -2.39562e+04    8.68680e+02
      Potential    Kinetic En.   Total Energy  Conserved En.    Temperature
    4.81899e+02    1.90491e+04    1.95310e+04    1.37425e+04    3.04968e+02
 Pres. DC (bar) Pressure (bar)   Constr. rmsd
   -1.72470e+02   -1.66737e+02    3.24329e-06


DD  step 334999  vol min/aver 0.950  load imb.: force  4.4%
           Step           Time
         335000      670.00000

   Energies (kJ/mol)
           Bond          Angle    Proper Dih.  Improper Dih.          LJ-14
    1.52993e+03    8.16911e+03    1.50134e+03    1.33889e+01    1.85477e+02
     Coulomb-14        LJ (SR)  Disper. corr.   Coulomb (SR)   Coul. recip.
    1.71285e+04   -4.31590e+03   -8.58930e+02   -2.36001e+04    8.67868e+02
      Potential    Kinetic En.   Total Energy  Conserved En.    Temperature
    6.20749e+02    1.91966e+04    1.98173e+04    1.36115e+04    3.07330e+02
 Pres. DC (bar) Pressure (bar)   Constr. rmsd
   -1.71986e+02    5.35734e+01    3.41037e-06


DD  step 339999  vol min/aver 0.895  load imb.: force  2.4%
           Step           Time
         340000      680.00000

   Energies (kJ/mol)
           Bond          Angle    Proper Dih.  Improper Dih.          LJ-14
    1.41307e+03    8.30901e+03    1.57875e+03    1.93536e+01    1.87082e+02
     Coulomb-14        LJ (SR)  Disper. corr.   Coulomb (SR)   Coul. recip.
    1.71562e+04   -4.24089e+03   -8.60125e+02   -2.41328e+04    8.51188e+02
      Potential    Kinetic En.   Total Energy  Conserved En.    Temperature
    2.80868e+02    1.89204e+04    1.92013e+04    1.35450e+04    3.02909e+02
 Pres. DC (bar) Pressure (bar)   Constr. rmsd
   -1.72464e+02   -1.90828e+01    3.39297e-06


DD  step 344999  vol min/aver 0.959  load imb.: force  5.1%
           Step           Time
         345000      690.00000

   Energies (kJ/mol)
           Bond          Angle    Proper Dih.  Improper Dih.          LJ-14
    1.40104e+03    8.30489e+03    1.59647e+03    1.35707e+01    1.70279e+02
     Coulomb-14        LJ (SR)  Disper. corr.   Coulomb (SR)   Coul. recip.
    1.71560e+04   -4.15047e+03   -8.64534e+02   -2.43700e+04    8.59760e+02
      Potential    Kinetic En.   Total Energy  Conserved En.    Temperature
    1.16995e+02    1.87602e+04    1.88772e+04    1.34569e+04    3.00343e+02
 Pres. DC (bar) Pressure (bar)   Constr. rmsd
   -1.74234e+02   -8.62742e-01    3.53525e-06


DD  step 349999  vol min/aver 0.961  load imb.: force  1.9%
           Step           Time
         350000      700.00000

   Energies (kJ/mol)
           Bond          Angle    Proper Dih.  Improper Dih.          LJ-14
    1.40313e+03    8.16320e+03    1.59253e+03    1.19051e+01    1.88216e+02
     Coulomb-14        LJ (SR)  Disper. corr.   Coulomb (SR)   Coul. recip.
    1.71594e+04   -4.21022e+03   -8.65549e+02   -2.40863e+04    9.07290e+02
      Potential    Kinetic En.   Total Energy  Conserved En.    Temperature
    2.63607e+02    1.84905e+04    1.87541e+04    1.33654e+04    2.96026e+02
 Pres. DC (bar) Pressure (bar)   Constr. rmsd
   -1.74643e+02   -2.86289e+02    3.32957e-06


DD  step 354999  vol min/aver 0.953  load imb.: force  3.1%
           Step           Time
         355000      710.00000

   Energies (kJ/mol)
           Bond          Angle    Proper Dih.  Improper Dih.          LJ-14
    1.59908e+03    8.05059e+03    1.64378e+03    2.33040e+01    1.79601e+02
     Coulomb-14        LJ (SR)  Disper. corr.   Coulomb (SR)   Coul. recip.
    1.71773e+04   -4.42431e+03   -8.62896e+02   -2.36656e+04    8.34572e+02
      Potential    Kinetic En.   Total Energy  Conserved En.    Temperature
    5.55430e+02    1.87330e+04    1.92885e+04    1.32458e+04    2.99909e+02
 Pres. DC (bar) Pressure (bar)   Constr. rmsd
   -1.73576e+02    2.40110e+02    3.27481e-06


DD  step 359999  vol min/aver 0.953  load imb.: force  4.2%
           Step           Time
         360000      720.00000

   Energies (kJ/mol)
           Bond          Angle    Proper Dih.  Improper Dih.          LJ-14
    1.42671e+03    8.17502e+03    1.60204e+03    1.17047e+01    1.91913e+02
     Coulomb-14        LJ (SR)  Disper. corr.   Coulomb (SR)   Coul. recip.
    1.71693e+04   -4.36998e+03   -8.65928e+02   -2.40278e+04    8.34548e+02
      Potential    Kinetic En.   Total Energy  Conserved En.    Temperature
    1.47579e+02    1.85572e+04    1.87047e+04    1.31690e+04    2.97093e+02
 Pres. DC (bar) Pressure (bar)   Constr. rmsd
   -1.74796e+02    8.33433e+01    3.31632e-06


DD  step 364999  vol min/aver 0.935  load imb.: force  3.0%
           Step           Time
         365000      730.00000

   Energies (kJ/mol)
           Bond          Angle    Proper Dih.  Improper Dih.          LJ-14
    1.44365e+03    8.09258e+03    1.70335e+03    1.22827e+01    1.88235e+02
     Coulomb-14        LJ (SR)  Disper. corr.   Coulomb (SR)   Coul. recip.
    1.71543e+04   -4.27843e+03   -8.71283e+02   -2.40219e+04    8.88974e+02
      Potential    Kinetic En.   Total Energy  Conserved En.    Temperature
    3.11822e+02    1.84192e+04    1.87310e+04    1.30811e+04    2.94884e+02
 Pres. DC (bar) Pressure (bar)   Constr. rmsd
   -1.76961e+02    3.40065e+02    3.12942e-06


DD  step 369999  vol min/aver 0.959  load imb.: force  4.6%
           Step           Time
         370000      740.00000

   Energies (kJ/mol)
           Bond          Angle    Proper Dih.  Improper Dih.          LJ-14
    1.46020e+03    8.24928e+03    1.66137e+03    1.05529e+01    1.79388e+02
     Coulomb-14        LJ (SR)  Disper. corr.   Coulomb (SR)   Coul. recip.
    1.71895e+04   -4.37009e+03   -8.71334e+02   -2.41221e+04    8.24156e+02
      Potential    Kinetic En.   Total Energy  Conserved En.    Temperature
    2.10968e+02    1.85389e+04    1.87498e+04    1.29977e+04    2.96800e+02
 Pres. DC (bar) Pressure (bar)   Constr. rmsd
   -1.76982e+02   -1.15924e+02    3.10268e-06


DD  step 374999  vol min/aver 0.961  load imb.: force  3.6%
           Step           Time
         375000      750.00000

   Energies (kJ/mol)
           Bond          Angle    Proper Dih.  Improper Dih.          LJ-14
    1.46287e+03    8.13591e+03    1.59140e+03    1.54539e+01    1.80703e+02
     Coulomb-14        LJ (SR)  Disper. corr.   Coulomb (SR)   Coul. recip.
    1.71624e+04   -4.69007e+03   -8.73461e+02   -2.36748e+04    8.40501e+02
      Potential    Kinetic En.   Total Energy  Conserved En.    Temperature
    1.50874e+02    1.87869e+04    1.89378e+04    1.28969e+04    3.00772e+02
 Pres. DC (bar) Pressure (bar)   Constr. rmsd
   -1.77845e+02   -9.31010e+01    3.31614e-06


DD  step 379999  vol min/aver 0.963  load imb.: force  3.2%
           Step           Time
         380000      760.00000

   Energies (kJ/mol)
           Bond          Angle    Proper Dih.  Improper Dih.          LJ-14
    1.48443e+03    8.00815e+03    1.62504e+03    7.59112e+00    1.83543e+02
     Coulomb-14        LJ (SR)  Disper. corr.   Coulomb (SR)   Coul. recip.
    1.71894e+04   -4.44050e+03   -8.65734e+02   -2.38132e+04    8.85254e+02
      Potential    Kinetic En.   Total Energy  Conserved En.    Temperature
    2.63947e+02    1.89398e+04    1.92038e+04    1.27740e+04    3.03220e+02
 Pres. DC (bar) Pressure (bar)   Constr. rmsd
   -1.74717e+02    1.49966e+02    3.34471e-06


DD  step 384999  vol min/aver 0.923  load imb.: force  2.2%
           Step           Time
         385000      770.00000

   Energies (kJ/mol)
           Bond          Angle    Proper Dih.  Improper Dih.          LJ-14
    1.49226e+03    8.27369e+03    1.58940e+03    2.14711e+01    1.70178e+02
     Coulomb-14        LJ (SR)  Disper. corr.   Coulomb (SR)   Coul. recip.
    1.71926e+04   -4.38482e+03   -8.66077e+02   -2.40334e+04    8.80545e+02
      Potential    Kinetic En.   Total Energy  Conserved En.    Temperature
    3.35823e+02    1.89606e+04    1.92964e+04    1.26980e+04    3.03552e+02
 Pres. DC (bar) Pressure (bar)   Constr. rmsd
   -1.74856e+02    1.46246e+02    3.29781e-06


DD  step 389999  vol min/aver 0.942  load imb.: force  5.4%
           Step           Time
         390000      780.00000

   Energies (kJ/mol)
           Bond          Angle    Proper Dih.  Improper Dih.          LJ-14
    1.43560e+03    8.32975e+03    1.63682e+03    1.04119e+01    1.86789e+02
     Coulomb-14        LJ (SR)  Disper. corr.   Coulomb (SR)   Coul. recip.
    1.71683e+04   -4.53233e+03   -8.67615e+02   -2.39013e+04    8.46648e+02
      Potential    Kinetic En.   Total Energy  Conserved En.    Temperature
    3.13081e+02    1.87336e+04    1.90467e+04    1.26218e+04    2.99918e+02
 Pres. DC (bar) Pressure (bar)   Constr. rmsd
   -1.75476e+02   -1.14126e+02    3.39010e-06


DD  step 394999  vol min/aver 0.957  load imb.: force  3.5%
           Step           Time
         395000      790.00000

   Energies (kJ/mol)
           Bond          Angle    Proper Dih.  Improper Dih.          LJ-14
    1.38811e+03    7.95167e+03    1.61471e+03    1.34025e+01    1.79595e+02
     Coulomb-14        LJ (SR)  Disper. corr.   Coulomb (SR)   Coul. recip.
    1.71296e+04   -4.27842e+03   -8.69800e+02   -2.40085e+04    8.69597e+02
      Potential    Kinetic En.   Total Energy  Conserved En.    Temperature
   -1.00568e+01    1.87983e+04    1.87883e+04    1.24879e+04    3.00955e+02
 Pres. DC (bar) Pressure (bar)   Constr. rmsd
   -1.76360e+02    2.03412e+02    3.24664e-06


DD  step 399999  vol min/aver 0.955  load imb.: force  2.7%
           Step           Time
         400000      800.00000

   Energies (kJ/mol)
           Bond          Angle    Proper Dih.  Improper Dih.          LJ-14
    1.44362e+03    7.95053e+03    1.66424e+03    1.37823e+01    1.82102e+02
     Coulomb-14        LJ (SR)  Disper. corr.   Coulomb (SR)   Coul. recip.
    1.71683e+04   -4.53560e+03   -8.65449e+02   -2.37441e+04    8.48195e+02
      Potential    Kinetic En.   Total Energy  Conserved En.    Temperature
    1.25662e+02    1.92006e+04    1.93263e+04    1.23792e+04    3.07394e+02
 Pres. DC (bar) Pressure (bar)   Constr. rmsd
   -1.74603e+02   -1.12946e+02    3.47159e-06


DD  step 404999  vol min/aver 0.923  load imb.: force  5.1%
           Step           Time
         405000      810.00000

   Energies (kJ/mol)
           Bond          Angle    Proper Dih.  Improper Dih.          LJ-14
    1.40893e+03    8.13352e+03    1.58757e+03    1.20263e+01    1.80419e+02
     Coulomb-14        LJ (SR)  Disper. corr.   Coulomb (SR)   Coul. recip.
    1.71861e+04   -4.44914e+03   -8.59979e+02   -2.36142e+04    8.73442e+02
      Potential    Kinetic En.   Total Energy  Conserved En.    Temperature
    4.58670e+02    1.89519e+04    1.94105e+04    1.23254e+04    3.03412e+02
 Pres. DC (bar) Pressure (bar)   Constr. rmsd
   -1.72406e+02   -6.30773e+02    3.31518e-06


DD  step 409999  vol min/aver 0.901  load imb.: force  3.0%
           Step           Time
         410000      820.00000

   Energies (kJ/mol)
           Bond          Angle    Proper Dih.  Improper Dih.          LJ-14
    1.55136e+03    8.05548e+03    1.59609e+03    1.05826e+01    1.78248e+02
     Coulomb-14        LJ (SR)  Disper. corr.   Coulomb (SR)   Coul. recip.
    1.71859e+04   -4.28633e+03   -8.61447e+02   -2.41777e+04    8.83855e+02
      Potential    Kinetic En.   Total Energy  Conserved En.    Temperature
    1.36092e+02    1.86232e+04    1.87593e+04    1.22297e+04    2.98150e+02
 Pres. DC (bar) Pressure (bar)   Constr. rmsd
   -1.72994e+02    2.80802e+01    3.26465e-06


DD  step 414999  vol min/aver 0.943  load imb.: force  3.2%
           Step           Time
         415000      830.00000

   Energies (kJ/mol)
           Bond          Angle    Proper Dih.  Improper Dih.          LJ-14
    1.45859e+03    8.27553e+03    1.58873e+03    9.76646e+00    1.80542e+02
     Coulomb-14        LJ (SR)  Disper. corr.   Coulomb (SR)   Coul. recip.
    1.71779e+04   -4.54229e+03   -8.61605e+02   -2.36334e+04    8.33363e+02
      Potential    Kinetic En.   Total Energy  Conserved En.    Temperature
    4.87102e+02    1.88352e+04    1.93223e+04    1.21168e+04    3.01545e+02
 Pres. DC (bar) Pressure (bar)   Constr. rmsd
   -1.73057e+02   -1.41014e+02    3.40283e-06


DD  step 419999  vol min/aver 0.916  load imb.: force  4.1%
           Step           Time
         420000      840.00000

   Energies (kJ/mol)
           Bond          Angle    Proper Dih.  Improper Dih.          LJ-14
    1.38948e+03    8.15573e+03    1.65920e+03    1.43493e+01    1.87829e+02
     Coulomb-14        LJ (SR)  Disper. corr.   Coulomb (SR)   Coul. recip.
    1.71768e+04   -4.45806e+03   -8.64185e+02   -2.39932e+04    8.26641e+02
      Potential    Kinetic En.   Total Energy  Conserved En.    Temperature
    9.46446e+01    1.86048e+04    1.86994e+04    1.20533e+04    2.97856e+02
 Pres. DC (bar) Pressure (bar)   Constr. rmsd
   -1.74094e+02    1.42451e+01    3.31231e-06


DD  step 424999  vol min/aver 0.941  load imb.: force  3.3%
           Step           Time
         425000      850.00000

   Energies (kJ/mol)
           Bond          Angle    Proper Dih.  Improper Dih.          LJ-14
    1.44189e+03    8.40403e+03    1.63642e+03    1.62361e+01    1.95271e+02
     Coulomb-14        LJ (SR)  Disper. corr.   Coulomb (SR)   Coul. recip.
    1.71948e+04   -4.22710e+03   -8.65585e+02   -2.40350e+04    9.20809e+02
      Potential    Kinetic En.   Total Energy  Conserved En.    Temperature
    6.81801e+02    1.86293e+04    1.93111e+04    1.19696e+04    2.98248e+02
 Pres. DC (bar) Pressure (bar)   Constr. rmsd
   -1.74658e+02   -2.41944e+01    3.29355e-06


DD  step 429999  vol min/aver 0.947  load imb.: force  3.1%
           Step           Time
         430000      860.00000

   Energies (kJ/mol)
           Bond          Angle    Proper Dih.  Improper Dih.          LJ-14
    1.42749e+03    8.08723e+03    1.56743e+03    7.94169e+00    1.78114e+02
     Coulomb-14        LJ (SR)  Disper. corr.   Coulomb (SR)   Coul. recip.
    1.71611e+04   -4.33720e+03   -8.68984e+02   -2.41103e+04    8.43027e+02
      Potential    Kinetic En.   Total Energy  Conserved En.    Temperature
   -4.41846e+01    1.88524e+04    1.88082e+04    1.18208e+04    3.01820e+02
 Pres. DC (bar) Pressure (bar)   Constr. rmsd
   -1.76029e+02   -2.60714e+02    3.37249e-06


DD  step 434999  vol min/aver 0.905  load imb.: force  2.3%
           Step           Time
         435000      870.00000

   Energies (kJ/mol)
           Bond          Angle    Proper Dih.  Improper Dih.          LJ-14
    1.49613e+03    8.02688e+03    1.63149e+03    8.71100e+00    1.67612e+02
     Coulomb-14        LJ (SR)  Disper. corr.   Coulomb (SR)   Coul. recip.
    1.71481e+04   -4.46581e+03   -8.62906e+02   -2.39344e+04    8.60964e+02
      Potential    Kinetic En.   Total Energy  Conserved En.    Temperature
    7.67619e+01    1.89448e+04    1.90216e+04    1.17394e+04    3.03299e+02
 Pres. DC (bar) Pressure (bar)   Constr. rmsd
   -1.73580e+02   -3.07254e+01    3.38094e-06


DD  step 439999  vol min/aver 0.933  load imb.: force  4.1%
           Step           Time
         440000      880.00000

   Energies (kJ/mol)
           Bond          Angle    Proper Dih.  Improper Dih.          LJ-14
    1.41654e+03    8.15570e+03    1.58321e+03    1.10544e+01    1.94238e+02
     Coulomb-14        LJ (SR)  Disper. corr.   Coulomb (SR)   Coul. recip.
    1.71813e+04   -4.30749e+03   -8.64877e+02   -2.39848e+04    8.47646e+02
      Potential    Kinetic En.   Total Energy  Conserved En.    Temperature
    2.32436e+02    1.87073e+04    1.89397e+04    1.16564e+04    2.99497e+02
 Pres. DC (bar) Pressure (bar)   Constr. rmsd
   -1.74372e+02   -9.37840e+01    3.20974e-06


DD  step 444999  vol min/aver 0.941  load imb.: force  3.6%
           Step           Time
         445000      890.00000

   Energies (kJ/mol)
           Bond          Angle    Proper Dih.  Improper Dih.          LJ-14
    1.47761e+03    8.25898e+03    1.63881e+03    1.22102e+01    1.99861e+02
     Coulomb-14        LJ (SR)  Disper. corr.   Coulomb (SR)   Coul. recip.
    1.72064e+04   -4.40790e+03   -8.68964e+02   -2.41328e+04    8.81828e+02
      Potential    Kinetic En.   Total Energy  Conserved En.    Temperature
    2.66056e+02    1.84525e+04    1.87186e+04    1.15682e+04    2.95418e+02
 Pres. DC (bar) Pressure (bar)   Constr. rmsd
   -1.76021e+02   -9.23684e+01    3.31853e-06


DD  step 449999  vol min/aver 0.953  load imb.: force  2.9%
           Step           Time
         450000      900.00000

   Energies (kJ/mol)
           Bond          Angle    Proper Dih.  Improper Dih.          LJ-14
    1.33992e+03    8.13935e+03    1.54574e+03    1.36112e+01    1.81710e+02
     Coulomb-14        LJ (SR)  Disper. corr.   Coulomb (SR)   Coul. recip.
    1.71938e+04   -4.11512e+03   -8.65321e+02   -2.42698e+04    8.79869e+02
      Potential    Kinetic En.   Total Energy  Conserved En.    Temperature
    4.37540e+01    1.88692e+04    1.89130e+04    1.14521e+04    3.02090e+02
 Pres. DC (bar) Pressure (bar)   Constr. rmsd
   -1.74551e+02    5.59908e+01    3.23427e-06


DD  step 454999  vol min/aver 0.968  load imb.: force  3.6%
           Step           Time
         455000      910.00000

   Energies (kJ/mol)
           Bond          Angle    Proper Dih.  Improper Dih.          LJ-14
    1.54741e+03    8.07807e+03    1.51721e+03    1.80875e+01    1.98605e+02
     Coulomb-14        LJ (SR)  Disper. corr.   Coulomb (SR)   Coul. recip.
    1.71857e+04   -4.05099e+03   -8.67657e+02   -2.43797e+04    8.52885e+02
      Potential    Kinetic En.   Total Energy  Conserved En.    Temperature
    9.95668e+01    1.87519e+04    1.88515e+04    1.13629e+04    3.00211e+02
 Pres. DC (bar) Pressure (bar)   Constr. rmsd
   -1.75493e+02    5.90886e+02    3.41978e-06


DD  step 459999  vol min/aver 0.943  load imb.: force  3.8%
           Step           Time
         460000      920.00000

   Energies (kJ/mol)
           Bond          Angle    Proper Dih.  Improper Dih.          LJ-14
    1.44019e+03    8.18834e+03    1.62751e+03    7.62654e+00    1.87172e+02
     Coulomb-14        LJ (SR)  Disper. corr.   Coulomb (SR)   Coul. recip.
    1.71789e+04   -4.32315e+03   -8.70214e+02   -2.41681e+04    9.11837e+02
      Potential    Kinetic En.   Total Energy  Conserved En.    Temperature
    1.80037e+02    1.86732e+04    1.88532e+04    1.12843e+04    2.98950e+02
 Pres. DC (bar) Pressure (bar)   Constr. rmsd
   -1.76528e+02   -7.12139e+01    3.21515e-06


DD  step 464999  vol min/aver 0.944  load imb.: force  1.8%
           Step           Time
         465000      930.00000

   Energies (kJ/mol)
           Bond          Angle    Proper Dih.  Improper Dih.          LJ-14
    1.41464e+03    8.02661e+03    1.54847e+03    1.65595e+01    1.86530e+02
     Coulomb-14        LJ (SR)  Disper. corr.   Coulomb (SR)   Coul. recip.
    1.71825e+04   -4.48178e+03   -8.67182e+02   -2.40996e+04    8.35811e+02
      Potential    Kinetic En.   Total Energy  Conserved En.    Temperature
   -2.37489e+02    1.88224e+04    1.85849e+04    1.11753e+04    3.01339e+02
 Pres. DC (bar) Pressure (bar)   Constr. rmsd
   -1.75301e+02    7.14560e+01    3.18064e-06


DD  step 469999  vol min/aver 0.895  load imb.: force  1.8%
           Step           Time
         470000      940.00000

   Energies (kJ/mol)
           Bond          Angle    Proper Dih.  Improper Dih.          LJ-14
    1.52773e+03    8.32994e+03    1.60197e+03    1.56673e+01    1.72209e+02
     Coulomb-14        LJ (SR)  Disper. corr.   Coulomb (SR)   Coul. recip.
    1.71825e+04   -4.46859e+03   -8.68252e+02   -2.37737e+04    8.19428e+02
      Potential    Kinetic En.   Total Energy  Conserved En.    Temperature
    5.38863e+02    1.90649e+04    1.96038e+04    1.11020e+04    3.05223e+02
 Pres. DC (bar) Pressure (bar)   Constr. rmsd
   -1.75734e+02   -1.39090e+02    3.18038e-06


DD  step 474999  vol min/aver 0.950  load imb.: force  6.2%
           Step           Time
         475000      950.00000

   Energies (kJ/mol)
           Bond          Angle    Proper Dih.  Improper Dih.          LJ-14
    1.36540e+03    8.18121e+03    1.58336e+03    8.25029e+00    1.81941e+02
     Coulomb-14        LJ (SR)  Disper. corr.   Coulomb (SR)   Coul. recip.
    1.71815e+04   -4.50023e+03   -8.66026e+02   -2.37195e+04    8.71417e+02
      Potential    Kinetic En.   Total Energy  Conserved En.    Temperature
    2.87314e+02    1.88930e+04    1.91803e+04    1.09951e+04    3.02470e+02
 Pres. DC (bar) Pressure (bar)   Constr. rmsd
   -1.74835e+02   -3.43820e+02    3.30222e-06


DD  step 479999  vol min/aver 0.948  load imb.: force  5.2%
           Step           Time
         480000      960.00000

   Energies (kJ/mol)
           Bond          Angle    Proper Dih.  Improper Dih.          LJ-14
    1.47567e+03    8.15270e+03    1.61613e+03    1.83192e+01    1.87673e+02
     Coulomb-14        LJ (SR)  Disper. corr.   Coulomb (SR)   Coul. recip.
    1.71820e+04   -4.35432e+03   -8.60612e+02   -2.37819e+04    8.69651e+02
      Potential    Kinetic En.   Total Energy  Conserved En.    Temperature
    5.05299e+02    1.88917e+04    1.93970e+04    1.08951e+04    3.02450e+02
 Pres. DC (bar) Pressure (bar)   Constr. rmsd
   -1.72659e+02   -1.32902e+02    3.32542e-06


DD  step 484999  vol min/aver 0.928  load imb.: force  2.3%
           Step           Time
         485000      970.00000

   Energies (kJ/mol)
           Bond          Angle    Proper Dih.  Improper Dih.          LJ-14
    1.48019e+03    8.17290e+03    1.60209e+03    1.33304e+01    1.74171e+02
     Coulomb-14        LJ (SR)  Disper. corr.   Coulomb (SR)   Coul. recip.
    1.72024e+04   -4.51613e+03   -8.66066e+02   -2.42765e+04    8.91609e+02
      Potential    Kinetic En.   Total Energy  Conserved En.    Temperature
   -1.21930e+02    1.88646e+04    1.87427e+04    1.08108e+04    3.02015e+02
 Pres. DC (bar) Pressure (bar)   Constr. rmsd
   -1.74851e+02   -2.68842e+02    3.34496e-06


DD  step 489999  vol min/aver 0.903  load imb.: force  2.7%
           Step           Time
         490000      980.00000

   Energies (kJ/mol)
           Bond          Angle    Proper Dih.  Improper Dih.          LJ-14
    1.33177e+03    8.37094e+03    1.53503e+03    1.01453e+01    1.79390e+02
     Coulomb-14        LJ (SR)  Disper. corr.   Coulomb (SR)   Coul. recip.
    1.72250e+04   -4.42971e+03   -8.65365e+02   -2.40016e+04    8.90496e+02
      Potential    Kinetic En.   Total Energy  Conserved En.    Temperature
    2.46081e+02    1.85104e+04    1.87565e+04    1.07375e+04    2.96345e+02
 Pres. DC (bar) Pressure (bar)   Constr. rmsd
   -1.74569e+02   -2.60192e+02    3.18945e-06


DD  step 494999  vol min/aver 0.944  load imb.: force  3.9%
           Step           Time
         495000      990.00000

   Energies (kJ/mol)
           Bond          Angle    Proper Dih.  Improper Dih.          LJ-14
    1.51278e+03    8.07669e+03    1.69053e+03    8.33472e+00    1.84914e+02
     Coulomb-14        LJ (SR)  Disper. corr.   Coulomb (SR)   Coul. recip.
    1.71776e+04   -4.24560e+03   -8.65851e+02   -2.40505e+04    8.26854e+02
      Potential    Kinetic En.   Total Energy  Conserved En.    Temperature
    3.15772e+02    1.82169e+04    1.85327e+04    1.06193e+04    2.91646e+02
 Pres. DC (bar) Pressure (bar)   Constr. rmsd
   -1.74765e+02   -2.38378e+01    3.17138e-06


DD  step 499999  vol min/aver 0.916  load imb.: force  3.1%
           Step           Time
         500000     1000.00000

Writing checkpoint, step 500000 at Wed Jul  3 21:24:56 2024


   Energies (kJ/mol)
           Bond          Angle    Proper Dih.  Improper Dih.          LJ-14
    1.44096e+03    8.06860e+03    1.60229e+03    8.12304e+00    1.76864e+02
     Coulomb-14        LJ (SR)  Disper. corr.   Coulomb (SR)   Coul. recip.
    1.71950e+04   -4.27601e+03   -8.61664e+02   -2.40909e+04    8.92888e+02
      Potential    Kinetic En.   Total Energy  Conserved En.    Temperature
    1.56141e+02    1.89044e+04    1.90606e+04    1.05051e+04    3.02653e+02
 Pres. DC (bar) Pressure (bar)   Constr. rmsd
   -1.73081e+02   -1.32912e+02    3.18844e-06


Energy conservation over simulation part #1 of length 1000 ns, time 0 to 1000 ns
  Conserved energy drift: -1.48e-03 kJ/mol/ps per atom


	<======  ###############  ==>
	<====  A V E R A G E S  ====>
	<==  ###############  ======>

	Statistics over 500001 steps using 5001 frames

   Energies (kJ/mol)
           Bond          Angle    Proper Dih.  Improper Dih.          LJ-14
    1.44862e+03    8.17158e+03    1.61417e+03    1.31704e+01    1.81065e+02
     Coulomb-14        LJ (SR)  Disper. corr.   Coulomb (SR)   Coul. recip.
    1.71691e+04   -4.36708e+03   -8.65846e+02   -2.39908e+04    8.59986e+02
      Potential    Kinetic En.   Total Energy  Conserved En.    Temperature
    2.33942e+02    1.87387e+04    1.89727e+04    1.53055e+04    3.00000e+02
 Pres. DC (bar) Pressure (bar)   Constr. rmsd
   -1.74766e+02    1.60207e+00    0.00000e+00

          Box-X          Box-Y          Box-Z
    4.35148e+00    4.35148e+00    4.35148e+00

   Total Virial (kJ/mol)
    6.24128e+03    3.51279e+00    2.19587e+01
    3.51265e+00    6.23366e+03    7.85790e+00
    2.19586e+01    7.85795e+00    6.25209e+03

   Pressure (bar)
    1.77606e+00   -1.28594e+00   -8.35897e+00
   -1.28588e+00    5.87337e+00   -3.15540e+00
   -8.35891e+00   -3.15542e+00   -2.84323e+00

      T-Protein  T-non-Protein
    3.01111e+02    2.99999e+02


	M E G A - F L O P S   A C C O U N T I N G

 NB=Group-cutoff nonbonded kernels    NxN=N-by-N cluster Verlet kernels
 RF=Reaction-Field  VdW=Van der Waals  QSTab=quadratic-spline table
 W3=SPC/TIP3p  W4=TIP4p (single or pairs)
 V&F=Potential and force  V=Potential only  F=Force only

 Computing:                               M-Number         M-Flops  % Flops
-----------------------------------------------------------------------------
 Pair Search distance check            8298.621010       74687.589     0.1
 NxN QSTab Elec. + LJ [F]           1092569.569344    44795352.343    85.9
 NxN QSTab Elec. + LJ [V&F]           11038.248368      651256.654     1.2
 NxN QSTab Elec. [F]                  14662.680912      498531.151     1.0
 NxN QSTab Elec. [V&F]                  148.138560        6073.681     0.0
 1,4 nonbonded interactions            1731.503463      155835.312     0.3
 Calc Weights                          9643.519287      347166.694     0.7
 Spread Q Bspline                    205728.411456      411456.823     0.8
 Gather F Bspline                    205728.411456     1234370.469     2.4
 3D-FFT                              316593.633186     2532749.065     4.9
 Solve PME                              784.001568       50176.100     0.1
 Reset In Box                            32.151429          96.454     0.0
 CG-CoM                                  32.157858          96.474     0.0
 Bonds                                  563.501127       33246.566     0.1
 Angles                                3792.007584      637057.274     1.2
 Propers                               1711.003422      391819.784     0.8
 Impropers                               26.000052        5408.011     0.0
 Virial                                 339.456789        6110.222     0.0
 Stop-CM                                 32.157858         321.579     0.0
 P-Coupling                             321.456429        1928.739     0.0
 Calc-Ekin                              642.912858       17358.647     0.0
 Lincs                                 2460.010577      147600.635     0.3
 Lincs-Mat                            22559.611176       90238.445     0.2
 Constraint-V                          4920.011310       44280.102     0.1
 Constraint-Vir                         246.004513        5904.108     0.0
-----------------------------------------------------------------------------
 Total                                                52139122.920   100.0
-----------------------------------------------------------------------------


    D O M A I N   D E C O M P O S I T I O N   S T A T I S T I C S

 av. #atoms communicated per step for force:  2 x 11444.1
 av. #atoms communicated per step for LINCS:  2 x 947.8


Dynamic load balancing report:
 DLB was turned on during the run due to measured imbalance.
 Average load imbalance: 3.1%.
 The balanceable part of the MD step is 73%, load imbalance is computed from this.
 Part of the total run time spent waiting due to load imbalance: 2.3%.
 Steps where the load balancing was limited by -rdd, -rcon and/or -dds: X 0 % Y 0 %


     R E A L   C Y C L E   A N D   T I M E   A C C O U N T I N G

On 8 MPI ranks

 Computing:          Num   Num      Call    Wall time         Giga-Cycles
                     Ranks Threads  Count      (s)         total sum    %
-----------------------------------------------------------------------------
 Domain decomp.         8    1       5001       2.916         60.512   0.5
 DD comm. load          8    1       5000       0.012          0.258   0.0
 DD comm. bounds        8    1       4999       0.047          0.984   0.0
 Neighbor search        8    1       5001       5.931        123.073   1.0
 Comm. coord.           8    1     495000       8.365        173.587   1.4
 Force                  8    1     500001     426.053       8841.345  69.2
 Wait + Comm. F         8    1     500001       8.112        168.334   1.3
 PME mesh               8    1     500001     132.518       2749.981  21.5
 NB X/F buffer ops.     8    1    1490001       5.856        121.532   1.0
 Write traj.            8    1        101       0.040          0.823   0.0
 Update                 8    1     500001       2.410         50.013   0.4
 Constraints            8    1     500003      20.328        421.838   3.3
 Comm. energies         8    1      50001       0.654         13.572   0.1
 Rest                                           2.275         47.206   0.4
-----------------------------------------------------------------------------
 Total                                        615.517      12773.057 100.0
-----------------------------------------------------------------------------
 Breakdown of PME mesh computation
-----------------------------------------------------------------------------
 PME redist. X/F        8    1    1000002      33.122        687.331   5.4
 PME spread             8    1     500001      29.251        607.001   4.8
 PME gather             8    1     500001      32.519        674.821   5.3
 PME 3D-FFT             8    1    1000002      19.154        397.480   3.1
 PME 3D-FFT Comm.       8    1    2000004      14.555        302.047   2.4
 PME solve Elec         8    1     500001       3.493         72.492   0.6
-----------------------------------------------------------------------------

               Core t (s)   Wall t (s)        (%)
       Time:     4924.132      615.517      800.0
                 (ns/day)    (hour/ns)
Performance:      140.370        0.171
Finished mdrun on rank 0 Wed Jul  3 21:24:57 2024

