----------------------------------------
Begin Batch Job Prologue Tue Jul  9 09:57:22 EDT 2024
Job ID:           1944282
Username:         tur54445
Group:            chem
Job Name:         19AF1-10-A_300ns_fep.pf
Resources List:   nodes=6:ppn=28,walltime=48:00:00,neednodes=6:ppn=28
Queue:            normal
Account:          
Nodes:            b157 b158 b162 b167 b170 b173 
----------------------------------------
End Batch Job Prologue Tue Jul  9 09:57:23 EDT 2024
----------------------------------------
----------------------------------------
Begin Batch Job Epilogue Thu Jul 11 06:29:15 EDT 2024
Job ID:           1944282
Username:         tur54445
Group:            chem
Job Name:         19AF1-10-A_300ns_fep.pf
Session:          9612
Limits:           nodes=6:ppn=28,walltime=48:00:00,neednodes=6:ppn=28
Resources:        cput=7478:07:55,vmem=89632992kb,walltime=44:31:52,mem=9090948kb,energy_used=0
Queue:            normal
Account:          
Deleting /dev/shm/*...
Deleting /dev/shm/*...
Deleting /dev/shm/*...
Deleting /dev/shm/*...
Deleting /dev/shm/*...
Deleting /dev/shm/*...
----------------------------------------
End Batch Job Epilogue Thu Jul 11 06:29:35 EDT 2024
----------------------------------------
