----------------------------------------
Begin Batch Job Prologue Tue Jul  9 14:07:15 EDT 2024
Job ID:           1944636
Username:         tur54445
Group:            chem
Job Name:         17AB2-8-A_fep.pf
Resources List:   nodes=6:ppn=16,walltime=48:00:00,neednodes=6:ppn=16
Queue:            medium
Account:          
Nodes:            s026 s027 s028 s029 s030 s034 
----------------------------------------
End Batch Job Prologue Tue Jul  9 14:07:16 EDT 2024
----------------------------------------
----------------------------------------
Begin Batch Job Epilogue Tue Jul  9 14:15:48 EDT 2024
Job ID:           1944636
Username:         tur54445
Group:            chem
Job Name:         17AB2-8-A_fep.pf
Session:          186842
Limits:           nodes=6:ppn=16,walltime=48:00:00,neednodes=6:ppn=16
Resources:        cput=13:26:58,vmem=52019032kb,walltime=00:08:32,mem=5125356kb,energy_used=0
Queue:            medium
Account:          
Deleting /dev/shm/*...
Deleting /dev/shm/*...
Deleting /dev/shm/*...
Deleting /dev/shm/*...
Deleting /dev/shm/*...
Deleting /dev/shm/*...
----------------------------------------
End Batch Job Epilogue Tue Jul  9 14:16:09 EDT 2024
----------------------------------------
