            --------------------------------------------------------
                             AMBER SQM VERSION 19
 
                                     By
              Ross C. Walker, Michael F. Crowley, Scott Brozell,
                         Tim Giese, Andreas W. Goetz,
                        Tai-Sung Lee and David A. Case
 
            --------------------------------------------------------
 

--------------------------------------------------------------------------------
  QM CALCULATION INFO
--------------------------------------------------------------------------------

| QMMM: Citation for AMBER QMMM Run:
| QMMM: R.C. Walker, M.F. Crowley and D.A. Case, J. COMP. CHEM. 29:1019, 2008

QMMM: SINGLET STATE CALCULATION
QMMM: RHF CALCULATION, NO. OF DOUBLY OCCUPIED LEVELS = 49

| QMMM: *** Selected Hamiltonian *** 
| QMMM: PM3         

| QMMM: *** Parameter sets in use ***
| QMMM: C : J.J.P.STEWART, JCC, 10, 209 (1989)
| QMMM: O : J.J.P.STEWART, JCC, 10, 209 (1989)
| QMMM: N : J.J.P.STEWART, JCC, 10, 209 (1989)
| QMMM: S : J.J.P.STEWART, JCC, 10, 209 (1989)
| QMMM: H : J.J.P.STEWART, JCC, 10, 209 (1989)

| QMMM: *** SCF convergence criteria ***
| QMMM: Energy change                :  0.1D-06 kcal/mol
| QMMM: Error matrix |FP-PF|         :  0.1D+00 au
| QMMM: Density matrix change        :  0.2D-04
| QMMM: Maximum number of SCF cycles :     1000

| QMMM: *** Diagonalization Routine Information ***
| QMMM: Pseudo diagonalizations are allowed.
| QMMM: Auto diagonalization routine selection is in use.
| QMMM:
| QMMM: Timing diagonalization routines:
| QMMM:                              norbs =       85
| QMMM:    diag iterations used for timing =       15
| QMMM:
| QMMM:              Internal diag routine = 0.019166 seconds
| QMMM:                 Dspev diag routine = 0.017096 seconds
| QMMM:                Dspevd diag routine = 0.007570 seconds
| QMMM:                Dspevx diag routine = 0.067932 seconds
| QMMM:                 Dsyev diag routine = 0.016125 seconds
| QMMM:                Dsyevd diag routine = 0.012980 seconds
| QMMM:                Dsyevr diag routine = 0.012946 seconds
| QMMM:
| QMMM:                Pseudo diag routine = 0.007882 seconds
| QMMM: Pseudo diagonalization appears to be slower than regular
| QMMM: diagonalization. Setting pseudo_diag=0 for optimum performance.
| QMMM:
| QMMM: Using dspevd routine (diag_routine=3).

  QMMM: QM Region Cartesian Coordinates (*=link atom) 
  QMMM: QM_NO.   MM_NO.  ATOM         X         Y         Z
  QMMM:     1        1      C        2.3350    1.7880   -1.8680
  QMMM:     2        2      C        1.4280    1.5640   -0.6850
  QMMM:     3        3      O        0.9170    2.5110   -0.1260
  QMMM:     4        4      N        1.1860    0.3120   -0.2490
  QMMM:     5        5      S        0.1890    0.0670    1.0510
  QMMM:     6        6      O        0.5470   -1.2040    1.5760
  QMMM:     7        7      O        0.1940    1.2880    1.7770
  QMMM:     8        8      C       -1.4500   -0.1150    0.4310
  QMMM:     9        9      C       -1.9260   -1.3680    0.0930
  QMMM:    10       10      C       -3.2120   -1.5110   -0.3930
  QMMM:    11       11      C       -4.0220   -0.4010   -0.5410
  QMMM:    12       12      C       -3.5470    0.8520   -0.2020
  QMMM:    13       13      C       -2.2620    0.9940    0.2890
  QMMM:    14       14      C       -5.4240   -0.5560   -1.0720
  QMMM:    15       15      C        1.8030   -0.8320   -0.9250
  QMMM:    16       16      C        3.1840   -1.0590   -0.3660
  QMMM:    17       17      O        3.6090   -0.3400    0.5070
  QMMM:    18       18      O        3.9420   -2.0610   -0.8390
  QMMM:    19       19      H        3.3620    1.9050   -1.5220
  QMMM:    20       20      H        2.2730    0.9310   -2.5400
  QMMM:    21       21      H        2.0250    2.6880   -2.3980
  QMMM:    22       22      H       -1.2930   -2.2360    0.2080
  QMMM:    23       23      H       -3.5840   -2.4900   -0.6580
  QMMM:    24       24      H       -4.1800    1.7200   -0.3170
  QMMM:    25       25      H       -1.8900    1.9730    0.5540
  QMMM:    26       26      H       -6.1110   -0.7210   -0.2410
  QMMM:    27       27      H       -5.7120    0.3490   -1.6070
  QMMM:    28       28      H       -5.4630   -1.4080   -1.7500
  QMMM:    29       29      H        1.1950   -1.7210   -0.7630
  QMMM:    30       30      H        1.8730   -0.6280   -1.9940
  QMMM:    31       31      H        4.8290   -2.2070   -0.4800

--------------------------------------------------------------------------------
  RESULTS
--------------------------------------------------------------------------------

      iter         sqm energy              rms gradient
      ----    -------------------    -----------------------
xmin    10     -176.2113 kcal/mol        3.3095 kcal/(mol*A)
xmin    20     -178.3225 kcal/mol        1.3211 kcal/(mol*A)
xmin    30     -178.6242 kcal/mol        0.4481 kcal/(mol*A)
xmin    40     -178.8443 kcal/mol        0.3779 kcal/(mol*A)
xmin    50     -178.9397 kcal/mol        0.3240 kcal/(mol*A)
xmin    60     -179.0660 kcal/mol        0.3399 kcal/(mol*A)
xmin    70     -179.3196 kcal/mol        0.6149 kcal/(mol*A)
xmin    80     -179.3662 kcal/mol        0.2434 kcal/(mol*A)
xmin    90     -179.4399 kcal/mol        0.1799 kcal/(mol*A)
xmin   100     -179.4907 kcal/mol        0.6686 kcal/(mol*A)
xmin   110     -179.5415 kcal/mol        0.2705 kcal/(mol*A)
xmin   120     -179.5708 kcal/mol        0.1441 kcal/(mol*A)
xmin   130     -179.6106 kcal/mol        0.2295 kcal/(mol*A)
xmin   140     -179.6189 kcal/mol        0.3873 kcal/(mol*A)
xmin   150     -179.6810 kcal/mol        0.3521 kcal/(mol*A)
xmin   160     -179.6887 kcal/mol        0.1246 kcal/(mol*A)
xmin   170     -179.7077 kcal/mol        0.1143 kcal/(mol*A)
xmin   180     -179.7302 kcal/mol        0.1752 kcal/(mol*A)
xmin   190     -179.7348 kcal/mol        0.1320 kcal/(mol*A)
xmin   200     -179.7393 kcal/mol        0.1503 kcal/(mol*A)
xmin   210     -179.7652 kcal/mol        0.1217 kcal/(mol*A)
xmin   220     -179.7687 kcal/mol        0.1108 kcal/(mol*A)
xmin   230     -179.7722 kcal/mol        0.1092 kcal/(mol*A)
xmin   240     -179.7755 kcal/mol        0.1078 kcal/(mol*A)
xmin   250     -179.7789 kcal/mol        0.1074 kcal/(mol*A)
xmin   260     -179.7821 kcal/mol        0.1086 kcal/(mol*A)
xmin   270     -179.7854 kcal/mol        0.1115 kcal/(mol*A)
xmin   280     -179.7886 kcal/mol        0.1159 kcal/(mol*A)
xmin   290     -179.7918 kcal/mol        0.1198 kcal/(mol*A)
xmin   300     -179.7949 kcal/mol        0.1247 kcal/(mol*A)
xmin   310     -179.7982 kcal/mol        0.1713 kcal/(mol*A)
xmin   320     -179.8148 kcal/mol        0.2361 kcal/(mol*A)
xmin   330     -179.8380 kcal/mol        0.1655 kcal/(mol*A)
xmin   340     -179.8682 kcal/mol        0.2278 kcal/(mol*A)
xmin   350     -179.8811 kcal/mol        0.2513 kcal/(mol*A)
xmin   360     -179.8907 kcal/mol        0.1775 kcal/(mol*A)
xmin   370     -179.9013 kcal/mol        0.1720 kcal/(mol*A)
xmin   380     -179.9261 kcal/mol        0.2096 kcal/(mol*A)
xmin   390     -179.9314 kcal/mol        0.0975 kcal/(mol*A)
xmin   400     -179.9356 kcal/mol        0.1214 kcal/(mol*A)
xmin   410     -179.9390 kcal/mol        0.1013 kcal/(mol*A)
xmin   420     -179.9409 kcal/mol        0.0824 kcal/(mol*A)
xmin   430     -179.9433 kcal/mol        0.0746 kcal/(mol*A)
xmin   440     -179.9450 kcal/mol        0.0688 kcal/(mol*A)
xmin   450     -179.9464 kcal/mol        0.0690 kcal/(mol*A)
xmin   460     -179.9487 kcal/mol        0.1283 kcal/(mol*A)
xmin   470     -179.9511 kcal/mol        0.0933 kcal/(mol*A)
xmin   480     -179.9537 kcal/mol        0.1142 kcal/(mol*A)
xmin   490     -179.9556 kcal/mol        0.1367 kcal/(mol*A)
xmin   500     -179.9584 kcal/mol        0.1452 kcal/(mol*A)
xmin   510     -179.9620 kcal/mol        0.0726 kcal/(mol*A)
xmin   520     -179.9644 kcal/mol        0.0818 kcal/(mol*A)
xmin   530     -179.9661 kcal/mol        0.0967 kcal/(mol*A)
xmin   540     -179.9669 kcal/mol        0.1013 kcal/(mol*A)
xmin   550     -179.9692 kcal/mol        0.1450 kcal/(mol*A)
xmin   560     -179.9708 kcal/mol        0.0682 kcal/(mol*A)
xmin   570     -179.9733 kcal/mol        0.3085 kcal/(mol*A)
xmin   580     -179.9757 kcal/mol        0.0520 kcal/(mol*A)
xmin   590     -179.9778 kcal/mol        0.0555 kcal/(mol*A)
xmin   600     -179.9841 kcal/mol        0.0970 kcal/(mol*A)
xmin   610     -179.9867 kcal/mol        0.0876 kcal/(mol*A)
xmin   620     -179.9926 kcal/mol        0.0876 kcal/(mol*A)
xmin   630     -179.9946 kcal/mol        0.0684 kcal/(mol*A)
xmin   640     -180.0010 kcal/mol        0.0740 kcal/(mol*A)
xmin   650     -180.0053 kcal/mol        0.0856 kcal/(mol*A)
xmin   660     -180.0172 kcal/mol        0.1134 kcal/(mol*A)
xmin   670     -180.0200 kcal/mol        0.2171 kcal/(mol*A)
xmin   680     -180.0278 kcal/mol        0.0760 kcal/(mol*A)
xmin   690     -180.0306 kcal/mol        0.0736 kcal/(mol*A)
xmin   700     -180.0331 kcal/mol        0.1183 kcal/(mol*A)
xmin   710     -180.0352 kcal/mol        0.0717 kcal/(mol*A)
xmin   720     -180.0369 kcal/mol        0.0657 kcal/(mol*A)
xmin   730     -180.0389 kcal/mol        0.0805 kcal/(mol*A)
xmin   740     -180.0405 kcal/mol        0.0610 kcal/(mol*A)
xmin   750     -180.0423 kcal/mol        0.0553 kcal/(mol*A)
xmin   760     -180.0459 kcal/mol        0.0569 kcal/(mol*A)
xmin   770     -180.0474 kcal/mol        0.0553 kcal/(mol*A)
xmin   780     -180.0490 kcal/mol        0.0505 kcal/(mol*A)
xmin   790     -180.0508 kcal/mol        0.0646 kcal/(mol*A)
xmin   800     -180.0531 kcal/mol        0.0475 kcal/(mol*A)
xmin   810     -180.0566 kcal/mol        0.0773 kcal/(mol*A)
xmin   820     -180.0618 kcal/mol        0.0535 kcal/(mol*A)
xmin   830     -180.0662 kcal/mol        0.0689 kcal/(mol*A)
xmin   840     -180.0685 kcal/mol        0.0792 kcal/(mol*A)
xmin   850     -180.0715 kcal/mol        0.0336 kcal/(mol*A)
xmin   860     -180.0728 kcal/mol        0.0403 kcal/(mol*A)
xmin   870     -180.0731 kcal/mol        0.0642 kcal/(mol*A)
xmin   880     -180.0734 kcal/mol        0.0413 kcal/(mol*A)
xmin   890     -180.0739 kcal/mol        0.0248 kcal/(mol*A)
  ... geometry converged !
 
 Final MO eigenvalues (eV):
 -40.7501  -40.3635  -38.4614  -37.0347  -36.2904  -35.5787  -33.6495  -33.0846
 -30.1542  -29.8702  -27.2573  -26.1187  -22.3026  -22.1849  -21.3505  -20.8667
 -19.4997  -18.5925  -18.4171  -17.9923  -17.6640  -17.4462  -17.1303  -16.1602
 -16.0805  -15.7223  -15.5434  -15.4012  -15.3106  -15.1112  -15.0578  -14.5509
 -14.1218  -13.7350  -13.7190  -13.6164  -13.4096  -13.1993  -12.8443  -12.3472
 -12.2214  -11.9414  -11.8264  -11.6968  -11.5940  -11.0157  -10.5024  -10.2993
 -10.2765   -0.9190   -0.3915   -0.0840    0.7356    0.8083    1.0536    1.6849
   2.0783    2.4253    2.6474    2.7521    2.9197    3.0534    3.1186    3.2277
   3.2714    3.3979    3.4426    3.5477    3.7237    3.7701    3.7930    3.8677
   3.9986    4.0020    4.0182    4.3948    4.4550    4.5146    4.7766    4.9239
   5.1716    5.4983    5.6532    6.7378    6.8123

 Heat of formation   =       -180.07422110 kcal/mol  (       -7.80860418 eV)

 Total SCF energy    =     -76577.44070286 kcal/mol  (    -3320.64701023 eV)
 Electronic energy   =    -482648.70493083 kcal/mol  (   -20929.21837435 eV)
 Core-core repulsion =     406071.26422797 kcal/mol  (    17608.57136412 eV)
 
    Atomic Charges for Step       1 :
  Atom    Element       Mulliken Charge
     1      C                 -0.146
     2      C                  0.339
     3      O                 -0.355
     4      N                 -0.524
     5      S                  2.301
     6      O                 -0.835
     7      O                 -0.793
     8      C                 -0.587
     9      C                  0.004
    10      C                 -0.139
    11      C                 -0.009
    12      C                 -0.137
    13      C                  0.028
    14      C                 -0.077
    15      C                 -0.009
    16      C                  0.366
    17      O                 -0.387
    18      O                 -0.305
    19      H                  0.088
    20      H                  0.059
    21      H                  0.075
    22      H                  0.118
    23      H                  0.115
    24      H                  0.117
    25      H                  0.134
    26      H                  0.057
    27      H                  0.052
    28      H                  0.050
    29      H                  0.093
    30      H                  0.078
    31      H                  0.231
 Total Mulliken Charge =       0.000
 
                  X        Y        Z     TOTAL  
  QM DIPOLE    -2.847   -2.132   -5.343    6.418
 
 Final Structure

  QMMM: QM Region Cartesian Coordinates (*=link atom) 
  QMMM: QM_NO.   MM_NO.  ATOM         X         Y         Z
  QMMM:     1        1      C        2.3473    1.8555   -1.9332
  QMMM:     2        2      C        1.2361    1.5864   -0.9568
  QMMM:     3        3      O        0.3747    2.3963   -0.6712
  QMMM:     4        4      N        1.1345    0.2877   -0.3152
  QMMM:     5        5      S        0.1756   -0.0495    1.1650
  QMMM:     6        6      O        0.6237   -1.3626    1.6060
  QMMM:     7        7      O        0.3112    1.0587    2.0749
  QMMM:     8        8      C       -1.4563   -0.1641    0.4897
  QMMM:     9        9      C       -1.9571   -1.3923    0.0445
  QMMM:    10       10      C       -3.2434   -1.4964   -0.4637
  QMMM:    11       11      C       -4.0629   -0.3674   -0.5405
  QMMM:    12       12      C       -3.5720    0.8615   -0.0983
  QMMM:    13       13      C       -2.2837    0.9600    0.4118
  QMMM:    14       14      C       -5.4433   -0.4759   -1.0754
  QMMM:    15       15      C        1.9278   -0.8112   -0.9262
  QMMM:    16       16      C        3.3150   -0.9782   -0.3340
  QMMM:    17       17      O        4.0288   -0.1729    0.2339
  QMMM:    18       18      O        3.8443   -2.2104   -0.5206
  QMMM:    19       19      H        3.3018    1.9744   -1.4006
  QMMM:    20       20      H        2.4621    1.0268   -2.6511
  QMMM:    21       21      H        2.1655    2.7755   -2.5038
  QMMM:    22       22      H       -1.3277   -2.2912    0.1073
  QMMM:    23       23      H       -3.6191   -2.4681   -0.8048
  QMMM:    24       24      H       -4.2041    1.7555   -0.1562
  QMMM:    25       25      H       -1.9076    1.9365    0.7519
  QMMM:    26       26      H       -6.1551   -0.6501   -0.2564
  QMMM:    27       27      H       -5.7527    0.4421   -1.5925
  QMMM:    28       28      H       -5.5448   -1.3084   -1.7843
  QMMM:    29       29      H        1.3506   -1.7548   -0.8265
  QMMM:    30       30      H        2.0457   -0.6158   -2.0175
  QMMM:    31       31      H        4.6999   -2.2637   -0.1062

           --------- Calculation Completed ----------

