            --------------------------------------------------------
                             AMBER SQM VERSION 19
 
                                     By
              Ross C. Walker, Michael F. Crowley, Scott Brozell,
                         Tim Giese, Andreas W. Goetz,
                        Tai-Sung Lee and David A. Case
 
            --------------------------------------------------------
 

--------------------------------------------------------------------------------
  QM CALCULATION INFO
--------------------------------------------------------------------------------

| QMMM: Citation for AMBER QMMM Run:
| QMMM: R.C. Walker, M.F. Crowley and D.A. Case, J. COMP. CHEM. 29:1019, 2008

QMMM: SINGLET STATE CALCULATION
QMMM: RHF CALCULATION, NO. OF DOUBLY OCCUPIED LEVELS = 35

| QMMM: *** Selected Hamiltonian *** 
| QMMM: PM3         

| QMMM: *** Parameter sets in use ***
| QMMM: N : J.J.P.STEWART, JCC, 10, 209 (1989)
| QMMM: C : J.J.P.STEWART, JCC, 10, 209 (1989)
| QMMM: O : J.J.P.STEWART, JCC, 10, 209 (1989)
| QMMM: H : J.J.P.STEWART, JCC, 10, 209 (1989)

| QMMM: *** SCF convergence criteria ***
| QMMM: Energy change                :  0.1D-06 kcal/mol
| QMMM: Error matrix |FP-PF|         :  0.1D+00 au
| QMMM: Density matrix change        :  0.2D-04
| QMMM: Maximum number of SCF cycles :     1000

| QMMM: *** Diagonalization Routine Information ***
| QMMM: Pseudo diagonalizations are allowed.
| QMMM: Auto diagonalization routine selection is in use.
| QMMM:
| QMMM: Timing diagonalization routines:
| QMMM:                              norbs =       62
| QMMM:    diag iterations used for timing =       15
| QMMM:
| QMMM:              Internal diag routine = 0.008271 seconds
| QMMM:                 Dspev diag routine = 0.007264 seconds
| QMMM:                Dspevd diag routine = 0.003708 seconds
| QMMM:                Dspevx diag routine = 0.035430 seconds
| QMMM:                 Dsyev diag routine = 0.007621 seconds
| QMMM:                Dsyevd diag routine = 0.004558 seconds
| QMMM:                Dsyevr diag routine = 0.006209 seconds
| QMMM:
| QMMM:                Pseudo diag routine = 0.002811 seconds
| QMMM:
| QMMM: Using dspevd routine (diag_routine=3).

  QMMM: QM Region Cartesian Coordinates (*=link atom) 
  QMMM: QM_NO.   MM_NO.  ATOM         X         Y         Z
  QMMM:     1        1      N       -0.5840   -0.2900   -0.2280
  QMMM:     2        2      C       -1.7450    0.5760    0.0140
  QMMM:     3        3      C       -1.9880    1.4580   -1.2120
  QMMM:     4        4      C       -2.9620   -0.2750    0.2700
  QMMM:     5        5      O       -2.8710   -1.4800    0.2520
  QMMM:     6        6      O       -4.1470    0.3050    0.5170
  QMMM:     7        7      C        0.6080    0.4920    0.1290
  QMMM:     8        8      C        1.8420   -0.3420   -0.0970
  QMMM:     9        9      O        1.7400   -1.4760   -0.5150
  QMMM:    10       10      N        3.0600    0.1720    0.1650
  QMMM:    11       11      C        4.2600   -0.6390   -0.0560
  QMMM:    12       12      C        3.1840    1.5420    0.6690
  QMMM:    13       13      H       -0.6430   -1.0470    0.4350
  QMMM:    14       14      H       -1.5540    1.2060    0.8830
  QMMM:    15       15      H       -2.1800    0.8280   -2.0810
  QMMM:    16       16      H       -2.8500    2.1010   -1.0320
  QMMM:    17       17      H       -1.1080    2.0740   -1.3970
  QMMM:    18       18      H       -4.9280   -0.2410    0.6810
  QMMM:    19       19      H        0.6550    1.3870   -0.4920
  QMMM:    20       20      H        0.5510    0.7800    1.1790
  QMMM:    21       21      H        4.6170   -0.4900   -1.0750
  QMMM:    22       22      H        5.0360   -0.3390    0.6490
  QMMM:    23       23      H        4.0200   -1.6920    0.0950
  QMMM:    24       24      H        2.1920    1.9830    0.7680
  QMMM:    25       25      H        3.6740    1.5270    1.6430
  QMMM:    26       26      H        3.7770    2.1330   -0.0280

--------------------------------------------------------------------------------
  RESULTS
--------------------------------------------------------------------------------

      iter         sqm energy              rms gradient
      ----    -------------------    -----------------------
xmin    10     -132.3137 kcal/mol        4.4048 kcal/(mol*A)
xmin    20     -133.5455 kcal/mol        1.8114 kcal/(mol*A)
xmin    30     -133.7452 kcal/mol        0.9204 kcal/(mol*A)
xmin    40     -133.8824 kcal/mol        0.9350 kcal/(mol*A)
xmin    50     -134.0095 kcal/mol        0.9092 kcal/(mol*A)
xmin    60     -134.1294 kcal/mol        0.8542 kcal/(mol*A)
xmin    70     -134.2486 kcal/mol        0.9110 kcal/(mol*A)
xmin    80     -134.3769 kcal/mol        1.0665 kcal/(mol*A)
xmin    90     -134.6427 kcal/mol        2.3536 kcal/(mol*A)
xmin   100     -135.0329 kcal/mol        0.7873 kcal/(mol*A)
xmin   110     -135.4550 kcal/mol        0.7655 kcal/(mol*A)
xmin   120     -135.5480 kcal/mol        0.3412 kcal/(mol*A)
xmin   130     -135.6235 kcal/mol        0.2782 kcal/(mol*A)
xmin   140     -135.6776 kcal/mol        0.4728 kcal/(mol*A)
xmin   150     -135.7169 kcal/mol        0.3203 kcal/(mol*A)
xmin   160     -135.7540 kcal/mol        0.8020 kcal/(mol*A)
xmin   170     -135.7942 kcal/mol        0.2306 kcal/(mol*A)
xmin   180     -135.9394 kcal/mol        0.4064 kcal/(mol*A)
xmin   190     -135.9822 kcal/mol        0.6069 kcal/(mol*A)
xmin   200     -136.0332 kcal/mol        0.4958 kcal/(mol*A)
xmin   210     -136.0821 kcal/mol        0.3260 kcal/(mol*A)
xmin   220     -136.0999 kcal/mol        0.2015 kcal/(mol*A)
xmin   230     -136.1224 kcal/mol        0.3704 kcal/(mol*A)
xmin   240     -136.1447 kcal/mol        0.5052 kcal/(mol*A)
xmin   250     -136.1796 kcal/mol        0.8440 kcal/(mol*A)
xmin   260     -136.2146 kcal/mol        0.5335 kcal/(mol*A)
xmin   270     -136.2415 kcal/mol        0.3303 kcal/(mol*A)
xmin   280     -136.2680 kcal/mol        0.3553 kcal/(mol*A)
xmin   290     -136.3007 kcal/mol        0.3294 kcal/(mol*A)
xmin   300     -136.3396 kcal/mol        0.2870 kcal/(mol*A)
xmin   310     -136.4941 kcal/mol        0.5899 kcal/(mol*A)
xmin   320     -136.5696 kcal/mol        0.5077 kcal/(mol*A)
xmin   330     -136.6157 kcal/mol        0.2015 kcal/(mol*A)
xmin   340     -136.6875 kcal/mol        0.3530 kcal/(mol*A)
xmin   350     -136.7376 kcal/mol        0.4207 kcal/(mol*A)
xmin   360     -136.7597 kcal/mol        0.1710 kcal/(mol*A)
xmin   370     -136.7863 kcal/mol        0.5124 kcal/(mol*A)
xmin   380     -136.8265 kcal/mol        0.2717 kcal/(mol*A)
xmin   390     -136.8668 kcal/mol        0.4025 kcal/(mol*A)
xmin   400     -136.9110 kcal/mol        0.3443 kcal/(mol*A)
xmin   410     -136.9348 kcal/mol        0.1916 kcal/(mol*A)
xmin   420     -136.9785 kcal/mol        0.5009 kcal/(mol*A)
xmin   430     -137.0185 kcal/mol        0.2199 kcal/(mol*A)
xmin   440     -137.0294 kcal/mol        0.0901 kcal/(mol*A)
xmin   450     -137.0380 kcal/mol        0.2330 kcal/(mol*A)
xmin   460     -137.0504 kcal/mol        0.2097 kcal/(mol*A)
xmin   470     -137.0712 kcal/mol        0.6055 kcal/(mol*A)
xmin   480     -137.0990 kcal/mol        0.3380 kcal/(mol*A)
xmin   490     -137.1222 kcal/mol        0.1324 kcal/(mol*A)
xmin   500     -137.1288 kcal/mol        0.2146 kcal/(mol*A)
xmin   510     -137.1343 kcal/mol        0.1315 kcal/(mol*A)
xmin   520     -137.1413 kcal/mol        0.0999 kcal/(mol*A)
xmin   530     -137.1492 kcal/mol        0.0866 kcal/(mol*A)
xmin   540     -137.1576 kcal/mol        0.0898 kcal/(mol*A)
xmin   550     -137.1663 kcal/mol        0.1037 kcal/(mol*A)
xmin   560     -137.1715 kcal/mol        0.1633 kcal/(mol*A)
xmin   570     -137.1784 kcal/mol        0.2949 kcal/(mol*A)
xmin   580     -137.1872 kcal/mol        0.3539 kcal/(mol*A)
xmin   590     -137.2044 kcal/mol        0.1251 kcal/(mol*A)
xmin   600     -137.2210 kcal/mol        0.1581 kcal/(mol*A)
xmin   610     -137.2367 kcal/mol        0.2095 kcal/(mol*A)
xmin   620     -137.2553 kcal/mol        0.2073 kcal/(mol*A)
xmin   630     -137.2840 kcal/mol        0.4244 kcal/(mol*A)
xmin   640     -137.2999 kcal/mol        0.1553 kcal/(mol*A)
xmin   650     -137.3256 kcal/mol        0.2651 kcal/(mol*A)
xmin   660     -137.3561 kcal/mol        0.2803 kcal/(mol*A)
xmin   670     -137.3705 kcal/mol        0.2540 kcal/(mol*A)
xmin   680     -137.4089 kcal/mol        0.4285 kcal/(mol*A)
xmin   690     -137.4400 kcal/mol        0.3108 kcal/(mol*A)
xmin   700     -137.4630 kcal/mol        0.3724 kcal/(mol*A)
xmin   710     -137.5891 kcal/mol        1.0904 kcal/(mol*A)
xmin   720     -137.7259 kcal/mol        0.7995 kcal/(mol*A)
xmin   730     -137.8548 kcal/mol        0.8111 kcal/(mol*A)
xmin   740     -137.9411 kcal/mol        0.6678 kcal/(mol*A)
xmin   750     -138.1356 kcal/mol        1.5319 kcal/(mol*A)
xmin   760     -138.3433 kcal/mol        0.9057 kcal/(mol*A)
xmin   770     -138.5396 kcal/mol        0.4198 kcal/(mol*A)
xmin   780     -138.7502 kcal/mol        0.6381 kcal/(mol*A)
xmin   790     -138.8629 kcal/mol        0.9464 kcal/(mol*A)
xmin   800     -138.9938 kcal/mol        0.4032 kcal/(mol*A)
xmin   810     -139.0612 kcal/mol        0.3943 kcal/(mol*A)
xmin   820     -139.1356 kcal/mol        0.7292 kcal/(mol*A)
xmin   830     -139.1968 kcal/mol        0.7650 kcal/(mol*A)
xmin   840     -139.2678 kcal/mol        0.3619 kcal/(mol*A)
xmin   850     -139.3234 kcal/mol        0.6415 kcal/(mol*A)
xmin   860     -139.3720 kcal/mol        0.4527 kcal/(mol*A)
xmin   870     -139.4192 kcal/mol        0.5363 kcal/(mol*A)
xmin   880     -139.5012 kcal/mol        0.2963 kcal/(mol*A)
xmin   890     -139.6126 kcal/mol        0.5922 kcal/(mol*A)
xmin   900     -139.7144 kcal/mol        0.7440 kcal/(mol*A)
xmin   910     -139.8065 kcal/mol        0.3940 kcal/(mol*A)
xmin   920     -139.8727 kcal/mol        0.6660 kcal/(mol*A)
xmin   930     -139.9359 kcal/mol        0.6479 kcal/(mol*A)
xmin   940     -140.0131 kcal/mol        0.4754 kcal/(mol*A)
xmin   950     -140.0694 kcal/mol        0.3742 kcal/(mol*A)
xmin   960     -140.1562 kcal/mol        0.3792 kcal/(mol*A)
xmin   970     -140.1774 kcal/mol        0.1666 kcal/(mol*A)
xmin   980     -140.1896 kcal/mol        0.4195 kcal/(mol*A)
xmin   990     -140.2095 kcal/mol        0.2843 kcal/(mol*A)
xmin  1000     -140.2306 kcal/mol        0.5772 kcal/(mol*A)
xmin  1010     -140.2913 kcal/mol        0.5834 kcal/(mol*A)
xmin  1020     -140.3134 kcal/mol        0.5762 kcal/(mol*A)
xmin  1030     -140.3777 kcal/mol        0.2357 kcal/(mol*A)
xmin  1040     -140.4113 kcal/mol        0.5457 kcal/(mol*A)
xmin  1050     -140.4348 kcal/mol        0.4377 kcal/(mol*A)
xmin  1060      -73.3453 kcal/mol       60.1500 kcal/(mol*A)
xmin  1070     -140.5319 kcal/mol        1.5884 kcal/(mol*A)
xmin  1080     -140.6304 kcal/mol        0.4499 kcal/(mol*A)
xmin  1090     -140.6498 kcal/mol        0.2088 kcal/(mol*A)
xmin  1100     -140.6622 kcal/mol        0.1386 kcal/(mol*A)
xmin  1110     -140.6729 kcal/mol        0.2144 kcal/(mol*A)
xmin  1120     -140.6802 kcal/mol        0.1341 kcal/(mol*A)
xmin  1130     -140.6886 kcal/mol        0.1900 kcal/(mol*A)
xmin  1140     -140.7140 kcal/mol        0.1768 kcal/(mol*A)
xmin  1150     -140.7174 kcal/mol        0.1445 kcal/(mol*A)
xmin  1160     -140.7203 kcal/mol        0.1046 kcal/(mol*A)
xmin  1170     -140.7251 kcal/mol        0.0725 kcal/(mol*A)
xmin  1180     -140.7274 kcal/mol        0.1182 kcal/(mol*A)
xmin  1190     -140.7327 kcal/mol        0.1901 kcal/(mol*A)
xmin  1200     -140.7350 kcal/mol        0.1293 kcal/(mol*A)
xmin  1210     -140.7393 kcal/mol        0.1245 kcal/(mol*A)
xmin  1220     -140.7426 kcal/mol        0.1434 kcal/(mol*A)
xmin  1230     -140.7451 kcal/mol        0.0787 kcal/(mol*A)
xmin  1240     -140.7471 kcal/mol        0.2921 kcal/(mol*A)
xmin  1250     -140.7518 kcal/mol        0.1597 kcal/(mol*A)
xmin  1260     -140.7555 kcal/mol        0.1606 kcal/(mol*A)
xmin  1270     -140.7690 kcal/mol        0.3777 kcal/(mol*A)
xmin  1280     -140.7759 kcal/mol        0.1436 kcal/(mol*A)
xmin  1290     -140.7812 kcal/mol        0.0969 kcal/(mol*A)
xmin  1300     -140.7826 kcal/mol        0.0631 kcal/(mol*A)
xmin  1310     -140.7873 kcal/mol        0.1241 kcal/(mol*A)
xmin  1320     -140.7886 kcal/mol        0.0384 kcal/(mol*A)
xmin  1330     -140.7905 kcal/mol        0.0836 kcal/(mol*A)
xmin  1340     -140.7915 kcal/mol        0.0570 kcal/(mol*A)
xmin  1350     -140.7925 kcal/mol        0.0736 kcal/(mol*A)
xmin  1360     -140.7947 kcal/mol        0.0957 kcal/(mol*A)
xmin  1370     -140.7968 kcal/mol        0.0559 kcal/(mol*A)
xmin  1380     -140.7979 kcal/mol        0.0875 kcal/(mol*A)
xmin  1390     -140.7990 kcal/mol        0.0788 kcal/(mol*A)
xmin  1400     -140.7999 kcal/mol        0.0652 kcal/(mol*A)
xmin  1410     -140.8009 kcal/mol        0.0515 kcal/(mol*A)
xmin  1420     -140.8020 kcal/mol        0.0585 kcal/(mol*A)
xmin  1430     -140.8040 kcal/mol        0.1346 kcal/(mol*A)
xmin  1440     -140.8097 kcal/mol        0.2742 kcal/(mol*A)
xmin  1450     -140.8127 kcal/mol        0.1887 kcal/(mol*A)
xmin  1460     -140.8145 kcal/mol        0.0879 kcal/(mol*A)
xmin  1470     -140.8157 kcal/mol        0.0341 kcal/(mol*A)
xmin  1480     -140.8175 kcal/mol        0.0806 kcal/(mol*A)
xmin  1490     -140.8186 kcal/mol        0.0383 kcal/(mol*A)
xmin  1500     -140.8196 kcal/mol        0.0428 kcal/(mol*A)
xmin  1510     -140.8203 kcal/mol        0.0818 kcal/(mol*A)
xmin  1520     -140.8221 kcal/mol        0.0390 kcal/(mol*A)
xmin  1530     -140.8231 kcal/mol        0.0322 kcal/(mol*A)
xmin  1540     -140.8236 kcal/mol        0.0630 kcal/(mol*A)
xmin  1550     -140.8241 kcal/mol        0.0328 kcal/(mol*A)
xmin  1560     -140.8259 kcal/mol        0.0986 kcal/(mol*A)
xmin  1570     -140.8263 kcal/mol        0.0393 kcal/(mol*A)
xmin  1580     -140.8320 kcal/mol        0.0487 kcal/(mol*A)
xmin  1590     -140.8329 kcal/mol        0.0381 kcal/(mol*A)
xmin  1600     -140.8335 kcal/mol        0.0381 kcal/(mol*A)
xmin  1610     -140.8356 kcal/mol        0.0441 kcal/(mol*A)
xmin  1620     -140.8359 kcal/mol        0.0449 kcal/(mol*A)
xmin  1630     -140.8363 kcal/mol        0.0480 kcal/(mol*A)
xmin  1640     -140.8369 kcal/mol        0.0579 kcal/(mol*A)
xmin  1650     -140.8392 kcal/mol        0.1574 kcal/(mol*A)
xmin  1660     -140.8401 kcal/mol        0.0475 kcal/(mol*A)
xmin  1670     -140.8409 kcal/mol        0.0747 kcal/(mol*A)
xmin  1680     -140.8413 kcal/mol        0.0351 kcal/(mol*A)
xmin  1690     -140.8422 kcal/mol        0.0368 kcal/(mol*A)
xmin  1700     -140.8446 kcal/mol        0.0572 kcal/(mol*A)
xmin  1710     -140.8453 kcal/mol        0.0794 kcal/(mol*A)
xmin  1720     -140.8474 kcal/mol        0.0815 kcal/(mol*A)
xmin  1730     -140.8491 kcal/mol        0.0730 kcal/(mol*A)
xmin  1740     -140.8501 kcal/mol        0.1092 kcal/(mol*A)
xmin  1750     -140.8508 kcal/mol        0.1163 kcal/(mol*A)
xmin  1760     -140.8520 kcal/mol        0.0534 kcal/(mol*A)
xmin  1770     -140.8538 kcal/mol        0.0410 kcal/(mol*A)
xmin  1780     -140.8556 kcal/mol        0.0468 kcal/(mol*A)
xmin  1790     -140.8570 kcal/mol        0.0460 kcal/(mol*A)
xmin  1800     -140.8581 kcal/mol        0.0266 kcal/(mol*A)
xmin  1810     -140.8597 kcal/mol        0.0548 kcal/(mol*A)
xmin  1820     -140.8611 kcal/mol        0.0421 kcal/(mol*A)
xmin  1830     -140.8618 kcal/mol        0.0233 kcal/(mol*A)
xmin  1840     -140.8630 kcal/mol        0.0642 kcal/(mol*A)
xmin  1850     -140.8638 kcal/mol        0.0414 kcal/(mol*A)
xmin  1860     -140.8643 kcal/mol        0.0240 kcal/(mol*A)
xmin  1870     -140.8650 kcal/mol        0.0338 kcal/(mol*A)
xmin  1880     -140.8656 kcal/mol        0.0427 kcal/(mol*A)
xmin  1890     -140.8665 kcal/mol        0.1268 kcal/(mol*A)
xmin  1900     -140.8670 kcal/mol        0.0384 kcal/(mol*A)
xmin  1910     -140.8674 kcal/mol        0.0304 kcal/(mol*A)
xmin  1920     -140.8677 kcal/mol        0.0229 kcal/(mol*A)
xmin  1930     -140.8684 kcal/mol        0.1129 kcal/(mol*A)
xmin  1940     -140.8687 kcal/mol        0.0203 kcal/(mol*A)
xmin  1950     -140.8689 kcal/mol        0.0328 kcal/(mol*A)
xmin  1960     -140.8693 kcal/mol        0.0295 kcal/(mol*A)
  ... geometry converged !
 
 Final MO eigenvalues (eV):
 -40.8868  -38.9261  -36.0114  -35.1834  -34.3852  -31.1048  -27.6028  -25.5100
 -24.0428  -22.6452  -20.3582  -18.9811  -18.5759  -18.1995  -17.3886  -16.8748
 -16.6459  -16.1348  -15.5792  -15.4234  -14.9489  -14.6570  -14.3827  -13.8944
 -13.6897  -13.6097  -13.5365  -13.2709  -12.8711  -12.8313  -12.3568  -11.6284
 -11.0016   -9.8384   -9.5855    0.6796    0.8236    1.4840    1.6323    2.2058
   2.9190    3.1039    3.3137    3.3399    3.4979    3.5454    3.7040    3.7700
   3.8047    3.9273    4.0027    4.0865    4.1454    4.1928    4.3185    4.8394
   4.9013    4.9895    5.1758    5.6363    6.7102    7.0132

 Heat of formation   =       -140.86947027 kcal/mol  (       -6.10855862 eV)

 Total SCF energy    =     -51934.51468586 kcal/mol  (    -2252.04955058 eV)
 Electronic energy   =    -278667.23594382 kcal/mol  (   -12083.91812774 eV)
 Core-core repulsion =     226732.72125796 kcal/mol  (     9831.86857716 eV)
 
    Atomic Charges for Step       1 :
  Atom    Element       Mulliken Charge
     1      N                 -0.053
     2      C                 -0.053
     3      C                 -0.110
     4      C                  0.341
     5      O                 -0.383
     6      O                 -0.304
     7      C                 -0.118
     8      C                  0.254
     9      O                 -0.354
    10      N                 -0.061
    11      C                 -0.075
    12      C                 -0.085
    13      H                  0.084
    14      H                  0.091
    15      H                  0.055
    16      H                  0.050
    17      H                  0.059
    18      H                  0.228
    19      H                  0.075
    20      H                  0.066
    21      H                  0.037
    22      H                  0.045
    23      H                  0.066
    24      H                  0.055
    25      H                  0.051
    26      H                  0.038
 Total Mulliken Charge =      -0.000
 
                  X        Y        Z     TOTAL  
  QM DIPOLE     0.148    3.800    1.080    3.953
 
 Final Structure

  QMMM: QM Region Cartesian Coordinates (*=link atom) 
  QMMM: QM_NO.   MM_NO.  ATOM         X         Y         Z
  QMMM:     1        1      N       -0.3421    0.3249   -0.6179
  QMMM:     2        2      C       -1.6698    0.9346   -0.3441
  QMMM:     3        3      C       -2.2859    1.4175   -1.6536
  QMMM:     4        4      C       -2.6493   -0.0282    0.3248
  QMMM:     5        5      O       -2.8007   -1.2215    0.1402
  QMMM:     6        6      O       -3.4660    0.5354    1.2442
  QMMM:     7        7      C        0.4686    0.0829    0.6010
  QMMM:     8        8      C        1.7803   -0.5925    0.2160
  QMMM:     9        9      O        1.8125   -1.6876   -0.3221
  QMMM:    10       10      N        3.0209    0.0213    0.6070
  QMMM:    11       11      C        4.2753   -0.6304    0.1649
  QMMM:    12       12      C        3.0965    1.4990    0.5829
  QMMM:    13       13      H       -0.4420   -0.5115   -1.1557
  QMMM:    14       14      H       -1.4968    1.8125    0.3288
  QMMM:    15       15      H       -2.4638    0.5942   -2.3594
  QMMM:    16       16      H       -3.2493    1.9119   -1.4720
  QMMM:    17       17      H       -1.6324    2.1441   -2.1546
  QMMM:    18       18      H       -4.0642   -0.1175    1.5952
  QMMM:    19       19      H        0.6398    1.0671    1.0933
  QMMM:    20       20      H       -0.0514   -0.5560    1.3475
  QMMM:    21       21      H        4.4438   -0.5377   -0.9178
  QMMM:    22       22      H        5.1221   -0.1694    0.6904
  QMMM:    23       23      H        4.2530   -1.6977    0.4219
  QMMM:    24       24      H        2.1608    1.9365    0.9656
  QMMM:    25       25      H        3.9174    1.8248    1.2355
  QMMM:    26       26      H        3.2788    1.8965   -0.4262

           --------- Calculation Completed ----------

