            --------------------------------------------------------
                             AMBER SQM VERSION 19
 
                                     By
              Ross C. Walker, Michael F. Crowley, Scott Brozell,
                         Tim Giese, Andreas W. Goetz,
                        Tai-Sung Lee and David A. Case
 
            --------------------------------------------------------
 

--------------------------------------------------------------------------------
  QM CALCULATION INFO
--------------------------------------------------------------------------------

| QMMM: Citation for AMBER QMMM Run:
| QMMM: R.C. Walker, M.F. Crowley and D.A. Case, J. COMP. CHEM. 29:1019, 2008

QMMM: SINGLET STATE CALCULATION
QMMM: RHF CALCULATION, NO. OF DOUBLY OCCUPIED LEVELS = 52

| QMMM: *** Selected Hamiltonian *** 
| QMMM: PM3         

| QMMM: *** Parameter sets in use ***
| QMMM: C : J.J.P.STEWART, JCC, 10, 209 (1989)
| QMMM: O : J.J.P.STEWART, JCC, 10, 209 (1989)
| QMMM: N : J.J.P.STEWART, JCC, 10, 209 (1989)
| QMMM: S : J.J.P.STEWART, JCC, 10, 209 (1989)
| QMMM: H : J.J.P.STEWART, JCC, 10, 209 (1989)

| QMMM: *** SCF convergence criteria ***
| QMMM: Energy change                :  0.1D-06 kcal/mol
| QMMM: Error matrix |FP-PF|         :  0.1D+00 au
| QMMM: Density matrix change        :  0.2D-04
| QMMM: Maximum number of SCF cycles :     1000

| QMMM: *** Diagonalization Routine Information ***
| QMMM: Pseudo diagonalizations are allowed.
| QMMM: Auto diagonalization routine selection is in use.
| QMMM:
| QMMM: Timing diagonalization routines:
| QMMM:                              norbs =       91
| QMMM:    diag iterations used for timing =       15
| QMMM:
| QMMM:              Internal diag routine = 0.022972 seconds
| QMMM:                 Dspev diag routine = 0.018416 seconds
| QMMM:                Dspevd diag routine = 0.008462 seconds
| QMMM:                Dspevx diag routine = 0.078524 seconds
| QMMM:                 Dsyev diag routine = 0.019270 seconds
| QMMM:                Dsyevd diag routine = 0.011023 seconds
| QMMM:                Dsyevr diag routine = 0.015132 seconds
| QMMM:
| QMMM:                Pseudo diag routine = 0.008945 seconds
| QMMM: Pseudo diagonalization appears to be slower than regular
| QMMM: diagonalization. Setting pseudo_diag=0 for optimum performance.
| QMMM:
| QMMM: Using dspevd routine (diag_routine=3).

  QMMM: QM Region Cartesian Coordinates (*=link atom) 
  QMMM: QM_NO.   MM_NO.  ATOM         X         Y         Z
  QMMM:     1        1      C        1.8250    2.0140   -2.0380
  QMMM:     2        2      C        0.8670    1.8820   -0.8820
  QMMM:     3        3      O        0.1330    2.8040   -0.5940
  QMMM:     4        4      N        0.8270    0.7400   -0.1680
  QMMM:     5        5      S       -0.2250    0.5950    1.1030
  QMMM:     6        6      O        0.3150   -0.4200    1.9370
  QMMM:     7        7      O       -0.5230    1.9230    1.5110
  QMMM:     8        8      C       -1.7320   -0.0600    0.4660
  QMMM:     9        9      C       -1.9260   -1.4280    0.4190
  QMMM:    10       10      C       -3.1080   -1.9420   -0.0800
  QMMM:    11       11      C       -4.0970   -1.0880   -0.5310
  QMMM:    12       12      C       -3.9040    0.2800   -0.4830
  QMMM:    13       13      C       -2.7230    0.7940    0.0200
  QMMM:    14       14      C       -5.3860   -1.6480   -1.0770
  QMMM:    15       15      C        1.7130   -0.3730   -0.5160
  QMMM:    16       16      C        3.0720   -0.1720    0.1580
  QMMM:    17       17      C        3.9840   -1.3180   -0.2000
  QMMM:    18       18      O        3.5880   -2.2030   -0.9200
  QMMM:    19       19      O        5.2370   -1.3540    0.2820
  QMMM:    20       20      H        2.7720    2.4180   -1.6810
  QMMM:    21       21      H        1.9930    1.0340   -2.4850
  QMMM:    22       22      H        1.4020    2.6860   -2.7850
  QMMM:    23       23      H       -1.1540   -2.0950    0.7720
  QMMM:    24       24      H       -3.2590   -3.0100   -0.1180
  QMMM:    25       25      H       -4.6760    0.9480   -0.8360
  QMMM:    26       26      H       -2.5720    1.8630    0.0580
  QMMM:    27       27      H       -6.1060   -1.7590   -0.2660
  QMMM:    28       28      H       -5.7870   -0.9690   -1.8290
  QMMM:    29       29      H       -5.1960   -2.6210   -1.5290
  QMMM:    30       30      H        1.2720   -1.3090   -0.1730
  QMMM:    31       31      H        1.8460   -0.4080   -1.5970
  QMMM:    32       32      H        3.5130    0.7640   -0.1840
  QMMM:    33       33      H        2.9400   -0.1380    1.2390
  QMMM:    34       34      H        5.8220   -2.0880    0.0520

--------------------------------------------------------------------------------
  RESULTS
--------------------------------------------------------------------------------

      iter         sqm energy              rms gradient
      ----    -------------------    -----------------------
xmin    10     -184.2421 kcal/mol        3.2315 kcal/(mol*A)
xmin    20     -185.6626 kcal/mol        0.8236 kcal/(mol*A)
xmin    30     -186.0771 kcal/mol        0.5483 kcal/(mol*A)
xmin    40     -186.2606 kcal/mol        0.6637 kcal/(mol*A)
xmin    50     -186.5558 kcal/mol        0.2782 kcal/(mol*A)
xmin    60     -186.6284 kcal/mol        0.4747 kcal/(mol*A)
xmin    70     -186.6656 kcal/mol        0.6186 kcal/(mol*A)
xmin    80     -186.7016 kcal/mol        0.3264 kcal/(mol*A)
xmin    90     -186.7400 kcal/mol        0.3477 kcal/(mol*A)
xmin   100     -186.8389 kcal/mol        0.3450 kcal/(mol*A)
xmin   110     -187.0409 kcal/mol        1.2240 kcal/(mol*A)
xmin   120     -187.1159 kcal/mol        0.2509 kcal/(mol*A)
xmin   130     -187.1345 kcal/mol        0.3121 kcal/(mol*A)
xmin   140     -187.1486 kcal/mol        0.1803 kcal/(mol*A)
xmin   150     -187.1624 kcal/mol        0.1607 kcal/(mol*A)
xmin   160     -187.1731 kcal/mol        0.2185 kcal/(mol*A)
xmin   170     -187.1822 kcal/mol        0.1354 kcal/(mol*A)
xmin   180     -187.1907 kcal/mol        0.1301 kcal/(mol*A)
xmin   190     -187.1973 kcal/mol        0.1680 kcal/(mol*A)
xmin   200     -187.2037 kcal/mol        0.1282 kcal/(mol*A)
xmin   210     -187.2105 kcal/mol        0.1345 kcal/(mol*A)
xmin   220     -187.2164 kcal/mol        0.0981 kcal/(mol*A)
xmin   230     -187.2217 kcal/mol        0.1462 kcal/(mol*A)
xmin   240     -187.2261 kcal/mol        0.1042 kcal/(mol*A)
xmin   250     -187.2304 kcal/mol        0.1252 kcal/(mol*A)
xmin   260     -187.2343 kcal/mol        0.1067 kcal/(mol*A)
xmin   270     -187.2383 kcal/mol        0.1032 kcal/(mol*A)
xmin   280     -187.2416 kcal/mol        0.1014 kcal/(mol*A)
xmin   290     -187.2455 kcal/mol        0.1416 kcal/(mol*A)
xmin   300     -187.2485 kcal/mol        0.1111 kcal/(mol*A)
xmin   310     -187.2528 kcal/mol        0.0936 kcal/(mol*A)
xmin   320     -187.2558 kcal/mol        0.0928 kcal/(mol*A)
xmin   330     -187.2592 kcal/mol        0.1175 kcal/(mol*A)
xmin   340     -187.2632 kcal/mol        0.0897 kcal/(mol*A)
xmin   350     -187.2650 kcal/mol        0.0861 kcal/(mol*A)
xmin   360     -187.2696 kcal/mol        0.0920 kcal/(mol*A)
xmin   370     -187.2736 kcal/mol        0.1319 kcal/(mol*A)
xmin   380     -187.2753 kcal/mol        0.0660 kcal/(mol*A)
xmin   390     -187.2774 kcal/mol        0.0644 kcal/(mol*A)
xmin   400     -187.2795 kcal/mol        0.0799 kcal/(mol*A)
xmin   410     -187.2822 kcal/mol        0.1319 kcal/(mol*A)
xmin   420     -187.2843 kcal/mol        0.0748 kcal/(mol*A)
xmin   430     -187.2867 kcal/mol        0.0910 kcal/(mol*A)
xmin   440     -187.2884 kcal/mol        0.0602 kcal/(mol*A)
xmin   450     -187.2891 kcal/mol        0.1453 kcal/(mol*A)
xmin   460     -187.2921 kcal/mol        0.1034 kcal/(mol*A)
xmin   470     -187.2939 kcal/mol        0.2453 kcal/(mol*A)
xmin   480     -187.2961 kcal/mol        0.1088 kcal/(mol*A)
xmin   490     -187.2967 kcal/mol        0.0617 kcal/(mol*A)
xmin   500     -187.2975 kcal/mol        0.0487 kcal/(mol*A)
xmin   510     -187.2983 kcal/mol        0.1216 kcal/(mol*A)
xmin   520     -187.2990 kcal/mol        0.0521 kcal/(mol*A)
xmin   530     -187.3001 kcal/mol        0.0754 kcal/(mol*A)
xmin   540     -187.3017 kcal/mol        0.0579 kcal/(mol*A)
xmin   550     -187.3052 kcal/mol        0.0547 kcal/(mol*A)
xmin   560     -187.3064 kcal/mol        0.0525 kcal/(mol*A)
xmin   570     -187.3084 kcal/mol        0.0696 kcal/(mol*A)
xmin   580     -187.3110 kcal/mol        0.0903 kcal/(mol*A)
xmin   590     -187.3145 kcal/mol        0.0784 kcal/(mol*A)
xmin   600     -187.3161 kcal/mol        0.0582 kcal/(mol*A)
xmin   610     -187.3179 kcal/mol        0.0780 kcal/(mol*A)
xmin   620     -187.3240 kcal/mol        0.1260 kcal/(mol*A)
xmin   630     -187.3253 kcal/mol        0.0956 kcal/(mol*A)
xmin   640     -187.3267 kcal/mol        0.0620 kcal/(mol*A)
xmin   650     -187.3289 kcal/mol        0.0794 kcal/(mol*A)
xmin   660     -187.3331 kcal/mol        0.1974 kcal/(mol*A)
xmin   670     -187.3350 kcal/mol        0.0539 kcal/(mol*A)
xmin   680     -187.3361 kcal/mol        0.0469 kcal/(mol*A)
xmin   690     -187.3408 kcal/mol        0.1077 kcal/(mol*A)
xmin   700     -187.3427 kcal/mol        0.1114 kcal/(mol*A)
xmin   710     -187.3453 kcal/mol        0.0503 kcal/(mol*A)
xmin   720     -187.3479 kcal/mol        0.0340 kcal/(mol*A)
xmin   730     -187.3489 kcal/mol        0.0448 kcal/(mol*A)
xmin   740     -187.3505 kcal/mol        0.0444 kcal/(mol*A)
xmin   750     -187.3563 kcal/mol        0.0548 kcal/(mol*A)
xmin   760     -187.3581 kcal/mol        0.0424 kcal/(mol*A)
xmin   770     -187.3590 kcal/mol        0.0348 kcal/(mol*A)
xmin   780     -187.3617 kcal/mol        0.0501 kcal/(mol*A)
xmin   790     -187.3790 kcal/mol        0.0759 kcal/(mol*A)
xmin   800     -187.3800 kcal/mol        0.0298 kcal/(mol*A)
xmin   810     -187.3806 kcal/mol        0.0565 kcal/(mol*A)
xmin   820     -187.3824 kcal/mol        0.0454 kcal/(mol*A)
xmin   830     -187.3835 kcal/mol        0.0566 kcal/(mol*A)
xmin   840     -187.3848 kcal/mol        0.0547 kcal/(mol*A)
xmin   850     -187.3854 kcal/mol        0.0606 kcal/(mol*A)
xmin   860     -187.3860 kcal/mol        0.0673 kcal/(mol*A)
xmin   870     -187.3866 kcal/mol        0.0388 kcal/(mol*A)
xmin   880     -187.3874 kcal/mol        0.0728 kcal/(mol*A)
xmin   890     -187.3885 kcal/mol        0.0625 kcal/(mol*A)
xmin   900     -187.3892 kcal/mol        0.1443 kcal/(mol*A)
xmin   910     -187.3900 kcal/mol        0.0382 kcal/(mol*A)
xmin   920     -187.3908 kcal/mol        0.0534 kcal/(mol*A)
xmin   930     -187.3913 kcal/mol        0.0381 kcal/(mol*A)
xmin   940     -187.3922 kcal/mol        0.0712 kcal/(mol*A)
xmin   950     -187.3929 kcal/mol        0.0338 kcal/(mol*A)
xmin   960     -187.3937 kcal/mol        0.0391 kcal/(mol*A)
xmin   970     -187.3942 kcal/mol        0.0409 kcal/(mol*A)
xmin   980     -187.3946 kcal/mol        0.0332 kcal/(mol*A)
xmin   990     -187.3953 kcal/mol        0.0317 kcal/(mol*A)
xmin  1000     -187.3958 kcal/mol        0.0730 kcal/(mol*A)
xmin  1010     -187.3965 kcal/mol        0.0435 kcal/(mol*A)
xmin  1020     -187.3970 kcal/mol        0.0453 kcal/(mol*A)
xmin  1030     -187.3976 kcal/mol        0.0286 kcal/(mol*A)
xmin  1040     -187.3982 kcal/mol        0.0683 kcal/(mol*A)
xmin  1050     -187.3987 kcal/mol        0.0305 kcal/(mol*A)
xmin  1060     -187.3997 kcal/mol        0.0668 kcal/(mol*A)
xmin  1070     -187.4003 kcal/mol        0.0385 kcal/(mol*A)
xmin  1080     -187.4016 kcal/mol        0.0442 kcal/(mol*A)
xmin  1090     -187.4022 kcal/mol        0.0255 kcal/(mol*A)
xmin  1100     -187.4025 kcal/mol        0.0289 kcal/(mol*A)
xmin  1110     -187.4033 kcal/mol        0.0236 kcal/(mol*A)
xmin  1120     -187.4042 kcal/mol        0.1232 kcal/(mol*A)
xmin  1130     -187.4052 kcal/mol        0.0319 kcal/(mol*A)
xmin  1140     -187.4056 kcal/mol        0.0373 kcal/(mol*A)
xmin  1150     -187.4066 kcal/mol        0.0279 kcal/(mol*A)
xmin  1160     -187.4069 kcal/mol        0.0325 kcal/(mol*A)
xmin  1170     -187.4071 kcal/mol        0.0248 kcal/(mol*A)
xmin  1180     -187.4073 kcal/mol        0.0239 kcal/(mol*A)
xmin  1190     -187.4084 kcal/mol        0.0343 kcal/(mol*A)
xmin  1200     -187.4091 kcal/mol        0.0332 kcal/(mol*A)
xmin  1210     -187.4095 kcal/mol        0.0329 kcal/(mol*A)
xmin  1220     -187.4098 kcal/mol        0.0261 kcal/(mol*A)
xmin  1230     -187.4106 kcal/mol        0.0566 kcal/(mol*A)
xmin  1240     -187.4115 kcal/mol        0.0328 kcal/(mol*A)
xmin  1250     -187.4119 kcal/mol        0.0291 kcal/(mol*A)
xmin  1260     -187.4122 kcal/mol        0.0811 kcal/(mol*A)
xmin  1270     -187.4126 kcal/mol        0.0319 kcal/(mol*A)
xmin  1280     -187.4132 kcal/mol        0.0379 kcal/(mol*A)
xmin  1290     -187.4140 kcal/mol        0.0322 kcal/(mol*A)
xmin  1300     -187.4147 kcal/mol        0.0521 kcal/(mol*A)
xmin  1310     -187.4153 kcal/mol        0.0642 kcal/(mol*A)
xmin  1320     -187.4161 kcal/mol        0.0293 kcal/(mol*A)
xmin  1330     -187.4165 kcal/mol        0.0308 kcal/(mol*A)
xmin  1340     -187.4168 kcal/mol        0.0216 kcal/(mol*A)
xmin  1350     -187.4172 kcal/mol        0.0273 kcal/(mol*A)
xmin  1360     -187.4176 kcal/mol        0.0911 kcal/(mol*A)
xmin  1370     -187.4180 kcal/mol        0.0323 kcal/(mol*A)
xmin  1380     -187.4188 kcal/mol        0.0294 kcal/(mol*A)
xmin  1390     -187.4193 kcal/mol        0.0419 kcal/(mol*A)
xmin  1400     -187.4199 kcal/mol        0.0510 kcal/(mol*A)
xmin  1410     -187.4204 kcal/mol        0.0307 kcal/(mol*A)
xmin  1420     -187.4209 kcal/mol        0.0279 kcal/(mol*A)
xmin  1430     -187.4213 kcal/mol        0.0273 kcal/(mol*A)
xmin  1430     -187.4213 kcal/mol        0.0198 kcal/(mol*A)
  ... geometry converged !
 
 Final MO eigenvalues (eV):
 -40.8559  -40.4836  -38.7458  -37.0207  -36.3487  -35.6996  -34.7145  -33.1051
 -30.6893  -30.1369  -28.6842  -26.8114  -23.9223  -22.2877  -22.1241  -20.8878
 -20.6605  -19.6047  -18.6279  -18.3212  -17.9496  -17.8100  -17.4587  -16.7220
 -16.6064  -16.2082  -15.8587  -15.6045  -15.3906  -15.2845  -15.0936  -15.0337
 -14.8248  -14.6823  -14.3106  -13.7092  -13.6909  -13.6406  -13.4267  -13.3151
 -12.8343  -12.5497  -12.2817  -12.1767  -11.9146  -11.8012  -11.5929  -11.5457
 -10.9811  -10.5114  -10.2767  -10.2491   -0.8812   -0.3560   -0.0604    0.7366
   0.8204    0.9998    1.7819    2.0999    2.4281    2.6660    2.7532    2.8656
   3.0063    3.1501    3.2311    3.2650    3.3581    3.4163    3.4440    3.5530
   3.6923    3.7172    3.7375    3.8165    3.8828    4.0083    4.0250    4.0903
   4.1821    4.4176    4.4794    4.5343    4.7974    4.9464    5.2383    5.5195
   5.6745    6.7362    6.7917

 Heat of formation   =       -187.42127587 kcal/mol  (       -8.12719639 eV)

 Total SCF energy    =     -80027.92258472 kcal/mol  (    -3470.27113242 eV)
 Electronic energy   =    -519825.95236614 kcal/mol  (   -22541.34479711 eV)
 Core-core repulsion =     439798.02978142 kcal/mol  (    19071.07366469 eV)
 
    Atomic Charges for Step       1 :
  Atom    Element       Mulliken Charge
     1      C                 -0.143
     2      C                  0.334
     3      O                 -0.353
     4      N                 -0.538
     5      S                  2.292
     6      O                 -0.836
     7      O                 -0.802
     8      C                 -0.585
     9      C                  0.006
    10      C                 -0.138
    11      C                 -0.008
    12      C                 -0.137
    13      C                  0.028
    14      C                 -0.078
    15      C                 -0.005
    16      C                 -0.127
    17      C                  0.386
    18      O                 -0.404
    19      O                 -0.307
    20      H                  0.069
    21      H                  0.069
    22      H                  0.075
    23      H                  0.118
    24      H                  0.115
    25      H                  0.116
    26      H                  0.132
    27      H                  0.056
    28      H                  0.052
    29      H                  0.051
    30      H                  0.071
    31      H                  0.068
    32      H                  0.082
    33      H                  0.111
    34      H                  0.228
 Total Mulliken Charge =      -0.000
 
                  X        Y        Z     TOTAL  
  QM DIPOLE    -1.177   -1.647   -3.160    3.753
 
 Final Structure

  QMMM: QM Region Cartesian Coordinates (*=link atom) 
  QMMM: QM_NO.   MM_NO.  ATOM         X         Y         Z
  QMMM:     1        1      C        1.8846    2.0158   -2.1231
  QMMM:     2        2      C        0.7227    1.7847   -1.1947
  QMMM:     3        3      O       -0.2936    2.4533   -1.2042
  QMMM:     4        4      N        0.7865    0.7066   -0.2278
  QMMM:     5        5      S       -0.2434    0.5776    1.2304
  QMMM:     6        6      O        0.3914   -0.4423    2.0584
  QMMM:     7        7      O       -0.3953    1.8981    1.7977
  QMMM:     8        8      C       -1.7487   -0.0435    0.5437
  QMMM:     9        9      C       -1.9386   -1.4203    0.3820
  QMMM:    10       10      C       -3.1220   -1.9201   -0.1408
  QMMM:    11       11      C       -4.1476   -1.0493   -0.5173
  QMMM:    12       12      C       -3.9666    0.3254   -0.3593
  QMMM:    13       13      C       -2.7799    0.8211    0.1655
  QMMM:    14       14      C       -5.4188   -1.5804   -1.0698
  QMMM:    15       15      C        1.7471   -0.3958   -0.5355
  QMMM:    16       16      C        3.0774   -0.2383    0.1988
  QMMM:    17       17      C        4.0588   -1.3037   -0.2104
  QMMM:    18       18      O        3.9468   -2.1976   -1.0312
  QMMM:    19       19      O        5.2510   -1.2463    0.4295
  QMMM:    20       20      H        2.7370    2.4375   -1.5726
  QMMM:    21       21      H        2.2176    1.0741   -2.5903
  QMMM:    22       22      H        1.6243    2.7189   -2.9249
  QMMM:    23       23      H       -1.1422   -2.1173    0.6797
  QMMM:    24       24      H       -3.2526   -3.0022   -0.2592
  QMMM:    25       25      H       -4.7630    1.0187   -0.6544
  QMMM:    26       26      H       -2.6470    1.9074    0.2774
  QMMM:    27       27      H       -6.1552   -1.7156   -0.2654
  QMMM:    28       28      H       -5.8579   -0.8972   -1.8089
  QMMM:    29       29      H       -5.2793   -2.5544   -1.5575
  QMMM:    30       30      H        1.2640   -1.3576   -0.2650
  QMMM:    31       31      H        1.9185   -0.4255   -1.6362
  QMMM:    32       32      H        3.5272    0.7565   -0.0024
  QMMM:    33       33      H        2.9318   -0.2897    1.2992
  QMMM:    34       34      H        5.8119   -1.9567    0.1338

           --------- Calculation Completed ----------

