            --------------------------------------------------------
                             AMBER SQM VERSION 19
 
                                     By
              Ross C. Walker, Michael F. Crowley, Scott Brozell,
                         Tim Giese, Andreas W. Goetz,
                        Tai-Sung Lee and David A. Case
 
            --------------------------------------------------------
 

--------------------------------------------------------------------------------
  QM CALCULATION INFO
--------------------------------------------------------------------------------

| QMMM: Citation for AMBER QMMM Run:
| QMMM: R.C. Walker, M.F. Crowley and D.A. Case, J. COMP. CHEM. 29:1019, 2008

QMMM: SINGLET STATE CALCULATION
QMMM: RHF CALCULATION, NO. OF DOUBLY OCCUPIED LEVELS = 58

| QMMM: *** Selected Hamiltonian *** 
| QMMM: PM3         

| QMMM: *** Parameter sets in use ***
| QMMM: O : J.J.P.STEWART, JCC, 10, 209 (1989)
| QMMM: C : J.J.P.STEWART, JCC, 10, 209 (1989)
| QMMM: N : J.J.P.STEWART, JCC, 10, 209 (1989)
| QMMM: S : J.J.P.STEWART, JCC, 10, 209 (1989)
| QMMM: H : J.J.P.STEWART, JCC, 10, 209 (1989)

| QMMM: *** SCF convergence criteria ***
| QMMM: Energy change                :  0.1D-06 kcal/mol
| QMMM: Error matrix |FP-PF|         :  0.1D+00 au
| QMMM: Density matrix change        :  0.2D-04
| QMMM: Maximum number of SCF cycles :     1000

| QMMM: *** Diagonalization Routine Information ***
| QMMM: Pseudo diagonalizations are allowed.
| QMMM: Auto diagonalization routine selection is in use.
| QMMM:
| QMMM: Timing diagonalization routines:
| QMMM:                              norbs =      102
| QMMM:    diag iterations used for timing =       10
| QMMM:
| QMMM:              Internal diag routine = 0.019979 seconds
| QMMM:                 Dspev diag routine = 0.033615 seconds
| QMMM:                Dspevd diag routine = 0.013679 seconds
| QMMM:                Dspevx diag routine = 0.065968 seconds
| QMMM:                 Dsyev diag routine = 0.023854 seconds
| QMMM:                Dsyevd diag routine = 0.014810 seconds
| QMMM:                Dsyevr diag routine = 0.013824 seconds
| QMMM:
| QMMM:                Pseudo diag routine = 0.008598 seconds
| QMMM:
| QMMM: Using dspevd routine (diag_routine=3).

  QMMM: QM Region Cartesian Coordinates (*=link atom) 
  QMMM: QM_NO.   MM_NO.  ATOM         X         Y         Z
  QMMM:     1        1      O        0.3240    3.8710    0.9880
  QMMM:     2        2      C        0.1140    2.5540    0.8320
  QMMM:     3        3      O        0.7020    1.7620    1.5300
  QMMM:     4        4      C       -0.8550    2.0640   -0.2130
  QMMM:     5        5      N       -0.8110    0.6010   -0.2720
  QMMM:     6        6      S        0.1480   -0.1540   -1.3910
  QMMM:     7        7      O       -0.4730   -1.4060   -1.6490
  QMMM:     8        8      O        0.4500    0.8320   -2.3690
  QMMM:     9        9      C        1.6790   -0.5320   -0.6040
  QMMM:    10       10      C        1.8070   -1.6920    0.1370
  QMMM:    11       11      C        3.0070   -1.9890    0.7540
  QMMM:    12       12      C        4.0800   -1.1260    0.6310
  QMMM:    13       13      C        3.9520    0.0340   -0.1110
  QMMM:    14       14      C        2.7530    0.3280   -0.7320
  QMMM:    15       15      C        5.3890   -1.4490    1.3050
  QMMM:    16       16      C       -1.6150   -0.1940    0.6600
  QMMM:    17       17      C       -3.0080   -0.3570    0.1070
  QMMM:    18       18      O       -3.3000    0.1410   -0.9590
  QMMM:    19       19      N       -3.9290   -1.0580    0.7980
  QMMM:    20       20      C       -5.2820   -1.2170    0.2620
  QMMM:    21       21      C       -3.5760   -1.6600    2.0870
  QMMM:    22       22      H        0.9460    4.1850    1.6590
  QMMM:    23       23      H       -1.8630    2.3880    0.0460
  QMMM:    24       24      H       -0.5800    2.4750   -1.1840
  QMMM:    25       25      H        0.9690   -2.3670    0.2330
  QMMM:    26       26      H        3.1070   -2.8950    1.3330
  QMMM:    27       27      H        4.7900    0.7080   -0.2070
  QMMM:    28       28      H        2.6530    1.2340   -1.3110
  QMMM:    29       29      H        6.0130   -2.0310    0.6260
  QMMM:    30       30      H        5.9010   -0.5230    1.5660
  QMMM:    31       31      H        5.1990   -2.0270    2.2090
  QMMM:    32       32      H       -1.1580   -1.1750    0.7890
  QMMM:    33       33      H       -1.6640    0.3140    1.6230
  QMMM:    34       34      H       -5.3260   -2.1160   -0.3530
  QMMM:    35       35      H       -5.9920   -1.3040    1.0850
  QMMM:    36       36      H       -5.5370   -0.3480   -0.3460
  QMMM:    37       37      H       -2.5350   -1.4360    2.3190
  QMMM:    38       38      H       -4.2190   -1.2510    2.8670
  QMMM:    39       39      H       -3.7130   -2.7400    2.0330

--------------------------------------------------------------------------------
  RESULTS
--------------------------------------------------------------------------------

      iter         sqm energy              rms gradient
      ----    -------------------    -----------------------
xmin    10     -168.7759 kcal/mol        3.3162 kcal/(mol*A)
xmin    20     -171.9479 kcal/mol        1.1637 kcal/(mol*A)
xmin    30     -172.9863 kcal/mol        1.2609 kcal/(mol*A)
xmin    40     -173.3045 kcal/mol        0.9481 kcal/(mol*A)
xmin    50     -173.5797 kcal/mol        0.7937 kcal/(mol*A)
xmin    60     -173.8460 kcal/mol        0.7007 kcal/(mol*A)
xmin    70     -174.0838 kcal/mol        0.6270 kcal/(mol*A)
xmin    80     -174.3038 kcal/mol        0.5519 kcal/(mol*A)
xmin    90     -174.6084 kcal/mol        0.7396 kcal/(mol*A)
xmin   100     -174.7794 kcal/mol        0.6199 kcal/(mol*A)
xmin   110     -175.1136 kcal/mol        0.7461 kcal/(mol*A)
xmin   120     -175.1853 kcal/mol        0.3353 kcal/(mol*A)
xmin   130     -175.2345 kcal/mol        0.2407 kcal/(mol*A)
xmin   140     -175.2798 kcal/mol        0.2549 kcal/(mol*A)
xmin   150     -175.3079 kcal/mol        0.2344 kcal/(mol*A)
xmin   160     -175.3577 kcal/mol        0.1984 kcal/(mol*A)
xmin   170     -175.3827 kcal/mol        0.3475 kcal/(mol*A)
xmin   180     -175.4253 kcal/mol        0.2273 kcal/(mol*A)
xmin   190     -175.4487 kcal/mol        0.1705 kcal/(mol*A)
xmin   200     -175.4782 kcal/mol        0.2379 kcal/(mol*A)
xmin   210     -175.5775 kcal/mol        0.3633 kcal/(mol*A)
xmin   220     -175.6195 kcal/mol        0.3225 kcal/(mol*A)
xmin   230     -175.6373 kcal/mol        0.2702 kcal/(mol*A)
xmin   240     -175.6701 kcal/mol        0.3015 kcal/(mol*A)
xmin   250     -175.7010 kcal/mol        0.2520 kcal/(mol*A)
xmin   260     -175.7325 kcal/mol        0.2667 kcal/(mol*A)
xmin   270     -175.7735 kcal/mol        0.6351 kcal/(mol*A)
xmin   280     -175.8122 kcal/mol        0.2916 kcal/(mol*A)
xmin   290     -175.8958 kcal/mol        0.3449 kcal/(mol*A)
xmin   300     -176.0133 kcal/mol        0.5188 kcal/(mol*A)
xmin   310     -176.1398 kcal/mol        0.2187 kcal/(mol*A)
xmin   320     -176.2241 kcal/mol        0.3908 kcal/(mol*A)
xmin   330     -176.3921 kcal/mol        1.0105 kcal/(mol*A)
xmin   340     -176.4654 kcal/mol        0.2890 kcal/(mol*A)
xmin   350     -176.4850 kcal/mol        0.3119 kcal/(mol*A)
xmin   360     -176.5284 kcal/mol        0.1423 kcal/(mol*A)
xmin   370     -176.5469 kcal/mol        0.1404 kcal/(mol*A)
xmin   380     -176.5719 kcal/mol        0.2605 kcal/(mol*A)
xmin   390     -176.5863 kcal/mol        0.1643 kcal/(mol*A)
xmin   400     -176.6412 kcal/mol        0.1160 kcal/(mol*A)
xmin   410     -176.6447 kcal/mol        0.0911 kcal/(mol*A)
xmin   420     -176.6609 kcal/mol        0.4722 kcal/(mol*A)
xmin   430     -176.6705 kcal/mol        0.3290 kcal/(mol*A)
xmin   440     -176.6775 kcal/mol        0.1057 kcal/(mol*A)
xmin   450     -176.6829 kcal/mol        0.0947 kcal/(mol*A)
xmin   460     -176.6885 kcal/mol        0.1599 kcal/(mol*A)
xmin   470     -176.6930 kcal/mol        0.1684 kcal/(mol*A)
xmin   480     -176.7009 kcal/mol        0.1247 kcal/(mol*A)
xmin   490     -176.7067 kcal/mol        0.0996 kcal/(mol*A)
xmin   500     -176.7117 kcal/mol        0.0879 kcal/(mol*A)
xmin   510     -176.7172 kcal/mol        0.1655 kcal/(mol*A)
xmin   520     -176.7245 kcal/mol        0.1109 kcal/(mol*A)
xmin   530     -176.7374 kcal/mol        0.1553 kcal/(mol*A)
xmin   540     -176.7443 kcal/mol        0.2075 kcal/(mol*A)
xmin   550     -176.7736 kcal/mol        0.1349 kcal/(mol*A)
xmin   560     -176.7817 kcal/mol        0.2122 kcal/(mol*A)
xmin   570     -176.7872 kcal/mol        0.0948 kcal/(mol*A)
xmin   580     -176.7928 kcal/mol        0.1690 kcal/(mol*A)
xmin   590     -176.8005 kcal/mol        0.2797 kcal/(mol*A)
xmin   600     -176.8077 kcal/mol        0.1201 kcal/(mol*A)
xmin   610     -176.8223 kcal/mol        0.1602 kcal/(mol*A)
xmin   620     -176.8338 kcal/mol        0.1800 kcal/(mol*A)
xmin   630     -176.8408 kcal/mol        0.1124 kcal/(mol*A)
xmin   640     -176.8496 kcal/mol        0.4370 kcal/(mol*A)
xmin   650     -176.8703 kcal/mol        0.1313 kcal/(mol*A)
xmin   660     -176.8844 kcal/mol        0.0808 kcal/(mol*A)
xmin   670     -176.8917 kcal/mol        0.0762 kcal/(mol*A)
xmin   680     -176.8962 kcal/mol        0.1754 kcal/(mol*A)
xmin   690     -176.8999 kcal/mol        0.0575 kcal/(mol*A)
xmin   700     -176.9033 kcal/mol        0.1249 kcal/(mol*A)
xmin   710     -176.9046 kcal/mol        0.0866 kcal/(mol*A)
xmin   720     -176.9063 kcal/mol        0.0499 kcal/(mol*A)
xmin   730     -176.9092 kcal/mol        0.1843 kcal/(mol*A)
xmin   740     -176.9118 kcal/mol        0.0640 kcal/(mol*A)
xmin   750     -176.9141 kcal/mol        0.1263 kcal/(mol*A)
xmin   760     -176.9151 kcal/mol        0.0879 kcal/(mol*A)
xmin   770     -176.9192 kcal/mol        0.2756 kcal/(mol*A)
xmin   780     -176.9273 kcal/mol        0.0459 kcal/(mol*A)
xmin   790     -176.9404 kcal/mol        0.2849 kcal/(mol*A)
xmin   800     -176.9464 kcal/mol        0.0601 kcal/(mol*A)
xmin   810     -176.9533 kcal/mol        0.1671 kcal/(mol*A)
xmin   820     -176.9566 kcal/mol        0.2761 kcal/(mol*A)
xmin   830     -176.9613 kcal/mol        0.1114 kcal/(mol*A)
xmin   840     -176.9695 kcal/mol        0.1755 kcal/(mol*A)
xmin   850     -176.9736 kcal/mol        0.0646 kcal/(mol*A)
xmin   860     -176.9779 kcal/mol        0.1076 kcal/(mol*A)
xmin   870     -176.9863 kcal/mol        0.1784 kcal/(mol*A)
xmin   880     -176.9900 kcal/mol        0.1411 kcal/(mol*A)
xmin   890     -176.9932 kcal/mol        0.0656 kcal/(mol*A)
xmin   900     -176.9952 kcal/mol        0.0813 kcal/(mol*A)
xmin   910     -177.0000 kcal/mol        0.0430 kcal/(mol*A)
xmin   920     -177.0030 kcal/mol        0.1338 kcal/(mol*A)
xmin   930     -177.0055 kcal/mol        0.1442 kcal/(mol*A)
xmin   940     -177.0077 kcal/mol        0.0429 kcal/(mol*A)
xmin   950     -177.0107 kcal/mol        0.0531 kcal/(mol*A)
xmin   960     -177.0124 kcal/mol        0.0472 kcal/(mol*A)
xmin   970     -177.0158 kcal/mol        0.0673 kcal/(mol*A)
xmin   980     -177.0169 kcal/mol        0.0552 kcal/(mol*A)
xmin   990     -177.0200 kcal/mol        0.1105 kcal/(mol*A)
xmin  1000     -177.0220 kcal/mol        0.0514 kcal/(mol*A)
xmin  1010     -177.0238 kcal/mol        0.0588 kcal/(mol*A)
xmin  1020     -177.0271 kcal/mol        0.0406 kcal/(mol*A)
xmin  1030     -177.0294 kcal/mol        0.0841 kcal/(mol*A)
xmin  1040     -177.0309 kcal/mol        0.1120 kcal/(mol*A)
xmin  1050     -177.0322 kcal/mol        0.0409 kcal/(mol*A)
xmin  1060     -177.0333 kcal/mol        0.0736 kcal/(mol*A)
xmin  1070     -177.0351 kcal/mol        0.0511 kcal/(mol*A)
xmin  1080     -177.0361 kcal/mol        0.1741 kcal/(mol*A)
xmin  1090     -177.0375 kcal/mol        0.0483 kcal/(mol*A)
xmin  1100     -177.0387 kcal/mol        0.0472 kcal/(mol*A)
xmin  1110     -177.0397 kcal/mol        0.0394 kcal/(mol*A)
xmin  1120     -177.0419 kcal/mol        0.0414 kcal/(mol*A)
xmin  1130     -177.0428 kcal/mol        0.0408 kcal/(mol*A)
xmin  1140     -177.0437 kcal/mol        0.0316 kcal/(mol*A)
xmin  1150     -177.0446 kcal/mol        0.0409 kcal/(mol*A)
xmin  1160     -177.0461 kcal/mol        0.0384 kcal/(mol*A)
xmin  1170     -177.0469 kcal/mol        0.0630 kcal/(mol*A)
xmin  1180     -177.0475 kcal/mol        0.0525 kcal/(mol*A)
xmin  1190     -177.0487 kcal/mol        0.0655 kcal/(mol*A)
xmin  1200     -177.0496 kcal/mol        0.0460 kcal/(mol*A)
xmin  1210     -177.0509 kcal/mol        0.0367 kcal/(mol*A)
xmin  1220     -177.0519 kcal/mol        0.0711 kcal/(mol*A)
xmin  1230     -177.0532 kcal/mol        0.0442 kcal/(mol*A)
xmin  1240     -177.0542 kcal/mol        0.0297 kcal/(mol*A)
xmin  1250     -177.0548 kcal/mol        0.0376 kcal/(mol*A)
xmin  1260     -177.0554 kcal/mol        0.0311 kcal/(mol*A)
xmin  1270     -177.0561 kcal/mol        0.0550 kcal/(mol*A)
xmin  1280     -177.0574 kcal/mol        0.0410 kcal/(mol*A)
xmin  1290     -177.0584 kcal/mol        0.0863 kcal/(mol*A)
xmin  1300     -177.0593 kcal/mol        0.0700 kcal/(mol*A)
xmin  1310     -177.0598 kcal/mol        0.0685 kcal/(mol*A)
xmin  1320     -177.0609 kcal/mol        0.0382 kcal/(mol*A)
xmin  1330     -177.0618 kcal/mol        0.0354 kcal/(mol*A)
xmin  1340     -177.0627 kcal/mol        0.0265 kcal/(mol*A)
xmin  1350     -177.0641 kcal/mol        0.0407 kcal/(mol*A)
xmin  1360     -177.0646 kcal/mol        0.0296 kcal/(mol*A)
xmin  1370     -177.0653 kcal/mol        0.0420 kcal/(mol*A)
xmin  1380     -177.0664 kcal/mol        0.0286 kcal/(mol*A)
xmin  1390     -177.0671 kcal/mol        0.0403 kcal/(mol*A)
xmin  1400     -177.0679 kcal/mol        0.0504 kcal/(mol*A)
xmin  1410     -177.0685 kcal/mol        0.0318 kcal/(mol*A)
xmin  1420     -177.0714 kcal/mol        0.0497 kcal/(mol*A)
xmin  1430     -177.0721 kcal/mol        0.0509 kcal/(mol*A)
xmin  1440     -177.0728 kcal/mol        0.0279 kcal/(mol*A)
xmin  1450     -177.0733 kcal/mol        0.0439 kcal/(mol*A)
xmin  1460     -177.0744 kcal/mol        0.0297 kcal/(mol*A)
xmin  1470     -177.0756 kcal/mol        0.0320 kcal/(mol*A)
xmin  1480     -177.0760 kcal/mol        0.0377 kcal/(mol*A)
xmin  1490     -177.0764 kcal/mol        0.0504 kcal/(mol*A)
xmin  1500     -177.0771 kcal/mol        0.0323 kcal/(mol*A)
xmin  1510     -177.0775 kcal/mol        0.0265 kcal/(mol*A)
xmin  1520     -177.0782 kcal/mol        0.0271 kcal/(mol*A)
xmin  1530     -177.0785 kcal/mol        0.0305 kcal/(mol*A)
xmin  1540     -177.0790 kcal/mol        0.0561 kcal/(mol*A)
xmin  1550     -177.0795 kcal/mol        0.0309 kcal/(mol*A)
xmin  1560     -177.0802 kcal/mol        0.0335 kcal/(mol*A)
xmin  1570     -177.0806 kcal/mol        0.0308 kcal/(mol*A)
xmin  1580     -177.0817 kcal/mol        0.0359 kcal/(mol*A)
xmin  1590     -177.0823 kcal/mol        0.0286 kcal/(mol*A)
xmin  1600     -177.0835 kcal/mol        0.0562 kcal/(mol*A)
xmin  1610     -177.0845 kcal/mol        0.0492 kcal/(mol*A)
xmin  1620     -177.0852 kcal/mol        0.0274 kcal/(mol*A)
xmin  1630     -177.0854 kcal/mol        0.0244 kcal/(mol*A)
xmin  1640     -177.0858 kcal/mol        0.0261 kcal/(mol*A)
xmin  1650     -177.0863 kcal/mol        0.0293 kcal/(mol*A)
xmin  1660     -177.0866 kcal/mol        0.0273 kcal/(mol*A)
xmin  1670     -177.0870 kcal/mol        0.0496 kcal/(mol*A)
xmin  1680     -177.0873 kcal/mol        0.0294 kcal/(mol*A)
xmin  1690     -177.0878 kcal/mol        0.0253 kcal/(mol*A)
  ... geometry converged !
 
 Final MO eigenvalues (eV):
 -40.7662  -40.2922  -38.8691  -37.0050  -36.2644  -35.5295  -34.3619  -33.9574
 -33.0277  -30.2184  -29.2455  -27.3802  -27.0333  -25.0494  -23.1764  -22.3352
 -21.8764  -20.9717  -20.0215  -19.1073  -18.5392  -18.2019  -17.8654  -17.5891
 -17.5365  -17.1195  -16.7841  -16.1870  -16.1219  -16.0764  -15.6152  -15.4478
 -15.2066  -15.0873  -14.9038  -14.7733  -14.4815  -14.4250  -13.8642  -13.7548
 -13.7389  -13.7139  -13.4865  -13.2870  -13.0266  -12.9311  -12.8149  -12.2462
 -11.9481  -11.8688  -11.8192  -11.6882  -11.4859  -11.1469  -10.3396  -10.2988
  -9.9358   -9.4908   -0.8649   -0.3490   -0.1266    0.8497    0.9234    1.1218
   1.5679    1.9557    2.0945    2.6050    2.6820    2.7303    2.8710    2.9994
   3.2079    3.3080    3.3749    3.4919    3.5230    3.5502    3.6207    3.6739
   3.7625    3.7785    3.8366    3.8879    3.9493    3.9821    3.9938    4.2004
   4.2572    4.3535    4.3738    4.3809    4.4703    4.7115    4.8883    5.0550
   5.0588    5.4582    5.6224    5.6716    6.8731    7.0692

 Heat of formation   =       -177.08799704 kcal/mol  (       -7.67911179 eV)

 Total SCF energy    =     -87562.04126538 kcal/mol  (    -3796.97503427 eV)
 Electronic energy   =    -619934.28948441 kcal/mol  (   -26882.36804494 eV)
 Core-core repulsion =     532372.24821903 kcal/mol  (    23085.39301067 eV)
 
    Atomic Charges for Step       1 :
  Atom    Element       Mulliken Charge
     1      O                 -0.309
     2      C                  0.363
     3      O                 -0.399
     4      C                 -0.013
     5      N                 -0.493
     6      S                  2.278
     7      O                 -0.827
     8      O                 -0.821
     9      C                 -0.573
    10      C                  0.011
    11      C                 -0.132
    12      C                 -0.009
    13      C                 -0.133
    14      C                  0.010
    15      C                 -0.077
    16      C                 -0.036
    17      C                  0.235
    18      O                 -0.364
    19      N                 -0.062
    20      C                 -0.073
    21      C                 -0.085
    22      H                  0.226
    23      H                  0.094
    24      H                  0.104
    25      H                  0.114
    26      H                  0.114
    27      H                  0.115
    28      H                  0.121
    29      H                  0.056
    30      H                  0.052
    31      H                  0.051
    32      H                  0.077
    33      H                  0.095
    34      H                  0.038
    35      H                  0.044
    36      H                  0.067
    37      H                  0.048
    38      H                  0.053
    39      H                  0.039
 Total Mulliken Charge =       0.000
 
                  X        Y        Z     TOTAL  
  QM DIPOLE     3.152   -1.513    4.259    5.511
 
 Final Structure

  QMMM: QM Region Cartesian Coordinates (*=link atom) 
  QMMM: QM_NO.   MM_NO.  ATOM         X         Y         Z
  QMMM:     1        1      O        0.4237    3.9332    0.7082
  QMMM:     2        2      C       -0.0609    2.6938    0.9614
  QMMM:     3        3      O        0.1184    2.2921    2.0972
  QMMM:     4        4      C       -0.7683    2.0522   -0.2178
  QMMM:     5        5      N       -0.6567    0.5741   -0.1866
  QMMM:     6        6      S        0.1870   -0.3289   -1.4653
  QMMM:     7        7      O       -0.5300   -1.5815   -1.6543
  QMMM:     8        8      O        0.3849    0.5605   -2.5977
  QMMM:     9        9      C        1.7296   -0.6325   -0.6399
  QMMM:    10       10      C        1.8742   -1.7285    0.2157
  QMMM:    11       11      C        3.0813   -1.9844    0.8512
  QMMM:    12       12      C        4.1760   -1.1424    0.6458
  QMMM:    13       13      C        4.0400   -0.0440   -0.2053
  QMMM:    14       14      C        2.8304    0.2054   -0.8394
  QMMM:    15       15      C        5.4729   -1.4174    1.3134
  QMMM:    16       16      C       -1.6273   -0.1077    0.7038
  QMMM:    17       17      C       -3.0743   -0.1128    0.2198
  QMMM:    18       18      O       -3.4728    0.5072   -0.7543
  QMMM:    19       19      N       -4.0509   -0.8015    1.0197
  QMMM:    20       20      C       -5.3929   -1.0192    0.4311
  QMMM:    21       21      C       -3.5844   -1.9232    1.8648
  QMMM:    22       22      H        0.8199    4.2945    1.4952
  QMMM:    23       23      H       -1.8332    2.3688   -0.1923
  QMMM:    24       24      H       -0.3508    2.4348   -1.1740
  QMMM:    25       25      H        1.0224   -2.4025    0.3830
  QMMM:    26       26      H        3.1750   -2.8500    1.5175
  QMMM:    27       27      H        4.8924    0.6248   -0.3728
  QMMM:    28       28      H        2.7427    1.0692   -1.5131
  QMMM:    29       29      H        6.1204   -2.0127    0.6545
  QMMM:    30       30      H        6.0102   -0.4908    1.5555
  QMMM:    31       31      H        5.3433   -1.9811    2.2468
  QMMM:    32       32      H       -1.2648   -1.1500    0.8334
  QMMM:    33       33      H       -1.5758    0.3825    1.6995
  QMMM:    34       34      H       -5.3833   -1.7623   -0.3792
  QMMM:    35       35      H       -6.0786   -1.3666    1.2157
  QMMM:    36       36      H       -5.7860   -0.0753    0.0307
  QMMM:    37       37      H       -2.8227   -1.5652    2.5712
  QMMM:    38       38      H       -4.4248   -2.3155    2.4538
  QMMM:    39       39      H       -3.1591   -2.7533    1.2812

           --------- Calculation Completed ----------

