----------------------------------------
Begin Batch Job Prologue Mon Jul  8 15:08:13 EDT 2024
Job ID:           1942762
Username:         tur54445
Group:            chem
Job Name:         19AE1-4-A_fep.pf
Resources List:   nodes=6:ppn=28,walltime=48:00:00,neednodes=6:ppn=28
Queue:            normal
Account:          
Nodes:            b122 b123 b124 b125 b126 b132 
----------------------------------------
End Batch Job Prologue Mon Jul  8 15:08:14 EDT 2024
----------------------------------------
----------------------------------------
Begin Batch Job Epilogue Tue Jul  9 19:05:55 EDT 2024
Job ID:           1942762
Username:         tur54445
Group:            chem
Job Name:         19AE1-4-A_fep.pf
Session:          4284
Limits:           nodes=6:ppn=28,walltime=48:00:00,neednodes=6:ppn=28
Resources:        cput=4695:54:22,vmem=89400344kb,walltime=27:57:41,mem=8885048kb,energy_used=0
Queue:            normal
Account:          
Deleting /dev/shm/*...
Deleting /dev/shm/*...
Deleting /dev/shm/*...
Deleting /dev/shm/*...
Deleting /dev/shm/*...
Deleting /dev/shm/*...
----------------------------------------
End Batch Job Epilogue Tue Jul  9 19:06:15 EDT 2024
----------------------------------------
